# JRE version: OpenJDK Runtime Environment Temurin-21.0.9+10 (21.0.9+10) (build 21.0.9+10-LTS)
# Java VM: OpenJDK 64-Bit Server VM Temurin-21.0.9+10 (21.0.9+10-LTS, mixed mode, sharing, tiered, compressed oops, compressed class ptrs, parallel gc, windows-amd64)
GC Precious Log:
 CardTable entry size: 512
 CPUs: 12 total, 12 available
 Memory: 7896M
 Large Page Support: Disabled
 NUMA Support: Disabled
 Compressed Oops: Enabled (32-bit)
 Alignments: Space 512K, Generation 512K, Heap 2M
 Heap Min Capacity: 100M
 Heap Initial Capacity: 100M
 Heap Max Capacity: 2G
 Pre-touch: Disabled
 Parallel Workers: 10
Heap:
 PSYoungGen      total 22016K, used 14771K [0x00000000d5580000, 0x00000000d6e00000, 0x0000000100000000)
  eden space 20992K, 65% used [0x00000000d5580000,0x00000000d62ede10,0x00000000d6a00000)
  from space 1024K, 99% used [0x00000000d6c80000,0x00000000d6d7ef58,0x00000000d6d80000)
  to   space 2048K, 0% used [0x00000000d6a00000,0x00000000d6a00000,0x00000000d6c00000)
 ParOldGen       total 68608K, used 30690K [0x0000000080000000, 0x0000000084300000, 0x00000000d5580000)
  object space 68608K, 44% used [0x0000000080000000,0x0000000081df89b8,0x0000000084300000)
 Metaspace       used 41395K, committed 42368K, reserved 1114112K
  class space    used 4185K, committed 4608K, reserved 1048576K
GC Heap History (20 events):
Event: 15.548 GC heap before
{Heap before GC invocations=15 (full 1):
 PSYoungGen      total 24576K, used 24320K [0x00000000d5580000, 0x00000000d7000000, 0x0000000100000000)
  eden space 22016K, 100% used [0x00000000d5580000,0x00000000d6b00000,0x00000000d6b00000)
  from space 2560K, 90% used [0x00000000d6c00000,0x00000000d6e40010,0x00000000d6e80000)
  to   space 1536K, 0% used [0x00000000d6e80000,0x00000000d6e80000,0x00000000d7000000)
 ParOldGen       total 68608K, used 20597K [0x0000000080000000, 0x0000000084300000, 0x00000000d5580000)
  object space 68608K, 30% used [0x0000000080000000,0x000000008141d640,0x0000000084300000)
 Metaspace       used 32255K, committed 33216K, reserved 1114112K
  class space    used 3246K, committed 3648K, reserved 1048576K
}
Event: 15.551 GC heap after
{Heap after GC invocations=15 (full 1):
 PSYoungGen      total 22528K, used 1536K [0x00000000d5580000, 0x00000000d7400000, 0x0000000100000000)
  eden space 20992K, 0% used [0x00000000d5580000,0x00000000d5580000,0x00000000d6a00000)
  from space 1536K, 100% used [0x00000000d6e80000,0x00000000d7000000,0x00000000d7000000)
  to   space 4608K, 0% used [0x00000000d6a00000,0x00000000d6a00000,0x00000000d6e80000)
 ParOldGen       total 68608K, used 23136K [0x0000000080000000, 0x0000000084300000, 0x00000000d5580000)
  object space 68608K, 33% used [0x0000000080000000,0x0000000081698000,0x0000000084300000)
 Metaspace       used 32255K, committed 33216K, reserved 1114112K
  class space    used 3246K, committed 3648K, reserved 1048576K
}
Event: 15.595 GC heap before
{Heap before GC invocations=16 (full 1):
 PSYoungGen      total 22528K, used 22528K [0x00000000d5580000, 0x00000000d7400000, 0x0000000100000000)
  eden space 20992K, 100% used [0x00000000d5580000,0x00000000d6a00000,0x00000000d6a00000)
  from space 1536K, 100% used [0x00000000d6e80000,0x00000000d7000000,0x00000000d7000000)
  to   space 4608K, 0% used [0x00000000d6a00000,0x00000000d6a00000,0x00000000d6e80000)
 ParOldGen       total 68608K, used 23136K [0x0000000080000000, 0x0000000084300000, 0x00000000d5580000)
  object space 68608K, 33% used [0x0000000080000000,0x0000000081698000,0x0000000084300000)
 Metaspace       used 32272K, committed 33216K, reserved 1114112K
  class space    used 3247K, committed 3648K, reserved 1048576K
}
Event: 15.598 GC heap after
{Heap after GC invocations=16 (full 1):
 PSYoungGen      total 23552K, used 2112K [0x00000000d5580000, 0x00000000d7000000, 0x0000000100000000)
  eden space 20992K, 0% used [0x00000000d5580000,0x00000000d5580000,0x00000000d6a00000)
  from space 2560K, 82% used [0x00000000d6a00000,0x00000000d6c10010,0x00000000d6c80000)
  to   space 3072K, 0% used [0x00000000d6d00000,0x00000000d6d00000,0x00000000d7000000)
 ParOldGen       total 68608K, used 24700K [0x0000000080000000, 0x0000000084300000, 0x00000000d5580000)
  object space 68608K, 36% used [0x0000000080000000,0x000000008181f100,0x0000000084300000)
 Metaspace       used 32272K, committed 33216K, reserved 1114112K
  class space    used 3247K, committed 3648K, reserved 1048576K
}
Event: 15.664 GC heap before
{Heap before GC invocations=17 (full 1):
 PSYoungGen      total 23552K, used 23104K [0x00000000d5580000, 0x00000000d7000000, 0x0000000100000000)
  eden space 20992K, 100% used [0x00000000d5580000,0x00000000d6a00000,0x00000000d6a00000)
  from space 2560K, 82% used [0x00000000d6a00000,0x00000000d6c10010,0x00000000d6c80000)
  to   space 3072K, 0% used [0x00000000d6d00000,0x00000000d6d00000,0x00000000d7000000)
 ParOldGen       total 68608K, used 24700K [0x0000000080000000, 0x0000000084300000, 0x00000000d5580000)
  object space 68608K, 36% used [0x0000000080000000,0x000000008181f100,0x0000000084300000)
 Metaspace       used 32306K, committed 33216K, reserved 1114112K
  class space    used 3247K, committed 3648K, reserved 1048576K
}
Event: 15.667 GC heap after
{Heap after GC invocations=17 (full 1):
 PSYoungGen      total 23040K, used 1816K [0x00000000d5580000, 0x00000000d6f00000, 0x0000000100000000)
  eden space 20992K, 0% used [0x00000000d5580000,0x00000000d5580000,0x00000000d6a00000)
  from space 2048K, 88% used [0x00000000d6d00000,0x00000000d6ec6200,0x00000000d6f00000)
  to   space 2048K, 0% used [0x00000000d6b00000,0x00000000d6b00000,0x00000000d6d00000)
 ParOldGen       total 68608K, used 26724K [0x0000000080000000, 0x0000000084300000, 0x00000000d5580000)
  object space 68608K, 38% used [0x0000000080000000,0x0000000081a19110,0x0000000084300000)
 Metaspace       used 32306K, committed 33216K, reserved 1114112K
  class space    used 3247K, committed 3648K, reserved 1048576K
}
Event: 15.904 GC heap before
{Heap before GC invocations=18 (full 1):
 PSYoungGen      total 23040K, used 22808K [0x00000000d5580000, 0x00000000d6f00000, 0x0000000100000000)
  eden space 20992K, 100% used [0x00000000d5580000,0x00000000d6a00000,0x00000000d6a00000)
  from space 2048K, 88% used [0x00000000d6d00000,0x00000000d6ec6200,0x00000000d6f00000)
  to   space 2048K, 0% used [0x00000000d6b00000,0x00000000d6b00000,0x00000000d6d00000)
 ParOldGen       total 68608K, used 26724K [0x0000000080000000, 0x0000000084300000, 0x00000000d5580000)
  object space 68608K, 38% used [0x0000000080000000,0x0000000081a19110,0x0000000084300000)
 Metaspace       used 33713K, committed 34624K, reserved 1114112K
  class space    used 3431K, committed 3840K, reserved 1048576K
}
Event: 15.908 GC heap after
{Heap after GC invocations=18 (full 1):
 PSYoungGen      total 23040K, used 1560K [0x00000000d5580000, 0x00000000d6e00000, 0x0000000100000000)
  eden space 20992K, 0% used [0x00000000d5580000,0x00000000d5580000,0x00000000d6a00000)
  from space 2048K, 76% used [0x00000000d6b00000,0x00000000d6c860b0,0x00000000d6d00000)
  to   space 1024K, 0% used [0x00000000d6d00000,0x00000000d6d00000,0x00000000d6e00000)
 ParOldGen       total 68608K, used 28444K [0x0000000080000000, 0x0000000084300000, 0x00000000d5580000)
  object space 68608K, 41% used [0x0000000080000000,0x0000000081bc7310,0x0000000084300000)
 Metaspace       used 33713K, committed 34624K, reserved 1114112K
  class space    used 3431K, committed 3840K, reserved 1048576K
}
Event: 16.481 GC heap before
{Heap before GC invocations=19 (full 1):
 PSYoungGen      total 23040K, used 22109K [0x00000000d5580000, 0x00000000d6e00000, 0x0000000100000000)
  eden space 20992K, 97% used [0x00000000d5580000,0x00000000d69916f8,0x00000000d6a00000)
  from space 2048K, 76% used [0x00000000d6b00000,0x00000000d6c860b0,0x00000000d6d00000)
  to   space 1024K, 0% used [0x00000000d6d00000,0x00000000d6d00000,0x00000000d6e00000)
 ParOldGen       total 68608K, used 28444K [0x0000000080000000, 0x0000000084300000, 0x00000000d5580000)
  object space 68608K, 41% used [0x0000000080000000,0x0000000081bc7310,0x0000000084300000)
 Metaspace       used 34911K, committed 35840K, reserved 1114112K
  class space    used 3581K, committed 3968K, reserved 1048576K
}
Event: 16.484 GC heap after
{Heap after GC invocations=19 (full 1):
 PSYoungGen      total 22016K, used 544K [0x00000000d5580000, 0x00000000d6e00000, 0x0000000100000000)
  eden space 20992K, 0% used [0x00000000d5580000,0x00000000d5580000,0x00000000d6a00000)
  from space 1024K, 53% used [0x00000000d6d00000,0x00000000d6d88010,0x00000000d6e00000)
  to   space 1024K, 0% used [0x00000000d6c00000,0x00000000d6c00000,0x00000000d6d00000)
 ParOldGen       total 68608K, used 29774K [0x0000000080000000, 0x0000000084300000, 0x00000000d5580000)
  object space 68608K, 43% used [0x0000000080000000,0x0000000081d13838,0x0000000084300000)
 Metaspace       used 34911K, committed 35840K, reserved 1114112K
  class space    used 3581K, committed 3968K, reserved 1048576K
}
Event: 16.484 GC heap before
{Heap before GC invocations=20 (full 2):
 PSYoungGen      total 22016K, used 544K [0x00000000d5580000, 0x00000000d6e00000, 0x0000000100000000)
  eden space 20992K, 0% used [0x00000000d5580000,0x00000000d5580000,0x00000000d6a00000)
  from space 1024K, 53% used [0x00000000d6d00000,0x00000000d6d88010,0x00000000d6e00000)
  to   space 1024K, 0% used [0x00000000d6c00000,0x00000000d6c00000,0x00000000d6d00000)
 ParOldGen       total 68608K, used 29774K [0x0000000080000000, 0x0000000084300000, 0x00000000d5580000)
  object space 68608K, 43% used [0x0000000080000000,0x0000000081d13838,0x0000000084300000)
 Metaspace       used 34911K, committed 35840K, reserved 1114112K
  class space    used 3581K, committed 3968K, reserved 1048576K
}
Event: 16.536 GC heap after
{Heap after GC invocations=20 (full 2):
 PSYoungGen      total 22016K, used 0K [0x00000000d5580000, 0x00000000d6e00000, 0x0000000100000000)
  eden space 20992K, 0% used [0x00000000d5580000,0x00000000d5580000,0x00000000d6a00000)
  from space 1024K, 0% used [0x00000000d6d00000,0x00000000d6d00000,0x00000000d6e00000)
  to   space 1024K, 0% used [0x00000000d6c00000,0x00000000d6c00000,0x00000000d6d00000)
 ParOldGen       total 68608K, used 28817K [0x0000000080000000, 0x0000000084300000, 0x00000000d5580000)
  object space 68608K, 42% used [0x0000000080000000,0x0000000081c24478,0x0000000084300000)
 Metaspace       used 34911K, committed 35840K, reserved 1114112K
  class space    used 3581K, committed 3968K, reserved 1048576K
}
Event: 17.166 GC heap before
{Heap before GC invocations=21 (full 2):
 PSYoungGen      total 22016K, used 20992K [0x00000000d5580000, 0x00000000d6e00000, 0x0000000100000000)
  eden space 20992K, 100% used [0x00000000d5580000,0x00000000d6a00000,0x00000000d6a00000)
  from space 1024K, 0% used [0x00000000d6d00000,0x00000000d6d00000,0x00000000d6e00000)
  to   space 1024K, 0% used [0x00000000d6c00000,0x00000000d6c00000,0x00000000d6d00000)
 ParOldGen       total 68608K, used 28817K [0x0000000080000000, 0x0000000084300000, 0x00000000d5580000)
  object space 68608K, 42% used [0x0000000080000000,0x0000000081c24478,0x0000000084300000)
 Metaspace       used 35967K, committed 36928K, reserved 1114112K
  class space    used 3674K, committed 4096K, reserved 1048576K
}
Event: 17.168 GC heap after
{Heap after GC invocations=21 (full 2):
 PSYoungGen      total 22016K, used 1005K [0x00000000d5580000, 0x00000000d6e00000, 0x0000000100000000)
  eden space 20992K, 0% used [0x00000000d5580000,0x00000000d5580000,0x00000000d6a00000)
  from space 1024K, 98% used [0x00000000d6c00000,0x00000000d6cfb7f0,0x00000000d6d00000)
  to   space 1024K, 0% used [0x00000000d6d00000,0x00000000d6d00000,0x00000000d6e00000)
 ParOldGen       total 68608K, used 29619K [0x0000000080000000, 0x0000000084300000, 0x00000000d5580000)
  object space 68608K, 43% used [0x0000000080000000,0x0000000081cecf48,0x0000000084300000)
 Metaspace       used 35967K, committed 36928K, reserved 1114112K
  class space    used 3674K, committed 4096K, reserved 1048576K
}
Event: 17.267 GC heap before
{Heap before GC invocations=22 (full 2):
 PSYoungGen      total 22016K, used 21997K [0x00000000d5580000, 0x00000000d6e00000, 0x0000000100000000)
  eden space 20992K, 100% used [0x00000000d5580000,0x00000000d6a00000,0x00000000d6a00000)
  from space 1024K, 98% used [0x00000000d6c00000,0x00000000d6cfb7f0,0x00000000d6d00000)
  to   space 1024K, 0% used [0x00000000d6d00000,0x00000000d6d00000,0x00000000d6e00000)
 ParOldGen       total 68608K, used 29619K [0x0000000080000000, 0x0000000084300000, 0x00000000d5580000)
  object space 68608K, 43% used [0x0000000080000000,0x0000000081cecf48,0x0000000084300000)
 Metaspace       used 35987K, committed 36928K, reserved 1114112K
  class space    used 3674K, committed 4096K, reserved 1048576K
}
Event: 17.269 GC heap after
{Heap after GC invocations=22 (full 2):
 PSYoungGen      total 22016K, used 1011K [0x00000000d5580000, 0x00000000d6e00000, 0x0000000100000000)
  eden space 20992K, 0% used [0x00000000d5580000,0x00000000d5580000,0x00000000d6a00000)
  from space 1024K, 98% used [0x00000000d6d00000,0x00000000d6dfcf98,0x00000000d6e00000)
  to   space 1536K, 0% used [0x00000000d6b00000,0x00000000d6b00000,0x00000000d6c80000)
 ParOldGen       total 68608K, used 29947K [0x0000000080000000, 0x0000000084300000, 0x00000000d5580000)
  object space 68608K, 43% used [0x0000000080000000,0x0000000081d3ef48,0x0000000084300000)
 Metaspace       used 35987K, committed 36928K, reserved 1114112K
  class space    used 3674K, committed 4096K, reserved 1048576K
}
Event: 17.856 GC heap before
{Heap before GC invocations=23 (full 2):
 PSYoungGen      total 22016K, used 22003K [0x00000000d5580000, 0x00000000d6e00000, 0x0000000100000000)
  eden space 20992K, 100% used [0x00000000d5580000,0x00000000d6a00000,0x00000000d6a00000)
  from space 1024K, 98% used [0x00000000d6d00000,0x00000000d6dfcf98,0x00000000d6e00000)
  to   space 1536K, 0% used [0x00000000d6b00000,0x00000000d6b00000,0x00000000d6c80000)
 ParOldGen       total 68608K, used 29947K [0x0000000080000000, 0x0000000084300000, 0x00000000d5580000)
  object space 68608K, 43% used [0x0000000080000000,0x0000000081d3ef48,0x0000000084300000)
 Metaspace       used 38447K, committed 39424K, reserved 1114112K
  class space    used 3884K, committed 4352K, reserved 1048576K
}
Event: 17.858 GC heap after
{Heap after GC invocations=23 (full 2):
 PSYoungGen      total 22528K, used 640K [0x00000000d5580000, 0x00000000d6d80000, 0x0000000100000000)
  eden space 20992K, 0% used [0x00000000d5580000,0x00000000d5580000,0x00000000d6a00000)
  from space 1536K, 41% used [0x00000000d6b00000,0x00000000d6ba0000,0x00000000d6c80000)
  to   space 1024K, 0% used [0x00000000d6c80000,0x00000000d6c80000,0x00000000d6d80000)
 ParOldGen       total 68608K, used 30133K [0x0000000080000000, 0x0000000084300000, 0x00000000d5580000)
  object space 68608K, 43% used [0x0000000080000000,0x0000000081d6d6f8,0x0000000084300000)
 Metaspace       used 38447K, committed 39424K, reserved 1114112K
  class space    used 3884K, committed 4352K, reserved 1048576K
}
Event: 19.574 GC heap before
{Heap before GC invocations=24 (full 2):
 PSYoungGen      total 22528K, used 21632K [0x00000000d5580000, 0x00000000d6d80000, 0x0000000100000000)
  eden space 20992K, 100% used [0x00000000d5580000,0x00000000d6a00000,0x00000000d6a00000)
  from space 1536K, 41% used [0x00000000d6b00000,0x00000000d6ba0000,0x00000000d6c80000)
  to   space 1024K, 0% used [0x00000000d6c80000,0x00000000d6c80000,0x00000000d6d80000)
 ParOldGen       total 68608K, used 30133K [0x0000000080000000, 0x0000000084300000, 0x00000000d5580000)
  object space 68608K, 43% used [0x0000000080000000,0x0000000081d6d6f8,0x0000000084300000)
 Metaspace       used 40580K, committed 41600K, reserved 1114112K
  class space    used 4103K, committed 4544K, reserved 1048576K
}
Event: 19.577 GC heap after
{Heap after GC invocations=24 (full 2):
 PSYoungGen      total 22016K, used 1019K [0x00000000d5580000, 0x00000000d6e00000, 0x0000000100000000)
  eden space 20992K, 0% used [0x00000000d5580000,0x00000000d5580000,0x00000000d6a00000)
  from space 1024K, 99% used [0x00000000d6c80000,0x00000000d6d7ef58,0x00000000d6d80000)
  to   space 2048K, 0% used [0x00000000d6a00000,0x00000000d6a00000,0x00000000d6c00000)
 ParOldGen       total 68608K, used 30690K [0x0000000080000000, 0x0000000084300000, 0x00000000d5580000)
  object space 68608K, 44% used [0x0000000080000000,0x0000000081df89b8,0x0000000084300000)
 Metaspace       used 40580K, committed 41600K, reserved 1114112K
  class space    used 4103K, committed 4544K, reserved 1048576K
}

