# JRE version: OpenJDK Runtime Environment Temurin-21.0.8+9 (21.0.8+9) (build 21.0.8+9-LTS)
# Java VM: OpenJDK 64-Bit Server VM Temurin-21.0.8+9 (21.0.8+9-LTS, mixed mode, sharing, tiered, compressed oops, compressed class ptrs, parallel gc, windows-amd64)
GC Precious Log:
 CardTable entry size: 512
 CPUs: 12 total, 12 available
 Memory: 7896M
 Large Page Support: Disabled
 NUMA Support: Disabled
 Compressed Oops: Enabled (32-bit)
 Alignments: Space 512K, Generation 512K, Heap 2M
 Heap Min Capacity: 100M
 Heap Initial Capacity: 100M
 Heap Max Capacity: 2G
 Pre-touch: Disabled
 Parallel Workers: 10
Heap:
 PSYoungGen      total 4608K, used 2018K [0x00000000d5580000, 0x00000000d5b80000, 0x0000000100000000)
  eden space 3072K, 54% used [0x00000000d5580000,0x00000000d5720a68,0x00000000d5880000)
  from space 1536K, 22% used [0x00000000d5900000,0x00000000d5958020,0x00000000d5a80000)
  to   space 1024K, 0% used [0x00000000d5a80000,0x00000000d5a80000,0x00000000d5b80000)
 ParOldGen       total 410112K, used 409984K [0x0000000080000000, 0x0000000099080000, 0x00000000d5580000)
  object space 410112K, 99% used [0x0000000080000000,0x00000000990600f8,0x0000000099080000)
 Metaspace       used 67338K, committed 68928K, reserved 1114112K
  class space    used 7156K, committed 7872K, reserved 1048576K
GC Heap History (20 events):
Event: 44.448 GC heap before
{Heap before GC invocations=739 (full 3):
 PSYoungGen      total 5632K, used 3456K [0x00000000d5580000, 0x00000000d5c00000, 0x0000000100000000)
  eden space 3072K, 100% used [0x00000000d5580000,0x00000000d5880000,0x00000000d5880000)
  from space 2560K, 15% used [0x00000000d5880000,0x00000000d58e0000,0x00000000d5b00000)
  to   space 1024K, 0% used [0x00000000d5b00000,0x00000000d5b00000,0x00000000d5c00000)
 ParOldGen       total 402944K, used 402584K [0x0000000080000000, 0x0000000098980000, 0x00000000d5580000)
  object space 402944K, 99% used [0x0000000080000000,0x0000000098926160,0x0000000098980000)
 Metaspace       used 66680K, committed 68288K, reserved 1114112K
  class space    used 7072K, committed 7744K, reserved 1048576K
}
Event: 44.450 GC heap after
{Heap after GC invocations=739 (full 3):
 PSYoungGen      total 4608K, used 1021K [0x00000000d5580000, 0x00000000d5d80000, 0x0000000100000000)
  eden space 3584K, 0% used [0x00000000d5580000,0x00000000d5580000,0x00000000d5900000)
  from space 1024K, 99% used [0x00000000d5b00000,0x00000000d5bff460,0x00000000d5c00000)
  to   space 2048K, 0% used [0x00000000d5900000,0x00000000d5900000,0x00000000d5b00000)
 ParOldGen       total 403456K, used 402953K [0x0000000080000000, 0x0000000098a00000, 0x00000000d5580000)
  object space 403456K, 99% used [0x0000000080000000,0x0000000098982658,0x0000000098a00000)
 Metaspace       used 66680K, committed 68288K, reserved 1114112K
  class space    used 7072K, committed 7744K, reserved 1048576K
}
Event: 44.490 GC heap before
{Heap before GC invocations=740 (full 3):
 PSYoungGen      total 4608K, used 4605K [0x00000000d5580000, 0x00000000d5d80000, 0x0000000100000000)
  eden space 3584K, 100% used [0x00000000d5580000,0x00000000d5900000,0x00000000d5900000)
  from space 1024K, 99% used [0x00000000d5b00000,0x00000000d5bff460,0x00000000d5c00000)
  to   space 2048K, 0% used [0x00000000d5900000,0x00000000d5900000,0x00000000d5b00000)
 ParOldGen       total 403456K, used 402953K [0x0000000080000000, 0x0000000098a00000, 0x00000000d5580000)
  object space 403456K, 99% used [0x0000000080000000,0x0000000098982658,0x0000000098a00000)
 Metaspace       used 66747K, committed 68288K, reserved 1114112K
  class space    used 7082K, committed 7744K, reserved 1048576K
}
Event: 44.492 GC heap after
{Heap after GC invocations=740 (full 3):
 PSYoungGen      total 5632K, used 288K [0x00000000d5580000, 0x00000000d5c00000, 0x0000000100000000)
  eden space 3584K, 0% used [0x00000000d5580000,0x00000000d5580000,0x00000000d5900000)
  from space 2048K, 14% used [0x00000000d5900000,0x00000000d5948000,0x00000000d5b00000)
  to   space 1024K, 0% used [0x00000000d5b00000,0x00000000d5b00000,0x00000000d5c00000)
 ParOldGen       total 403456K, used 403113K [0x0000000080000000, 0x0000000098a00000, 0x00000000d5580000)
  object space 403456K, 99% used [0x0000000080000000,0x00000000989aa658,0x0000000098a00000)
 Metaspace       used 66747K, committed 68288K, reserved 1114112K
  class space    used 7082K, committed 7744K, reserved 1048576K
}
Event: 44.542 GC heap before
{Heap before GC invocations=741 (full 3):
 PSYoungGen      total 5632K, used 3849K [0x00000000d5580000, 0x00000000d5c00000, 0x0000000100000000)
  eden space 3584K, 99% used [0x00000000d5580000,0x00000000d58fa448,0x00000000d5900000)
  from space 2048K, 14% used [0x00000000d5900000,0x00000000d5948000,0x00000000d5b00000)
  to   space 1024K, 0% used [0x00000000d5b00000,0x00000000d5b00000,0x00000000d5c00000)
 ParOldGen       total 403456K, used 403113K [0x0000000080000000, 0x0000000098a00000, 0x00000000d5580000)
  object space 403456K, 99% used [0x0000000080000000,0x00000000989aa658,0x0000000098a00000)
 Metaspace       used 66809K, committed 68416K, reserved 1114112K
  class space    used 7093K, committed 7808K, reserved 1048576K
}
Event: 44.544 GC heap after
{Heap after GC invocations=741 (full 3):
 PSYoungGen      total 4608K, used 619K [0x00000000d5580000, 0x00000000d5c00000, 0x0000000100000000)
  eden space 3584K, 0% used [0x00000000d5580000,0x00000000d5580000,0x00000000d5900000)
  from space 1024K, 60% used [0x00000000d5b00000,0x00000000d5b9aca8,0x00000000d5c00000)
  to   space 1024K, 0% used [0x00000000d5a00000,0x00000000d5a00000,0x00000000d5b00000)
 ParOldGen       total 403456K, used 403209K [0x0000000080000000, 0x0000000098a00000, 0x00000000d5580000)
  object space 403456K, 99% used [0x0000000080000000,0x00000000989c2658,0x0000000098a00000)
 Metaspace       used 66809K, committed 68416K, reserved 1114112K
  class space    used 7093K, committed 7808K, reserved 1048576K
}
Event: 44.581 GC heap before
{Heap before GC invocations=742 (full 3):
 PSYoungGen      total 4608K, used 4199K [0x00000000d5580000, 0x00000000d5c00000, 0x0000000100000000)
  eden space 3584K, 99% used [0x00000000d5580000,0x00000000d58ff2f8,0x00000000d5900000)
  from space 1024K, 60% used [0x00000000d5b00000,0x00000000d5b9aca8,0x00000000d5c00000)
  to   space 1024K, 0% used [0x00000000d5a00000,0x00000000d5a00000,0x00000000d5b00000)
 ParOldGen       total 403456K, used 403209K [0x0000000080000000, 0x0000000098a00000, 0x00000000d5580000)
  object space 403456K, 99% used [0x0000000080000000,0x00000000989c2658,0x0000000098a00000)
 Metaspace       used 66984K, committed 68608K, reserved 1114112K
  class space    used 7108K, committed 7808K, reserved 1048576K
}
Event: 44.583 GC heap after
{Heap after GC invocations=742 (full 3):
 PSYoungGen      total 4608K, used 256K [0x00000000d5580000, 0x00000000d5b80000, 0x0000000100000000)
  eden space 3584K, 0% used [0x00000000d5580000,0x00000000d5580000,0x00000000d5900000)
  from space 1024K, 25% used [0x00000000d5a00000,0x00000000d5a40000,0x00000000d5b00000)
  to   space 512K, 0% used [0x00000000d5b00000,0x00000000d5b00000,0x00000000d5b80000)
 ParOldGen       total 403968K, used 403678K [0x0000000080000000, 0x0000000098a80000, 0x00000000d5580000)
  object space 403968K, 99% used [0x0000000080000000,0x0000000098a37a20,0x0000000098a80000)
 Metaspace       used 66984K, committed 68608K, reserved 1114112K
  class space    used 7108K, committed 7808K, reserved 1048576K
}
Event: 44.677 GC heap before
{Heap before GC invocations=743 (full 3):
 PSYoungGen      total 4608K, used 3840K [0x00000000d5580000, 0x00000000d5b80000, 0x0000000100000000)
  eden space 3584K, 100% used [0x00000000d5580000,0x00000000d5900000,0x00000000d5900000)
  from space 1024K, 25% used [0x00000000d5a00000,0x00000000d5a40000,0x00000000d5b00000)
  to   space 512K, 0% used [0x00000000d5b00000,0x00000000d5b00000,0x00000000d5b80000)
 ParOldGen       total 403968K, used 403678K [0x0000000080000000, 0x0000000098a80000, 0x00000000d5580000)
  object space 403968K, 99% used [0x0000000080000000,0x0000000098a37a20,0x0000000098a80000)
 Metaspace       used 67151K, committed 68736K, reserved 1114112K
  class space    used 7127K, committed 7808K, reserved 1048576K
}
Event: 44.685 GC heap after
{Heap after GC invocations=743 (full 3):
 PSYoungGen      total 4096K, used 378K [0x00000000d5580000, 0x00000000d5b80000, 0x0000000100000000)
  eden space 3584K, 0% used [0x00000000d5580000,0x00000000d5580000,0x00000000d5900000)
  from space 512K, 73% used [0x00000000d5b00000,0x00000000d5b5e900,0x00000000d5b80000)
  to   space 512K, 0% used [0x00000000d5a80000,0x00000000d5a80000,0x00000000d5b00000)
 ParOldGen       total 403968K, used 403742K [0x0000000080000000, 0x0000000098a80000, 0x00000000d5580000)
  object space 403968K, 99% used [0x0000000080000000,0x0000000098a47a20,0x0000000098a80000)
 Metaspace       used 67151K, committed 68736K, reserved 1114112K
  class space    used 7127K, committed 7808K, reserved 1048576K
}
Event: 44.712 GC heap before
{Heap before GC invocations=744 (full 3):
 PSYoungGen      total 4096K, used 3493K [0x00000000d5580000, 0x00000000d5b80000, 0x0000000100000000)
  eden space 3584K, 86% used [0x00000000d5580000,0x00000000d588ae60,0x00000000d5900000)
  from space 512K, 73% used [0x00000000d5b00000,0x00000000d5b5e900,0x00000000d5b80000)
  to   space 512K, 0% used [0x00000000d5a80000,0x00000000d5a80000,0x00000000d5b00000)
 ParOldGen       total 403968K, used 403742K [0x0000000080000000, 0x0000000098a80000, 0x00000000d5580000)
  object space 403968K, 99% used [0x0000000080000000,0x0000000098a47a20,0x0000000098a80000)
 Metaspace       used 67152K, committed 68736K, reserved 1114112K
  class space    used 7127K, committed 7808K, reserved 1048576K
}
Event: 44.715 GC heap after
{Heap after GC invocations=744 (full 3):
 PSYoungGen      total 4096K, used 502K [0x00000000d5580000, 0x00000000d5f00000, 0x0000000100000000)
  eden space 3584K, 0% used [0x00000000d5580000,0x00000000d5580000,0x00000000d5900000)
  from space 512K, 98% used [0x00000000d5a80000,0x00000000d5afd868,0x00000000d5b00000)
  to   space 3072K, 0% used [0x00000000d5c00000,0x00000000d5c00000,0x00000000d5f00000)
 ParOldGen       total 406016K, used 405605K [0x0000000080000000, 0x0000000098c80000, 0x00000000d5580000)
  object space 406016K, 99% used [0x0000000080000000,0x0000000098c19718,0x0000000098c80000)
 Metaspace       used 67152K, committed 68736K, reserved 1114112K
  class space    used 7127K, committed 7808K, reserved 1048576K
}
Event: 44.797 GC heap before
{Heap before GC invocations=745 (full 3):
 PSYoungGen      total 4096K, used 4062K [0x00000000d5580000, 0x00000000d5f00000, 0x0000000100000000)
  eden space 3584K, 99% used [0x00000000d5580000,0x00000000d58f9fa0,0x00000000d5900000)
  from space 512K, 98% used [0x00000000d5a80000,0x00000000d5afd868,0x00000000d5b00000)
  to   space 3072K, 0% used [0x00000000d5c00000,0x00000000d5c00000,0x00000000d5f00000)
 ParOldGen       total 406016K, used 405605K [0x0000000080000000, 0x0000000098c80000, 0x00000000d5580000)
  object space 406016K, 99% used [0x0000000080000000,0x0000000098c19718,0x0000000098c80000)
 Metaspace       used 67160K, committed 68736K, reserved 1114112K
  class space    used 7127K, committed 7808K, reserved 1048576K
}
Event: 44.801 GC heap after
{Heap after GC invocations=745 (full 3):
 PSYoungGen      total 6144K, used 3005K [0x00000000d5580000, 0x00000000d6000000, 0x0000000100000000)
  eden space 3072K, 0% used [0x00000000d5580000,0x00000000d5580000,0x00000000d5880000)
  from space 3072K, 97% used [0x00000000d5c00000,0x00000000d5eef480,0x00000000d5f00000)
  to   space 3584K, 0% used [0x00000000d5880000,0x00000000d5880000,0x00000000d5c00000)
 ParOldGen       total 406528K, used 406112K [0x0000000080000000, 0x0000000098d00000, 0x00000000d5580000)
  object space 406528K, 99% used [0x0000000080000000,0x0000000098c983d0,0x0000000098d00000)
 Metaspace       used 67160K, committed 68736K, reserved 1114112K
  class space    used 7127K, committed 7808K, reserved 1048576K
}
Event: 44.881 GC heap before
{Heap before GC invocations=746 (full 3):
 PSYoungGen      total 6144K, used 6077K [0x00000000d5580000, 0x00000000d6000000, 0x0000000100000000)
  eden space 3072K, 100% used [0x00000000d5580000,0x00000000d5880000,0x00000000d5880000)
  from space 3072K, 97% used [0x00000000d5c00000,0x00000000d5eef480,0x00000000d5f00000)
  to   space 3584K, 0% used [0x00000000d5880000,0x00000000d5880000,0x00000000d5c00000)
 ParOldGen       total 406528K, used 406112K [0x0000000080000000, 0x0000000098d00000, 0x00000000d5580000)
  object space 406528K, 99% used [0x0000000080000000,0x0000000098c983d0,0x0000000098d00000)
 Metaspace       used 67234K, committed 68800K, reserved 1114112K
  class space    used 7147K, committed 7808K, reserved 1048576K
}
Event: 44.888 GC heap after
{Heap after GC invocations=746 (full 3):
 PSYoungGen      total 5120K, used 2025K [0x00000000d5580000, 0x00000000d5d80000, 0x0000000100000000)
  eden space 3072K, 0% used [0x00000000d5580000,0x00000000d5580000,0x00000000d5880000)
  from space 2048K, 98% used [0x00000000d5880000,0x00000000d5a7a5e8,0x00000000d5a80000)
  to   space 2560K, 0% used [0x00000000d5b00000,0x00000000d5b00000,0x00000000d5d80000)
 ParOldGen       total 409600K, used 408913K [0x0000000080000000, 0x0000000099000000, 0x00000000d5580000)
  object space 409600K, 99% used [0x0000000080000000,0x0000000098f54688,0x0000000099000000)
 Metaspace       used 67234K, committed 68800K, reserved 1114112K
  class space    used 7147K, committed 7808K, reserved 1048576K
}
Event: 45.193 GC heap before
{Heap before GC invocations=747 (full 3):
 PSYoungGen      total 5120K, used 5097K [0x00000000d5580000, 0x00000000d5d80000, 0x0000000100000000)
  eden space 3072K, 100% used [0x00000000d5580000,0x00000000d5880000,0x00000000d5880000)
  from space 2048K, 98% used [0x00000000d5880000,0x00000000d5a7a5e8,0x00000000d5a80000)
  to   space 2560K, 0% used [0x00000000d5b00000,0x00000000d5b00000,0x00000000d5d80000)
 ParOldGen       total 409600K, used 408913K [0x0000000080000000, 0x0000000099000000, 0x00000000d5580000)
  object space 409600K, 99% used [0x0000000080000000,0x0000000098f54688,0x0000000099000000)
 Metaspace       used 67279K, committed 68800K, reserved 1114112K
  class space    used 7150K, committed 7808K, reserved 1048576K
}
Event: 45.197 GC heap after
{Heap after GC invocations=747 (full 3):
 PSYoungGen      total 4096K, used 704K [0x00000000d5580000, 0x00000000d5c00000, 0x0000000100000000)
  eden space 3072K, 0% used [0x00000000d5580000,0x00000000d5580000,0x00000000d5880000)
  from space 1024K, 68% used [0x00000000d5b00000,0x00000000d5bb0000,0x00000000d5c00000)
  to   space 1536K, 0% used [0x00000000d5900000,0x00000000d5900000,0x00000000d5a80000)
 ParOldGen       total 409600K, used 409537K [0x0000000080000000, 0x0000000099000000, 0x00000000d5580000)
  object space 409600K, 99% used [0x0000000080000000,0x0000000098ff0688,0x0000000099000000)
 Metaspace       used 67279K, committed 68800K, reserved 1114112K
  class space    used 7150K, committed 7808K, reserved 1048576K
}
Event: 45.312 GC heap before
{Heap before GC invocations=748 (full 3):
 PSYoungGen      total 4096K, used 3775K [0x00000000d5580000, 0x00000000d5c00000, 0x0000000100000000)
  eden space 3072K, 99% used [0x00000000d5580000,0x00000000d587ff88,0x00000000d5880000)
  from space 1024K, 68% used [0x00000000d5b00000,0x00000000d5bb0000,0x00000000d5c00000)
  to   space 1536K, 0% used [0x00000000d5900000,0x00000000d5900000,0x00000000d5a80000)
 ParOldGen       total 409600K, used 409537K [0x0000000080000000, 0x0000000099000000, 0x00000000d5580000)
  object space 409600K, 99% used [0x0000000080000000,0x0000000098ff0688,0x0000000099000000)
 Metaspace       used 67306K, committed 68864K, reserved 1114112K
  class space    used 7150K, committed 7808K, reserved 1048576K
}
Event: 45.314 GC heap after
{Heap after GC invocations=748 (full 3):
 PSYoungGen      total 4608K, used 352K [0x00000000d5580000, 0x00000000d5b80000, 0x0000000100000000)
  eden space 3072K, 0% used [0x00000000d5580000,0x00000000d5580000,0x00000000d5880000)
  from space 1536K, 22% used [0x00000000d5900000,0x00000000d5958020,0x00000000d5a80000)
  to   space 1024K, 0% used [0x00000000d5a80000,0x00000000d5a80000,0x00000000d5b80000)
 ParOldGen       total 410112K, used 409984K [0x0000000080000000, 0x0000000099080000, 0x00000000d5580000)
  object space 410112K, 99% used [0x0000000080000000,0x00000000990600f8,0x0000000099080000)
 Metaspace       used 67306K, committed 68864K, reserved 1114112K
  class space    used 7150K, committed 7808K, reserved 1048576K
}

