# JRE version: OpenJDK Runtime Environment Temurin-21.0.8+9 (21.0.8+9) (build 21.0.8+9-LTS)
# Java VM: OpenJDK 64-Bit Server VM Temurin-21.0.8+9 (21.0.8+9-LTS, mixed mode, sharing, tiered, compressed oops, compressed class ptrs, parallel gc, windows-amd64)
GC Precious Log:
 CardTable entry size: 512
 CPUs: 12 total, 12 available
 Memory: 7896M
 Large Page Support: Disabled
 NUMA Support: Disabled
 Compressed Oops: Enabled (32-bit)
 Alignments: Space 512K, Generation 512K, Heap 2M
 Heap Min Capacity: 100M
 Heap Initial Capacity: 100M
 Heap Max Capacity: 2G
 Pre-touch: Disabled
 Parallel Workers: 10
Heap:
 PSYoungGen      total 12800K, used 6185K [0x00000000d5580000, 0x00000000d6300000, 0x0000000100000000)
  eden space 11776K, 45% used [0x00000000d5580000,0x00000000d5ac25d8,0x00000000d6100000)
  from space 1024K, 78% used [0x00000000d6100000,0x00000000d61c8010,0x00000000d6200000)
  to   space 1024K, 0% used [0x00000000d6200000,0x00000000d6200000,0x00000000d6300000)
 ParOldGen       total 80896K, used 69763K [0x0000000080000000, 0x0000000084f00000, 0x00000000d5580000)
  object space 80896K, 86% used [0x0000000080000000,0x0000000084420e20,0x0000000084f00000)
 Metaspace       used 64167K, committed 65728K, reserved 1114112K
  class space    used 6990K, committed 7616K, reserved 1048576K
GC Heap History (20 events):
Event: 51.290 GC heap before
{Heap before GC invocations=101 (full 3):
 PSYoungGen      total 14336K, used 13998K [0x00000000d5580000, 0x00000000d6480000, 0x0000000100000000)
  eden space 13312K, 99% used [0x00000000d5580000,0x00000000d6276620,0x00000000d6280000)
  from space 1024K, 70% used [0x00000000d6280000,0x00000000d63354f0,0x00000000d6380000)
  to   space 1024K, 0% used [0x00000000d6380000,0x00000000d6380000,0x00000000d6480000)
 ParOldGen       total 80896K, used 62342K [0x0000000080000000, 0x0000000084f00000, 0x00000000d5580000)
  object space 80896K, 77% used [0x0000000080000000,0x0000000083ce18d8,0x0000000084f00000)
 Metaspace       used 59571K, committed 60992K, reserved 1114112K
  class space    used 6489K, committed 7104K, reserved 1048576K
}
Event: 51.294 GC heap after
{Heap after GC invocations=101 (full 3):
 PSYoungGen      total 13312K, used 1002K [0x00000000d5580000, 0x00000000d6680000, 0x0000000100000000)
  eden space 12288K, 0% used [0x00000000d5580000,0x00000000d5580000,0x00000000d6180000)
  from space 1024K, 97% used [0x00000000d6380000,0x00000000d647a818,0x00000000d6480000)
  to   space 2048K, 0% used [0x00000000d6180000,0x00000000d6180000,0x00000000d6380000)
 ParOldGen       total 80896K, used 62846K [0x0000000080000000, 0x0000000084f00000, 0x00000000d5580000)
  object space 80896K, 77% used [0x0000000080000000,0x0000000083d5f8d8,0x0000000084f00000)
 Metaspace       used 59571K, committed 60992K, reserved 1114112K
  class space    used 6489K, committed 7104K, reserved 1048576K
}
Event: 51.379 GC heap before
{Heap before GC invocations=102 (full 3):
 PSYoungGen      total 13312K, used 13290K [0x00000000d5580000, 0x00000000d6680000, 0x0000000100000000)
  eden space 12288K, 100% used [0x00000000d5580000,0x00000000d6180000,0x00000000d6180000)
  from space 1024K, 97% used [0x00000000d6380000,0x00000000d647a818,0x00000000d6480000)
  to   space 2048K, 0% used [0x00000000d6180000,0x00000000d6180000,0x00000000d6380000)
 ParOldGen       total 80896K, used 62846K [0x0000000080000000, 0x0000000084f00000, 0x00000000d5580000)
  object space 80896K, 77% used [0x0000000080000000,0x0000000083d5f8d8,0x0000000084f00000)
 Metaspace       used 59765K, committed 61248K, reserved 1114112K
  class space    used 6508K, committed 7168K, reserved 1048576K
}
Event: 51.382 GC heap after
{Heap after GC invocations=102 (full 3):
 PSYoungGen      total 14336K, used 1504K [0x00000000d5580000, 0x00000000d6580000, 0x0000000100000000)
  eden space 12288K, 0% used [0x00000000d5580000,0x00000000d5580000,0x00000000d6180000)
  from space 2048K, 73% used [0x00000000d6180000,0x00000000d62f8300,0x00000000d6380000)
  to   space 2048K, 0% used [0x00000000d6380000,0x00000000d6380000,0x00000000d6580000)
 ParOldGen       total 80896K, used 63786K [0x0000000080000000, 0x0000000084f00000, 0x00000000d5580000)
  object space 80896K, 78% used [0x0000000080000000,0x0000000083e4ab70,0x0000000084f00000)
 Metaspace       used 59765K, committed 61248K, reserved 1114112K
  class space    used 6508K, committed 7168K, reserved 1048576K
}
Event: 51.456 GC heap before
{Heap before GC invocations=103 (full 3):
 PSYoungGen      total 14336K, used 13792K [0x00000000d5580000, 0x00000000d6580000, 0x0000000100000000)
  eden space 12288K, 100% used [0x00000000d5580000,0x00000000d6180000,0x00000000d6180000)
  from space 2048K, 73% used [0x00000000d6180000,0x00000000d62f8300,0x00000000d6380000)
  to   space 2048K, 0% used [0x00000000d6380000,0x00000000d6380000,0x00000000d6580000)
 ParOldGen       total 80896K, used 63786K [0x0000000080000000, 0x0000000084f00000, 0x00000000d5580000)
  object space 80896K, 78% used [0x0000000080000000,0x0000000083e4ab70,0x0000000084f00000)
 Metaspace       used 59885K, committed 61376K, reserved 1114112K
  class space    used 6516K, committed 7168K, reserved 1048576K
}
Event: 51.459 GC heap after
{Heap after GC invocations=103 (full 3):
 PSYoungGen      total 13824K, used 1413K [0x00000000d5580000, 0x00000000d6500000, 0x0000000100000000)
  eden space 12288K, 0% used [0x00000000d5580000,0x00000000d5580000,0x00000000d6180000)
  from space 1536K, 92% used [0x00000000d6380000,0x00000000d64e1550,0x00000000d6500000)
  to   space 1536K, 0% used [0x00000000d6200000,0x00000000d6200000,0x00000000d6380000)
 ParOldGen       total 80896K, used 65074K [0x0000000080000000, 0x0000000084f00000, 0x00000000d5580000)
  object space 80896K, 80% used [0x0000000080000000,0x0000000083f8cb88,0x0000000084f00000)
 Metaspace       used 59885K, committed 61376K, reserved 1114112K
  class space    used 6516K, committed 7168K, reserved 1048576K
}
Event: 51.638 GC heap before
{Heap before GC invocations=104 (full 3):
 PSYoungGen      total 13824K, used 13701K [0x00000000d5580000, 0x00000000d6500000, 0x0000000100000000)
  eden space 12288K, 100% used [0x00000000d5580000,0x00000000d6180000,0x00000000d6180000)
  from space 1536K, 92% used [0x00000000d6380000,0x00000000d64e1550,0x00000000d6500000)
  to   space 1536K, 0% used [0x00000000d6200000,0x00000000d6200000,0x00000000d6380000)
 ParOldGen       total 80896K, used 65074K [0x0000000080000000, 0x0000000084f00000, 0x00000000d5580000)
  object space 80896K, 80% used [0x0000000080000000,0x0000000083f8cb88,0x0000000084f00000)
 Metaspace       used 60863K, committed 62464K, reserved 1114112K
  class space    used 6625K, committed 7296K, reserved 1048576K
}
Event: 51.642 GC heap after
{Heap after GC invocations=104 (full 3):
 PSYoungGen      total 13312K, used 928K [0x00000000d5580000, 0x00000000d6480000, 0x0000000100000000)
  eden space 12288K, 0% used [0x00000000d5580000,0x00000000d5580000,0x00000000d6180000)
  from space 1024K, 90% used [0x00000000d6200000,0x00000000d62e8010,0x00000000d6300000)
  to   space 1536K, 0% used [0x00000000d6300000,0x00000000d6300000,0x00000000d6480000)
 ParOldGen       total 80896K, used 66098K [0x0000000080000000, 0x0000000084f00000, 0x00000000d5580000)
  object space 80896K, 81% used [0x0000000080000000,0x000000008408cb88,0x0000000084f00000)
 Metaspace       used 60863K, committed 62464K, reserved 1114112K
  class space    used 6625K, committed 7296K, reserved 1048576K
}
Event: 51.825 GC heap before
{Heap before GC invocations=105 (full 3):
 PSYoungGen      total 13312K, used 13155K [0x00000000d5580000, 0x00000000d6480000, 0x0000000100000000)
  eden space 12288K, 99% used [0x00000000d5580000,0x00000000d6170c48,0x00000000d6180000)
  from space 1024K, 90% used [0x00000000d6200000,0x00000000d62e8010,0x00000000d6300000)
  to   space 1536K, 0% used [0x00000000d6300000,0x00000000d6300000,0x00000000d6480000)
 ParOldGen       total 80896K, used 66098K [0x0000000080000000, 0x0000000084f00000, 0x00000000d5580000)
  object space 80896K, 81% used [0x0000000080000000,0x000000008408cb88,0x0000000084f00000)
 Metaspace       used 61011K, committed 62528K, reserved 1114112K
  class space    used 6649K, committed 7296K, reserved 1048576K
}
Event: 51.827 GC heap after
{Heap after GC invocations=105 (full 3):
 PSYoungGen      total 13824K, used 1024K [0x00000000d5580000, 0x00000000d6480000, 0x0000000100000000)
  eden space 12288K, 0% used [0x00000000d5580000,0x00000000d5580000,0x00000000d6180000)
  from space 1536K, 66% used [0x00000000d6300000,0x00000000d6400000,0x00000000d6480000)
  to   space 1536K, 0% used [0x00000000d6180000,0x00000000d6180000,0x00000000d6300000)
 ParOldGen       total 80896K, used 66817K [0x0000000080000000, 0x0000000084f00000, 0x00000000d5580000)
  object space 80896K, 82% used [0x0000000080000000,0x0000000084140620,0x0000000084f00000)
 Metaspace       used 61011K, committed 62528K, reserved 1114112K
  class space    used 6649K, committed 7296K, reserved 1048576K
}
Event: 52.030 GC heap before
{Heap before GC invocations=106 (full 3):
 PSYoungGen      total 13824K, used 13312K [0x00000000d5580000, 0x00000000d6480000, 0x0000000100000000)
  eden space 12288K, 100% used [0x00000000d5580000,0x00000000d6180000,0x00000000d6180000)
  from space 1536K, 66% used [0x00000000d6300000,0x00000000d6400000,0x00000000d6480000)
  to   space 1536K, 0% used [0x00000000d6180000,0x00000000d6180000,0x00000000d6300000)
 ParOldGen       total 80896K, used 66817K [0x0000000080000000, 0x0000000084f00000, 0x00000000d5580000)
  object space 80896K, 82% used [0x0000000080000000,0x0000000084140620,0x0000000084f00000)
 Metaspace       used 61133K, committed 62656K, reserved 1114112K
  class space    used 6676K, committed 7296K, reserved 1048576K
}
Event: 52.033 GC heap after
{Heap after GC invocations=106 (full 3):
 PSYoungGen      total 13312K, used 608K [0x00000000d5580000, 0x00000000d6380000, 0x0000000100000000)
  eden space 12288K, 0% used [0x00000000d5580000,0x00000000d5580000,0x00000000d6180000)
  from space 1024K, 59% used [0x00000000d6180000,0x00000000d6218010,0x00000000d6280000)
  to   space 1024K, 0% used [0x00000000d6280000,0x00000000d6280000,0x00000000d6380000)
 ParOldGen       total 80896K, used 67673K [0x0000000080000000, 0x0000000084f00000, 0x00000000d5580000)
  object space 80896K, 83% used [0x0000000080000000,0x0000000084216640,0x0000000084f00000)
 Metaspace       used 61133K, committed 62656K, reserved 1114112K
  class space    used 6676K, committed 7296K, reserved 1048576K
}
Event: 52.243 GC heap before
{Heap before GC invocations=107 (full 3):
 PSYoungGen      total 13312K, used 12896K [0x00000000d5580000, 0x00000000d6380000, 0x0000000100000000)
  eden space 12288K, 100% used [0x00000000d5580000,0x00000000d6180000,0x00000000d6180000)
  from space 1024K, 59% used [0x00000000d6180000,0x00000000d6218010,0x00000000d6280000)
  to   space 1024K, 0% used [0x00000000d6280000,0x00000000d6280000,0x00000000d6380000)
 ParOldGen       total 80896K, used 67673K [0x0000000080000000, 0x0000000084f00000, 0x00000000d5580000)
  object space 80896K, 83% used [0x0000000080000000,0x0000000084216640,0x0000000084f00000)
 Metaspace       used 61328K, committed 62848K, reserved 1114112K
  class space    used 6693K, committed 7360K, reserved 1048576K
}
Event: 52.245 GC heap after
{Heap after GC invocations=107 (full 3):
 PSYoungGen      total 12800K, used 1024K [0x00000000d5580000, 0x00000000d6480000, 0x0000000100000000)
  eden space 11776K, 0% used [0x00000000d5580000,0x00000000d5580000,0x00000000d6100000)
  from space 1024K, 100% used [0x00000000d6280000,0x00000000d6380000,0x00000000d6380000)
  to   space 1536K, 0% used [0x00000000d6100000,0x00000000d6100000,0x00000000d6280000)
 ParOldGen       total 80896K, used 68049K [0x0000000080000000, 0x0000000084f00000, 0x00000000d5580000)
  object space 80896K, 84% used [0x0000000080000000,0x0000000084274640,0x0000000084f00000)
 Metaspace       used 61328K, committed 62848K, reserved 1114112K
  class space    used 6693K, committed 7360K, reserved 1048576K
}
Event: 52.491 GC heap before
{Heap before GC invocations=108 (full 3):
 PSYoungGen      total 12800K, used 12800K [0x00000000d5580000, 0x00000000d6480000, 0x0000000100000000)
  eden space 11776K, 100% used [0x00000000d5580000,0x00000000d6100000,0x00000000d6100000)
  from space 1024K, 100% used [0x00000000d6280000,0x00000000d6380000,0x00000000d6380000)
  to   space 1536K, 0% used [0x00000000d6100000,0x00000000d6100000,0x00000000d6280000)
 ParOldGen       total 80896K, used 68049K [0x0000000080000000, 0x0000000084f00000, 0x00000000d5580000)
  object space 80896K, 84% used [0x0000000080000000,0x0000000084274640,0x0000000084f00000)
 Metaspace       used 61711K, committed 63168K, reserved 1114112K
  class space    used 6724K, committed 7360K, reserved 1048576K
}
Event: 52.495 GC heap after
{Heap after GC invocations=108 (full 3):
 PSYoungGen      total 12800K, used 704K [0x00000000d5580000, 0x00000000d6300000, 0x0000000100000000)
  eden space 11776K, 0% used [0x00000000d5580000,0x00000000d5580000,0x00000000d6100000)
  from space 1024K, 68% used [0x00000000d6100000,0x00000000d61b0010,0x00000000d6200000)
  to   space 1024K, 0% used [0x00000000d6200000,0x00000000d6200000,0x00000000d6300000)
 ParOldGen       total 80896K, used 68875K [0x0000000080000000, 0x0000000084f00000, 0x00000000d5580000)
  object space 80896K, 85% used [0x0000000080000000,0x0000000084342e20,0x0000000084f00000)
 Metaspace       used 61711K, committed 63168K, reserved 1114112K
  class space    used 6724K, committed 7360K, reserved 1048576K
}
Event: 53.106 GC heap before
{Heap before GC invocations=109 (full 3):
 PSYoungGen      total 12800K, used 12444K [0x00000000d5580000, 0x00000000d6300000, 0x0000000100000000)
  eden space 11776K, 99% used [0x00000000d5580000,0x00000000d60f71c0,0x00000000d6100000)
  from space 1024K, 68% used [0x00000000d6100000,0x00000000d61b0010,0x00000000d6200000)
  to   space 1024K, 0% used [0x00000000d6200000,0x00000000d6200000,0x00000000d6300000)
 ParOldGen       total 80896K, used 68875K [0x0000000080000000, 0x0000000084f00000, 0x00000000d5580000)
  object space 80896K, 85% used [0x0000000080000000,0x0000000084342e20,0x0000000084f00000)
 Metaspace       used 62234K, committed 63744K, reserved 1114112K
  class space    used 6794K, committed 7424K, reserved 1048576K
}
Event: 53.109 GC heap after
{Heap after GC invocations=109 (full 3):
 PSYoungGen      total 12800K, used 512K [0x00000000d5580000, 0x00000000d6300000, 0x0000000100000000)
  eden space 11776K, 0% used [0x00000000d5580000,0x00000000d5580000,0x00000000d6100000)
  from space 1024K, 50% used [0x00000000d6200000,0x00000000d6280000,0x00000000d6300000)
  to   space 1024K, 0% used [0x00000000d6100000,0x00000000d6100000,0x00000000d6200000)
 ParOldGen       total 80896K, used 69395K [0x0000000080000000, 0x0000000084f00000, 0x00000000d5580000)
  object space 80896K, 85% used [0x0000000080000000,0x00000000843c4e20,0x0000000084f00000)
 Metaspace       used 62234K, committed 63744K, reserved 1114112K
  class space    used 6794K, committed 7424K, reserved 1048576K
}
Event: 54.548 GC heap before
{Heap before GC invocations=110 (full 3):
 PSYoungGen      total 12800K, used 12288K [0x00000000d5580000, 0x00000000d6300000, 0x0000000100000000)
  eden space 11776K, 100% used [0x00000000d5580000,0x00000000d6100000,0x00000000d6100000)
  from space 1024K, 50% used [0x00000000d6200000,0x00000000d6280000,0x00000000d6300000)
  to   space 1024K, 0% used [0x00000000d6100000,0x00000000d6100000,0x00000000d6200000)
 ParOldGen       total 80896K, used 69395K [0x0000000080000000, 0x0000000084f00000, 0x00000000d5580000)
  object space 80896K, 85% used [0x0000000080000000,0x00000000843c4e20,0x0000000084f00000)
 Metaspace       used 63472K, committed 65024K, reserved 1114112K
  class space    used 6955K, committed 7616K, reserved 1048576K
}
Event: 54.550 GC heap after
{Heap after GC invocations=110 (full 3):
 PSYoungGen      total 12800K, used 800K [0x00000000d5580000, 0x00000000d6300000, 0x0000000100000000)
  eden space 11776K, 0% used [0x00000000d5580000,0x00000000d5580000,0x00000000d6100000)
  from space 1024K, 78% used [0x00000000d6100000,0x00000000d61c8010,0x00000000d6200000)
  to   space 1024K, 0% used [0x00000000d6200000,0x00000000d6200000,0x00000000d6300000)
 ParOldGen       total 80896K, used 69763K [0x0000000080000000, 0x0000000084f00000, 0x00000000d5580000)
  object space 80896K, 86% used [0x0000000080000000,0x0000000084420e20,0x0000000084f00000)
 Metaspace       used 63472K, committed 65024K, reserved 1114112K
  class space    used 6955K, committed 7616K, reserved 1048576K
}

