# JRE version: OpenJDK Runtime Environment Temurin-21.0.9+10 (21.0.9+10) (build 21.0.9+10-LTS)
# Java VM: OpenJDK 64-Bit Server VM Temurin-21.0.9+10 (21.0.9+10-LTS, mixed mode, sharing, tiered, compressed oops, compressed class ptrs, parallel gc, windows-amd64)
GC Precious Log:
 CardTable entry size: 512
 CPUs: 12 total, 12 available
 Memory: 7896M
 Large Page Support: Disabled
 NUMA Support: Disabled
 Compressed Oops: Enabled (32-bit)
 Alignments: Space 512K, Generation 512K, Heap 2M
 Heap Min Capacity: 100M
 Heap Initial Capacity: 100M
 Heap Max Capacity: 2G
 Pre-touch: Disabled
 Parallel Workers: 10
Heap:
 PSYoungGen      total 15872K, used 3401K [0x00000000d5580000, 0x00000000d6900000, 0x0000000100000000)
  eden space 15360K, 18% used [0x00000000d5580000,0x00000000d5853628,0x00000000d6480000)
  from space 512K, 99% used [0x00000000d6880000,0x00000000d68fef30,0x00000000d6900000)
  to   space 1024K, 0% used [0x00000000d6700000,0x00000000d6700000,0x00000000d6800000)
 ParOldGen       total 68608K, used 36019K [0x0000000080000000, 0x0000000084300000, 0x00000000d5580000)
  object space 68608K, 52% used [0x0000000080000000,0x000000008232cdc8,0x0000000084300000)
 Metaspace       used 48038K, committed 49344K, reserved 1114112K
  class space    used 5237K, committed 5824K, reserved 1048576K
GC Heap History (20 events):
Event: 12.289 GC heap before
{Heap before GC invocations=17 (full 2):
 PSYoungGen      total 23552K, used 23552K [0x00000000d5580000, 0x00000000d7200000, 0x0000000100000000)
  eden space 22016K, 100% used [0x00000000d5580000,0x00000000d6b00000,0x00000000d6b00000)
  from space 1536K, 100% used [0x00000000d7080000,0x00000000d7200000,0x00000000d7200000)
  to   space 2560K, 0% used [0x00000000d6d00000,0x00000000d6d00000,0x00000000d6f80000)
 ParOldGen       total 68608K, used 19563K [0x0000000080000000, 0x0000000084300000, 0x00000000d5580000)
  object space 68608K, 28% used [0x0000000080000000,0x000000008131afd0,0x0000000084300000)
 Metaspace       used 38515K, committed 39808K, reserved 1114112K
  class space    used 4080K, committed 4672K, reserved 1048576K
}
Event: 12.293 GC heap after
{Heap after GC invocations=17 (full 2):
 PSYoungGen      total 23552K, used 1232K [0x00000000d5580000, 0x00000000d7100000, 0x0000000100000000)
  eden space 22016K, 0% used [0x00000000d5580000,0x00000000d5580000,0x00000000d6b00000)
  from space 1536K, 80% used [0x00000000d6d00000,0x00000000d6e34010,0x00000000d6e80000)
  to   space 2048K, 0% used [0x00000000d6f00000,0x00000000d6f00000,0x00000000d7100000)
 ParOldGen       total 68608K, used 21014K [0x0000000080000000, 0x0000000084300000, 0x00000000d5580000)
  object space 68608K, 30% used [0x0000000080000000,0x0000000081485a00,0x0000000084300000)
 Metaspace       used 38515K, committed 39808K, reserved 1114112K
  class space    used 4080K, committed 4672K, reserved 1048576K
}
Event: 12.640 GC heap before
{Heap before GC invocations=18 (full 2):
 PSYoungGen      total 23552K, used 23248K [0x00000000d5580000, 0x00000000d7100000, 0x0000000100000000)
  eden space 22016K, 100% used [0x00000000d5580000,0x00000000d6b00000,0x00000000d6b00000)
  from space 1536K, 80% used [0x00000000d6d00000,0x00000000d6e34010,0x00000000d6e80000)
  to   space 2048K, 0% used [0x00000000d6f00000,0x00000000d6f00000,0x00000000d7100000)
 ParOldGen       total 68608K, used 21014K [0x0000000080000000, 0x0000000084300000, 0x00000000d5580000)
  object space 68608K, 30% used [0x0000000080000000,0x0000000081485a00,0x0000000084300000)
 Metaspace       used 39552K, committed 40832K, reserved 1114112K
  class space    used 4197K, committed 4736K, reserved 1048576K
}
Event: 12.650 GC heap after
{Heap after GC invocations=18 (full 2):
 PSYoungGen      total 17408K, used 2023K [0x00000000d5580000, 0x00000000d8000000, 0x0000000100000000)
  eden space 15360K, 0% used [0x00000000d5580000,0x00000000d5580000,0x00000000d6480000)
  from space 2048K, 98% used [0x00000000d6f00000,0x00000000d70f9f20,0x00000000d7100000)
  to   space 10752K, 0% used [0x00000000d6480000,0x00000000d6480000,0x00000000d6f00000)
 ParOldGen       total 68608K, used 28270K [0x0000000080000000, 0x0000000084300000, 0x00000000d5580000)
  object space 68608K, 41% used [0x0000000080000000,0x0000000081b9b8b0,0x0000000084300000)
 Metaspace       used 39552K, committed 40832K, reserved 1114112K
  class space    used 4197K, committed 4736K, reserved 1048576K
}
Event: 13.053 GC heap before
{Heap before GC invocations=19 (full 2):
 PSYoungGen      total 17408K, used 17383K [0x00000000d5580000, 0x00000000d8000000, 0x0000000100000000)
  eden space 15360K, 100% used [0x00000000d5580000,0x00000000d6480000,0x00000000d6480000)
  from space 2048K, 98% used [0x00000000d6f00000,0x00000000d70f9f20,0x00000000d7100000)
  to   space 10752K, 0% used [0x00000000d6480000,0x00000000d6480000,0x00000000d6f00000)
 ParOldGen       total 68608K, used 28270K [0x0000000080000000, 0x0000000084300000, 0x00000000d5580000)
  object space 68608K, 41% used [0x0000000080000000,0x0000000081b9b8b0,0x0000000084300000)
 Metaspace       used 41118K, committed 42368K, reserved 1114112K
  class space    used 4406K, committed 4992K, reserved 1048576K
}
Event: 13.059 GC heap after
{Heap after GC invocations=19 (full 2):
 PSYoungGen      total 17920K, used 2272K [0x00000000d5580000, 0x00000000d6f80000, 0x0000000100000000)
  eden space 15360K, 0% used [0x00000000d5580000,0x00000000d5580000,0x00000000d6480000)
  from space 2560K, 88% used [0x00000000d6480000,0x00000000d66b8000,0x00000000d6700000)
  to   space 5120K, 0% used [0x00000000d6a80000,0x00000000d6a80000,0x00000000d6f80000)
 ParOldGen       total 68608K, used 30277K [0x0000000080000000, 0x0000000084300000, 0x00000000d5580000)
  object space 68608K, 44% used [0x0000000080000000,0x0000000081d91608,0x0000000084300000)
 Metaspace       used 41118K, committed 42368K, reserved 1114112K
  class space    used 4406K, committed 4992K, reserved 1048576K
}
Event: 13.562 GC heap before
{Heap before GC invocations=20 (full 2):
 PSYoungGen      total 17920K, used 17632K [0x00000000d5580000, 0x00000000d6f80000, 0x0000000100000000)
  eden space 15360K, 100% used [0x00000000d5580000,0x00000000d6480000,0x00000000d6480000)
  from space 2560K, 88% used [0x00000000d6480000,0x00000000d66b8000,0x00000000d6700000)
  to   space 5120K, 0% used [0x00000000d6a80000,0x00000000d6a80000,0x00000000d6f80000)
 ParOldGen       total 68608K, used 30277K [0x0000000080000000, 0x0000000084300000, 0x00000000d5580000)
  object space 68608K, 44% used [0x0000000080000000,0x0000000081d91608,0x0000000084300000)
 Metaspace       used 42788K, committed 44160K, reserved 1114112K
  class space    used 4624K, committed 5248K, reserved 1048576K
}
Event: 13.568 GC heap after
{Heap after GC invocations=20 (full 2):
 PSYoungGen      total 16896K, used 1264K [0x00000000d5580000, 0x00000000d6c00000, 0x0000000100000000)
  eden space 15360K, 0% used [0x00000000d5580000,0x00000000d5580000,0x00000000d6480000)
  from space 1536K, 82% used [0x00000000d6a80000,0x00000000d6bbc010,0x00000000d6c00000)
  to   space 2560K, 0% used [0x00000000d6700000,0x00000000d6700000,0x00000000d6980000)
 ParOldGen       total 68608K, used 32349K [0x0000000080000000, 0x0000000084300000, 0x00000000d5580000)
  object space 68608K, 47% used [0x0000000080000000,0x0000000081f97618,0x0000000084300000)
 Metaspace       used 42788K, committed 44160K, reserved 1114112K
  class space    used 4624K, committed 5248K, reserved 1048576K
}
Event: 14.155 GC heap before
{Heap before GC invocations=21 (full 2):
 PSYoungGen      total 16896K, used 16624K [0x00000000d5580000, 0x00000000d6c00000, 0x0000000100000000)
  eden space 15360K, 100% used [0x00000000d5580000,0x00000000d6480000,0x00000000d6480000)
  from space 1536K, 82% used [0x00000000d6a80000,0x00000000d6bbc010,0x00000000d6c00000)
  to   space 2560K, 0% used [0x00000000d6700000,0x00000000d6700000,0x00000000d6980000)
 ParOldGen       total 68608K, used 32349K [0x0000000080000000, 0x0000000084300000, 0x00000000d5580000)
  object space 68608K, 47% used [0x0000000080000000,0x0000000081f97618,0x0000000084300000)
 Metaspace       used 44693K, committed 46080K, reserved 1114112K
  class space    used 4883K, committed 5504K, reserved 1048576K
}
Event: 14.158 GC heap after
{Heap after GC invocations=21 (full 2):
 PSYoungGen      total 17920K, used 1143K [0x00000000d5580000, 0x00000000d6b00000, 0x0000000100000000)
  eden space 15360K, 0% used [0x00000000d5580000,0x00000000d5580000,0x00000000d6480000)
  from space 2560K, 44% used [0x00000000d6700000,0x00000000d681def0,0x00000000d6980000)
  to   space 1536K, 0% used [0x00000000d6980000,0x00000000d6980000,0x00000000d6b00000)
 ParOldGen       total 68608K, used 33365K [0x0000000080000000, 0x0000000084300000, 0x00000000d5580000)
  object space 68608K, 48% used [0x0000000080000000,0x0000000082095538,0x0000000084300000)
 Metaspace       used 44693K, committed 46080K, reserved 1114112K
  class space    used 4883K, committed 5504K, reserved 1048576K
}
Event: 14.564 GC heap before
{Heap before GC invocations=22 (full 2):
 PSYoungGen      total 17920K, used 16503K [0x00000000d5580000, 0x00000000d6b00000, 0x0000000100000000)
  eden space 15360K, 100% used [0x00000000d5580000,0x00000000d6480000,0x00000000d6480000)
  from space 2560K, 44% used [0x00000000d6700000,0x00000000d681def0,0x00000000d6980000)
  to   space 1536K, 0% used [0x00000000d6980000,0x00000000d6980000,0x00000000d6b00000)
 ParOldGen       total 68608K, used 33365K [0x0000000080000000, 0x0000000084300000, 0x00000000d5580000)
  object space 68608K, 48% used [0x0000000080000000,0x0000000082095538,0x0000000084300000)
 Metaspace       used 46249K, committed 47552K, reserved 1114112K
  class space    used 5065K, committed 5632K, reserved 1048576K
}
Event: 14.568 GC heap after
{Heap after GC invocations=22 (full 2):
 PSYoungGen      total 16896K, used 1051K [0x00000000d5580000, 0x00000000d6b00000, 0x0000000100000000)
  eden space 15360K, 0% used [0x00000000d5580000,0x00000000d5580000,0x00000000d6480000)
  from space 1536K, 68% used [0x00000000d6980000,0x00000000d6a86e98,0x00000000d6b00000)
  to   space 1536K, 0% used [0x00000000d6800000,0x00000000d6800000,0x00000000d6980000)
 ParOldGen       total 68608K, used 34277K [0x0000000080000000, 0x0000000084300000, 0x00000000d5580000)
  object space 68608K, 49% used [0x0000000080000000,0x0000000082179538,0x0000000084300000)
 Metaspace       used 46249K, committed 47552K, reserved 1114112K
  class space    used 5065K, committed 5632K, reserved 1048576K
}
Event: 15.491 GC heap before
{Heap before GC invocations=23 (full 2):
 PSYoungGen      total 16896K, used 16411K [0x00000000d5580000, 0x00000000d6b00000, 0x0000000100000000)
  eden space 15360K, 99% used [0x00000000d5580000,0x00000000d647ffc8,0x00000000d6480000)
  from space 1536K, 68% used [0x00000000d6980000,0x00000000d6a86e98,0x00000000d6b00000)
  to   space 1536K, 0% used [0x00000000d6800000,0x00000000d6800000,0x00000000d6980000)
 ParOldGen       total 68608K, used 34277K [0x0000000080000000, 0x0000000084300000, 0x00000000d5580000)
  object space 68608K, 49% used [0x0000000080000000,0x0000000082179538,0x0000000084300000)
 Metaspace       used 46513K, committed 47808K, reserved 1114112K
  class space    used 5083K, committed 5632K, reserved 1048576K
}
Event: 15.494 GC heap after
{Heap after GC invocations=23 (full 2):
 PSYoungGen      total 15872K, used 224K [0x00000000d5580000, 0x00000000d6a00000, 0x0000000100000000)
  eden space 15360K, 0% used [0x00000000d5580000,0x00000000d5580000,0x00000000d6480000)
  from space 512K, 43% used [0x00000000d6800000,0x00000000d6838000,0x00000000d6880000)
  to   space 1024K, 0% used [0x00000000d6900000,0x00000000d6900000,0x00000000d6a00000)
 ParOldGen       total 68608K, used 35188K [0x0000000080000000, 0x0000000084300000, 0x00000000d5580000)
  object space 68608K, 51% used [0x0000000080000000,0x000000008225d248,0x0000000084300000)
 Metaspace       used 46513K, committed 47808K, reserved 1114112K
  class space    used 5083K, committed 5632K, reserved 1048576K
}
Event: 15.962 GC heap before
{Heap before GC invocations=24 (full 2):
 PSYoungGen      total 15872K, used 15584K [0x00000000d5580000, 0x00000000d6a00000, 0x0000000100000000)
  eden space 15360K, 100% used [0x00000000d5580000,0x00000000d6480000,0x00000000d6480000)
  from space 512K, 43% used [0x00000000d6800000,0x00000000d6838000,0x00000000d6880000)
  to   space 1024K, 0% used [0x00000000d6900000,0x00000000d6900000,0x00000000d6a00000)
 ParOldGen       total 68608K, used 35188K [0x0000000080000000, 0x0000000084300000, 0x00000000d5580000)
  object space 68608K, 51% used [0x0000000080000000,0x000000008225d248,0x0000000084300000)
 Metaspace       used 46564K, committed 47872K, reserved 1114112K
  class space    used 5092K, committed 5632K, reserved 1048576K
}
Event: 15.963 GC heap after
{Heap after GC invocations=24 (full 2):
 PSYoungGen      total 15872K, used 413K [0x00000000d5580000, 0x00000000d6980000, 0x0000000100000000)
  eden space 15360K, 0% used [0x00000000d5580000,0x00000000d5580000,0x00000000d6480000)
  from space 512K, 80% used [0x00000000d6900000,0x00000000d6967600,0x00000000d6980000)
  to   space 512K, 0% used [0x00000000d6800000,0x00000000d6800000,0x00000000d6880000)
 ParOldGen       total 68608K, used 35268K [0x0000000080000000, 0x0000000084300000, 0x00000000d5580000)
  object space 68608K, 51% used [0x0000000080000000,0x0000000082271248,0x0000000084300000)
 Metaspace       used 46564K, committed 47872K, reserved 1114112K
  class space    used 5092K, committed 5632K, reserved 1048576K
}
Event: 16.256 GC heap before
{Heap before GC invocations=25 (full 2):
 PSYoungGen      total 15872K, used 15773K [0x00000000d5580000, 0x00000000d6980000, 0x0000000100000000)
  eden space 15360K, 100% used [0x00000000d5580000,0x00000000d6480000,0x00000000d6480000)
  from space 512K, 80% used [0x00000000d6900000,0x00000000d6967600,0x00000000d6980000)
  to   space 512K, 0% used [0x00000000d6800000,0x00000000d6800000,0x00000000d6880000)
 ParOldGen       total 68608K, used 35268K [0x0000000080000000, 0x0000000084300000, 0x00000000d5580000)
  object space 68608K, 51% used [0x0000000080000000,0x0000000082271248,0x0000000084300000)
 Metaspace       used 46892K, committed 48192K, reserved 1114112K
  class space    used 5120K, committed 5696K, reserved 1048576K
}
Event: 16.257 GC heap after
{Heap after GC invocations=25 (full 2):
 PSYoungGen      total 15872K, used 512K [0x00000000d5580000, 0x00000000d6980000, 0x0000000100000000)
  eden space 15360K, 0% used [0x00000000d5580000,0x00000000d5580000,0x00000000d6480000)
  from space 512K, 100% used [0x00000000d6800000,0x00000000d6880000,0x00000000d6880000)
  to   space 1024K, 0% used [0x00000000d6880000,0x00000000d6880000,0x00000000d6980000)
 ParOldGen       total 68608K, used 35471K [0x0000000080000000, 0x0000000084300000, 0x00000000d5580000)
  object space 68608K, 51% used [0x0000000080000000,0x00000000822a3db8,0x0000000084300000)
 Metaspace       used 46892K, committed 48192K, reserved 1114112K
  class space    used 5120K, committed 5696K, reserved 1048576K
}
Event: 22.975 GC heap before
{Heap before GC invocations=26 (full 2):
 PSYoungGen      total 15872K, used 15863K [0x00000000d5580000, 0x00000000d6980000, 0x0000000100000000)
  eden space 15360K, 99% used [0x00000000d5580000,0x00000000d647de48,0x00000000d6480000)
  from space 512K, 100% used [0x00000000d6800000,0x00000000d6880000,0x00000000d6880000)
  to   space 1024K, 0% used [0x00000000d6880000,0x00000000d6880000,0x00000000d6980000)
 ParOldGen       total 68608K, used 35471K [0x0000000080000000, 0x0000000084300000, 0x00000000d5580000)
  object space 68608K, 51% used [0x0000000080000000,0x00000000822a3db8,0x0000000084300000)
 Metaspace       used 47572K, committed 48896K, reserved 1114112K
  class space    used 5204K, committed 5760K, reserved 1048576K
}
Event: 22.978 GC heap after
{Heap after GC invocations=26 (full 2):
 PSYoungGen      total 15872K, used 507K [0x00000000d5580000, 0x00000000d6900000, 0x0000000100000000)
  eden space 15360K, 0% used [0x00000000d5580000,0x00000000d5580000,0x00000000d6480000)
  from space 512K, 99% used [0x00000000d6880000,0x00000000d68fef30,0x00000000d6900000)
  to   space 1024K, 0% used [0x00000000d6700000,0x00000000d6700000,0x00000000d6800000)
 ParOldGen       total 68608K, used 36019K [0x0000000080000000, 0x0000000084300000, 0x00000000d5580000)
  object space 68608K, 52% used [0x0000000080000000,0x000000008232cdc8,0x0000000084300000)
 Metaspace       used 47572K, committed 48896K, reserved 1114112K
  class space    used 5204K, committed 5760K, reserved 1048576K
}

