# JRE version: OpenJDK Runtime Environment Temurin-21.0.9+10 (21.0.9+10) (build 21.0.9+10-LTS)
# Java VM: OpenJDK 64-Bit Server VM Temurin-21.0.9+10 (21.0.9+10-LTS, mixed mode, sharing, tiered, compressed oops, compressed class ptrs, parallel gc, windows-amd64)
GC Precious Log:
 CardTable entry size: 512
 CPUs: 12 total, 12 available
 Memory: 7896M
 Large Page Support: Disabled
 NUMA Support: Disabled
 Compressed Oops: Enabled (32-bit)
 Alignments: Space 512K, Generation 512K, Heap 2M
 Heap Min Capacity: 100M
 Heap Initial Capacity: 100M
 Heap Max Capacity: 2G
 Pre-touch: Disabled
 Parallel Workers: 10
Heap:
 PSYoungGen      total 21504K, used 1679K [0x00000000d5580000, 0x00000000d6c80000, 0x0000000100000000)
  eden space 20480K, 8% used [0x00000000d5580000,0x00000000d5723d88,0x00000000d6980000)
  from space 1024K, 0% used [0x00000000d6980000,0x00000000d6980000,0x00000000d6a80000)
  to   space 1536K, 0% used [0x00000000d6b00000,0x00000000d6b00000,0x00000000d6c80000)
 ParOldGen       total 78336K, used 62978K [0x0000000080000000, 0x0000000084c80000, 0x00000000d5580000)
  object space 78336K, 80% used [0x0000000080000000,0x0000000083d809e8,0x0000000084c80000)
 Metaspace       used 58796K, committed 60160K, reserved 1114112K
  class space    used 6316K, committed 6848K, reserved 1048576K
GC Heap History (20 events):
Event: 106.289 GC heap before
{Heap before GC invocations=55 (full 2):
 PSYoungGen      total 21504K, used 21488K [0x00000000d5580000, 0x00000000d6e00000, 0x0000000100000000)
  eden space 20480K, 100% used [0x00000000d5580000,0x00000000d6980000,0x00000000d6980000)
  from space 1024K, 98% used [0x00000000d6b80000,0x00000000d6c7c010,0x00000000d6c80000)
  to   space 2048K, 0% used [0x00000000d6980000,0x00000000d6980000,0x00000000d6b80000)
 ParOldGen       total 71680K, used 71577K [0x0000000080000000, 0x0000000084600000, 0x00000000d5580000)
  object space 71680K, 99% used [0x0000000080000000,0x00000000845e6440,0x0000000084600000)
 Metaspace       used 56993K, committed 58368K, reserved 1114112K
  class space    used 6155K, committed 6720K, reserved 1048576K
}
Event: 106.292 GC heap after
{Heap after GC invocations=55 (full 2):
 PSYoungGen      total 20992K, used 384K [0x00000000d5580000, 0x00000000d6c00000, 0x0000000100000000)
  eden space 20480K, 0% used [0x00000000d5580000,0x00000000d5580000,0x00000000d6980000)
  from space 512K, 75% used [0x00000000d6980000,0x00000000d69e0000,0x00000000d6a00000)
  to   space 1024K, 0% used [0x00000000d6b00000,0x00000000d6b00000,0x00000000d6c00000)
 ParOldGen       total 72704K, used 72301K [0x0000000080000000, 0x0000000084700000, 0x00000000d5580000)
  object space 72704K, 99% used [0x0000000080000000,0x000000008469b460,0x0000000084700000)
 Metaspace       used 56993K, committed 58368K, reserved 1114112K
  class space    used 6155K, committed 6720K, reserved 1048576K
}
Event: 106.391 GC heap before
{Heap before GC invocations=56 (full 2):
 PSYoungGen      total 20992K, used 20864K [0x00000000d5580000, 0x00000000d6c00000, 0x0000000100000000)
  eden space 20480K, 100% used [0x00000000d5580000,0x00000000d6980000,0x00000000d6980000)
  from space 512K, 75% used [0x00000000d6980000,0x00000000d69e0000,0x00000000d6a00000)
  to   space 1024K, 0% used [0x00000000d6b00000,0x00000000d6b00000,0x00000000d6c00000)
 ParOldGen       total 72704K, used 72301K [0x0000000080000000, 0x0000000084700000, 0x00000000d5580000)
  object space 72704K, 99% used [0x0000000080000000,0x000000008469b460,0x0000000084700000)
 Metaspace       used 57000K, committed 58368K, reserved 1114112K
  class space    used 6155K, committed 6720K, reserved 1048576K
}
Event: 106.393 GC heap after
{Heap after GC invocations=56 (full 2):
 PSYoungGen      total 21504K, used 576K [0x00000000d5580000, 0x00000000d6c00000, 0x0000000100000000)
  eden space 20480K, 0% used [0x00000000d5580000,0x00000000d5580000,0x00000000d6980000)
  from space 1024K, 56% used [0x00000000d6b00000,0x00000000d6b90000,0x00000000d6c00000)
  to   space 1024K, 0% used [0x00000000d6a00000,0x00000000d6a00000,0x00000000d6b00000)
 ParOldGen       total 72704K, used 72509K [0x0000000080000000, 0x0000000084700000, 0x00000000d5580000)
  object space 72704K, 99% used [0x0000000080000000,0x00000000846cf460,0x0000000084700000)
 Metaspace       used 57000K, committed 58368K, reserved 1114112K
  class space    used 6155K, committed 6720K, reserved 1048576K
}
Event: 106.524 GC heap before
{Heap before GC invocations=57 (full 2):
 PSYoungGen      total 21504K, used 21056K [0x00000000d5580000, 0x00000000d6c00000, 0x0000000100000000)
  eden space 20480K, 100% used [0x00000000d5580000,0x00000000d6980000,0x00000000d6980000)
  from space 1024K, 56% used [0x00000000d6b00000,0x00000000d6b90000,0x00000000d6c00000)
  to   space 1024K, 0% used [0x00000000d6a00000,0x00000000d6a00000,0x00000000d6b00000)
 ParOldGen       total 72704K, used 72509K [0x0000000080000000, 0x0000000084700000, 0x00000000d5580000)
  object space 72704K, 99% used [0x0000000080000000,0x00000000846cf460,0x0000000084700000)
 Metaspace       used 57007K, committed 58368K, reserved 1114112K
  class space    used 6155K, committed 6720K, reserved 1048576K
}
Event: 106.527 GC heap after
{Heap after GC invocations=57 (full 2):
 PSYoungGen      total 21504K, used 576K [0x00000000d5580000, 0x00000000d6b80000, 0x0000000100000000)
  eden space 20480K, 0% used [0x00000000d5580000,0x00000000d5580000,0x00000000d6980000)
  from space 1024K, 56% used [0x00000000d6a00000,0x00000000d6a90000,0x00000000d6b00000)
  to   space 512K, 0% used [0x00000000d6b00000,0x00000000d6b00000,0x00000000d6b80000)
 ParOldGen       total 73216K, used 72949K [0x0000000080000000, 0x0000000084780000, 0x00000000d5580000)
  object space 73216K, 99% used [0x0000000080000000,0x000000008473d460,0x0000000084780000)
 Metaspace       used 57007K, committed 58368K, reserved 1114112K
  class space    used 6155K, committed 6720K, reserved 1048576K
}
Event: 106.663 GC heap before
{Heap before GC invocations=58 (full 2):
 PSYoungGen      total 21504K, used 21056K [0x00000000d5580000, 0x00000000d6b80000, 0x0000000100000000)
  eden space 20480K, 100% used [0x00000000d5580000,0x00000000d6980000,0x00000000d6980000)
  from space 1024K, 56% used [0x00000000d6a00000,0x00000000d6a90000,0x00000000d6b00000)
  to   space 512K, 0% used [0x00000000d6b00000,0x00000000d6b00000,0x00000000d6b80000)
 ParOldGen       total 73216K, used 72949K [0x0000000080000000, 0x0000000084780000, 0x00000000d5580000)
  object space 73216K, 99% used [0x0000000080000000,0x000000008473d460,0x0000000084780000)
 Metaspace       used 57029K, committed 58368K, reserved 1114112K
  class space    used 6155K, committed 6720K, reserved 1048576K
}
Event: 106.666 GC heap after
{Heap after GC invocations=58 (full 2):
 PSYoungGen      total 20992K, used 512K [0x00000000d5580000, 0x00000000d6b80000, 0x0000000100000000)
  eden space 20480K, 0% used [0x00000000d5580000,0x00000000d5580000,0x00000000d6980000)
  from space 512K, 100% used [0x00000000d6b00000,0x00000000d6b80000,0x00000000d6b80000)
  to   space 1024K, 0% used [0x00000000d6980000,0x00000000d6980000,0x00000000d6a80000)
 ParOldGen       total 73728K, used 73389K [0x0000000080000000, 0x0000000084800000, 0x00000000d5580000)
  object space 73728K, 99% used [0x0000000080000000,0x00000000847ab460,0x0000000084800000)
 Metaspace       used 57029K, committed 58368K, reserved 1114112K
  class space    used 6155K, committed 6720K, reserved 1048576K
}
Event: 106.780 GC heap before
{Heap before GC invocations=59 (full 2):
 PSYoungGen      total 20992K, used 20992K [0x00000000d5580000, 0x00000000d6b80000, 0x0000000100000000)
  eden space 20480K, 100% used [0x00000000d5580000,0x00000000d6980000,0x00000000d6980000)
  from space 512K, 100% used [0x00000000d6b00000,0x00000000d6b80000,0x00000000d6b80000)
  to   space 1024K, 0% used [0x00000000d6980000,0x00000000d6980000,0x00000000d6a80000)
 ParOldGen       total 73728K, used 73389K [0x0000000080000000, 0x0000000084800000, 0x00000000d5580000)
  object space 73728K, 99% used [0x0000000080000000,0x00000000847ab460,0x0000000084800000)
 Metaspace       used 57038K, committed 58432K, reserved 1114112K
  class space    used 6155K, committed 6720K, reserved 1048576K
}
Event: 106.783 GC heap after
{Heap after GC invocations=59 (full 2):
 PSYoungGen      total 21504K, used 608K [0x00000000d5580000, 0x00000000d6b80000, 0x0000000100000000)
  eden space 20480K, 0% used [0x00000000d5580000,0x00000000d5580000,0x00000000d6980000)
  from space 1024K, 59% used [0x00000000d6980000,0x00000000d6a18000,0x00000000d6a80000)
  to   space 1024K, 0% used [0x00000000d6a80000,0x00000000d6a80000,0x00000000d6b80000)
 ParOldGen       total 74240K, used 73773K [0x0000000080000000, 0x0000000084880000, 0x00000000d5580000)
  object space 74240K, 99% used [0x0000000080000000,0x000000008480b460,0x0000000084880000)
 Metaspace       used 57038K, committed 58432K, reserved 1114112K
  class space    used 6155K, committed 6720K, reserved 1048576K
}
Event: 106.930 GC heap before
{Heap before GC invocations=60 (full 2):
 PSYoungGen      total 21504K, used 21088K [0x00000000d5580000, 0x00000000d6b80000, 0x0000000100000000)
  eden space 20480K, 100% used [0x00000000d5580000,0x00000000d6980000,0x00000000d6980000)
  from space 1024K, 59% used [0x00000000d6980000,0x00000000d6a18000,0x00000000d6a80000)
  to   space 1024K, 0% used [0x00000000d6a80000,0x00000000d6a80000,0x00000000d6b80000)
 ParOldGen       total 74240K, used 73773K [0x0000000080000000, 0x0000000084880000, 0x00000000d5580000)
  object space 74240K, 99% used [0x0000000080000000,0x000000008480b460,0x0000000084880000)
 Metaspace       used 57046K, committed 58432K, reserved 1114112K
  class space    used 6155K, committed 6720K, reserved 1048576K
}
Event: 106.935 GC heap after
{Heap after GC invocations=60 (full 2):
 PSYoungGen      total 21504K, used 640K [0x00000000d5580000, 0x00000000d6b80000, 0x0000000100000000)
  eden space 20480K, 0% used [0x00000000d5580000,0x00000000d5580000,0x00000000d6980000)
  from space 1024K, 62% used [0x00000000d6a80000,0x00000000d6b20000,0x00000000d6b80000)
  to   space 1024K, 0% used [0x00000000d6980000,0x00000000d6980000,0x00000000d6a80000)
 ParOldGen       total 75264K, used 75037K [0x0000000080000000, 0x0000000084980000, 0x00000000d5580000)
  object space 75264K, 99% used [0x0000000080000000,0x0000000084947460,0x0000000084980000)
 Metaspace       used 57046K, committed 58432K, reserved 1114112K
  class space    used 6155K, committed 6720K, reserved 1048576K
}
Event: 107.124 GC heap before
{Heap before GC invocations=61 (full 2):
 PSYoungGen      total 21504K, used 21120K [0x00000000d5580000, 0x00000000d6b80000, 0x0000000100000000)
  eden space 20480K, 100% used [0x00000000d5580000,0x00000000d6980000,0x00000000d6980000)
  from space 1024K, 62% used [0x00000000d6a80000,0x00000000d6b20000,0x00000000d6b80000)
  to   space 1024K, 0% used [0x00000000d6980000,0x00000000d6980000,0x00000000d6a80000)
 ParOldGen       total 75264K, used 75037K [0x0000000080000000, 0x0000000084980000, 0x00000000d5580000)
  object space 75264K, 99% used [0x0000000080000000,0x0000000084947460,0x0000000084980000)
 Metaspace       used 57174K, committed 58560K, reserved 1114112K
  class space    used 6166K, committed 6720K, reserved 1048576K
}
Event: 107.127 GC heap after
{Heap after GC invocations=61 (full 2):
 PSYoungGen      total 21504K, used 1024K [0x00000000d5580000, 0x00000000d6d80000, 0x0000000100000000)
  eden space 20480K, 0% used [0x00000000d5580000,0x00000000d5580000,0x00000000d6980000)
  from space 1024K, 100% used [0x00000000d6980000,0x00000000d6a80000,0x00000000d6a80000)
  to   space 2048K, 0% used [0x00000000d6b80000,0x00000000d6b80000,0x00000000d6d80000)
 ParOldGen       total 75776K, used 75509K [0x0000000080000000, 0x0000000084a00000, 0x00000000d5580000)
  object space 75776K, 99% used [0x0000000080000000,0x00000000849bd460,0x0000000084a00000)
 Metaspace       used 57174K, committed 58560K, reserved 1114112K
  class space    used 6166K, committed 6720K, reserved 1048576K
}
Event: 107.543 GC heap before
{Heap before GC invocations=62 (full 2):
 PSYoungGen      total 21504K, used 21504K [0x00000000d5580000, 0x00000000d6d80000, 0x0000000100000000)
  eden space 20480K, 100% used [0x00000000d5580000,0x00000000d6980000,0x00000000d6980000)
  from space 1024K, 100% used [0x00000000d6980000,0x00000000d6a80000,0x00000000d6a80000)
  to   space 2048K, 0% used [0x00000000d6b80000,0x00000000d6b80000,0x00000000d6d80000)
 ParOldGen       total 75776K, used 75509K [0x0000000080000000, 0x0000000084a00000, 0x00000000d5580000)
  object space 75776K, 99% used [0x0000000080000000,0x00000000849bd460,0x0000000084a00000)
 Metaspace       used 58055K, committed 59392K, reserved 1114112K
  class space    used 6285K, committed 6848K, reserved 1048576K
}
Event: 107.547 GC heap after
{Heap after GC invocations=62 (full 2):
 PSYoungGen      total 22528K, used 1712K [0x00000000d5580000, 0x00000000d6d80000, 0x0000000100000000)
  eden space 20480K, 0% used [0x00000000d5580000,0x00000000d5580000,0x00000000d6980000)
  from space 2048K, 83% used [0x00000000d6b80000,0x00000000d6d2c020,0x00000000d6d80000)
  to   space 2048K, 0% used [0x00000000d6980000,0x00000000d6980000,0x00000000d6b80000)
 ParOldGen       total 76800K, used 76421K [0x0000000080000000, 0x0000000084b00000, 0x00000000d5580000)
  object space 76800K, 99% used [0x0000000080000000,0x0000000084aa1460,0x0000000084b00000)
 Metaspace       used 58055K, committed 59392K, reserved 1114112K
  class space    used 6285K, committed 6848K, reserved 1048576K
}
Event: 107.718 GC heap before
{Heap before GC invocations=63 (full 2):
 PSYoungGen      total 22528K, used 5826K [0x00000000d5580000, 0x00000000d6d80000, 0x0000000100000000)
  eden space 20480K, 20% used [0x00000000d5580000,0x00000000d5984b28,0x00000000d6980000)
  from space 2048K, 83% used [0x00000000d6b80000,0x00000000d6d2c020,0x00000000d6d80000)
  to   space 2048K, 0% used [0x00000000d6980000,0x00000000d6980000,0x00000000d6b80000)
 ParOldGen       total 76800K, used 76421K [0x0000000080000000, 0x0000000084b00000, 0x00000000d5580000)
  object space 76800K, 99% used [0x0000000080000000,0x0000000084aa1460,0x0000000084b00000)
 Metaspace       used 58462K, committed 59776K, reserved 1114112K
  class space    used 6309K, committed 6848K, reserved 1048576K
}
Event: 107.722 GC heap after
{Heap after GC invocations=63 (full 2):
 PSYoungGen      total 21504K, used 865K [0x00000000d5580000, 0x00000000d6c80000, 0x0000000100000000)
  eden space 20480K, 0% used [0x00000000d5580000,0x00000000d5580000,0x00000000d6980000)
  from space 1024K, 84% used [0x00000000d6980000,0x00000000d6a585f0,0x00000000d6a80000)
  to   space 1536K, 0% used [0x00000000d6b00000,0x00000000d6b00000,0x00000000d6c80000)
 ParOldGen       total 78336K, used 77965K [0x0000000080000000, 0x0000000084c80000, 0x00000000d5580000)
  object space 78336K, 99% used [0x0000000080000000,0x0000000084c23470,0x0000000084c80000)
 Metaspace       used 58462K, committed 59776K, reserved 1114112K
  class space    used 6309K, committed 6848K, reserved 1048576K
}
Event: 107.722 GC heap before
{Heap before GC invocations=64 (full 3):
 PSYoungGen      total 21504K, used 865K [0x00000000d5580000, 0x00000000d6c80000, 0x0000000100000000)
  eden space 20480K, 0% used [0x00000000d5580000,0x00000000d5580000,0x00000000d6980000)
  from space 1024K, 84% used [0x00000000d6980000,0x00000000d6a585f0,0x00000000d6a80000)
  to   space 1536K, 0% used [0x00000000d6b00000,0x00000000d6b00000,0x00000000d6c80000)
 ParOldGen       total 78336K, used 77965K [0x0000000080000000, 0x0000000084c80000, 0x00000000d5580000)
  object space 78336K, 99% used [0x0000000080000000,0x0000000084c23470,0x0000000084c80000)
 Metaspace       used 58462K, committed 59776K, reserved 1114112K
  class space    used 6309K, committed 6848K, reserved 1048576K
}
Event: 107.991 GC heap after
{Heap after GC invocations=64 (full 3):
 PSYoungGen      total 21504K, used 0K [0x00000000d5580000, 0x00000000d6c80000, 0x0000000100000000)
  eden space 20480K, 0% used [0x00000000d5580000,0x00000000d5580000,0x00000000d6980000)
  from space 1024K, 0% used [0x00000000d6980000,0x00000000d6980000,0x00000000d6a80000)
  to   space 1536K, 0% used [0x00000000d6b00000,0x00000000d6b00000,0x00000000d6c80000)
 ParOldGen       total 78336K, used 62978K [0x0000000080000000, 0x0000000084c80000, 0x00000000d5580000)
  object space 78336K, 80% used [0x0000000080000000,0x0000000083d809e8,0x0000000084c80000)
 Metaspace       used 58456K, committed 59776K, reserved 1114112K
  class space    used 6307K, committed 6848K, reserved 1048576K
}

