# JRE version: OpenJDK Runtime Environment Temurin-21.0.8+9 (21.0.8+9) (build 21.0.8+9-LTS)
# Java VM: OpenJDK 64-Bit Server VM Temurin-21.0.8+9 (21.0.8+9-LTS, mixed mode, sharing, tiered, compressed oops, compressed class ptrs, parallel gc, windows-amd64)
GC Precious Log:
 CardTable entry size: 512
 CPUs: 12 total, 12 available
 Memory: 7896M
 Large Page Support: Disabled
 NUMA Support: Disabled
 Compressed Oops: Enabled (32-bit)
 Alignments: Space 512K, Generation 512K, Heap 2M
 Heap Min Capacity: 100M
 Heap Initial Capacity: 100M
 Heap Max Capacity: 2G
 Pre-touch: Disabled
 Parallel Workers: 10
Heap:
 PSYoungGen      total 17408K, used 8707K [0x00000000d5580000, 0x00000000d6900000, 0x0000000100000000)
  eden space 16896K, 49% used [0x00000000d5580000,0x00000000d5db2578,0x00000000d6600000)
  from space 512K, 61% used [0x00000000d6600000,0x00000000d664e900,0x00000000d6680000)
  to   space 1024K, 0% used [0x00000000d6800000,0x00000000d6800000,0x00000000d6900000)
 ParOldGen       total 68608K, used 65095K [0x0000000080000000, 0x0000000084300000, 0x00000000d5580000)
  object space 68608K, 94% used [0x0000000080000000,0x0000000083f91f88,0x0000000084300000)
 Metaspace       used 61326K, committed 62784K, reserved 1114112K
  class space    used 6511K, committed 7104K, reserved 1048576K
GC Heap History (20 events):
Event: 28.457 GC heap before
{Heap before GC invocations=53 (full 3):
 PSYoungGen      total 18432K, used 384K [0x00000000d5580000, 0x00000000d6980000, 0x0000000100000000)
  eden space 17920K, 0% used [0x00000000d5580000,0x00000000d5580000,0x00000000d6700000)
  from space 512K, 75% used [0x00000000d6900000,0x00000000d6960000,0x00000000d6980000)
  to   space 1024K, 0% used [0x00000000d6780000,0x00000000d6780000,0x00000000d6880000)
 ParOldGen       total 68608K, used 66300K [0x0000000080000000, 0x0000000084300000, 0x00000000d5580000)
  object space 68608K, 96% used [0x0000000080000000,0x00000000840bf388,0x0000000084300000)
 Metaspace       used 58380K, committed 59776K, reserved 1114112K
  class space    used 6241K, committed 6848K, reserved 1048576K
}
Event: 28.674 GC heap after
{Heap after GC invocations=53 (full 3):
 PSYoungGen      total 18432K, used 0K [0x00000000d5580000, 0x00000000d6980000, 0x0000000100000000)
  eden space 17920K, 0% used [0x00000000d5580000,0x00000000d5580000,0x00000000d6700000)
  from space 512K, 0% used [0x00000000d6900000,0x00000000d6900000,0x00000000d6980000)
  to   space 1024K, 0% used [0x00000000d6780000,0x00000000d6780000,0x00000000d6880000)
 ParOldGen       total 68608K, used 59194K [0x0000000080000000, 0x0000000084300000, 0x00000000d5580000)
  object space 68608K, 86% used [0x0000000080000000,0x00000000839ceb48,0x0000000084300000)
 Metaspace       used 58377K, committed 59776K, reserved 1114112K
  class space    used 6240K, committed 6848K, reserved 1048576K
}
Event: 28.776 GC heap before
{Heap before GC invocations=54 (full 3):
 PSYoungGen      total 18432K, used 17920K [0x00000000d5580000, 0x00000000d6980000, 0x0000000100000000)
  eden space 17920K, 100% used [0x00000000d5580000,0x00000000d6700000,0x00000000d6700000)
  from space 512K, 0% used [0x00000000d6900000,0x00000000d6900000,0x00000000d6980000)
  to   space 1024K, 0% used [0x00000000d6780000,0x00000000d6780000,0x00000000d6880000)
 ParOldGen       total 68608K, used 59194K [0x0000000080000000, 0x0000000084300000, 0x00000000d5580000)
  object space 68608K, 86% used [0x0000000080000000,0x00000000839ceb48,0x0000000084300000)
 Metaspace       used 58385K, committed 59776K, reserved 1114112K
  class space    used 6240K, committed 6848K, reserved 1048576K
}
Event: 28.779 GC heap after
{Heap after GC invocations=54 (full 3):
 PSYoungGen      total 18944K, used 512K [0x00000000d5580000, 0x00000000d6980000, 0x0000000100000000)
  eden space 17920K, 0% used [0x00000000d5580000,0x00000000d5580000,0x00000000d6700000)
  from space 1024K, 50% used [0x00000000d6780000,0x00000000d6800000,0x00000000d6880000)
  to   space 1024K, 0% used [0x00000000d6880000,0x00000000d6880000,0x00000000d6980000)
 ParOldGen       total 68608K, used 59202K [0x0000000080000000, 0x0000000084300000, 0x00000000d5580000)
  object space 68608K, 86% used [0x0000000080000000,0x00000000839d0b48,0x0000000084300000)
 Metaspace       used 58385K, committed 59776K, reserved 1114112K
  class space    used 6240K, committed 6848K, reserved 1048576K
}
Event: 28.863 GC heap before
{Heap before GC invocations=55 (full 3):
 PSYoungGen      total 18944K, used 18432K [0x00000000d5580000, 0x00000000d6980000, 0x0000000100000000)
  eden space 17920K, 100% used [0x00000000d5580000,0x00000000d6700000,0x00000000d6700000)
  from space 1024K, 50% used [0x00000000d6780000,0x00000000d6800000,0x00000000d6880000)
  to   space 1024K, 0% used [0x00000000d6880000,0x00000000d6880000,0x00000000d6980000)
 ParOldGen       total 68608K, used 59202K [0x0000000080000000, 0x0000000084300000, 0x00000000d5580000)
  object space 68608K, 86% used [0x0000000080000000,0x00000000839d0b48,0x0000000084300000)
 Metaspace       used 58416K, committed 59840K, reserved 1114112K
  class space    used 6240K, committed 6848K, reserved 1048576K
}
Event: 28.866 GC heap after
{Heap after GC invocations=55 (full 3):
 PSYoungGen      total 18944K, used 576K [0x00000000d5580000, 0x00000000d6980000, 0x0000000100000000)
  eden space 17920K, 0% used [0x00000000d5580000,0x00000000d5580000,0x00000000d6700000)
  from space 1024K, 56% used [0x00000000d6880000,0x00000000d6910000,0x00000000d6980000)
  to   space 1024K, 0% used [0x00000000d6780000,0x00000000d6780000,0x00000000d6880000)
 ParOldGen       total 68608K, used 59602K [0x0000000080000000, 0x0000000084300000, 0x00000000d5580000)
  object space 68608K, 86% used [0x0000000080000000,0x0000000083a34b48,0x0000000084300000)
 Metaspace       used 58416K, committed 59840K, reserved 1114112K
  class space    used 6240K, committed 6848K, reserved 1048576K
}
Event: 28.957 GC heap before
{Heap before GC invocations=56 (full 3):
 PSYoungGen      total 18944K, used 18496K [0x00000000d5580000, 0x00000000d6980000, 0x0000000100000000)
  eden space 17920K, 100% used [0x00000000d5580000,0x00000000d6700000,0x00000000d6700000)
  from space 1024K, 56% used [0x00000000d6880000,0x00000000d6910000,0x00000000d6980000)
  to   space 1024K, 0% used [0x00000000d6780000,0x00000000d6780000,0x00000000d6880000)
 ParOldGen       total 68608K, used 59602K [0x0000000080000000, 0x0000000084300000, 0x00000000d5580000)
  object space 68608K, 86% used [0x0000000080000000,0x0000000083a34b48,0x0000000084300000)
 Metaspace       used 58439K, committed 59840K, reserved 1114112K
  class space    used 6246K, committed 6848K, reserved 1048576K
}
Event: 28.961 GC heap after
{Heap after GC invocations=56 (full 3):
 PSYoungGen      total 18944K, used 745K [0x00000000d5580000, 0x00000000d6900000, 0x0000000100000000)
  eden space 17920K, 0% used [0x00000000d5580000,0x00000000d5580000,0x00000000d6700000)
  from space 1024K, 72% used [0x00000000d6780000,0x00000000d683a540,0x00000000d6880000)
  to   space 512K, 0% used [0x00000000d6880000,0x00000000d6880000,0x00000000d6900000)
 ParOldGen       total 68608K, used 60010K [0x0000000080000000, 0x0000000084300000, 0x00000000d5580000)
  object space 68608K, 87% used [0x0000000080000000,0x0000000083a9ab48,0x0000000084300000)
 Metaspace       used 58439K, committed 59840K, reserved 1114112K
  class space    used 6246K, committed 6848K, reserved 1048576K
}
Event: 29.085 GC heap before
{Heap before GC invocations=57 (full 3):
 PSYoungGen      total 18944K, used 18665K [0x00000000d5580000, 0x00000000d6900000, 0x0000000100000000)
  eden space 17920K, 100% used [0x00000000d5580000,0x00000000d6700000,0x00000000d6700000)
  from space 1024K, 72% used [0x00000000d6780000,0x00000000d683a540,0x00000000d6880000)
  to   space 512K, 0% used [0x00000000d6880000,0x00000000d6880000,0x00000000d6900000)
 ParOldGen       total 68608K, used 60010K [0x0000000080000000, 0x0000000084300000, 0x00000000d5580000)
  object space 68608K, 87% used [0x0000000080000000,0x0000000083a9ab48,0x0000000084300000)
 Metaspace       used 58740K, committed 60160K, reserved 1114112K
  class space    used 6272K, committed 6912K, reserved 1048576K
}
Event: 29.089 GC heap after
{Heap after GC invocations=57 (full 3):
 PSYoungGen      total 18432K, used 510K [0x00000000d5580000, 0x00000000d6a00000, 0x0000000100000000)
  eden space 17920K, 0% used [0x00000000d5580000,0x00000000d5580000,0x00000000d6700000)
  from space 512K, 99% used [0x00000000d6880000,0x00000000d68ffbf0,0x00000000d6900000)
  to   space 1536K, 0% used [0x00000000d6700000,0x00000000d6700000,0x00000000d6880000)
 ParOldGen       total 68608K, used 60889K [0x0000000080000000, 0x0000000084300000, 0x00000000d5580000)
  object space 68608K, 88% used [0x0000000080000000,0x0000000083b76558,0x0000000084300000)
 Metaspace       used 58740K, committed 60160K, reserved 1114112K
  class space    used 6272K, committed 6912K, reserved 1048576K
}
Event: 29.313 GC heap before
{Heap before GC invocations=58 (full 3):
 PSYoungGen      total 18432K, used 18430K [0x00000000d5580000, 0x00000000d6a00000, 0x0000000100000000)
  eden space 17920K, 100% used [0x00000000d5580000,0x00000000d6700000,0x00000000d6700000)
  from space 512K, 99% used [0x00000000d6880000,0x00000000d68ffbf0,0x00000000d6900000)
  to   space 1536K, 0% used [0x00000000d6700000,0x00000000d6700000,0x00000000d6880000)
 ParOldGen       total 68608K, used 60889K [0x0000000080000000, 0x0000000084300000, 0x00000000d5580000)
  object space 68608K, 88% used [0x0000000080000000,0x0000000083b76558,0x0000000084300000)
 Metaspace       used 58793K, committed 60288K, reserved 1114112K
  class space    used 6279K, committed 6912K, reserved 1048576K
}
Event: 29.322 GC heap after
{Heap after GC invocations=58 (full 3):
 PSYoungGen      total 19456K, used 933K [0x00000000d5580000, 0x00000000d6a00000, 0x0000000100000000)
  eden space 17920K, 0% used [0x00000000d5580000,0x00000000d5580000,0x00000000d6700000)
  from space 1536K, 60% used [0x00000000d6700000,0x00000000d67e9618,0x00000000d6880000)
  to   space 1536K, 0% used [0x00000000d6880000,0x00000000d6880000,0x00000000d6a00000)
 ParOldGen       total 68608K, used 62188K [0x0000000080000000, 0x0000000084300000, 0x00000000d5580000)
  object space 68608K, 90% used [0x0000000080000000,0x0000000083cbb338,0x0000000084300000)
 Metaspace       used 58793K, committed 60288K, reserved 1114112K
  class space    used 6279K, committed 6912K, reserved 1048576K
}
Event: 29.480 GC heap before
{Heap before GC invocations=59 (full 3):
 PSYoungGen      total 19456K, used 18853K [0x00000000d5580000, 0x00000000d6a00000, 0x0000000100000000)
  eden space 17920K, 100% used [0x00000000d5580000,0x00000000d6700000,0x00000000d6700000)
  from space 1536K, 60% used [0x00000000d6700000,0x00000000d67e9618,0x00000000d6880000)
  to   space 1536K, 0% used [0x00000000d6880000,0x00000000d6880000,0x00000000d6a00000)
 ParOldGen       total 68608K, used 62188K [0x0000000080000000, 0x0000000084300000, 0x00000000d5580000)
  object space 68608K, 90% used [0x0000000080000000,0x0000000083cbb338,0x0000000084300000)
 Metaspace       used 59058K, committed 60544K, reserved 1114112K
  class space    used 6297K, committed 6912K, reserved 1048576K
}
Event: 29.484 GC heap after
{Heap after GC invocations=59 (full 3):
 PSYoungGen      total 18944K, used 668K [0x00000000d5580000, 0x00000000d6980000, 0x0000000100000000)
  eden space 17920K, 0% used [0x00000000d5580000,0x00000000d5580000,0x00000000d6700000)
  from space 1024K, 65% used [0x00000000d6880000,0x00000000d6927000,0x00000000d6980000)
  to   space 1024K, 0% used [0x00000000d6780000,0x00000000d6780000,0x00000000d6880000)
 ParOldGen       total 68608K, used 62929K [0x0000000080000000, 0x0000000084300000, 0x00000000d5580000)
  object space 68608K, 91% used [0x0000000080000000,0x0000000083d74700,0x0000000084300000)
 Metaspace       used 59058K, committed 60544K, reserved 1114112K
  class space    used 6297K, committed 6912K, reserved 1048576K
}
Event: 30.147 GC heap before
{Heap before GC invocations=60 (full 3):
 PSYoungGen      total 18944K, used 18588K [0x00000000d5580000, 0x00000000d6980000, 0x0000000100000000)
  eden space 17920K, 100% used [0x00000000d5580000,0x00000000d6700000,0x00000000d6700000)
  from space 1024K, 65% used [0x00000000d6880000,0x00000000d6927000,0x00000000d6980000)
  to   space 1024K, 0% used [0x00000000d6780000,0x00000000d6780000,0x00000000d6880000)
 ParOldGen       total 68608K, used 62929K [0x0000000080000000, 0x0000000084300000, 0x00000000d5580000)
  object space 68608K, 91% used [0x0000000080000000,0x0000000083d74700,0x0000000084300000)
 Metaspace       used 60222K, committed 61696K, reserved 1114112K
  class space    used 6422K, committed 7040K, reserved 1048576K
}
Event: 30.152 GC heap after
{Heap after GC invocations=60 (full 3):
 PSYoungGen      total 18944K, used 944K [0x00000000d5580000, 0x00000000d6900000, 0x0000000100000000)
  eden space 17920K, 0% used [0x00000000d5580000,0x00000000d5580000,0x00000000d6700000)
  from space 1024K, 92% used [0x00000000d6780000,0x00000000d686c200,0x00000000d6880000)
  to   space 512K, 0% used [0x00000000d6880000,0x00000000d6880000,0x00000000d6900000)
 ParOldGen       total 68608K, used 63456K [0x0000000080000000, 0x0000000084300000, 0x00000000d5580000)
  object space 68608K, 92% used [0x0000000080000000,0x0000000083df8180,0x0000000084300000)
 Metaspace       used 60222K, committed 61696K, reserved 1114112K
  class space    used 6422K, committed 7040K, reserved 1048576K
}
Event: 31.006 GC heap before
{Heap before GC invocations=61 (full 3):
 PSYoungGen      total 18944K, used 18864K [0x00000000d5580000, 0x00000000d6900000, 0x0000000100000000)
  eden space 17920K, 100% used [0x00000000d5580000,0x00000000d6700000,0x00000000d6700000)
  from space 1024K, 92% used [0x00000000d6780000,0x00000000d686c200,0x00000000d6880000)
  to   space 512K, 0% used [0x00000000d6880000,0x00000000d6880000,0x00000000d6900000)
 ParOldGen       total 68608K, used 63456K [0x0000000080000000, 0x0000000084300000, 0x00000000d5580000)
  object space 68608K, 92% used [0x0000000080000000,0x0000000083df8180,0x0000000084300000)
 Metaspace       used 61161K, committed 62592K, reserved 1114112K
  class space    used 6508K, committed 7104K, reserved 1048576K
}
Event: 31.011 GC heap after
{Heap after GC invocations=61 (full 3):
 PSYoungGen      total 17408K, used 491K [0x00000000d5580000, 0x00000000d6c00000, 0x0000000100000000)
  eden space 16896K, 0% used [0x00000000d5580000,0x00000000d5580000,0x00000000d6600000)
  from space 512K, 95% used [0x00000000d6880000,0x00000000d68fac48,0x00000000d6900000)
  to   space 2560K, 0% used [0x00000000d6600000,0x00000000d6600000,0x00000000d6880000)
 ParOldGen       total 68608K, used 64870K [0x0000000080000000, 0x0000000084300000, 0x00000000d5580000)
  object space 68608K, 94% used [0x0000000080000000,0x0000000083f59aa8,0x0000000084300000)
 Metaspace       used 61161K, committed 62592K, reserved 1114112K
  class space    used 6508K, committed 7104K, reserved 1048576K
}
Event: 32.011 GC heap before
{Heap before GC invocations=62 (full 3):
 PSYoungGen      total 17408K, used 17372K [0x00000000d5580000, 0x00000000d6c00000, 0x0000000100000000)
  eden space 16896K, 99% used [0x00000000d5580000,0x00000000d65fc6c0,0x00000000d6600000)
  from space 512K, 95% used [0x00000000d6880000,0x00000000d68fac48,0x00000000d6900000)
  to   space 2560K, 0% used [0x00000000d6600000,0x00000000d6600000,0x00000000d6880000)
 ParOldGen       total 68608K, used 64870K [0x0000000080000000, 0x0000000084300000, 0x00000000d5580000)
  object space 68608K, 94% used [0x0000000080000000,0x0000000083f59aa8,0x0000000084300000)
 Metaspace       used 61310K, committed 62784K, reserved 1114112K
  class space    used 6511K, committed 7104K, reserved 1048576K
}
Event: 32.014 GC heap after
{Heap after GC invocations=62 (full 3):
 PSYoungGen      total 17408K, used 314K [0x00000000d5580000, 0x00000000d6900000, 0x0000000100000000)
  eden space 16896K, 0% used [0x00000000d5580000,0x00000000d5580000,0x00000000d6600000)
  from space 512K, 61% used [0x00000000d6600000,0x00000000d664e900,0x00000000d6680000)
  to   space 1024K, 0% used [0x00000000d6800000,0x00000000d6800000,0x00000000d6900000)
 ParOldGen       total 68608K, used 65095K [0x0000000080000000, 0x0000000084300000, 0x00000000d5580000)
  object space 68608K, 94% used [0x0000000080000000,0x0000000083f91f88,0x0000000084300000)
 Metaspace       used 61310K, committed 62784K, reserved 1114112K
  class space    used 6511K, committed 7104K, reserved 1048576K
}

