# JRE version: OpenJDK Runtime Environment Temurin-21.0.8+9 (21.0.8+9) (build 21.0.8+9-LTS)
# Java VM: OpenJDK 64-Bit Server VM Temurin-21.0.8+9 (21.0.8+9-LTS, mixed mode, sharing, tiered, compressed oops, compressed class ptrs, parallel gc, windows-amd64)
GC Precious Log:
 CardTable entry size: 512
 CPUs: 12 total, 12 available
 Memory: 7896M
 Large Page Support: Disabled
 NUMA Support: Disabled
 Compressed Oops: Enabled (32-bit)
 Alignments: Space 512K, Generation 512K, Heap 2M
 Heap Min Capacity: 100M
 Heap Initial Capacity: 100M
 Heap Max Capacity: 2G
 Pre-touch: Disabled
 Parallel Workers: 10
Heap:
 PSYoungGen      total 17408K, used 7112K [0x00000000d5580000, 0x00000000d7300000, 0x0000000100000000)
  eden space 15872K, 35% used [0x00000000d5580000,0x00000000d5af2f40,0x00000000d6500000)
  from space 1536K, 99% used [0x00000000d6d00000,0x00000000d6e7f468,0x00000000d6e80000)
  to   space 4608K, 0% used [0x00000000d6e80000,0x00000000d6e80000,0x00000000d7300000)
 ParOldGen       total 217088K, used 216991K [0x0000000080000000, 0x000000008d400000, 0x00000000d5580000)
  object space 217088K, 99% used [0x0000000080000000,0x000000008d3e7f48,0x000000008d400000)
 Metaspace       used 77937K, committed 79616K, reserved 1179648K
  class space    used 8305K, committed 9088K, reserved 1048576K
GC Heap History (20 events):
Event: 48.444 GC heap before
{Heap before GC invocations=101 (full 3):
 PSYoungGen      total 29184K, used 28820K [0x00000000d5580000, 0x00000000d7d00000, 0x0000000100000000)
  eden space 27648K, 100% used [0x00000000d5580000,0x00000000d7080000,0x00000000d7080000)
  from space 1536K, 76% used [0x00000000d7b00000,0x00000000d7c25200,0x00000000d7c80000)
  to   space 512K, 0% used [0x00000000d7c80000,0x00000000d7c80000,0x00000000d7d00000)
 ParOldGen       total 184832K, used 184777K [0x0000000080000000, 0x000000008b480000, 0x00000000d5580000)
  object space 184832K, 99% used [0x0000000080000000,0x000000008b472520,0x000000008b480000)
 Metaspace       used 75167K, committed 76800K, reserved 1179648K
  class space    used 8021K, committed 8768K, reserved 1048576K
}
Event: 48.446 GC heap after
{Heap after GC invocations=101 (full 3):
 PSYoungGen      total 27648K, used 496K [0x00000000d5580000, 0x00000000d7d00000, 0x0000000100000000)
  eden space 27136K, 0% used [0x00000000d5580000,0x00000000d5580000,0x00000000d7000000)
  from space 512K, 96% used [0x00000000d7c80000,0x00000000d7cfc158,0x00000000d7d00000)
  to   space 2048K, 0% used [0x00000000d7900000,0x00000000d7900000,0x00000000d7b00000)
 ParOldGen       total 186368K, used 186063K [0x0000000080000000, 0x000000008b600000, 0x00000000d5580000)
  object space 186368K, 99% used [0x0000000080000000,0x000000008b5b3d78,0x000000008b600000)
 Metaspace       used 75167K, committed 76800K, reserved 1179648K
  class space    used 8021K, committed 8768K, reserved 1048576K
}
Event: 61.395 GC heap before
{Heap before GC invocations=102 (full 3):
 PSYoungGen      total 27648K, used 27632K [0x00000000d5580000, 0x00000000d7d00000, 0x0000000100000000)
  eden space 27136K, 100% used [0x00000000d5580000,0x00000000d7000000,0x00000000d7000000)
  from space 512K, 96% used [0x00000000d7c80000,0x00000000d7cfc158,0x00000000d7d00000)
  to   space 2048K, 0% used [0x00000000d7900000,0x00000000d7900000,0x00000000d7b00000)
 ParOldGen       total 186368K, used 186063K [0x0000000080000000, 0x000000008b600000, 0x00000000d5580000)
  object space 186368K, 99% used [0x0000000080000000,0x000000008b5b3d78,0x000000008b600000)
 Metaspace       used 75601K, committed 77312K, reserved 1179648K
  class space    used 8061K, committed 8832K, reserved 1048576K
}
Event: 61.397 GC heap after
{Heap after GC invocations=102 (full 3):
 PSYoungGen      total 28672K, used 352K [0x00000000d5580000, 0x00000000d7d00000, 0x0000000100000000)
  eden space 26624K, 0% used [0x00000000d5580000,0x00000000d5580000,0x00000000d6f80000)
  from space 2048K, 17% used [0x00000000d7900000,0x00000000d7958000,0x00000000d7b00000)
  to   space 1024K, 0% used [0x00000000d7c00000,0x00000000d7c00000,0x00000000d7d00000)
 ParOldGen       total 186880K, used 186543K [0x0000000080000000, 0x000000008b680000, 0x00000000d5580000)
  object space 186880K, 99% used [0x0000000080000000,0x000000008b62bd68,0x000000008b680000)
 Metaspace       used 75601K, committed 77312K, reserved 1179648K
  class space    used 8061K, committed 8832K, reserved 1048576K
}
Event: 62.079 GC heap before
{Heap before GC invocations=103 (full 3):
 PSYoungGen      total 28672K, used 26976K [0x00000000d5580000, 0x00000000d7d00000, 0x0000000100000000)
  eden space 26624K, 100% used [0x00000000d5580000,0x00000000d6f80000,0x00000000d6f80000)
  from space 2048K, 17% used [0x00000000d7900000,0x00000000d7958000,0x00000000d7b00000)
  to   space 1024K, 0% used [0x00000000d7c00000,0x00000000d7c00000,0x00000000d7d00000)
 ParOldGen       total 186880K, used 186543K [0x0000000080000000, 0x000000008b680000, 0x00000000d5580000)
  object space 186880K, 99% used [0x0000000080000000,0x000000008b62bd68,0x000000008b680000)
 Metaspace       used 75980K, committed 77632K, reserved 1179648K
  class space    used 8090K, committed 8832K, reserved 1048576K
}
Event: 62.087 GC heap after
{Heap after GC invocations=103 (full 3):
 PSYoungGen      total 26624K, used 1023K [0x00000000d5580000, 0x00000000d8a00000, 0x0000000100000000)
  eden space 25600K, 0% used [0x00000000d5580000,0x00000000d5580000,0x00000000d6e80000)
  from space 1024K, 99% used [0x00000000d7c00000,0x00000000d7cfffb0,0x00000000d7d00000)
  to   space 13824K, 0% used [0x00000000d6e80000,0x00000000d6e80000,0x00000000d7c00000)
 ParOldGen       total 197632K, used 197283K [0x0000000080000000, 0x000000008c100000, 0x00000000d5580000)
  object space 197632K, 99% used [0x0000000080000000,0x000000008c0a8e40,0x000000008c100000)
 Metaspace       used 75980K, committed 77632K, reserved 1179648K
  class space    used 8090K, committed 8832K, reserved 1048576K
}
Event: 63.256 GC heap before
{Heap before GC invocations=104 (full 3):
 PSYoungGen      total 26624K, used 26623K [0x00000000d5580000, 0x00000000d8a00000, 0x0000000100000000)
  eden space 25600K, 100% used [0x00000000d5580000,0x00000000d6e80000,0x00000000d6e80000)
  from space 1024K, 99% used [0x00000000d7c00000,0x00000000d7cfffb0,0x00000000d7d00000)
  to   space 13824K, 0% used [0x00000000d6e80000,0x00000000d6e80000,0x00000000d7c00000)
 ParOldGen       total 197632K, used 197283K [0x0000000080000000, 0x000000008c100000, 0x00000000d5580000)
  object space 197632K, 99% used [0x0000000080000000,0x000000008c0a8e40,0x000000008c100000)
 Metaspace       used 76849K, committed 78528K, reserved 1179648K
  class space    used 8195K, committed 8960K, reserved 1048576K
}
Event: 63.261 GC heap after
{Heap after GC invocations=104 (full 3):
 PSYoungGen      total 33280K, used 7758K [0x00000000d5580000, 0x00000000d8000000, 0x0000000100000000)
  eden space 25088K, 0% used [0x00000000d5580000,0x00000000d5580000,0x00000000d6e00000)
  from space 8192K, 94% used [0x00000000d6e80000,0x00000000d7613b00,0x00000000d7680000)
  to   space 9216K, 0% used [0x00000000d7700000,0x00000000d7700000,0x00000000d8000000)
 ParOldGen       total 198656K, used 198306K [0x0000000080000000, 0x000000008c200000, 0x00000000d5580000)
  object space 198656K, 99% used [0x0000000080000000,0x000000008c1a8928,0x000000008c200000)
 Metaspace       used 76849K, committed 78528K, reserved 1179648K
  class space    used 8195K, committed 8960K, reserved 1048576K
}
Event: 69.706 GC heap before
{Heap before GC invocations=105 (full 3):
 PSYoungGen      total 33280K, used 32846K [0x00000000d5580000, 0x00000000d8000000, 0x0000000100000000)
  eden space 25088K, 100% used [0x00000000d5580000,0x00000000d6e00000,0x00000000d6e00000)
  from space 8192K, 94% used [0x00000000d6e80000,0x00000000d7613b00,0x00000000d7680000)
  to   space 9216K, 0% used [0x00000000d7700000,0x00000000d7700000,0x00000000d8000000)
 ParOldGen       total 198656K, used 198306K [0x0000000080000000, 0x000000008c200000, 0x00000000d5580000)
  object space 198656K, 99% used [0x0000000080000000,0x000000008c1a8928,0x000000008c200000)
 Metaspace       used 76908K, committed 78592K, reserved 1179648K
  class space    used 8196K, committed 8960K, reserved 1048576K
}
Event: 69.712 GC heap after
{Heap after GC invocations=105 (full 3):
 PSYoungGen      total 25088K, used 9214K [0x00000000d5580000, 0x00000000d9180000, 0x0000000100000000)
  eden space 15872K, 0% used [0x00000000d5580000,0x00000000d5580000,0x00000000d6500000)
  from space 9216K, 99% used [0x00000000d7700000,0x00000000d7fff978,0x00000000d8000000)
  to   space 18432K, 0% used [0x00000000d6500000,0x00000000d6500000,0x00000000d7700000)
 ParOldGen       total 206336K, used 205881K [0x0000000080000000, 0x000000008c980000, 0x00000000d5580000)
  object space 206336K, 99% used [0x0000000080000000,0x000000008c90e728,0x000000008c980000)
 Metaspace       used 76908K, committed 78592K, reserved 1179648K
  class space    used 8196K, committed 8960K, reserved 1048576K
}
Event: 82.578 GC heap before
{Heap before GC invocations=106 (full 3):
 PSYoungGen      total 25088K, used 25086K [0x00000000d5580000, 0x00000000d9180000, 0x0000000100000000)
  eden space 15872K, 100% used [0x00000000d5580000,0x00000000d6500000,0x00000000d6500000)
  from space 9216K, 99% used [0x00000000d7700000,0x00000000d7fff978,0x00000000d8000000)
  to   space 18432K, 0% used [0x00000000d6500000,0x00000000d6500000,0x00000000d7700000)
 ParOldGen       total 206336K, used 205881K [0x0000000080000000, 0x000000008c980000, 0x00000000d5580000)
  object space 206336K, 99% used [0x0000000080000000,0x000000008c90e728,0x000000008c980000)
 Metaspace       used 77013K, committed 78720K, reserved 1179648K
  class space    used 8200K, committed 8960K, reserved 1048576K
}
Event: 82.584 GC heap after
{Heap after GC invocations=106 (full 3):
 PSYoungGen      total 17408K, used 1076K [0x00000000d5580000, 0x00000000d7780000, 0x0000000100000000)
  eden space 15872K, 0% used [0x00000000d5580000,0x00000000d5580000,0x00000000d6500000)
  from space 1536K, 70% used [0x00000000d6500000,0x00000000d660d220,0x00000000d6680000)
  to   space 7168K, 0% used [0x00000000d7080000,0x00000000d7080000,0x00000000d7780000)
 ParOldGen       total 211968K, used 211768K [0x0000000080000000, 0x000000008cf00000, 0x00000000d5580000)
  object space 211968K, 99% used [0x0000000080000000,0x000000008cece0c0,0x000000008cf00000)
 Metaspace       used 77013K, committed 78720K, reserved 1179648K
  class space    used 8200K, committed 8960K, reserved 1048576K
}
Event: 87.095 GC heap before
{Heap before GC invocations=107 (full 3):
 PSYoungGen      total 17408K, used 16948K [0x00000000d5580000, 0x00000000d7780000, 0x0000000100000000)
  eden space 15872K, 100% used [0x00000000d5580000,0x00000000d6500000,0x00000000d6500000)
  from space 1536K, 70% used [0x00000000d6500000,0x00000000d660d220,0x00000000d6680000)
  to   space 7168K, 0% used [0x00000000d7080000,0x00000000d7080000,0x00000000d7780000)
 ParOldGen       total 211968K, used 211768K [0x0000000080000000, 0x000000008cf00000, 0x00000000d5580000)
  object space 211968K, 99% used [0x0000000080000000,0x000000008cece0c0,0x000000008cf00000)
 Metaspace       used 77443K, committed 79104K, reserved 1179648K
  class space    used 8246K, committed 9024K, reserved 1048576K
}
Event: 87.097 GC heap after
{Heap after GC invocations=107 (full 3):
 PSYoungGen      total 17408K, used 1435K [0x00000000d5580000, 0x00000000d7200000, 0x0000000100000000)
  eden space 15872K, 0% used [0x00000000d5580000,0x00000000d5580000,0x00000000d6500000)
  from space 1536K, 93% used [0x00000000d7080000,0x00000000d71e6fe0,0x00000000d7200000)
  to   space 2560K, 0% used [0x00000000d6d00000,0x00000000d6d00000,0x00000000d6f80000)
 ParOldGen       total 212480K, used 212292K [0x0000000080000000, 0x000000008cf80000, 0x00000000d5580000)
  object space 212480K, 99% used [0x0000000080000000,0x000000008cf512d0,0x000000008cf80000)
 Metaspace       used 77443K, committed 79104K, reserved 1179648K
  class space    used 8246K, committed 9024K, reserved 1048576K
}
Event: 87.140 GC heap before
{Heap before GC invocations=108 (full 3):
 PSYoungGen      total 17408K, used 17307K [0x00000000d5580000, 0x00000000d7200000, 0x0000000100000000)
  eden space 15872K, 100% used [0x00000000d5580000,0x00000000d6500000,0x00000000d6500000)
  from space 1536K, 93% used [0x00000000d7080000,0x00000000d71e6fe0,0x00000000d7200000)
  to   space 2560K, 0% used [0x00000000d6d00000,0x00000000d6d00000,0x00000000d6f80000)
 ParOldGen       total 212480K, used 212292K [0x0000000080000000, 0x000000008cf80000, 0x00000000d5580000)
  object space 212480K, 99% used [0x0000000080000000,0x000000008cf512d0,0x000000008cf80000)
 Metaspace       used 77463K, committed 79168K, reserved 1179648K
  class space    used 8246K, committed 9024K, reserved 1048576K
}
Event: 87.142 GC heap after
{Heap after GC invocations=108 (full 3):
 PSYoungGen      total 18432K, used 2555K [0x00000000d5580000, 0x00000000d7100000, 0x0000000100000000)
  eden space 15872K, 0% used [0x00000000d5580000,0x00000000d5580000,0x00000000d6500000)
  from space 2560K, 99% used [0x00000000d6d00000,0x00000000d6f7efe0,0x00000000d6f80000)
  to   space 1536K, 0% used [0x00000000d6f80000,0x00000000d6f80000,0x00000000d7100000)
 ParOldGen       total 212992K, used 212732K [0x0000000080000000, 0x000000008d000000, 0x00000000d5580000)
  object space 212992K, 99% used [0x0000000080000000,0x000000008cfbf2d0,0x000000008d000000)
 Metaspace       used 77463K, committed 79168K, reserved 1179648K
  class space    used 8246K, committed 9024K, reserved 1048576K
}
Event: 89.795 GC heap before
{Heap before GC invocations=109 (full 3):
 PSYoungGen      total 18432K, used 18427K [0x00000000d5580000, 0x00000000d7100000, 0x0000000100000000)
  eden space 15872K, 100% used [0x00000000d5580000,0x00000000d6500000,0x00000000d6500000)
  from space 2560K, 99% used [0x00000000d6d00000,0x00000000d6f7efe0,0x00000000d6f80000)
  to   space 1536K, 0% used [0x00000000d6f80000,0x00000000d6f80000,0x00000000d7100000)
 ParOldGen       total 212992K, used 212732K [0x0000000080000000, 0x000000008d000000, 0x00000000d5580000)
  object space 212992K, 99% used [0x0000000080000000,0x000000008cfbf2d0,0x000000008d000000)
 Metaspace       used 77635K, committed 79296K, reserved 1179648K
  class space    used 8279K, committed 9024K, reserved 1048576K
}
Event: 89.796 GC heap after
{Heap after GC invocations=109 (full 3):
 PSYoungGen      total 16384K, used 288K [0x00000000d5580000, 0x00000000d7000000, 0x0000000100000000)
  eden space 15872K, 0% used [0x00000000d5580000,0x00000000d5580000,0x00000000d6500000)
  from space 512K, 56% used [0x00000000d6f80000,0x00000000d6fc8000,0x00000000d7000000)
  to   space 1536K, 0% used [0x00000000d6d00000,0x00000000d6d00000,0x00000000d6e80000)
 ParOldGen       total 212992K, used 212788K [0x0000000080000000, 0x000000008d000000, 0x00000000d5580000)
  object space 212992K, 99% used [0x0000000080000000,0x000000008cfcd2d0,0x000000008d000000)
 Metaspace       used 77635K, committed 79296K, reserved 1179648K
  class space    used 8279K, committed 9024K, reserved 1048576K
}
Event: 120.877 GC heap before
{Heap before GC invocations=110 (full 3):
 PSYoungGen      total 16384K, used 16160K [0x00000000d5580000, 0x00000000d7000000, 0x0000000100000000)
  eden space 15872K, 100% used [0x00000000d5580000,0x00000000d6500000,0x00000000d6500000)
  from space 512K, 56% used [0x00000000d6f80000,0x00000000d6fc8000,0x00000000d7000000)
  to   space 1536K, 0% used [0x00000000d6d00000,0x00000000d6d00000,0x00000000d6e80000)
 ParOldGen       total 212992K, used 212788K [0x0000000080000000, 0x000000008d000000, 0x00000000d5580000)
  object space 212992K, 99% used [0x0000000080000000,0x000000008cfcd2d0,0x000000008d000000)
 Metaspace       used 77796K, committed 79488K, reserved 1179648K
  class space    used 8300K, committed 9088K, reserved 1048576K
}
Event: 120.880 GC heap after
{Heap after GC invocations=110 (full 3):
 PSYoungGen      total 17408K, used 1533K [0x00000000d5580000, 0x00000000d7300000, 0x0000000100000000)
  eden space 15872K, 0% used [0x00000000d5580000,0x00000000d5580000,0x00000000d6500000)
  from space 1536K, 99% used [0x00000000d6d00000,0x00000000d6e7f468,0x00000000d6e80000)
  to   space 4608K, 0% used [0x00000000d6e80000,0x00000000d6e80000,0x00000000d7300000)
 ParOldGen       total 217088K, used 216991K [0x0000000080000000, 0x000000008d400000, 0x00000000d5580000)
  object space 217088K, 99% used [0x0000000080000000,0x000000008d3e7f48,0x000000008d400000)
 Metaspace       used 77796K, committed 79488K, reserved 1179648K
  class space    used 8300K, committed 9088K, reserved 1048576K
}

