# JRE version: OpenJDK Runtime Environment Temurin-21.0.8+9 (21.0.8+9) (build 21.0.8+9-LTS)
# Java VM: OpenJDK 64-Bit Server VM Temurin-21.0.8+9 (21.0.8+9-LTS, mixed mode, sharing, tiered, compressed oops, compressed class ptrs, parallel gc, windows-amd64)
GC Precious Log:
 CardTable entry size: 512
 CPUs: 12 total, 12 available
 Memory: 7896M
 Large Page Support: Disabled
 NUMA Support: Disabled
 Compressed Oops: Enabled (32-bit)
 Alignments: Space 512K, Generation 512K, Heap 2M
 Heap Min Capacity: 100M
 Heap Initial Capacity: 100M
 Heap Max Capacity: 2G
 Pre-touch: Disabled
 Parallel Workers: 10
Heap:
 PSYoungGen      total 8704K, used 5387K [0x00000000d5580000, 0x00000000d6b80000, 0x0000000100000000)
  eden space 8192K, 59% used [0x00000000d5580000,0x00000000d5a436f0,0x00000000d5d80000)
  from space 512K, 99% used [0x00000000d5e00000,0x00000000d5e7f568,0x00000000d5e80000)
  to   space 7168K, 0% used [0x00000000d6480000,0x00000000d6480000,0x00000000d6b80000)
 ParOldGen       total 173056K, used 172874K [0x0000000080000000, 0x000000008a900000, 0x00000000d5580000)
  object space 173056K, 99% used [0x0000000080000000,0x000000008a8d2808,0x000000008a900000)
 Metaspace       used 75558K, committed 77376K, reserved 1179648K
  class space    used 8076K, committed 8832K, reserved 1048576K
GC Heap History (20 events):
Event: 2304.230 GC heap before
{Heap before GC invocations=133 (full 3):
 PSYoungGen      total 8704K, used 8480K [0x00000000d5580000, 0x00000000d5f80000, 0x0000000100000000)
  eden space 8192K, 100% used [0x00000000d5580000,0x00000000d5d80000,0x00000000d5d80000)
  from space 512K, 56% used [0x00000000d5e80000,0x00000000d5ec8000,0x00000000d5f00000)
  to   space 512K, 0% used [0x00000000d5f00000,0x00000000d5f00000,0x00000000d5f80000)
 ParOldGen       total 163840K, used 163832K [0x0000000080000000, 0x000000008a000000, 0x00000000d5580000)
  object space 163840K, 99% used [0x0000000080000000,0x0000000089ffe398,0x000000008a000000)
 Metaspace       used 74700K, committed 76352K, reserved 1179648K
  class space    used 7996K, committed 8704K, reserved 1048576K
}
Event: 2304.232 GC heap after
{Heap after GC invocations=133 (full 3):
 PSYoungGen      total 8704K, used 320K [0x00000000d5580000, 0x00000000d5f80000, 0x0000000100000000)
  eden space 8192K, 0% used [0x00000000d5580000,0x00000000d5580000,0x00000000d5d80000)
  from space 512K, 62% used [0x00000000d5f00000,0x00000000d5f50000,0x00000000d5f80000)
  to   space 512K, 0% used [0x00000000d5e80000,0x00000000d5e80000,0x00000000d5f00000)
 ParOldGen       total 164352K, used 163936K [0x0000000080000000, 0x000000008a080000, 0x00000000d5580000)
  object space 164352K, 99% used [0x0000000080000000,0x000000008a018398,0x000000008a080000)
 Metaspace       used 74700K, committed 76352K, reserved 1179648K
  class space    used 7996K, committed 8704K, reserved 1048576K
}
Event: 2304.392 GC heap before
{Heap before GC invocations=134 (full 3):
 PSYoungGen      total 8704K, used 7863K [0x00000000d5580000, 0x00000000d5f80000, 0x0000000100000000)
  eden space 8192K, 92% used [0x00000000d5580000,0x00000000d5cddef0,0x00000000d5d80000)
  from space 512K, 62% used [0x00000000d5f00000,0x00000000d5f50000,0x00000000d5f80000)
  to   space 512K, 0% used [0x00000000d5e80000,0x00000000d5e80000,0x00000000d5f00000)
 ParOldGen       total 164352K, used 163936K [0x0000000080000000, 0x000000008a080000, 0x00000000d5580000)
  object space 164352K, 99% used [0x0000000080000000,0x000000008a018398,0x000000008a080000)
 Metaspace       used 74713K, committed 76416K, reserved 1179648K
  class space    used 7996K, committed 8704K, reserved 1048576K
}
Event: 2304.394 GC heap after
{Heap after GC invocations=134 (full 3):
 PSYoungGen      total 8704K, used 378K [0x00000000d5580000, 0x00000000d5f80000, 0x0000000100000000)
  eden space 8192K, 0% used [0x00000000d5580000,0x00000000d5580000,0x00000000d5d80000)
  from space 512K, 73% used [0x00000000d5e80000,0x00000000d5ede900,0x00000000d5f00000)
  to   space 512K, 0% used [0x00000000d5f00000,0x00000000d5f00000,0x00000000d5f80000)
 ParOldGen       total 164352K, used 163992K [0x0000000080000000, 0x000000008a080000, 0x00000000d5580000)
  object space 164352K, 99% used [0x0000000080000000,0x000000008a026398,0x000000008a080000)
 Metaspace       used 74713K, committed 76416K, reserved 1179648K
  class space    used 7996K, committed 8704K, reserved 1048576K
}
Event: 2304.429 GC heap before
{Heap before GC invocations=135 (full 3):
 PSYoungGen      total 8704K, used 8454K [0x00000000d5580000, 0x00000000d5f80000, 0x0000000100000000)
  eden space 8192K, 98% used [0x00000000d5580000,0x00000000d5d63020,0x00000000d5d80000)
  from space 512K, 73% used [0x00000000d5e80000,0x00000000d5ede900,0x00000000d5f00000)
  to   space 512K, 0% used [0x00000000d5f00000,0x00000000d5f00000,0x00000000d5f80000)
 ParOldGen       total 164352K, used 163992K [0x0000000080000000, 0x000000008a080000, 0x00000000d5580000)
  object space 164352K, 99% used [0x0000000080000000,0x000000008a026398,0x000000008a080000)
 Metaspace       used 74714K, committed 76416K, reserved 1179648K
  class space    used 7996K, committed 8704K, reserved 1048576K
}
Event: 2304.433 GC heap after
{Heap after GC invocations=135 (full 3):
 PSYoungGen      total 8704K, used 445K [0x00000000d5580000, 0x00000000d5f80000, 0x0000000100000000)
  eden space 8192K, 0% used [0x00000000d5580000,0x00000000d5580000,0x00000000d5d80000)
  from space 512K, 87% used [0x00000000d5f00000,0x00000000d5f6f6c8,0x00000000d5f80000)
  to   space 512K, 0% used [0x00000000d5e80000,0x00000000d5e80000,0x00000000d5f00000)
 ParOldGen       total 165888K, used 165791K [0x0000000080000000, 0x000000008a200000, 0x00000000d5580000)
  object space 165888K, 99% used [0x0000000080000000,0x000000008a1e7d60,0x000000008a200000)
 Metaspace       used 74714K, committed 76416K, reserved 1179648K
  class space    used 7996K, committed 8704K, reserved 1048576K
}
Event: 2328.794 GC heap before
{Heap before GC invocations=136 (full 3):
 PSYoungGen      total 8704K, used 8637K [0x00000000d5580000, 0x00000000d5f80000, 0x0000000100000000)
  eden space 8192K, 100% used [0x00000000d5580000,0x00000000d5d80000,0x00000000d5d80000)
  from space 512K, 87% used [0x00000000d5f00000,0x00000000d5f6f6c8,0x00000000d5f80000)
  to   space 512K, 0% used [0x00000000d5e80000,0x00000000d5e80000,0x00000000d5f00000)
 ParOldGen       total 165888K, used 165791K [0x0000000080000000, 0x000000008a200000, 0x00000000d5580000)
  object space 165888K, 99% used [0x0000000080000000,0x000000008a1e7d60,0x000000008a200000)
 Metaspace       used 74727K, committed 76416K, reserved 1179648K
  class space    used 7996K, committed 8704K, reserved 1048576K
}
Event: 2328.796 GC heap after
{Heap after GC invocations=136 (full 3):
 PSYoungGen      total 8704K, used 512K [0x00000000d5580000, 0x00000000d5f80000, 0x0000000100000000)
  eden space 8192K, 0% used [0x00000000d5580000,0x00000000d5580000,0x00000000d5d80000)
  from space 512K, 100% used [0x00000000d5e80000,0x00000000d5f00000,0x00000000d5f00000)
  to   space 512K, 0% used [0x00000000d5f00000,0x00000000d5f00000,0x00000000d5f80000)
 ParOldGen       total 165888K, used 165887K [0x0000000080000000, 0x000000008a200000, 0x00000000d5580000)
  object space 165888K, 99% used [0x0000000080000000,0x000000008a1ffd60,0x000000008a200000)
 Metaspace       used 74727K, committed 76416K, reserved 1179648K
  class space    used 7996K, committed 8704K, reserved 1048576K
}
Event: 2329.201 GC heap before
{Heap before GC invocations=137 (full 3):
 PSYoungGen      total 8704K, used 8704K [0x00000000d5580000, 0x00000000d5f80000, 0x0000000100000000)
  eden space 8192K, 100% used [0x00000000d5580000,0x00000000d5d80000,0x00000000d5d80000)
  from space 512K, 100% used [0x00000000d5e80000,0x00000000d5f00000,0x00000000d5f00000)
  to   space 512K, 0% used [0x00000000d5f00000,0x00000000d5f00000,0x00000000d5f80000)
 ParOldGen       total 165888K, used 165887K [0x0000000080000000, 0x000000008a200000, 0x00000000d5580000)
  object space 165888K, 99% used [0x0000000080000000,0x000000008a1ffd60,0x000000008a200000)
 Metaspace       used 74795K, committed 76608K, reserved 1179648K
  class space    used 7999K, committed 8768K, reserved 1048576K
}
Event: 2329.204 GC heap after
{Heap after GC invocations=137 (full 3):
 PSYoungGen      total 8704K, used 484K [0x00000000d5580000, 0x00000000d6080000, 0x0000000100000000)
  eden space 8192K, 0% used [0x00000000d5580000,0x00000000d5580000,0x00000000d5d80000)
  from space 512K, 94% used [0x00000000d5f00000,0x00000000d5f79210,0x00000000d5f80000)
  to   space 1536K, 0% used [0x00000000d5d80000,0x00000000d5d80000,0x00000000d5f00000)
 ParOldGen       total 166400K, used 166378K [0x0000000080000000, 0x000000008a280000, 0x00000000d5580000)
  object space 166400K, 99% used [0x0000000080000000,0x000000008a27aa38,0x000000008a280000)
 Metaspace       used 74795K, committed 76608K, reserved 1179648K
  class space    used 7999K, committed 8768K, reserved 1048576K
}
Event: 2329.285 GC heap before
{Heap before GC invocations=138 (full 3):
 PSYoungGen      total 8704K, used 8616K [0x00000000d5580000, 0x00000000d6080000, 0x0000000100000000)
  eden space 8192K, 99% used [0x00000000d5580000,0x00000000d5d710f0,0x00000000d5d80000)
  from space 512K, 94% used [0x00000000d5f00000,0x00000000d5f79210,0x00000000d5f80000)
  to   space 1536K, 0% used [0x00000000d5d80000,0x00000000d5d80000,0x00000000d5f00000)
 ParOldGen       total 166400K, used 166378K [0x0000000080000000, 0x000000008a280000, 0x00000000d5580000)
  object space 166400K, 99% used [0x0000000080000000,0x000000008a27aa38,0x000000008a280000)
 Metaspace       used 74814K, committed 76608K, reserved 1179648K
  class space    used 8002K, committed 8768K, reserved 1048576K
}
Event: 2329.287 GC heap after
{Heap after GC invocations=138 (full 3):
 PSYoungGen      total 8704K, used 282K [0x00000000d5580000, 0x00000000d5f80000, 0x0000000100000000)
  eden space 8192K, 0% used [0x00000000d5580000,0x00000000d5580000,0x00000000d5d80000)
  from space 512K, 55% used [0x00000000d5d80000,0x00000000d5dc6900,0x00000000d5e00000)
  to   space 1024K, 0% used [0x00000000d5e80000,0x00000000d5e80000,0x00000000d5f80000)
 ParOldGen       total 166912K, used 166903K [0x0000000080000000, 0x000000008a300000, 0x00000000d5580000)
  object space 166912K, 99% used [0x0000000080000000,0x000000008a2fdc48,0x000000008a300000)
 Metaspace       used 74814K, committed 76608K, reserved 1179648K
  class space    used 8002K, committed 8768K, reserved 1048576K
}
Event: 2332.292 GC heap before
{Heap before GC invocations=139 (full 3):
 PSYoungGen      total 8704K, used 8474K [0x00000000d5580000, 0x00000000d5f80000, 0x0000000100000000)
  eden space 8192K, 100% used [0x00000000d5580000,0x00000000d5d80000,0x00000000d5d80000)
  from space 512K, 55% used [0x00000000d5d80000,0x00000000d5dc6900,0x00000000d5e00000)
  to   space 1024K, 0% used [0x00000000d5e80000,0x00000000d5e80000,0x00000000d5f80000)
 ParOldGen       total 166912K, used 166903K [0x0000000080000000, 0x000000008a300000, 0x00000000d5580000)
  object space 166912K, 99% used [0x0000000080000000,0x000000008a2fdc48,0x000000008a300000)
 Metaspace       used 75046K, committed 76864K, reserved 1179648K
  class space    used 8026K, committed 8768K, reserved 1048576K
}
Event: 2332.295 GC heap after
{Heap after GC invocations=139 (full 3):
 PSYoungGen      total 9216K, used 480K [0x00000000d5580000, 0x00000000d5f80000, 0x0000000100000000)
  eden space 8192K, 0% used [0x00000000d5580000,0x00000000d5580000,0x00000000d5d80000)
  from space 1024K, 46% used [0x00000000d5e80000,0x00000000d5ef8020,0x00000000d5f80000)
  to   space 1024K, 0% used [0x00000000d5d80000,0x00000000d5d80000,0x00000000d5e80000)
 ParOldGen       total 167424K, used 166975K [0x0000000080000000, 0x000000008a380000, 0x00000000d5580000)
  object space 167424K, 99% used [0x0000000080000000,0x000000008a30fc48,0x000000008a380000)
 Metaspace       used 75046K, committed 76864K, reserved 1179648K
  class space    used 8026K, committed 8768K, reserved 1048576K
}
Event: 2332.391 GC heap before
{Heap before GC invocations=140 (full 3):
 PSYoungGen      total 9216K, used 8672K [0x00000000d5580000, 0x00000000d5f80000, 0x0000000100000000)
  eden space 8192K, 100% used [0x00000000d5580000,0x00000000d5d80000,0x00000000d5d80000)
  from space 1024K, 46% used [0x00000000d5e80000,0x00000000d5ef8020,0x00000000d5f80000)
  to   space 1024K, 0% used [0x00000000d5d80000,0x00000000d5d80000,0x00000000d5e80000)
 ParOldGen       total 167424K, used 166975K [0x0000000080000000, 0x000000008a380000, 0x00000000d5580000)
  object space 167424K, 99% used [0x0000000080000000,0x000000008a30fc48,0x000000008a380000)
 Metaspace       used 75123K, committed 76928K, reserved 1179648K
  class space    used 8033K, committed 8768K, reserved 1048576K
}
Event: 2332.394 GC heap after
{Heap after GC invocations=140 (full 3):
 PSYoungGen      total 9216K, used 372K [0x00000000d5580000, 0x00000000d5f00000, 0x0000000100000000)
  eden space 8192K, 0% used [0x00000000d5580000,0x00000000d5580000,0x00000000d5d80000)
  from space 1024K, 36% used [0x00000000d5d80000,0x00000000d5ddd200,0x00000000d5e80000)
  to   space 512K, 0% used [0x00000000d5e80000,0x00000000d5e80000,0x00000000d5f00000)
 ParOldGen       total 167424K, used 167210K [0x0000000080000000, 0x000000008a380000, 0x00000000d5580000)
  object space 167424K, 99% used [0x0000000080000000,0x000000008a34a870,0x000000008a380000)
 Metaspace       used 75123K, committed 76928K, reserved 1179648K
  class space    used 8033K, committed 8768K, reserved 1048576K
}
Event: 2718.748 GC heap before
{Heap before GC invocations=141 (full 3):
 PSYoungGen      total 9216K, used 8564K [0x00000000d5580000, 0x00000000d5f00000, 0x0000000100000000)
  eden space 8192K, 100% used [0x00000000d5580000,0x00000000d5d80000,0x00000000d5d80000)
  from space 1024K, 36% used [0x00000000d5d80000,0x00000000d5ddd200,0x00000000d5e80000)
  to   space 512K, 0% used [0x00000000d5e80000,0x00000000d5e80000,0x00000000d5f00000)
 ParOldGen       total 167424K, used 167210K [0x0000000080000000, 0x000000008a380000, 0x00000000d5580000)
  object space 167424K, 99% used [0x0000000080000000,0x000000008a34a870,0x000000008a380000)
 Metaspace       used 75532K, committed 77248K, reserved 1179648K
  class space    used 8075K, committed 8832K, reserved 1048576K
}
Event: 2718.755 GC heap after
{Heap after GC invocations=141 (full 3):
 PSYoungGen      total 8704K, used 484K [0x00000000d5580000, 0x00000000d5f00000, 0x0000000100000000)
  eden space 8192K, 0% used [0x00000000d5580000,0x00000000d5580000,0x00000000d5d80000)
  from space 512K, 94% used [0x00000000d5e80000,0x00000000d5ef9210,0x00000000d5f00000)
  to   space 512K, 0% used [0x00000000d5e00000,0x00000000d5e00000,0x00000000d5e80000)
 ParOldGen       total 167424K, used 167314K [0x0000000080000000, 0x000000008a380000, 0x00000000d5580000)
  object space 167424K, 99% used [0x0000000080000000,0x000000008a364870,0x000000008a380000)
 Metaspace       used 75532K, committed 77248K, reserved 1179648K
  class space    used 8075K, committed 8832K, reserved 1048576K
}
Event: 2718.918 GC heap before
{Heap before GC invocations=142 (full 3):
 PSYoungGen      total 8704K, used 8653K [0x00000000d5580000, 0x00000000d5f00000, 0x0000000100000000)
  eden space 8192K, 99% used [0x00000000d5580000,0x00000000d5d7a2e0,0x00000000d5d80000)
  from space 512K, 94% used [0x00000000d5e80000,0x00000000d5ef9210,0x00000000d5f00000)
  to   space 512K, 0% used [0x00000000d5e00000,0x00000000d5e00000,0x00000000d5e80000)
 ParOldGen       total 167424K, used 167314K [0x0000000080000000, 0x000000008a380000, 0x00000000d5580000)
  object space 167424K, 99% used [0x0000000080000000,0x000000008a364870,0x000000008a380000)
 Metaspace       used 75542K, committed 77248K, reserved 1179648K
  class space    used 8075K, committed 8832K, reserved 1048576K
}
Event: 2718.928 GC heap after
{Heap after GC invocations=142 (full 3):
 PSYoungGen      total 8704K, used 509K [0x00000000d5580000, 0x00000000d6b80000, 0x0000000100000000)
  eden space 8192K, 0% used [0x00000000d5580000,0x00000000d5580000,0x00000000d5d80000)
  from space 512K, 99% used [0x00000000d5e00000,0x00000000d5e7f568,0x00000000d5e80000)
  to   space 7168K, 0% used [0x00000000d6480000,0x00000000d6480000,0x00000000d6b80000)
 ParOldGen       total 173056K, used 172874K [0x0000000080000000, 0x000000008a900000, 0x00000000d5580000)
  object space 173056K, 99% used [0x0000000080000000,0x000000008a8d2808,0x000000008a900000)
 Metaspace       used 75542K, committed 77248K, reserved 1179648K
  class space    used 8075K, committed 8832K, reserved 1048576K
}

