# JRE version: OpenJDK Runtime Environment Temurin-21.0.9+10 (21.0.9+10) (build 21.0.9+10-LTS)
# Java VM: OpenJDK 64-Bit Server VM Temurin-21.0.9+10 (21.0.9+10-LTS, mixed mode, sharing, tiered, compressed oops, compressed class ptrs, parallel gc, windows-amd64)
GC Precious Log:
 CardTable entry size: 512
 CPUs: 12 total, 12 available
 Memory: 7896M
 Large Page Support: Disabled
 NUMA Support: Disabled
 Compressed Oops: Enabled (32-bit)
 Alignments: Space 512K, Generation 512K, Heap 2M
 Heap Min Capacity: 100M
 Heap Initial Capacity: 100M
 Heap Max Capacity: 2G
 Pre-touch: Disabled
 Parallel Workers: 10
Heap:
 PSYoungGen      total 9216K, used 5883K [0x00000000d5580000, 0x00000000d6100000, 0x0000000100000000)
  eden space 8704K, 61% used [0x00000000d5580000,0x00000000d5abecc0,0x00000000d5e00000)
  from space 512K, 100% used [0x00000000d6080000,0x00000000d6100000,0x00000000d6100000)
  to   space 512K, 0% used [0x00000000d6000000,0x00000000d6000000,0x00000000d6080000)
 ParOldGen       total 83968K, used 83716K [0x0000000080000000, 0x0000000085200000, 0x00000000d5580000)
  object space 83968K, 99% used [0x0000000080000000,0x00000000851c1288,0x0000000085200000)
 Metaspace       used 69553K, committed 71040K, reserved 1114112K
  class space    used 7465K, committed 8128K, reserved 1048576K
GC Heap History (20 events):
Event: 2903.779 GC heap before
{Heap before GC invocations=114 (full 3):
 PSYoungGen      total 9728K, used 9454K [0x00000000d5580000, 0x00000000d6080000, 0x0000000100000000)
  eden space 8704K, 100% used [0x00000000d5580000,0x00000000d5e00000,0x00000000d5e00000)
  from space 1024K, 73% used [0x00000000d5f80000,0x00000000d603baa0,0x00000000d6080000)
  to   space 1024K, 0% used [0x00000000d5e80000,0x00000000d5e80000,0x00000000d5f80000)
 ParOldGen       total 77312K, used 77128K [0x0000000080000000, 0x0000000084b80000, 0x00000000d5580000)
  object space 77312K, 99% used [0x0000000080000000,0x0000000084b52210,0x0000000084b80000)
 Metaspace       used 66660K, committed 68224K, reserved 1114112K
  class space    used 7209K, committed 7872K, reserved 1048576K
}
Event: 2903.783 GC heap after
{Heap after GC invocations=114 (full 3):
 PSYoungGen      total 9728K, used 1021K [0x00000000d5580000, 0x00000000d6300000, 0x0000000100000000)
  eden space 8704K, 0% used [0x00000000d5580000,0x00000000d5580000,0x00000000d5e00000)
  from space 1024K, 99% used [0x00000000d5e80000,0x00000000d5f7f4e0,0x00000000d5f80000)
  to   space 2560K, 0% used [0x00000000d6080000,0x00000000d6080000,0x00000000d6300000)
 ParOldGen       total 78336K, used 78129K [0x0000000080000000, 0x0000000084c80000, 0x00000000d5580000)
  object space 78336K, 99% used [0x0000000080000000,0x0000000084c4c540,0x0000000084c80000)
 Metaspace       used 66660K, committed 68224K, reserved 1114112K
  class space    used 7209K, committed 7872K, reserved 1048576K
}
Event: 2903.890 GC heap before
{Heap before GC invocations=115 (full 3):
 PSYoungGen      total 9728K, used 9725K [0x00000000d5580000, 0x00000000d6300000, 0x0000000100000000)
  eden space 8704K, 99% used [0x00000000d5580000,0x00000000d5dfffe0,0x00000000d5e00000)
  from space 1024K, 99% used [0x00000000d5e80000,0x00000000d5f7f4e0,0x00000000d5f80000)
  to   space 2560K, 0% used [0x00000000d6080000,0x00000000d6080000,0x00000000d6300000)
 ParOldGen       total 78336K, used 78129K [0x0000000080000000, 0x0000000084c80000, 0x00000000d5580000)
  object space 78336K, 99% used [0x0000000080000000,0x0000000084c4c540,0x0000000084c80000)
 Metaspace       used 66763K, committed 68288K, reserved 1114112K
  class space    used 7212K, committed 7872K, reserved 1048576K
}
Event: 2903.893 GC heap after
{Heap after GC invocations=115 (full 3):
 PSYoungGen      total 10240K, used 1323K [0x00000000d5580000, 0x00000000d6200000, 0x0000000100000000)
  eden space 8704K, 0% used [0x00000000d5580000,0x00000000d5580000,0x00000000d5e00000)
  from space 1536K, 86% used [0x00000000d6080000,0x00000000d61caed0,0x00000000d6200000)
  to   space 2048K, 0% used [0x00000000d5e00000,0x00000000d5e00000,0x00000000d6000000)
 ParOldGen       total 79360K, used 79040K [0x0000000080000000, 0x0000000084d80000, 0x00000000d5580000)
  object space 79360K, 99% used [0x0000000080000000,0x0000000084d30090,0x0000000084d80000)
 Metaspace       used 66763K, committed 68288K, reserved 1114112K
  class space    used 7212K, committed 7872K, reserved 1048576K
}
Event: 2904.086 GC heap before
{Heap before GC invocations=116 (full 3):
 PSYoungGen      total 10240K, used 10027K [0x00000000d5580000, 0x00000000d6200000, 0x0000000100000000)
  eden space 8704K, 100% used [0x00000000d5580000,0x00000000d5e00000,0x00000000d5e00000)
  from space 1536K, 86% used [0x00000000d6080000,0x00000000d61caed0,0x00000000d6200000)
  to   space 2048K, 0% used [0x00000000d5e00000,0x00000000d5e00000,0x00000000d6000000)
 ParOldGen       total 79360K, used 79040K [0x0000000080000000, 0x0000000084d80000, 0x00000000d5580000)
  object space 79360K, 99% used [0x0000000080000000,0x0000000084d30090,0x0000000084d80000)
 Metaspace       used 67143K, committed 68672K, reserved 1114112K
  class space    used 7258K, committed 7872K, reserved 1048576K
}
Event: 2904.092 GC heap after
{Heap after GC invocations=116 (full 3):
 PSYoungGen      total 10752K, used 2019K [0x00000000d5580000, 0x00000000d6500000, 0x0000000100000000)
  eden space 8704K, 0% used [0x00000000d5580000,0x00000000d5580000,0x00000000d5e00000)
  from space 2048K, 98% used [0x00000000d5e00000,0x00000000d5ff8fb8,0x00000000d6000000)
  to   space 3584K, 0% used [0x00000000d6180000,0x00000000d6180000,0x00000000d6500000)
 ParOldGen       total 80384K, used 80234K [0x0000000080000000, 0x0000000084e80000, 0x00000000d5580000)
  object space 80384K, 99% used [0x0000000080000000,0x0000000084e5ab60,0x0000000084e80000)
 Metaspace       used 67143K, committed 68672K, reserved 1114112K
  class space    used 7258K, committed 7872K, reserved 1048576K
}
Event: 2904.132 GC heap before
{Heap before GC invocations=117 (full 3):
 PSYoungGen      total 10752K, used 10639K [0x00000000d5580000, 0x00000000d6500000, 0x0000000100000000)
  eden space 8704K, 99% used [0x00000000d5580000,0x00000000d5deadd0,0x00000000d5e00000)
  from space 2048K, 98% used [0x00000000d5e00000,0x00000000d5ff8fb8,0x00000000d6000000)
  to   space 3584K, 0% used [0x00000000d6180000,0x00000000d6180000,0x00000000d6500000)
 ParOldGen       total 80384K, used 80234K [0x0000000080000000, 0x0000000084e80000, 0x00000000d5580000)
  object space 80384K, 99% used [0x0000000080000000,0x0000000084e5ab60,0x0000000084e80000)
 Metaspace       used 67156K, committed 68672K, reserved 1114112K
  class space    used 7258K, committed 7872K, reserved 1048576K
}
Event: 2904.135 GC heap after
{Heap after GC invocations=117 (full 3):
 PSYoungGen      total 9216K, used 301K [0x00000000d5580000, 0x00000000d6200000, 0x0000000100000000)
  eden space 8704K, 0% used [0x00000000d5580000,0x00000000d5580000,0x00000000d5e00000)
  from space 512K, 58% used [0x00000000d6180000,0x00000000d61cb458,0x00000000d6200000)
  to   space 1536K, 0% used [0x00000000d5f00000,0x00000000d5f00000,0x00000000d6080000)
 ParOldGen       total 81920K, used 81663K [0x0000000080000000, 0x0000000085000000, 0x00000000d5580000)
  object space 81920K, 99% used [0x0000000080000000,0x0000000084fbff60,0x0000000085000000)
 Metaspace       used 67156K, committed 68672K, reserved 1114112K
  class space    used 7258K, committed 7872K, reserved 1048576K
}
Event: 2904.183 GC heap before
{Heap before GC invocations=118 (full 3):
 PSYoungGen      total 9216K, used 8872K [0x00000000d5580000, 0x00000000d6200000, 0x0000000100000000)
  eden space 8704K, 98% used [0x00000000d5580000,0x00000000d5ddeef0,0x00000000d5e00000)
  from space 512K, 58% used [0x00000000d6180000,0x00000000d61cb458,0x00000000d6200000)
  to   space 1536K, 0% used [0x00000000d5f00000,0x00000000d5f00000,0x00000000d6080000)
 ParOldGen       total 81920K, used 81663K [0x0000000080000000, 0x0000000085000000, 0x00000000d5580000)
  object space 81920K, 99% used [0x0000000080000000,0x0000000084fbff60,0x0000000085000000)
 Metaspace       used 67161K, committed 68672K, reserved 1114112K
  class space    used 7258K, committed 7872K, reserved 1048576K
}
Event: 2904.185 GC heap after
{Heap after GC invocations=118 (full 3):
 PSYoungGen      total 10240K, used 1033K [0x00000000d5580000, 0x00000000d6200000, 0x0000000100000000)
  eden space 8704K, 0% used [0x00000000d5580000,0x00000000d5580000,0x00000000d5e00000)
  from space 1536K, 67% used [0x00000000d5f00000,0x00000000d6002780,0x00000000d6080000)
  to   space 1536K, 0% used [0x00000000d6080000,0x00000000d6080000,0x00000000d6200000)
 ParOldGen       total 81920K, used 81679K [0x0000000080000000, 0x0000000085000000, 0x00000000d5580000)
  object space 81920K, 99% used [0x0000000080000000,0x0000000084fc3f60,0x0000000085000000)
 Metaspace       used 67161K, committed 68672K, reserved 1114112K
  class space    used 7258K, committed 7872K, reserved 1048576K
}
Event: 2904.213 GC heap before
{Heap before GC invocations=119 (full 3):
 PSYoungGen      total 10240K, used 9737K [0x00000000d5580000, 0x00000000d6200000, 0x0000000100000000)
  eden space 8704K, 100% used [0x00000000d5580000,0x00000000d5e00000,0x00000000d5e00000)
  from space 1536K, 67% used [0x00000000d5f00000,0x00000000d6002780,0x00000000d6080000)
  to   space 1536K, 0% used [0x00000000d6080000,0x00000000d6080000,0x00000000d6200000)
 ParOldGen       total 81920K, used 81679K [0x0000000080000000, 0x0000000085000000, 0x00000000d5580000)
  object space 81920K, 99% used [0x0000000080000000,0x0000000084fc3f60,0x0000000085000000)
 Metaspace       used 67163K, committed 68672K, reserved 1114112K
  class space    used 7258K, committed 7872K, reserved 1048576K
}
Event: 2904.215 GC heap after
{Heap after GC invocations=119 (full 3):
 PSYoungGen      total 9728K, used 969K [0x00000000d5580000, 0x00000000d6180000, 0x0000000100000000)
  eden space 8704K, 0% used [0x00000000d5580000,0x00000000d5580000,0x00000000d5e00000)
  from space 1024K, 94% used [0x00000000d6080000,0x00000000d61727e8,0x00000000d6180000)
  to   space 1024K, 0% used [0x00000000d5f80000,0x00000000d5f80000,0x00000000d6080000)
 ParOldGen       total 81920K, used 81695K [0x0000000080000000, 0x0000000085000000, 0x00000000d5580000)
  object space 81920K, 99% used [0x0000000080000000,0x0000000084fc7f60,0x0000000085000000)
 Metaspace       used 67163K, committed 68672K, reserved 1114112K
  class space    used 7258K, committed 7872K, reserved 1048576K
}
Event: 2904.299 GC heap before
{Heap before GC invocations=120 (full 3):
 PSYoungGen      total 9728K, used 9673K [0x00000000d5580000, 0x00000000d6180000, 0x0000000100000000)
  eden space 8704K, 100% used [0x00000000d5580000,0x00000000d5e00000,0x00000000d5e00000)
  from space 1024K, 94% used [0x00000000d6080000,0x00000000d61727e8,0x00000000d6180000)
  to   space 1024K, 0% used [0x00000000d5f80000,0x00000000d5f80000,0x00000000d6080000)
 ParOldGen       total 81920K, used 81695K [0x0000000080000000, 0x0000000085000000, 0x00000000d5580000)
  object space 81920K, 99% used [0x0000000080000000,0x0000000084fc7f60,0x0000000085000000)
 Metaspace       used 67521K, committed 69120K, reserved 1114112K
  class space    used 7282K, committed 7936K, reserved 1048576K
}
Event: 2904.302 GC heap after
{Heap after GC invocations=120 (full 3):
 PSYoungGen      total 9728K, used 601K [0x00000000d5580000, 0x00000000d6100000, 0x0000000100000000)
  eden space 8704K, 0% used [0x00000000d5580000,0x00000000d5580000,0x00000000d5e00000)
  from space 1024K, 58% used [0x00000000d5f80000,0x00000000d6016410,0x00000000d6080000)
  to   space 512K, 0% used [0x00000000d6080000,0x00000000d6080000,0x00000000d6100000)
 ParOldGen       total 81920K, used 81727K [0x0000000080000000, 0x0000000085000000, 0x00000000d5580000)
  object space 81920K, 99% used [0x0000000080000000,0x0000000084fcff60,0x0000000085000000)
 Metaspace       used 67521K, committed 69120K, reserved 1114112K
  class space    used 7282K, committed 7936K, reserved 1048576K
}
Event: 2904.535 GC heap before
{Heap before GC invocations=121 (full 3):
 PSYoungGen      total 9728K, used 9305K [0x00000000d5580000, 0x00000000d6100000, 0x0000000100000000)
  eden space 8704K, 100% used [0x00000000d5580000,0x00000000d5e00000,0x00000000d5e00000)
  from space 1024K, 58% used [0x00000000d5f80000,0x00000000d6016410,0x00000000d6080000)
  to   space 512K, 0% used [0x00000000d6080000,0x00000000d6080000,0x00000000d6100000)
 ParOldGen       total 81920K, used 81727K [0x0000000080000000, 0x0000000085000000, 0x00000000d5580000)
  object space 81920K, 99% used [0x0000000080000000,0x0000000084fcff60,0x0000000085000000)
 Metaspace       used 68417K, committed 70016K, reserved 1114112K
  class space    used 7363K, committed 8000K, reserved 1048576K
}
Event: 2904.538 GC heap after
{Heap after GC invocations=121 (full 3):
 PSYoungGen      total 9216K, used 352K [0x00000000d5580000, 0x00000000d6100000, 0x0000000100000000)
  eden space 8704K, 0% used [0x00000000d5580000,0x00000000d5580000,0x00000000d5e00000)
  from space 512K, 68% used [0x00000000d6080000,0x00000000d60d8000,0x00000000d6100000)
  to   space 512K, 0% used [0x00000000d6000000,0x00000000d6000000,0x00000000d6080000)
 ParOldGen       total 81920K, used 81908K [0x0000000080000000, 0x0000000085000000, 0x00000000d5580000)
  object space 81920K, 99% used [0x0000000080000000,0x0000000084ffd160,0x0000000085000000)
 Metaspace       used 68417K, committed 70016K, reserved 1114112K
  class space    used 7363K, committed 8000K, reserved 1048576K
}
Event: 2904.826 GC heap before
{Heap before GC invocations=122 (full 3):
 PSYoungGen      total 9216K, used 9056K [0x00000000d5580000, 0x00000000d6100000, 0x0000000100000000)
  eden space 8704K, 100% used [0x00000000d5580000,0x00000000d5e00000,0x00000000d5e00000)
  from space 512K, 68% used [0x00000000d6080000,0x00000000d60d8000,0x00000000d6100000)
  to   space 512K, 0% used [0x00000000d6000000,0x00000000d6000000,0x00000000d6080000)
 ParOldGen       total 81920K, used 81908K [0x0000000080000000, 0x0000000085000000, 0x00000000d5580000)
  object space 81920K, 99% used [0x0000000080000000,0x0000000084ffd160,0x0000000085000000)
 Metaspace       used 69259K, committed 70784K, reserved 1114112K
  class space    used 7443K, committed 8064K, reserved 1048576K
}
Event: 2904.830 GC heap after
{Heap after GC invocations=122 (full 3):
 PSYoungGen      total 9216K, used 506K [0x00000000d5580000, 0x00000000d6100000, 0x0000000100000000)
  eden space 8704K, 0% used [0x00000000d5580000,0x00000000d5580000,0x00000000d5e00000)
  from space 512K, 98% used [0x00000000d6000000,0x00000000d607e900,0x00000000d6080000)
  to   space 512K, 0% used [0x00000000d6080000,0x00000000d6080000,0x00000000d6100000)
 ParOldGen       total 82944K, used 82434K [0x0000000080000000, 0x0000000085100000, 0x00000000d5580000)
  object space 82944K, 99% used [0x0000000080000000,0x0000000085080890,0x0000000085100000)
 Metaspace       used 69259K, committed 70784K, reserved 1114112K
  class space    used 7443K, committed 8064K, reserved 1048576K
}
Event: 4163.508 GC heap before
{Heap before GC invocations=123 (full 3):
 PSYoungGen      total 9216K, used 9210K [0x00000000d5580000, 0x00000000d6100000, 0x0000000100000000)
  eden space 8704K, 99% used [0x00000000d5580000,0x00000000d5dffff0,0x00000000d5e00000)
  from space 512K, 98% used [0x00000000d6000000,0x00000000d607e900,0x00000000d6080000)
  to   space 512K, 0% used [0x00000000d6080000,0x00000000d6080000,0x00000000d6100000)
 ParOldGen       total 82944K, used 82434K [0x0000000080000000, 0x0000000085100000, 0x00000000d5580000)
  object space 82944K, 99% used [0x0000000080000000,0x0000000085080890,0x0000000085100000)
 Metaspace       used 69408K, committed 70912K, reserved 1114112K
  class space    used 7452K, committed 8064K, reserved 1048576K
}
Event: 4165.536 GC heap after
{Heap after GC invocations=123 (full 3):
 PSYoungGen      total 9216K, used 512K [0x00000000d5580000, 0x00000000d6100000, 0x0000000100000000)
  eden space 8704K, 0% used [0x00000000d5580000,0x00000000d5580000,0x00000000d5e00000)
  from space 512K, 100% used [0x00000000d6080000,0x00000000d6100000,0x00000000d6100000)
  to   space 512K, 0% used [0x00000000d6000000,0x00000000d6000000,0x00000000d6080000)
 ParOldGen       total 83968K, used 83716K [0x0000000080000000, 0x0000000085200000, 0x00000000d5580000)
  object space 83968K, 99% used [0x0000000080000000,0x00000000851c1288,0x0000000085200000)
 Metaspace       used 69408K, committed 70912K, reserved 1114112K
  class space    used 7452K, committed 8064K, reserved 1048576K
}

