# JRE version: OpenJDK Runtime Environment Temurin-21.0.8+9 (21.0.8+9) (build 21.0.8+9-LTS)
# Java VM: OpenJDK 64-Bit Server VM Temurin-21.0.8+9 (21.0.8+9-LTS, mixed mode, sharing, tiered, compressed oops, compressed class ptrs, parallel gc, windows-amd64)
GC Precious Log:
 CardTable entry size: 512
 CPUs: 12 total, 12 available
 Memory: 7896M
 Large Page Support: Disabled
 NUMA Support: Disabled
 Compressed Oops: Enabled (32-bit)
 Alignments: Space 512K, Generation 512K, Heap 2M
 Heap Min Capacity: 100M
 Heap Initial Capacity: 100M
 Heap Max Capacity: 2G
 Pre-touch: Disabled
 Parallel Workers: 10
Heap:
 PSYoungGen      total 23552K, used 18762K [0x00000000d5580000, 0x00000000d7200000, 0x0000000100000000)
  eden space 22016K, 78% used [0x00000000d5580000,0x00000000d665a900,0x00000000d6b00000)
  from space 1536K, 97% used [0x00000000d6d00000,0x00000000d6e78030,0x00000000d6e80000)
  to   space 3584K, 0% used [0x00000000d6e80000,0x00000000d6e80000,0x00000000d7200000)
 ParOldGen       total 68608K, used 36329K [0x0000000080000000, 0x0000000084300000, 0x00000000d5580000)
  object space 68608K, 52% used [0x0000000080000000,0x000000008237a4b8,0x0000000084300000)
 Metaspace       used 48059K, committed 49280K, reserved 1114112K
  class space    used 5238K, committed 5824K, reserved 1048576K
GC Heap History (20 events):
Event: 9.082 GC heap before
{Heap before GC invocations=14 (full 1):
 PSYoungGen      total 23040K, used 7731K [0x00000000d5580000, 0x00000000d7300000, 0x0000000100000000)
  eden space 22016K, 30% used [0x00000000d5580000,0x00000000d5c0edd8,0x00000000d6b00000)
  from space 1024K, 99% used [0x00000000d7200000,0x00000000d72fe0b0,0x00000000d7300000)
  to   space 4096K, 0% used [0x00000000d6b00000,0x00000000d6b00000,0x00000000d6f00000)
 ParOldGen       total 68608K, used 18937K [0x0000000080000000, 0x0000000084300000, 0x00000000d5580000)
  object space 68608K, 27% used [0x0000000080000000,0x000000008127e798,0x0000000084300000)
 Metaspace       used 34602K, committed 35840K, reserved 1114112K
  class space    used 3540K, committed 4096K, reserved 1048576K
}
Event: 9.083 GC heap after
{Heap after GC invocations=14 (full 1):
 PSYoungGen      total 26112K, used 500K [0x00000000d5580000, 0x00000000d7280000, 0x0000000100000000)
  eden space 22016K, 0% used [0x00000000d5580000,0x00000000d5580000,0x00000000d6b00000)
  from space 4096K, 12% used [0x00000000d6b00000,0x00000000d6b7d098,0x00000000d6f00000)
  to   space 2048K, 0% used [0x00000000d7080000,0x00000000d7080000,0x00000000d7280000)
 ParOldGen       total 68608K, used 19854K [0x0000000080000000, 0x0000000084300000, 0x00000000d5580000)
  object space 68608K, 28% used [0x0000000080000000,0x0000000081363960,0x0000000084300000)
 Metaspace       used 34602K, committed 35840K, reserved 1114112K
  class space    used 3540K, committed 4096K, reserved 1048576K
}
Event: 9.083 GC heap before
{Heap before GC invocations=15 (full 2):
 PSYoungGen      total 26112K, used 500K [0x00000000d5580000, 0x00000000d7280000, 0x0000000100000000)
  eden space 22016K, 0% used [0x00000000d5580000,0x00000000d5580000,0x00000000d6b00000)
  from space 4096K, 12% used [0x00000000d6b00000,0x00000000d6b7d098,0x00000000d6f00000)
  to   space 2048K, 0% used [0x00000000d7080000,0x00000000d7080000,0x00000000d7280000)
 ParOldGen       total 68608K, used 19854K [0x0000000080000000, 0x0000000084300000, 0x00000000d5580000)
  object space 68608K, 28% used [0x0000000080000000,0x0000000081363960,0x0000000084300000)
 Metaspace       used 34602K, committed 35840K, reserved 1114112K
  class space    used 3540K, committed 4096K, reserved 1048576K
}
Event: 9.131 GC heap after
{Heap after GC invocations=15 (full 2):
 PSYoungGen      total 26112K, used 0K [0x00000000d5580000, 0x00000000d7280000, 0x0000000100000000)
  eden space 22016K, 0% used [0x00000000d5580000,0x00000000d5580000,0x00000000d6b00000)
  from space 4096K, 0% used [0x00000000d6b00000,0x00000000d6b00000,0x00000000d6f00000)
  to   space 2048K, 0% used [0x00000000d7080000,0x00000000d7080000,0x00000000d7280000)
 ParOldGen       total 68608K, used 18914K [0x0000000080000000, 0x0000000084300000, 0x00000000d5580000)
  object space 68608K, 27% used [0x0000000080000000,0x0000000081278a38,0x0000000084300000)
 Metaspace       used 34602K, committed 35840K, reserved 1114112K
  class space    used 3540K, committed 4096K, reserved 1048576K
}
Event: 10.360 GC heap before
{Heap before GC invocations=16 (full 2):
 PSYoungGen      total 26112K, used 22016K [0x00000000d5580000, 0x00000000d7280000, 0x0000000100000000)
  eden space 22016K, 100% used [0x00000000d5580000,0x00000000d6b00000,0x00000000d6b00000)
  from space 4096K, 0% used [0x00000000d6b00000,0x00000000d6b00000,0x00000000d6f00000)
  to   space 2048K, 0% used [0x00000000d7080000,0x00000000d7080000,0x00000000d7280000)
 ParOldGen       total 68608K, used 18914K [0x0000000080000000, 0x0000000084300000, 0x00000000d5580000)
  object space 68608K, 27% used [0x0000000080000000,0x0000000081278a38,0x0000000084300000)
 Metaspace       used 36948K, committed 38208K, reserved 1114112K
  class space    used 3866K, committed 4480K, reserved 1048576K
}
Event: 10.365 GC heap after
{Heap after GC invocations=16 (full 2):
 PSYoungGen      total 24064K, used 2043K [0x00000000d5580000, 0x00000000d7400000, 0x0000000100000000)
  eden space 22016K, 0% used [0x00000000d5580000,0x00000000d5580000,0x00000000d6b00000)
  from space 2048K, 99% used [0x00000000d7080000,0x00000000d727ed18,0x00000000d7280000)
  to   space 4608K, 0% used [0x00000000d6b00000,0x00000000d6b00000,0x00000000d6f80000)
 ParOldGen       total 68608K, used 20512K [0x0000000080000000, 0x0000000084300000, 0x00000000d5580000)
  object space 68608K, 29% used [0x0000000080000000,0x00000000814083d0,0x0000000084300000)
 Metaspace       used 36948K, committed 38208K, reserved 1114112K
  class space    used 3866K, committed 4480K, reserved 1048576K
}
Event: 10.630 GC heap before
{Heap before GC invocations=17 (full 2):
 PSYoungGen      total 24064K, used 24059K [0x00000000d5580000, 0x00000000d7400000, 0x0000000100000000)
  eden space 22016K, 100% used [0x00000000d5580000,0x00000000d6b00000,0x00000000d6b00000)
  from space 2048K, 99% used [0x00000000d7080000,0x00000000d727ed18,0x00000000d7280000)
  to   space 4608K, 0% used [0x00000000d6b00000,0x00000000d6b00000,0x00000000d6f80000)
 ParOldGen       total 68608K, used 20512K [0x0000000080000000, 0x0000000084300000, 0x00000000d5580000)
  object space 68608K, 29% used [0x0000000080000000,0x00000000814083d0,0x0000000084300000)
 Metaspace       used 38154K, committed 39424K, reserved 1114112K
  class space    used 4022K, committed 4608K, reserved 1048576K
}
Event: 12.665 GC heap after
{Heap after GC invocations=17 (full 2):
 PSYoungGen      total 26624K, used 4605K [0x00000000d5580000, 0x00000000d7400000, 0x0000000100000000)
  eden space 22016K, 0% used [0x00000000d5580000,0x00000000d5580000,0x00000000d6b00000)
  from space 4608K, 99% used [0x00000000d6b00000,0x00000000d6f7f620,0x00000000d6f80000)
  to   space 2048K, 0% used [0x00000000d7080000,0x00000000d7080000,0x00000000d7280000)
 ParOldGen       total 68608K, used 26599K [0x0000000080000000, 0x0000000084300000, 0x00000000d5580000)
  object space 68608K, 38% used [0x0000000080000000,0x00000000819f9d28,0x0000000084300000)
 Metaspace       used 38154K, committed 39424K, reserved 1114112K
  class space    used 4022K, committed 4608K, reserved 1048576K
}
Event: 15.950 GC heap before
{Heap before GC invocations=18 (full 2):
 PSYoungGen      total 26624K, used 26621K [0x00000000d5580000, 0x00000000d7400000, 0x0000000100000000)
  eden space 22016K, 100% used [0x00000000d5580000,0x00000000d6b00000,0x00000000d6b00000)
  from space 4608K, 99% used [0x00000000d6b00000,0x00000000d6f7f620,0x00000000d6f80000)
  to   space 2048K, 0% used [0x00000000d7080000,0x00000000d7080000,0x00000000d7280000)
 ParOldGen       total 68608K, used 26599K [0x0000000080000000, 0x0000000084300000, 0x00000000d5580000)
  object space 68608K, 38% used [0x0000000080000000,0x00000000819f9d28,0x0000000084300000)
 Metaspace       used 39771K, committed 41024K, reserved 1114112K
  class space    used 4226K, committed 4800K, reserved 1048576K
}
Event: 15.953 GC heap after
{Heap after GC invocations=18 (full 2):
 PSYoungGen      total 24064K, used 1024K [0x00000000d5580000, 0x00000000d7400000, 0x0000000100000000)
  eden space 22016K, 0% used [0x00000000d5580000,0x00000000d5580000,0x00000000d6b00000)
  from space 2048K, 50% used [0x00000000d7080000,0x00000000d7180000,0x00000000d7280000)
  to   space 4608K, 0% used [0x00000000d6b00000,0x00000000d6b00000,0x00000000d6f80000)
 ParOldGen       total 68608K, used 30909K [0x0000000080000000, 0x0000000084300000, 0x00000000d5580000)
  object space 68608K, 45% used [0x0000000080000000,0x0000000081e2f5e8,0x0000000084300000)
 Metaspace       used 39771K, committed 41024K, reserved 1114112K
  class space    used 4226K, committed 4800K, reserved 1048576K
}
Event: 16.374 GC heap before
{Heap before GC invocations=19 (full 2):
 PSYoungGen      total 24064K, used 23040K [0x00000000d5580000, 0x00000000d7400000, 0x0000000100000000)
  eden space 22016K, 100% used [0x00000000d5580000,0x00000000d6b00000,0x00000000d6b00000)
  from space 2048K, 50% used [0x00000000d7080000,0x00000000d7180000,0x00000000d7280000)
  to   space 4608K, 0% used [0x00000000d6b00000,0x00000000d6b00000,0x00000000d6f80000)
 ParOldGen       total 68608K, used 30909K [0x0000000080000000, 0x0000000084300000, 0x00000000d5580000)
  object space 68608K, 45% used [0x0000000080000000,0x0000000081e2f5e8,0x0000000084300000)
 Metaspace       used 41818K, committed 43136K, reserved 1114112K
  class space    used 4494K, committed 5120K, reserved 1048576K
}
Event: 16.376 GC heap after
{Heap after GC invocations=19 (full 2):
 PSYoungGen      total 26624K, used 800K [0x00000000d5580000, 0x00000000d7100000, 0x0000000100000000)
  eden space 22016K, 0% used [0x00000000d5580000,0x00000000d5580000,0x00000000d6b00000)
  from space 4608K, 17% used [0x00000000d6b00000,0x00000000d6bc8000,0x00000000d6f80000)
  to   space 1536K, 0% used [0x00000000d6f80000,0x00000000d6f80000,0x00000000d7100000)
 ParOldGen       total 68608K, used 31697K [0x0000000080000000, 0x0000000084300000, 0x00000000d5580000)
  object space 68608K, 46% used [0x0000000080000000,0x0000000081ef47f8,0x0000000084300000)
 Metaspace       used 41818K, committed 43136K, reserved 1114112K
  class space    used 4494K, committed 5120K, reserved 1048576K
}
Event: 16.955 GC heap before
{Heap before GC invocations=20 (full 2):
 PSYoungGen      total 26624K, used 22816K [0x00000000d5580000, 0x00000000d7100000, 0x0000000100000000)
  eden space 22016K, 100% used [0x00000000d5580000,0x00000000d6b00000,0x00000000d6b00000)
  from space 4608K, 17% used [0x00000000d6b00000,0x00000000d6bc8000,0x00000000d6f80000)
  to   space 1536K, 0% used [0x00000000d6f80000,0x00000000d6f80000,0x00000000d7100000)
 ParOldGen       total 68608K, used 31697K [0x0000000080000000, 0x0000000084300000, 0x00000000d5580000)
  object space 68608K, 46% used [0x0000000080000000,0x0000000081ef47f8,0x0000000084300000)
 Metaspace       used 44346K, committed 45632K, reserved 1114112K
  class space    used 4817K, committed 5440K, reserved 1048576K
}
Event: 16.958 GC heap after
{Heap after GC invocations=20 (full 2):
 PSYoungGen      total 23552K, used 1440K [0x00000000d5580000, 0x00000000d7100000, 0x0000000100000000)
  eden space 22016K, 0% used [0x00000000d5580000,0x00000000d5580000,0x00000000d6b00000)
  from space 1536K, 93% used [0x00000000d6f80000,0x00000000d70e8000,0x00000000d7100000)
  to   space 2048K, 0% used [0x00000000d6d00000,0x00000000d6d00000,0x00000000d6f00000)
 ParOldGen       total 68608K, used 32281K [0x0000000080000000, 0x0000000084300000, 0x00000000d5580000)
  object space 68608K, 47% used [0x0000000080000000,0x0000000081f867f8,0x0000000084300000)
 Metaspace       used 44346K, committed 45632K, reserved 1114112K
  class space    used 4817K, committed 5440K, reserved 1048576K
}
Event: 17.502 GC heap before
{Heap before GC invocations=21 (full 2):
 PSYoungGen      total 23552K, used 23456K [0x00000000d5580000, 0x00000000d7100000, 0x0000000100000000)
  eden space 22016K, 100% used [0x00000000d5580000,0x00000000d6b00000,0x00000000d6b00000)
  from space 1536K, 93% used [0x00000000d6f80000,0x00000000d70e8000,0x00000000d7100000)
  to   space 2048K, 0% used [0x00000000d6d00000,0x00000000d6d00000,0x00000000d6f00000)
 ParOldGen       total 68608K, used 32281K [0x0000000080000000, 0x0000000084300000, 0x00000000d5580000)
  object space 68608K, 47% used [0x0000000080000000,0x0000000081f867f8,0x0000000084300000)
 Metaspace       used 46601K, committed 47872K, reserved 1114112K
  class space    used 5111K, committed 5696K, reserved 1048576K
}
Event: 17.505 GC heap after
{Heap after GC invocations=21 (full 2):
 PSYoungGen      total 23552K, used 1529K [0x00000000d5580000, 0x00000000d7000000, 0x0000000100000000)
  eden space 22016K, 0% used [0x00000000d5580000,0x00000000d5580000,0x00000000d6b00000)
  from space 1536K, 99% used [0x00000000d6d00000,0x00000000d6e7e5f0,0x00000000d6e80000)
  to   space 1536K, 0% used [0x00000000d6e80000,0x00000000d6e80000,0x00000000d7000000)
 ParOldGen       total 68608K, used 33522K [0x0000000080000000, 0x0000000084300000, 0x00000000d5580000)
  object space 68608K, 48% used [0x0000000080000000,0x00000000820bc818,0x0000000084300000)
 Metaspace       used 46601K, committed 47872K, reserved 1114112K
  class space    used 5111K, committed 5696K, reserved 1048576K
}
Event: 17.838 GC heap before
{Heap before GC invocations=22 (full 2):
 PSYoungGen      total 23552K, used 23545K [0x00000000d5580000, 0x00000000d7000000, 0x0000000100000000)
  eden space 22016K, 100% used [0x00000000d5580000,0x00000000d6b00000,0x00000000d6b00000)
  from space 1536K, 99% used [0x00000000d6d00000,0x00000000d6e7e5f0,0x00000000d6e80000)
  to   space 1536K, 0% used [0x00000000d6e80000,0x00000000d6e80000,0x00000000d7000000)
 ParOldGen       total 68608K, used 33522K [0x0000000080000000, 0x0000000084300000, 0x00000000d5580000)
  object space 68608K, 48% used [0x0000000080000000,0x00000000820bc818,0x0000000084300000)
 Metaspace       used 47622K, committed 48896K, reserved 1114112K
  class space    used 5210K, committed 5824K, reserved 1048576K
}
Event: 17.844 GC heap after
{Heap after GC invocations=22 (full 2):
 PSYoungGen      total 23552K, used 1113K [0x00000000d5580000, 0x00000000d7000000, 0x0000000100000000)
  eden space 22016K, 0% used [0x00000000d5580000,0x00000000d5580000,0x00000000d6b00000)
  from space 1536K, 72% used [0x00000000d6e80000,0x00000000d6f96470,0x00000000d7000000)
  to   space 1536K, 0% used [0x00000000d6d00000,0x00000000d6d00000,0x00000000d6e80000)
 ParOldGen       total 68608K, used 34756K [0x0000000080000000, 0x0000000084300000, 0x00000000d5580000)
  object space 68608K, 50% used [0x0000000080000000,0x00000000821f1038,0x0000000084300000)
 Metaspace       used 47622K, committed 48896K, reserved 1114112K
  class space    used 5210K, committed 5824K, reserved 1048576K
}
Event: 18.035 GC heap before
{Heap before GC invocations=23 (full 2):
 PSYoungGen      total 23552K, used 23129K [0x00000000d5580000, 0x00000000d7000000, 0x0000000100000000)
  eden space 22016K, 100% used [0x00000000d5580000,0x00000000d6b00000,0x00000000d6b00000)
  from space 1536K, 72% used [0x00000000d6e80000,0x00000000d6f96470,0x00000000d7000000)
  to   space 1536K, 0% used [0x00000000d6d00000,0x00000000d6d00000,0x00000000d6e80000)
 ParOldGen       total 68608K, used 34756K [0x0000000080000000, 0x0000000084300000, 0x00000000d5580000)
  object space 68608K, 50% used [0x0000000080000000,0x00000000821f1038,0x0000000084300000)
 Metaspace       used 47958K, committed 49216K, reserved 1114112K
  class space    used 5223K, committed 5824K, reserved 1048576K
}
Event: 18.038 GC heap after
{Heap after GC invocations=23 (full 2):
 PSYoungGen      total 23552K, used 1504K [0x00000000d5580000, 0x00000000d7200000, 0x0000000100000000)
  eden space 22016K, 0% used [0x00000000d5580000,0x00000000d5580000,0x00000000d6b00000)
  from space 1536K, 97% used [0x00000000d6d00000,0x00000000d6e78030,0x00000000d6e80000)
  to   space 3584K, 0% used [0x00000000d6e80000,0x00000000d6e80000,0x00000000d7200000)
 ParOldGen       total 68608K, used 36329K [0x0000000080000000, 0x0000000084300000, 0x00000000d5580000)
  object space 68608K, 52% used [0x0000000080000000,0x000000008237a4b8,0x0000000084300000)
 Metaspace       used 47958K, committed 49216K, reserved 1114112K
  class space    used 5223K, committed 5824K, reserved 1048576K
}

