# JRE version: OpenJDK Runtime Environment Temurin-21.0.8+9 (21.0.8+9) (build 21.0.8+9-LTS)
# Java VM: OpenJDK 64-Bit Server VM Temurin-21.0.8+9 (21.0.8+9-LTS, mixed mode, sharing, tiered, compressed oops, compressed class ptrs, parallel gc, windows-amd64)
GC Precious Log:
 CardTable entry size: 512
 CPUs: 12 total, 12 available
 Memory: 7896M
 Large Page Support: Disabled
 NUMA Support: Disabled
 Compressed Oops: Enabled (32-bit)
 Alignments: Space 512K, Generation 512K, Heap 2M
 Heap Min Capacity: 100M
 Heap Initial Capacity: 100M
 Heap Max Capacity: 2G
 Pre-touch: Disabled
 Parallel Workers: 10
Heap:
 PSYoungGen      total 10240K, used 7592K [0x00000000d5580000, 0x00000000d6280000, 0x0000000100000000)
  eden space 9728K, 72% used [0x00000000d5580000,0x00000000d5c6e258,0x00000000d5f00000)
  from space 512K, 96% used [0x00000000d6080000,0x00000000d60fc010,0x00000000d6100000)
  to   space 1536K, 0% used [0x00000000d5f00000,0x00000000d5f00000,0x00000000d6080000)
 ParOldGen       total 261120K, used 247386K [0x0000000080000000, 0x000000008ff00000, 0x00000000d5580000)
  object space 261120K, 94% used [0x0000000080000000,0x000000008f196970,0x000000008ff00000)
 Metaspace       used 66808K, committed 68416K, reserved 1114112K
  class space    used 7136K, committed 7808K, reserved 1048576K
GC Heap History (20 events):
Event: 436.916 GC heap before
{Heap before GC invocations=641 (full 4):
 PSYoungGen      total 10752K, used 10608K [0x00000000d5580000, 0x00000000d6100000, 0x0000000100000000)
  eden space 10240K, 100% used [0x00000000d5580000,0x00000000d5f80000,0x00000000d5f80000)
  from space 512K, 71% used [0x00000000d6080000,0x00000000d60dc0b0,0x00000000d6100000)
  to   space 512K, 0% used [0x00000000d6000000,0x00000000d6000000,0x00000000d6080000)
 ParOldGen       total 261120K, used 244202K [0x0000000080000000, 0x000000008ff00000, 0x00000000d5580000)
  object space 261120K, 93% used [0x0000000080000000,0x000000008ee7ab40,0x000000008ff00000)
 Metaspace       used 66642K, committed 68288K, reserved 1114112K
  class space    used 7102K, committed 7808K, reserved 1048576K
}
Event: 436.920 GC heap after
{Heap after GC invocations=641 (full 4):
 PSYoungGen      total 10752K, used 488K [0x00000000d5580000, 0x00000000d6100000, 0x0000000100000000)
  eden space 10240K, 0% used [0x00000000d5580000,0x00000000d5580000,0x00000000d5f80000)
  from space 512K, 95% used [0x00000000d6000000,0x00000000d607a388,0x00000000d6080000)
  to   space 512K, 0% used [0x00000000d6080000,0x00000000d6080000,0x00000000d6100000)
 ParOldGen       total 261120K, used 244360K [0x0000000080000000, 0x000000008ff00000, 0x00000000d5580000)
  object space 261120K, 93% used [0x0000000080000000,0x000000008eea20e8,0x000000008ff00000)
 Metaspace       used 66642K, committed 68288K, reserved 1114112K
  class space    used 7102K, committed 7808K, reserved 1048576K
}
Event: 437.003 GC heap before
{Heap before GC invocations=642 (full 4):
 PSYoungGen      total 10752K, used 10728K [0x00000000d5580000, 0x00000000d6100000, 0x0000000100000000)
  eden space 10240K, 100% used [0x00000000d5580000,0x00000000d5f80000,0x00000000d5f80000)
  from space 512K, 95% used [0x00000000d6000000,0x00000000d607a388,0x00000000d6080000)
  to   space 512K, 0% used [0x00000000d6080000,0x00000000d6080000,0x00000000d6100000)
 ParOldGen       total 261120K, used 244360K [0x0000000080000000, 0x000000008ff00000, 0x00000000d5580000)
  object space 261120K, 93% used [0x0000000080000000,0x000000008eea20e8,0x000000008ff00000)
 Metaspace       used 66648K, committed 68288K, reserved 1114112K
  class space    used 7102K, committed 7808K, reserved 1048576K
}
Event: 437.007 GC heap after
{Heap after GC invocations=642 (full 4):
 PSYoungGen      total 10752K, used 436K [0x00000000d5580000, 0x00000000d6100000, 0x0000000100000000)
  eden space 10240K, 0% used [0x00000000d5580000,0x00000000d5580000,0x00000000d5f80000)
  from space 512K, 85% used [0x00000000d6080000,0x00000000d60ed200,0x00000000d6100000)
  to   space 512K, 0% used [0x00000000d6000000,0x00000000d6000000,0x00000000d6080000)
 ParOldGen       total 261120K, used 244574K [0x0000000080000000, 0x000000008ff00000, 0x00000000d5580000)
  object space 261120K, 93% used [0x0000000080000000,0x000000008eed7900,0x000000008ff00000)
 Metaspace       used 66648K, committed 68288K, reserved 1114112K
  class space    used 7102K, committed 7808K, reserved 1048576K
}
Event: 437.174 GC heap before
{Heap before GC invocations=643 (full 4):
 PSYoungGen      total 10752K, used 10676K [0x00000000d5580000, 0x00000000d6100000, 0x0000000100000000)
  eden space 10240K, 100% used [0x00000000d5580000,0x00000000d5f80000,0x00000000d5f80000)
  from space 512K, 85% used [0x00000000d6080000,0x00000000d60ed200,0x00000000d6100000)
  to   space 512K, 0% used [0x00000000d6000000,0x00000000d6000000,0x00000000d6080000)
 ParOldGen       total 261120K, used 244574K [0x0000000080000000, 0x000000008ff00000, 0x00000000d5580000)
  object space 261120K, 93% used [0x0000000080000000,0x000000008eed7900,0x000000008ff00000)
 Metaspace       used 66651K, committed 68288K, reserved 1114112K
  class space    used 7103K, committed 7808K, reserved 1048576K
}
Event: 437.178 GC heap after
{Heap after GC invocations=643 (full 4):
 PSYoungGen      total 10752K, used 352K [0x00000000d5580000, 0x00000000d6100000, 0x0000000100000000)
  eden space 10240K, 0% used [0x00000000d5580000,0x00000000d5580000,0x00000000d5f80000)
  from space 512K, 68% used [0x00000000d6000000,0x00000000d6058000,0x00000000d6080000)
  to   space 512K, 0% used [0x00000000d6080000,0x00000000d6080000,0x00000000d6100000)
 ParOldGen       total 261120K, used 245623K [0x0000000080000000, 0x000000008ff00000, 0x00000000d5580000)
  object space 261120K, 94% used [0x0000000080000000,0x000000008efddd00,0x000000008ff00000)
 Metaspace       used 66651K, committed 68288K, reserved 1114112K
  class space    used 7103K, committed 7808K, reserved 1048576K
}
Event: 437.245 GC heap before
{Heap before GC invocations=644 (full 4):
 PSYoungGen      total 10752K, used 10592K [0x00000000d5580000, 0x00000000d6100000, 0x0000000100000000)
  eden space 10240K, 100% used [0x00000000d5580000,0x00000000d5f80000,0x00000000d5f80000)
  from space 512K, 68% used [0x00000000d6000000,0x00000000d6058000,0x00000000d6080000)
  to   space 512K, 0% used [0x00000000d6080000,0x00000000d6080000,0x00000000d6100000)
 ParOldGen       total 261120K, used 245623K [0x0000000080000000, 0x000000008ff00000, 0x00000000d5580000)
  object space 261120K, 94% used [0x0000000080000000,0x000000008efddd00,0x000000008ff00000)
 Metaspace       used 66654K, committed 68288K, reserved 1114112K
  class space    used 7103K, committed 7808K, reserved 1048576K
}
Event: 437.246 GC heap after
{Heap after GC invocations=644 (full 4):
 PSYoungGen      total 10752K, used 352K [0x00000000d5580000, 0x00000000d6100000, 0x0000000100000000)
  eden space 10240K, 0% used [0x00000000d5580000,0x00000000d5580000,0x00000000d5f80000)
  from space 512K, 68% used [0x00000000d6080000,0x00000000d60d8000,0x00000000d6100000)
  to   space 512K, 0% used [0x00000000d6000000,0x00000000d6000000,0x00000000d6080000)
 ParOldGen       total 261120K, used 245719K [0x0000000080000000, 0x000000008ff00000, 0x00000000d5580000)
  object space 261120K, 94% used [0x0000000080000000,0x000000008eff5d00,0x000000008ff00000)
 Metaspace       used 66654K, committed 68288K, reserved 1114112K
  class space    used 7103K, committed 7808K, reserved 1048576K
}
Event: 437.375 GC heap before
{Heap before GC invocations=645 (full 4):
 PSYoungGen      total 10752K, used 10592K [0x00000000d5580000, 0x00000000d6100000, 0x0000000100000000)
  eden space 10240K, 100% used [0x00000000d5580000,0x00000000d5f80000,0x00000000d5f80000)
  from space 512K, 68% used [0x00000000d6080000,0x00000000d60d8000,0x00000000d6100000)
  to   space 512K, 0% used [0x00000000d6000000,0x00000000d6000000,0x00000000d6080000)
 ParOldGen       total 261120K, used 245719K [0x0000000080000000, 0x000000008ff00000, 0x00000000d5580000)
  object space 261120K, 94% used [0x0000000080000000,0x000000008eff5d00,0x000000008ff00000)
 Metaspace       used 66655K, committed 68288K, reserved 1114112K
  class space    used 7103K, committed 7808K, reserved 1048576K
}
Event: 437.376 GC heap after
{Heap after GC invocations=645 (full 4):
 PSYoungGen      total 10752K, used 434K [0x00000000d5580000, 0x00000000d6100000, 0x0000000100000000)
  eden space 10240K, 0% used [0x00000000d5580000,0x00000000d5580000,0x00000000d5f80000)
  from space 512K, 84% used [0x00000000d6000000,0x00000000d606c940,0x00000000d6080000)
  to   space 512K, 0% used [0x00000000d6080000,0x00000000d6080000,0x00000000d6100000)
 ParOldGen       total 261120K, used 245919K [0x0000000080000000, 0x000000008ff00000, 0x00000000d5580000)
  object space 261120K, 94% used [0x0000000080000000,0x000000008f027d00,0x000000008ff00000)
 Metaspace       used 66655K, committed 68288K, reserved 1114112K
  class space    used 7103K, committed 7808K, reserved 1048576K
}
Event: 437.532 GC heap before
{Heap before GC invocations=646 (full 4):
 PSYoungGen      total 10752K, used 10674K [0x00000000d5580000, 0x00000000d6100000, 0x0000000100000000)
  eden space 10240K, 100% used [0x00000000d5580000,0x00000000d5f80000,0x00000000d5f80000)
  from space 512K, 84% used [0x00000000d6000000,0x00000000d606c940,0x00000000d6080000)
  to   space 512K, 0% used [0x00000000d6080000,0x00000000d6080000,0x00000000d6100000)
 ParOldGen       total 261120K, used 245919K [0x0000000080000000, 0x000000008ff00000, 0x00000000d5580000)
  object space 261120K, 94% used [0x0000000080000000,0x000000008f027d00,0x000000008ff00000)
 Metaspace       used 66656K, committed 68288K, reserved 1114112K
  class space    used 7103K, committed 7808K, reserved 1048576K
}
Event: 437.534 GC heap after
{Heap after GC invocations=646 (full 4):
 PSYoungGen      total 10752K, used 352K [0x00000000d5580000, 0x00000000d6100000, 0x0000000100000000)
  eden space 10240K, 0% used [0x00000000d5580000,0x00000000d5580000,0x00000000d5f80000)
  from space 512K, 68% used [0x00000000d6080000,0x00000000d60d8000,0x00000000d6100000)
  to   space 512K, 0% used [0x00000000d6000000,0x00000000d6000000,0x00000000d6080000)
 ParOldGen       total 261120K, used 246179K [0x0000000080000000, 0x000000008ff00000, 0x00000000d5580000)
  object space 261120K, 94% used [0x0000000080000000,0x000000008f068fe8,0x000000008ff00000)
 Metaspace       used 66656K, committed 68288K, reserved 1114112K
  class space    used 7103K, committed 7808K, reserved 1048576K
}
Event: 437.650 GC heap before
{Heap before GC invocations=647 (full 4):
 PSYoungGen      total 10752K, used 10592K [0x00000000d5580000, 0x00000000d6100000, 0x0000000100000000)
  eden space 10240K, 100% used [0x00000000d5580000,0x00000000d5f80000,0x00000000d5f80000)
  from space 512K, 68% used [0x00000000d6080000,0x00000000d60d8000,0x00000000d6100000)
  to   space 512K, 0% used [0x00000000d6000000,0x00000000d6000000,0x00000000d6080000)
 ParOldGen       total 261120K, used 246179K [0x0000000080000000, 0x000000008ff00000, 0x00000000d5580000)
  object space 261120K, 94% used [0x0000000080000000,0x000000008f068fe8,0x000000008ff00000)
 Metaspace       used 66656K, committed 68288K, reserved 1114112K
  class space    used 7103K, committed 7808K, reserved 1048576K
}
Event: 437.651 GC heap after
{Heap after GC invocations=647 (full 4):
 PSYoungGen      total 10752K, used 384K [0x00000000d5580000, 0x00000000d6100000, 0x0000000100000000)
  eden space 10240K, 0% used [0x00000000d5580000,0x00000000d5580000,0x00000000d5f80000)
  from space 512K, 75% used [0x00000000d6000000,0x00000000d6060000,0x00000000d6080000)
  to   space 512K, 0% used [0x00000000d6080000,0x00000000d6080000,0x00000000d6100000)
 ParOldGen       total 261120K, used 246339K [0x0000000080000000, 0x000000008ff00000, 0x00000000d5580000)
  object space 261120K, 94% used [0x0000000080000000,0x000000008f090fe8,0x000000008ff00000)
 Metaspace       used 66656K, committed 68288K, reserved 1114112K
  class space    used 7103K, committed 7808K, reserved 1048576K
}
Event: 437.732 GC heap before
{Heap before GC invocations=648 (full 4):
 PSYoungGen      total 10752K, used 10624K [0x00000000d5580000, 0x00000000d6100000, 0x0000000100000000)
  eden space 10240K, 100% used [0x00000000d5580000,0x00000000d5f80000,0x00000000d5f80000)
  from space 512K, 75% used [0x00000000d6000000,0x00000000d6060000,0x00000000d6080000)
  to   space 512K, 0% used [0x00000000d6080000,0x00000000d6080000,0x00000000d6100000)
 ParOldGen       total 261120K, used 246339K [0x0000000080000000, 0x000000008ff00000, 0x00000000d5580000)
  object space 261120K, 94% used [0x0000000080000000,0x000000008f090fe8,0x000000008ff00000)
 Metaspace       used 66656K, committed 68288K, reserved 1114112K
  class space    used 7103K, committed 7808K, reserved 1048576K
}
Event: 437.734 GC heap after
{Heap after GC invocations=648 (full 4):
 PSYoungGen      total 10752K, used 482K [0x00000000d5580000, 0x00000000d6180000, 0x0000000100000000)
  eden space 10240K, 0% used [0x00000000d5580000,0x00000000d5580000,0x00000000d5f80000)
  from space 512K, 94% used [0x00000000d6080000,0x00000000d60f8b30,0x00000000d6100000)
  to   space 1024K, 0% used [0x00000000d5f80000,0x00000000d5f80000,0x00000000d6080000)
 ParOldGen       total 261120K, used 246568K [0x0000000080000000, 0x000000008ff00000, 0x00000000d5580000)
  object space 261120K, 94% used [0x0000000080000000,0x000000008f0ca2a8,0x000000008ff00000)
 Metaspace       used 66656K, committed 68288K, reserved 1114112K
  class space    used 7103K, committed 7808K, reserved 1048576K
}
Event: 437.807 GC heap before
{Heap before GC invocations=649 (full 4):
 PSYoungGen      total 10752K, used 10722K [0x00000000d5580000, 0x00000000d6180000, 0x0000000100000000)
  eden space 10240K, 100% used [0x00000000d5580000,0x00000000d5f80000,0x00000000d5f80000)
  from space 512K, 94% used [0x00000000d6080000,0x00000000d60f8b30,0x00000000d6100000)
  to   space 1024K, 0% used [0x00000000d5f80000,0x00000000d5f80000,0x00000000d6080000)
 ParOldGen       total 261120K, used 246568K [0x0000000080000000, 0x000000008ff00000, 0x00000000d5580000)
  object space 261120K, 94% used [0x0000000080000000,0x000000008f0ca2a8,0x000000008ff00000)
 Metaspace       used 66656K, committed 68288K, reserved 1114112K
  class space    used 7103K, committed 7808K, reserved 1048576K
}
Event: 437.810 GC heap after
{Heap after GC invocations=649 (full 4):
 PSYoungGen      total 11264K, used 352K [0x00000000d5580000, 0x00000000d6100000, 0x0000000100000000)
  eden space 10240K, 0% used [0x00000000d5580000,0x00000000d5580000,0x00000000d5f80000)
  from space 1024K, 34% used [0x00000000d5f80000,0x00000000d5fd8000,0x00000000d6080000)
  to   space 512K, 0% used [0x00000000d6080000,0x00000000d6080000,0x00000000d6100000)
 ParOldGen       total 261120K, used 246874K [0x0000000080000000, 0x000000008ff00000, 0x00000000d5580000)
  object space 261120K, 94% used [0x0000000080000000,0x000000008f116970,0x000000008ff00000)
 Metaspace       used 66656K, committed 68288K, reserved 1114112K
  class space    used 7103K, committed 7808K, reserved 1048576K
}
Event: 437.930 GC heap before
{Heap before GC invocations=650 (full 4):
 PSYoungGen      total 11264K, used 10592K [0x00000000d5580000, 0x00000000d6100000, 0x0000000100000000)
  eden space 10240K, 100% used [0x00000000d5580000,0x00000000d5f80000,0x00000000d5f80000)
  from space 1024K, 34% used [0x00000000d5f80000,0x00000000d5fd8000,0x00000000d6080000)
  to   space 512K, 0% used [0x00000000d6080000,0x00000000d6080000,0x00000000d6100000)
 ParOldGen       total 261120K, used 246874K [0x0000000080000000, 0x000000008ff00000, 0x00000000d5580000)
  object space 261120K, 94% used [0x0000000080000000,0x000000008f116970,0x000000008ff00000)
 Metaspace       used 66689K, committed 68352K, reserved 1114112K
  class space    used 7109K, committed 7808K, reserved 1048576K
}
Event: 437.934 GC heap after
{Heap after GC invocations=650 (full 4):
 PSYoungGen      total 10240K, used 496K [0x00000000d5580000, 0x00000000d6280000, 0x0000000100000000)
  eden space 9728K, 0% used [0x00000000d5580000,0x00000000d5580000,0x00000000d5f00000)
  from space 512K, 96% used [0x00000000d6080000,0x00000000d60fc010,0x00000000d6100000)
  to   space 1536K, 0% used [0x00000000d5f00000,0x00000000d5f00000,0x00000000d6080000)
 ParOldGen       total 261120K, used 247386K [0x0000000080000000, 0x000000008ff00000, 0x00000000d5580000)
  object space 261120K, 94% used [0x0000000080000000,0x000000008f196970,0x000000008ff00000)
 Metaspace       used 66689K, committed 68352K, reserved 1114112K
  class space    used 7109K, committed 7808K, reserved 1048576K
}

