# JRE version: OpenJDK Runtime Environment Temurin-21.0.9+10 (21.0.9+10) (build 21.0.9+10-LTS)
# Java VM: OpenJDK 64-Bit Server VM Temurin-21.0.9+10 (21.0.9+10-LTS, mixed mode, sharing, tiered, compressed oops, compressed class ptrs, parallel gc, windows-amd64)
GC Precious Log:
 CardTable entry size: 512
 CPUs: 12 total, 12 available
 Memory: 7896M
 Large Page Support: Disabled
 NUMA Support: Disabled
 Compressed Oops: Enabled (32-bit)
 Alignments: Space 512K, Generation 512K, Heap 2M
 Heap Min Capacity: 100M
 Heap Initial Capacity: 100M
 Heap Max Capacity: 2G
 Pre-touch: Disabled
 Parallel Workers: 10
Heap:
 PSYoungGen      total 20480K, used 17466K [0x00000000d5580000, 0x00000000d6c00000, 0x0000000100000000)
  eden space 19456K, 86% used [0x00000000d5580000,0x00000000d65ee988,0x00000000d6880000)
  from space 1024K, 62% used [0x00000000d6900000,0x00000000d69a0000,0x00000000d6a00000)
  to   space 1536K, 0% used [0x00000000d6a80000,0x00000000d6a80000,0x00000000d6c00000)
 ParOldGen       total 78336K, used 78202K [0x0000000080000000, 0x0000000084c80000, 0x00000000d5580000)
  object space 78336K, 99% used [0x0000000080000000,0x0000000084c5e9e0,0x0000000084c80000)
 Metaspace       used 63165K, committed 64704K, reserved 1114112K
  class space    used 6727K, committed 7360K, reserved 1048576K
GC Heap History (20 events):
Event: 16.425 GC heap before
{Heap before GC invocations=75 (full 3):
 PSYoungGen      total 22016K, used 21536K [0x00000000d5580000, 0x00000000d6c00000, 0x0000000100000000)
  eden space 20992K, 100% used [0x00000000d5580000,0x00000000d6a00000,0x00000000d6a00000)
  from space 1024K, 53% used [0x00000000d6a00000,0x00000000d6a88020,0x00000000d6b00000)
  to   space 1024K, 0% used [0x00000000d6b00000,0x00000000d6b00000,0x00000000d6c00000)
 ParOldGen       total 68608K, used 68107K [0x0000000080000000, 0x0000000084300000, 0x00000000d5580000)
  object space 68608K, 99% used [0x0000000080000000,0x0000000084282fc0,0x0000000084300000)
 Metaspace       used 58995K, committed 60416K, reserved 1114112K
  class space    used 6344K, committed 6976K, reserved 1048576K
}
Event: 16.427 GC heap after
{Heap after GC invocations=75 (full 3):
 PSYoungGen      total 22016K, used 576K [0x00000000d5580000, 0x00000000d6c00000, 0x0000000100000000)
  eden space 20992K, 0% used [0x00000000d5580000,0x00000000d5580000,0x00000000d6a00000)
  from space 1024K, 56% used [0x00000000d6b00000,0x00000000d6b90000,0x00000000d6c00000)
  to   space 1024K, 0% used [0x00000000d6a00000,0x00000000d6a00000,0x00000000d6b00000)
 ParOldGen       total 68608K, used 68411K [0x0000000080000000, 0x0000000084300000, 0x00000000d5580000)
  object space 68608K, 99% used [0x0000000080000000,0x00000000842cefc0,0x0000000084300000)
 Metaspace       used 58995K, committed 60416K, reserved 1114112K
  class space    used 6344K, committed 6976K, reserved 1048576K
}
Event: 16.450 GC heap before
{Heap before GC invocations=76 (full 3):
 PSYoungGen      total 22016K, used 21568K [0x00000000d5580000, 0x00000000d6c00000, 0x0000000100000000)
  eden space 20992K, 100% used [0x00000000d5580000,0x00000000d6a00000,0x00000000d6a00000)
  from space 1024K, 56% used [0x00000000d6b00000,0x00000000d6b90000,0x00000000d6c00000)
  to   space 1024K, 0% used [0x00000000d6a00000,0x00000000d6a00000,0x00000000d6b00000)
 ParOldGen       total 68608K, used 68411K [0x0000000080000000, 0x0000000084300000, 0x00000000d5580000)
  object space 68608K, 99% used [0x0000000080000000,0x00000000842cefc0,0x0000000084300000)
 Metaspace       used 58998K, committed 60416K, reserved 1114112K
  class space    used 6344K, committed 6976K, reserved 1048576K
}
Event: 16.452 GC heap after
{Heap after GC invocations=76 (full 3):
 PSYoungGen      total 22016K, used 448K [0x00000000d5580000, 0x00000000d6b80000, 0x0000000100000000)
  eden space 20992K, 0% used [0x00000000d5580000,0x00000000d5580000,0x00000000d6a00000)
  from space 1024K, 43% used [0x00000000d6a00000,0x00000000d6a70000,0x00000000d6b00000)
  to   space 512K, 0% used [0x00000000d6b00000,0x00000000d6b00000,0x00000000d6b80000)
 ParOldGen       total 69120K, used 68787K [0x0000000080000000, 0x0000000084380000, 0x00000000d5580000)
  object space 69120K, 99% used [0x0000000080000000,0x000000008432cfc0,0x0000000084380000)
 Metaspace       used 58998K, committed 60416K, reserved 1114112K
  class space    used 6344K, committed 6976K, reserved 1048576K
}
Event: 16.481 GC heap before
{Heap before GC invocations=77 (full 3):
 PSYoungGen      total 22016K, used 21381K [0x00000000d5580000, 0x00000000d6b80000, 0x0000000100000000)
  eden space 20992K, 99% used [0x00000000d5580000,0x00000000d69f1658,0x00000000d6a00000)
  from space 1024K, 43% used [0x00000000d6a00000,0x00000000d6a70000,0x00000000d6b00000)
  to   space 512K, 0% used [0x00000000d6b00000,0x00000000d6b00000,0x00000000d6b80000)
 ParOldGen       total 69120K, used 68787K [0x0000000080000000, 0x0000000084380000, 0x00000000d5580000)
  object space 69120K, 99% used [0x0000000080000000,0x000000008432cfc0,0x0000000084380000)
 Metaspace       used 59038K, committed 60480K, reserved 1114112K
  class space    used 6347K, committed 6976K, reserved 1048576K
}
Event: 16.483 GC heap after
{Heap after GC invocations=77 (full 3):
 PSYoungGen      total 21504K, used 467K [0x00000000d5580000, 0x00000000d6b80000, 0x0000000100000000)
  eden space 20992K, 0% used [0x00000000d5580000,0x00000000d5580000,0x00000000d6a00000)
  from space 512K, 91% used [0x00000000d6b00000,0x00000000d6b74c50,0x00000000d6b80000)
  to   space 512K, 0% used [0x00000000d6a80000,0x00000000d6a80000,0x00000000d6b00000)
 ParOldGen       total 69120K, used 68987K [0x0000000080000000, 0x0000000084380000, 0x00000000d5580000)
  object space 69120K, 99% used [0x0000000080000000,0x000000008435efc0,0x0000000084380000)
 Metaspace       used 59038K, committed 60480K, reserved 1114112K
  class space    used 6347K, committed 6976K, reserved 1048576K
}
Event: 16.558 GC heap before
{Heap before GC invocations=78 (full 3):
 PSYoungGen      total 21504K, used 21459K [0x00000000d5580000, 0x00000000d6b80000, 0x0000000100000000)
  eden space 20992K, 100% used [0x00000000d5580000,0x00000000d6a00000,0x00000000d6a00000)
  from space 512K, 91% used [0x00000000d6b00000,0x00000000d6b74c50,0x00000000d6b80000)
  to   space 512K, 0% used [0x00000000d6a80000,0x00000000d6a80000,0x00000000d6b00000)
 ParOldGen       total 69120K, used 68987K [0x0000000080000000, 0x0000000084380000, 0x00000000d5580000)
  object space 69120K, 99% used [0x0000000080000000,0x000000008435efc0,0x0000000084380000)
 Metaspace       used 59544K, committed 60992K, reserved 1114112K
  class space    used 6399K, committed 7040K, reserved 1048576K
}
Event: 16.560 GC heap after
{Heap after GC invocations=78 (full 3):
 PSYoungGen      total 21504K, used 512K [0x00000000d5580000, 0x00000000d6e00000, 0x0000000100000000)
  eden space 20992K, 0% used [0x00000000d5580000,0x00000000d5580000,0x00000000d6a00000)
  from space 512K, 100% used [0x00000000d6a80000,0x00000000d6b00000,0x00000000d6b00000)
  to   space 2048K, 0% used [0x00000000d6c00000,0x00000000d6c00000,0x00000000d6e00000)
 ParOldGen       total 70656K, used 70291K [0x0000000080000000, 0x0000000084500000, 0x00000000d5580000)
  object space 70656K, 99% used [0x0000000080000000,0x00000000844a4fd0,0x0000000084500000)
 Metaspace       used 59544K, committed 60992K, reserved 1114112K
  class space    used 6399K, committed 7040K, reserved 1048576K
}
Event: 16.754 GC heap before
{Heap before GC invocations=79 (full 3):
 PSYoungGen      total 21504K, used 21504K [0x00000000d5580000, 0x00000000d6e00000, 0x0000000100000000)
  eden space 20992K, 100% used [0x00000000d5580000,0x00000000d6a00000,0x00000000d6a00000)
  from space 512K, 100% used [0x00000000d6a80000,0x00000000d6b00000,0x00000000d6b00000)
  to   space 2048K, 0% used [0x00000000d6c00000,0x00000000d6c00000,0x00000000d6e00000)
 ParOldGen       total 70656K, used 70291K [0x0000000080000000, 0x0000000084500000, 0x00000000d5580000)
  object space 70656K, 99% used [0x0000000080000000,0x00000000844a4fd0,0x0000000084500000)
 Metaspace       used 60490K, committed 62016K, reserved 1114112K
  class space    used 6497K, committed 7168K, reserved 1048576K
}
Event: 16.757 GC heap after
{Heap after GC invocations=79 (full 3):
 PSYoungGen      total 21504K, used 2023K [0x00000000d5580000, 0x00000000d7100000, 0x0000000100000000)
  eden space 19456K, 0% used [0x00000000d5580000,0x00000000d5580000,0x00000000d6880000)
  from space 2048K, 98% used [0x00000000d6c00000,0x00000000d6df9d90,0x00000000d6e00000)
  to   space 3584K, 0% used [0x00000000d6880000,0x00000000d6880000,0x00000000d6c00000)
 ParOldGen       total 71168K, used 71131K [0x0000000080000000, 0x0000000084580000, 0x00000000d5580000)
  object space 71168K, 99% used [0x0000000080000000,0x0000000084576fe0,0x0000000084580000)
 Metaspace       used 60490K, committed 62016K, reserved 1114112K
  class space    used 6497K, committed 7168K, reserved 1048576K
}
Event: 16.989 GC heap before
{Heap before GC invocations=80 (full 3):
 PSYoungGen      total 21504K, used 21479K [0x00000000d5580000, 0x00000000d7100000, 0x0000000100000000)
  eden space 19456K, 100% used [0x00000000d5580000,0x00000000d6880000,0x00000000d6880000)
  from space 2048K, 98% used [0x00000000d6c00000,0x00000000d6df9d90,0x00000000d6e00000)
  to   space 3584K, 0% used [0x00000000d6880000,0x00000000d6880000,0x00000000d6c00000)
 ParOldGen       total 71168K, used 71131K [0x0000000080000000, 0x0000000084580000, 0x00000000d5580000)
  object space 71168K, 99% used [0x0000000080000000,0x0000000084576fe0,0x0000000084580000)
 Metaspace       used 61641K, committed 63168K, reserved 1114112K
  class space    used 6634K, committed 7296K, reserved 1048576K
}
Event: 16.992 GC heap after
{Heap after GC invocations=80 (full 3):
 PSYoungGen      total 21504K, used 1914K [0x00000000d5580000, 0x00000000d6d80000, 0x0000000100000000)
  eden space 19456K, 0% used [0x00000000d5580000,0x00000000d5580000,0x00000000d6880000)
  from space 2048K, 93% used [0x00000000d6880000,0x00000000d6a5e8a0,0x00000000d6a80000)
  to   space 2560K, 0% used [0x00000000d6b00000,0x00000000d6b00000,0x00000000d6d80000)
 ParOldGen       total 73216K, used 73033K [0x0000000080000000, 0x0000000084780000, 0x00000000d5580000)
  object space 73216K, 99% used [0x0000000080000000,0x00000000847524d0,0x0000000084780000)
 Metaspace       used 61641K, committed 63168K, reserved 1114112K
  class space    used 6634K, committed 7296K, reserved 1048576K
}
Event: 17.163 GC heap before
{Heap before GC invocations=81 (full 3):
 PSYoungGen      total 21504K, used 21370K [0x00000000d5580000, 0x00000000d6d80000, 0x0000000100000000)
  eden space 19456K, 100% used [0x00000000d5580000,0x00000000d6880000,0x00000000d6880000)
  from space 2048K, 93% used [0x00000000d6880000,0x00000000d6a5e8a0,0x00000000d6a80000)
  to   space 2560K, 0% used [0x00000000d6b00000,0x00000000d6b00000,0x00000000d6d80000)
 ParOldGen       total 73216K, used 73033K [0x0000000080000000, 0x0000000084780000, 0x00000000d5580000)
  object space 73216K, 99% used [0x0000000080000000,0x00000000847524d0,0x0000000084780000)
 Metaspace       used 61902K, committed 63424K, reserved 1114112K
  class space    used 6646K, committed 7296K, reserved 1048576K
}
Event: 17.167 GC heap after
{Heap after GC invocations=81 (full 3):
 PSYoungGen      total 20480K, used 1024K [0x00000000d5580000, 0x00000000d6c00000, 0x0000000100000000)
  eden space 19456K, 0% used [0x00000000d5580000,0x00000000d5580000,0x00000000d6880000)
  from space 1024K, 100% used [0x00000000d6b00000,0x00000000d6c00000,0x00000000d6c00000)
  to   space 1536K, 0% used [0x00000000d6900000,0x00000000d6900000,0x00000000d6a80000)
 ParOldGen       total 74752K, used 74681K [0x0000000080000000, 0x0000000084900000, 0x00000000d5580000)
  object space 74752K, 99% used [0x0000000080000000,0x00000000848ee560,0x0000000084900000)
 Metaspace       used 61902K, committed 63424K, reserved 1114112K
  class space    used 6646K, committed 7296K, reserved 1048576K
}
Event: 17.287 GC heap before
{Heap before GC invocations=82 (full 3):
 PSYoungGen      total 20480K, used 20480K [0x00000000d5580000, 0x00000000d6c00000, 0x0000000100000000)
  eden space 19456K, 100% used [0x00000000d5580000,0x00000000d6880000,0x00000000d6880000)
  from space 1024K, 100% used [0x00000000d6b00000,0x00000000d6c00000,0x00000000d6c00000)
  to   space 1536K, 0% used [0x00000000d6900000,0x00000000d6900000,0x00000000d6a80000)
 ParOldGen       total 74752K, used 74681K [0x0000000080000000, 0x0000000084900000, 0x00000000d5580000)
  object space 74752K, 99% used [0x0000000080000000,0x00000000848ee560,0x0000000084900000)
 Metaspace       used 62047K, committed 63552K, reserved 1114112K
  class space    used 6646K, committed 7296K, reserved 1048576K
}
Event: 17.290 GC heap after
{Heap after GC invocations=82 (full 3):
 PSYoungGen      total 20992K, used 1525K [0x00000000d5580000, 0x00000000d6e80000, 0x0000000100000000)
  eden space 19456K, 0% used [0x00000000d5580000,0x00000000d5580000,0x00000000d6880000)
  from space 1536K, 99% used [0x00000000d6900000,0x00000000d6a7d708,0x00000000d6a80000)
  to   space 3072K, 0% used [0x00000000d6b80000,0x00000000d6b80000,0x00000000d6e80000)
 ParOldGen       total 76288K, used 75833K [0x0000000080000000, 0x0000000084a80000, 0x00000000d5580000)
  object space 76288K, 99% used [0x0000000080000000,0x0000000084a0e560,0x0000000084a80000)
 Metaspace       used 62047K, committed 63552K, reserved 1114112K
  class space    used 6646K, committed 7296K, reserved 1048576K
}
Event: 17.452 GC heap before
{Heap before GC invocations=83 (full 3):
 PSYoungGen      total 20992K, used 20981K [0x00000000d5580000, 0x00000000d6e80000, 0x0000000100000000)
  eden space 19456K, 100% used [0x00000000d5580000,0x00000000d6880000,0x00000000d6880000)
  from space 1536K, 99% used [0x00000000d6900000,0x00000000d6a7d708,0x00000000d6a80000)
  to   space 3072K, 0% used [0x00000000d6b80000,0x00000000d6b80000,0x00000000d6e80000)
 ParOldGen       total 76288K, used 75833K [0x0000000080000000, 0x0000000084a80000, 0x00000000d5580000)
  object space 76288K, 99% used [0x0000000080000000,0x0000000084a0e560,0x0000000084a80000)
 Metaspace       used 62268K, committed 63808K, reserved 1114112K
  class space    used 6661K, committed 7296K, reserved 1048576K
}
Event: 17.455 GC heap after
{Heap after GC invocations=83 (full 3):
 PSYoungGen      total 22016K, used 2238K [0x00000000d5580000, 0x00000000d6e00000, 0x0000000100000000)
  eden space 19456K, 0% used [0x00000000d5580000,0x00000000d5580000,0x00000000d6880000)
  from space 2560K, 87% used [0x00000000d6b80000,0x00000000d6daf8c8,0x00000000d6e00000)
  to   space 2560K, 0% used [0x00000000d6900000,0x00000000d6900000,0x00000000d6b80000)
 ParOldGen       total 77312K, used 77165K [0x0000000080000000, 0x0000000084b80000, 0x00000000d5580000)
  object space 77312K, 99% used [0x0000000080000000,0x0000000084b5b650,0x0000000084b80000)
 Metaspace       used 62268K, committed 63808K, reserved 1114112K
  class space    used 6661K, committed 7296K, reserved 1048576K
}
Event: 17.904 GC heap before
{Heap before GC invocations=84 (full 3):
 PSYoungGen      total 22016K, used 21553K [0x00000000d5580000, 0x00000000d6e00000, 0x0000000100000000)
  eden space 19456K, 99% used [0x00000000d5580000,0x00000000d685ce48,0x00000000d6880000)
  from space 2560K, 87% used [0x00000000d6b80000,0x00000000d6daf8c8,0x00000000d6e00000)
  to   space 2560K, 0% used [0x00000000d6900000,0x00000000d6900000,0x00000000d6b80000)
 ParOldGen       total 77312K, used 77165K [0x0000000080000000, 0x0000000084b80000, 0x00000000d5580000)
  object space 77312K, 99% used [0x0000000080000000,0x0000000084b5b650,0x0000000084b80000)
 Metaspace       used 62961K, committed 64512K, reserved 1114112K
  class space    used 6714K, committed 7360K, reserved 1048576K
}
Event: 17.907 GC heap after
{Heap after GC invocations=84 (full 3):
 PSYoungGen      total 20480K, used 640K [0x00000000d5580000, 0x00000000d6c00000, 0x0000000100000000)
  eden space 19456K, 0% used [0x00000000d5580000,0x00000000d5580000,0x00000000d6880000)
  from space 1024K, 62% used [0x00000000d6900000,0x00000000d69a0000,0x00000000d6a00000)
  to   space 1536K, 0% used [0x00000000d6a80000,0x00000000d6a80000,0x00000000d6c00000)
 ParOldGen       total 78336K, used 78202K [0x0000000080000000, 0x0000000084c80000, 0x00000000d5580000)
  object space 78336K, 99% used [0x0000000080000000,0x0000000084c5e9e0,0x0000000084c80000)
 Metaspace       used 62961K, committed 64512K, reserved 1114112K
  class space    used 6714K, committed 7360K, reserved 1048576K
}

