# JRE version: OpenJDK Runtime Environment Temurin-21.0.8+9 (21.0.8+9) (build 21.0.8+9-LTS)
# Java VM: OpenJDK 64-Bit Server VM Temurin-21.0.8+9 (21.0.8+9-LTS, mixed mode, sharing, tiered, compressed oops, compressed class ptrs, parallel gc, windows-amd64)
GC Precious Log:
 CardTable entry size: 512
 CPUs: 12 total, 12 available
 Memory: 7896M
 Large Page Support: Disabled
 NUMA Support: Disabled
 Compressed Oops: Enabled (32-bit)
 Alignments: Space 512K, Generation 512K, Heap 2M
 Heap Min Capacity: 100M
 Heap Initial Capacity: 100M
 Heap Max Capacity: 2G
 Pre-touch: Disabled
 Parallel Workers: 10
Heap:
 PSYoungGen      total 4608K, used 3030K [0x00000000d5580000, 0x00000000d5c80000, 0x0000000100000000)
  eden space 4096K, 62% used [0x00000000d5580000,0x00000000d57fb248,0x00000000d5980000)
  from space 512K, 95% used [0x00000000d5c00000,0x00000000d5c7a930,0x00000000d5c80000)
  to   space 1024K, 0% used [0x00000000d5a80000,0x00000000d5a80000,0x00000000d5b80000)
 ParOldGen       total 359936K, used 359822K [0x0000000080000000, 0x0000000095f80000, 0x00000000d5580000)
  object space 359936K, 99% used [0x0000000080000000,0x0000000095f63ac8,0x0000000095f80000)
 Metaspace       used 81437K, committed 83264K, reserved 1179648K
  class space    used 8665K, committed 9472K, reserved 1048576K
GC Heap History (20 events):
Event: 1364.126 GC heap before
{Heap before GC invocations=412 (full 3):
 PSYoungGen      total 4608K, used 4577K [0x00000000d5580000, 0x00000000d5d00000, 0x0000000100000000)
  eden space 4096K, 100% used [0x00000000d5580000,0x00000000d5980000,0x00000000d5980000)
  from space 512K, 94% used [0x00000000d5c80000,0x00000000d5cf8750,0x00000000d5d00000)
  to   space 1024K, 0% used [0x00000000d5b00000,0x00000000d5b00000,0x00000000d5c00000)
 ParOldGen       total 358400K, used 358128K [0x0000000080000000, 0x0000000095e00000, 0x00000000d5580000)
  object space 358400K, 99% used [0x0000000080000000,0x0000000095dbc278,0x0000000095e00000)
 Metaspace       used 79530K, committed 81280K, reserved 1179648K
  class space    used 8364K, committed 9152K, reserved 1048576K
}
Event: 1364.128 GC heap after
{Heap after GC invocations=412 (full 3):
 PSYoungGen      total 5120K, used 192K [0x00000000d5580000, 0x00000000d5d00000, 0x0000000100000000)
  eden space 4096K, 0% used [0x00000000d5580000,0x00000000d5580000,0x00000000d5980000)
  from space 1024K, 18% used [0x00000000d5b00000,0x00000000d5b30000,0x00000000d5c00000)
  to   space 512K, 0% used [0x00000000d5c80000,0x00000000d5c80000,0x00000000d5d00000)
 ParOldGen       total 358400K, used 358354K [0x0000000080000000, 0x0000000095e00000, 0x00000000d5580000)
  object space 358400K, 99% used [0x0000000080000000,0x0000000095df4848,0x0000000095e00000)
 Metaspace       used 79530K, committed 81280K, reserved 1179648K
  class space    used 8364K, committed 9152K, reserved 1048576K
}
Event: 1364.184 GC heap before
{Heap before GC invocations=413 (full 3):
 PSYoungGen      total 5120K, used 4288K [0x00000000d5580000, 0x00000000d5d00000, 0x0000000100000000)
  eden space 4096K, 100% used [0x00000000d5580000,0x00000000d5980000,0x00000000d5980000)
  from space 1024K, 18% used [0x00000000d5b00000,0x00000000d5b30000,0x00000000d5c00000)
  to   space 512K, 0% used [0x00000000d5c80000,0x00000000d5c80000,0x00000000d5d00000)
 ParOldGen       total 358400K, used 358354K [0x0000000080000000, 0x0000000095e00000, 0x00000000d5580000)
  object space 358400K, 99% used [0x0000000080000000,0x0000000095df4848,0x0000000095e00000)
 Metaspace       used 79996K, committed 81728K, reserved 1179648K
  class space    used 8439K, committed 9216K, reserved 1048576K
}
Event: 1364.186 GC heap after
{Heap after GC invocations=413 (full 3):
 PSYoungGen      total 4608K, used 368K [0x00000000d5580000, 0x00000000d5d00000, 0x0000000100000000)
  eden space 4096K, 0% used [0x00000000d5580000,0x00000000d5580000,0x00000000d5980000)
  from space 512K, 71% used [0x00000000d5c80000,0x00000000d5cdc010,0x00000000d5d00000)
  to   space 512K, 0% used [0x00000000d5c00000,0x00000000d5c00000,0x00000000d5c80000)
 ParOldGen       total 358912K, used 358442K [0x0000000080000000, 0x0000000095e80000, 0x00000000d5580000)
  object space 358912K, 99% used [0x0000000080000000,0x0000000095e0a848,0x0000000095e80000)
 Metaspace       used 79996K, committed 81728K, reserved 1179648K
  class space    used 8439K, committed 9216K, reserved 1048576K
}
Event: 1364.235 GC heap before
{Heap before GC invocations=414 (full 3):
 PSYoungGen      total 4608K, used 4464K [0x00000000d5580000, 0x00000000d5d00000, 0x0000000100000000)
  eden space 4096K, 100% used [0x00000000d5580000,0x00000000d5980000,0x00000000d5980000)
  from space 512K, 71% used [0x00000000d5c80000,0x00000000d5cdc010,0x00000000d5d00000)
  to   space 512K, 0% used [0x00000000d5c00000,0x00000000d5c00000,0x00000000d5c80000)
 ParOldGen       total 358912K, used 358442K [0x0000000080000000, 0x0000000095e80000, 0x00000000d5580000)
  object space 358912K, 99% used [0x0000000080000000,0x0000000095e0a848,0x0000000095e80000)
 Metaspace       used 80280K, committed 82048K, reserved 1179648K
  class space    used 8517K, committed 9280K, reserved 1048576K
}
Event: 1364.236 GC heap after
{Heap after GC invocations=414 (full 3):
 PSYoungGen      total 4608K, used 192K [0x00000000d5580000, 0x00000000d5d00000, 0x0000000100000000)
  eden space 4096K, 0% used [0x00000000d5580000,0x00000000d5580000,0x00000000d5980000)
  from space 512K, 37% used [0x00000000d5c00000,0x00000000d5c30000,0x00000000d5c80000)
  to   space 512K, 0% used [0x00000000d5c80000,0x00000000d5c80000,0x00000000d5d00000)
 ParOldGen       total 358912K, used 358578K [0x0000000080000000, 0x0000000095e80000, 0x00000000d5580000)
  object space 358912K, 99% used [0x0000000080000000,0x0000000095e2c878,0x0000000095e80000)
 Metaspace       used 80280K, committed 82048K, reserved 1179648K
  class space    used 8517K, committed 9280K, reserved 1048576K
}
Event: 1364.285 GC heap before
{Heap before GC invocations=415 (full 3):
 PSYoungGen      total 4608K, used 4288K [0x00000000d5580000, 0x00000000d5d00000, 0x0000000100000000)
  eden space 4096K, 100% used [0x00000000d5580000,0x00000000d5980000,0x00000000d5980000)
  from space 512K, 37% used [0x00000000d5c00000,0x00000000d5c30000,0x00000000d5c80000)
  to   space 512K, 0% used [0x00000000d5c80000,0x00000000d5c80000,0x00000000d5d00000)
 ParOldGen       total 358912K, used 358578K [0x0000000080000000, 0x0000000095e80000, 0x00000000d5580000)
  object space 358912K, 99% used [0x0000000080000000,0x0000000095e2c878,0x0000000095e80000)
 Metaspace       used 80721K, committed 82496K, reserved 1179648K
  class space    used 8595K, committed 9408K, reserved 1048576K
}
Event: 1364.286 GC heap after
{Heap after GC invocations=415 (full 3):
 PSYoungGen      total 4608K, used 320K [0x00000000d5580000, 0x00000000d5d00000, 0x0000000100000000)
  eden space 4096K, 0% used [0x00000000d5580000,0x00000000d5580000,0x00000000d5980000)
  from space 512K, 62% used [0x00000000d5c80000,0x00000000d5cd0000,0x00000000d5d00000)
  to   space 512K, 0% used [0x00000000d5c00000,0x00000000d5c00000,0x00000000d5c80000)
 ParOldGen       total 358912K, used 358666K [0x0000000080000000, 0x0000000095e80000, 0x00000000d5580000)
  object space 358912K, 99% used [0x0000000080000000,0x0000000095e42878,0x0000000095e80000)
 Metaspace       used 80721K, committed 82496K, reserved 1179648K
  class space    used 8595K, committed 9408K, reserved 1048576K
}
Event: 1365.775 GC heap before
{Heap before GC invocations=416 (full 3):
 PSYoungGen      total 4608K, used 4415K [0x00000000d5580000, 0x00000000d5d00000, 0x0000000100000000)
  eden space 4096K, 99% used [0x00000000d5580000,0x00000000d597ff68,0x00000000d5980000)
  from space 512K, 62% used [0x00000000d5c80000,0x00000000d5cd0000,0x00000000d5d00000)
  to   space 512K, 0% used [0x00000000d5c00000,0x00000000d5c00000,0x00000000d5c80000)
 ParOldGen       total 358912K, used 358666K [0x0000000080000000, 0x0000000095e80000, 0x00000000d5580000)
  object space 358912K, 99% used [0x0000000080000000,0x0000000095e42878,0x0000000095e80000)
 Metaspace       used 81311K, committed 83136K, reserved 1179648K
  class space    used 8655K, committed 9472K, reserved 1048576K
}
Event: 1365.777 GC heap after
{Heap after GC invocations=416 (full 3):
 PSYoungGen      total 4608K, used 384K [0x00000000d5580000, 0x00000000d5d00000, 0x0000000100000000)
  eden space 4096K, 0% used [0x00000000d5580000,0x00000000d5580000,0x00000000d5980000)
  from space 512K, 75% used [0x00000000d5c00000,0x00000000d5c60000,0x00000000d5c80000)
  to   space 512K, 0% used [0x00000000d5c80000,0x00000000d5c80000,0x00000000d5d00000)
 ParOldGen       total 358912K, used 358754K [0x0000000080000000, 0x0000000095e80000, 0x00000000d5580000)
  object space 358912K, 99% used [0x0000000080000000,0x0000000095e58878,0x0000000095e80000)
 Metaspace       used 81311K, committed 83136K, reserved 1179648K
  class space    used 8655K, committed 9472K, reserved 1048576K
}
Event: 1409.308 GC heap before
{Heap before GC invocations=417 (full 3):
 PSYoungGen      total 4608K, used 4480K [0x00000000d5580000, 0x00000000d5d00000, 0x0000000100000000)
  eden space 4096K, 100% used [0x00000000d5580000,0x00000000d5980000,0x00000000d5980000)
  from space 512K, 75% used [0x00000000d5c00000,0x00000000d5c60000,0x00000000d5c80000)
  to   space 512K, 0% used [0x00000000d5c80000,0x00000000d5c80000,0x00000000d5d00000)
 ParOldGen       total 358912K, used 358754K [0x0000000080000000, 0x0000000095e80000, 0x00000000d5580000)
  object space 358912K, 99% used [0x0000000080000000,0x0000000095e58878,0x0000000095e80000)
 Metaspace       used 81372K, committed 83264K, reserved 1179648K
  class space    used 8665K, committed 9472K, reserved 1048576K
}
Event: 1409.310 GC heap after
{Heap after GC invocations=417 (full 3):
 PSYoungGen      total 4608K, used 506K [0x00000000d5580000, 0x00000000d5d00000, 0x0000000100000000)
  eden space 4096K, 0% used [0x00000000d5580000,0x00000000d5580000,0x00000000d5980000)
  from space 512K, 98% used [0x00000000d5c80000,0x00000000d5cfe900,0x00000000d5d00000)
  to   space 1024K, 0% used [0x00000000d5b00000,0x00000000d5b00000,0x00000000d5c00000)
 ParOldGen       total 359424K, used 359058K [0x0000000080000000, 0x0000000095f00000, 0x00000000d5580000)
  object space 359424K, 99% used [0x0000000080000000,0x0000000095ea4898,0x0000000095f00000)
 Metaspace       used 81372K, committed 83264K, reserved 1179648K
  class space    used 8665K, committed 9472K, reserved 1048576K
}
Event: 1409.534 GC heap before
{Heap before GC invocations=418 (full 3):
 PSYoungGen      total 4608K, used 4602K [0x00000000d5580000, 0x00000000d5d00000, 0x0000000100000000)
  eden space 4096K, 100% used [0x00000000d5580000,0x00000000d5980000,0x00000000d5980000)
  from space 512K, 98% used [0x00000000d5c80000,0x00000000d5cfe900,0x00000000d5d00000)
  to   space 1024K, 0% used [0x00000000d5b00000,0x00000000d5b00000,0x00000000d5c00000)
 ParOldGen       total 359424K, used 359058K [0x0000000080000000, 0x0000000095f00000, 0x00000000d5580000)
  object space 359424K, 99% used [0x0000000080000000,0x0000000095ea4898,0x0000000095f00000)
 Metaspace       used 81374K, committed 83264K, reserved 1179648K
  class space    used 8665K, committed 9472K, reserved 1048576K
}
Event: 1409.536 GC heap after
{Heap after GC invocations=418 (full 3):
 PSYoungGen      total 5120K, used 788K [0x00000000d5580000, 0x00000000d5d00000, 0x0000000100000000)
  eden space 4096K, 0% used [0x00000000d5580000,0x00000000d5580000,0x00000000d5980000)
  from space 1024K, 77% used [0x00000000d5b00000,0x00000000d5bc5200,0x00000000d5c00000)
  to   space 1024K, 0% used [0x00000000d5c00000,0x00000000d5c00000,0x00000000d5d00000)
 ParOldGen       total 359936K, used 359598K [0x0000000080000000, 0x0000000095f80000, 0x00000000d5580000)
  object space 359936K, 99% used [0x0000000080000000,0x0000000095f2baa8,0x0000000095f80000)
 Metaspace       used 81374K, committed 83264K, reserved 1179648K
  class space    used 8665K, committed 9472K, reserved 1048576K
}
Event: 1409.707 GC heap before
{Heap before GC invocations=419 (full 3):
 PSYoungGen      total 5120K, used 4884K [0x00000000d5580000, 0x00000000d5d00000, 0x0000000100000000)
  eden space 4096K, 100% used [0x00000000d5580000,0x00000000d5980000,0x00000000d5980000)
  from space 1024K, 77% used [0x00000000d5b00000,0x00000000d5bc5200,0x00000000d5c00000)
  to   space 1024K, 0% used [0x00000000d5c00000,0x00000000d5c00000,0x00000000d5d00000)
 ParOldGen       total 359936K, used 359598K [0x0000000080000000, 0x0000000095f80000, 0x00000000d5580000)
  object space 359936K, 99% used [0x0000000080000000,0x0000000095f2baa8,0x0000000095f80000)
 Metaspace       used 81375K, committed 83264K, reserved 1179648K
  class space    used 8665K, committed 9472K, reserved 1048576K
}
Event: 1409.709 GC heap after
{Heap after GC invocations=419 (full 3):
 PSYoungGen      total 5120K, used 586K [0x00000000d5580000, 0x00000000d5d00000, 0x0000000100000000)
  eden space 4096K, 0% used [0x00000000d5580000,0x00000000d5580000,0x00000000d5980000)
  from space 1024K, 57% used [0x00000000d5c00000,0x00000000d5c92910,0x00000000d5d00000)
  to   space 1024K, 0% used [0x00000000d5b00000,0x00000000d5b00000,0x00000000d5c00000)
 ParOldGen       total 359936K, used 359710K [0x0000000080000000, 0x0000000095f80000, 0x00000000d5580000)
  object space 359936K, 99% used [0x0000000080000000,0x0000000095f47aa8,0x0000000095f80000)
 Metaspace       used 81375K, committed 83264K, reserved 1179648K
  class space    used 8665K, committed 9472K, reserved 1048576K
}
Event: 1576.696 GC heap before
{Heap before GC invocations=420 (full 3):
 PSYoungGen      total 5120K, used 4682K [0x00000000d5580000, 0x00000000d5d00000, 0x0000000100000000)
  eden space 4096K, 99% used [0x00000000d5580000,0x00000000d597ffe0,0x00000000d5980000)
  from space 1024K, 57% used [0x00000000d5c00000,0x00000000d5c92910,0x00000000d5d00000)
  to   space 1024K, 0% used [0x00000000d5b00000,0x00000000d5b00000,0x00000000d5c00000)
 ParOldGen       total 359936K, used 359710K [0x0000000080000000, 0x0000000095f80000, 0x00000000d5580000)
  object space 359936K, 99% used [0x0000000080000000,0x0000000095f47aa8,0x0000000095f80000)
 Metaspace       used 81395K, committed 83264K, reserved 1179648K
  class space    used 8665K, committed 9472K, reserved 1048576K
}
Event: 1576.715 GC heap after
{Heap after GC invocations=420 (full 3):
 PSYoungGen      total 5120K, used 634K [0x00000000d5580000, 0x00000000d5c80000, 0x0000000100000000)
  eden space 4096K, 0% used [0x00000000d5580000,0x00000000d5580000,0x00000000d5980000)
  from space 1024K, 61% used [0x00000000d5b00000,0x00000000d5b9e920,0x00000000d5c00000)
  to   space 512K, 0% used [0x00000000d5c00000,0x00000000d5c00000,0x00000000d5c80000)
 ParOldGen       total 359936K, used 359710K [0x0000000080000000, 0x0000000095f80000, 0x00000000d5580000)
  object space 359936K, 99% used [0x0000000080000000,0x0000000095f47aa8,0x0000000095f80000)
 Metaspace       used 81395K, committed 83264K, reserved 1179648K
  class space    used 8665K, committed 9472K, reserved 1048576K
}
Event: 1577.884 GC heap before
{Heap before GC invocations=421 (full 3):
 PSYoungGen      total 5120K, used 4730K [0x00000000d5580000, 0x00000000d5c80000, 0x0000000100000000)
  eden space 4096K, 100% used [0x00000000d5580000,0x00000000d5980000,0x00000000d5980000)
  from space 1024K, 61% used [0x00000000d5b00000,0x00000000d5b9e920,0x00000000d5c00000)
  to   space 512K, 0% used [0x00000000d5c00000,0x00000000d5c00000,0x00000000d5c80000)
 ParOldGen       total 359936K, used 359710K [0x0000000080000000, 0x0000000095f80000, 0x00000000d5580000)
  object space 359936K, 99% used [0x0000000080000000,0x0000000095f47aa8,0x0000000095f80000)
 Metaspace       used 81432K, committed 83264K, reserved 1179648K
  class space    used 8665K, committed 9472K, reserved 1048576K
}
Event: 1577.886 GC heap after
{Heap after GC invocations=421 (full 3):
 PSYoungGen      total 4608K, used 490K [0x00000000d5580000, 0x00000000d5c80000, 0x0000000100000000)
  eden space 4096K, 0% used [0x00000000d5580000,0x00000000d5580000,0x00000000d5980000)
  from space 512K, 95% used [0x00000000d5c00000,0x00000000d5c7a930,0x00000000d5c80000)
  to   space 1024K, 0% used [0x00000000d5a80000,0x00000000d5a80000,0x00000000d5b80000)
 ParOldGen       total 359936K, used 359822K [0x0000000080000000, 0x0000000095f80000, 0x00000000d5580000)
  object space 359936K, 99% used [0x0000000080000000,0x0000000095f63ac8,0x0000000095f80000)
 Metaspace       used 81432K, committed 83264K, reserved 1179648K
  class space    used 8665K, committed 9472K, reserved 1048576K
}

