# JRE version: OpenJDK Runtime Environment Temurin-21.0.9+10 (21.0.9+10) (build 21.0.9+10-LTS)
# Java VM: OpenJDK 64-Bit Server VM Temurin-21.0.9+10 (21.0.9+10-LTS, mixed mode, sharing, tiered, compressed oops, compressed class ptrs, parallel gc, windows-amd64)
GC Precious Log:
 CardTable entry size: 512
 CPUs: 12 total, 12 available
 Memory: 7896M
 Large Page Support: Disabled
 NUMA Support: Disabled
 Compressed Oops: Enabled (32-bit)
 Alignments: Space 512K, Generation 512K, Heap 2M
 Heap Min Capacity: 100M
 Heap Initial Capacity: 100M
 Heap Max Capacity: 2G
 Pre-touch: Disabled
 Parallel Workers: 10
Heap:
 PSYoungGen      total 27136K, used 20369K [0x00000000d5580000, 0x00000000d7980000, 0x0000000100000000)
  eden space 22016K, 71% used [0x00000000d5580000,0x00000000d64d06f0,0x00000000d6b00000)
  from space 5120K, 91% used [0x00000000d7480000,0x00000000d7914010,0x00000000d7980000)
  to   space 6144K, 0% used [0x00000000d6d80000,0x00000000d6d80000,0x00000000d7380000)
 ParOldGen       total 68608K, used 30205K [0x0000000080000000, 0x0000000084300000, 0x00000000d5580000)
  object space 68608K, 44% used [0x0000000080000000,0x0000000081d7f520,0x0000000084300000)
 Metaspace       used 46538K, committed 47808K, reserved 1114112K
  class space    used 5082K, committed 5632K, reserved 1048576K
GC Heap History (20 events):
Event: 13.963 GC heap before
{Heap before GC invocations=11 (full 1):
 PSYoungGen      total 25088K, used 24578K [0x00000000d5580000, 0x00000000d7380000, 0x0000000100000000)
  eden space 23552K, 98% used [0x00000000d5580000,0x00000000d6c1f238,0x00000000d6c80000)
  from space 1536K, 92% used [0x00000000d6f00000,0x00000000d70616c0,0x00000000d7080000)
  to   space 2048K, 0% used [0x00000000d7180000,0x00000000d7180000,0x00000000d7380000)
 ParOldGen       total 68608K, used 13439K [0x0000000080000000, 0x0000000084300000, 0x00000000d5580000)
  object space 68608K, 19% used [0x0000000080000000,0x0000000080d1fc48,0x0000000084300000)
 Metaspace       used 29061K, committed 30016K, reserved 1114112K
  class space    used 3021K, committed 3456K, reserved 1048576K
}
Event: 13.964 GC heap after
{Heap after GC invocations=11 (full 1):
 PSYoungGen      total 24064K, used 980K [0x00000000d5580000, 0x00000000d7280000, 0x0000000100000000)
  eden space 23040K, 0% used [0x00000000d5580000,0x00000000d5580000,0x00000000d6c00000)
  from space 1024K, 95% used [0x00000000d7180000,0x00000000d7275158,0x00000000d7280000)
  to   space 1536K, 0% used [0x00000000d6f80000,0x00000000d6f80000,0x00000000d7100000)
 ParOldGen       total 68608K, used 14277K [0x0000000080000000, 0x0000000084300000, 0x00000000d5580000)
  object space 68608K, 20% used [0x0000000080000000,0x0000000080df17b0,0x0000000084300000)
 Metaspace       used 29061K, committed 30016K, reserved 1114112K
  class space    used 3021K, committed 3456K, reserved 1048576K
}
Event: 14.085 GC heap before
{Heap before GC invocations=12 (full 1):
 PSYoungGen      total 24064K, used 24020K [0x00000000d5580000, 0x00000000d7280000, 0x0000000100000000)
  eden space 23040K, 100% used [0x00000000d5580000,0x00000000d6c00000,0x00000000d6c00000)
  from space 1024K, 95% used [0x00000000d7180000,0x00000000d7275158,0x00000000d7280000)
  to   space 1536K, 0% used [0x00000000d6f80000,0x00000000d6f80000,0x00000000d7100000)
 ParOldGen       total 68608K, used 14277K [0x0000000080000000, 0x0000000084300000, 0x00000000d5580000)
  object space 68608K, 20% used [0x0000000080000000,0x0000000080df17b0,0x0000000084300000)
 Metaspace       used 29907K, committed 30848K, reserved 1114112K
  class space    used 3096K, committed 3520K, reserved 1048576K
}
Event: 14.088 GC heap after
{Heap after GC invocations=12 (full 1):
 PSYoungGen      total 24064K, used 1453K [0x00000000d5580000, 0x00000000d7200000, 0x0000000100000000)
  eden space 22528K, 0% used [0x00000000d5580000,0x00000000d5580000,0x00000000d6b80000)
  from space 1536K, 94% used [0x00000000d6f80000,0x00000000d70eb510,0x00000000d7100000)
  to   space 1024K, 0% used [0x00000000d7100000,0x00000000d7100000,0x00000000d7200000)
 ParOldGen       total 68608K, used 15807K [0x0000000080000000, 0x0000000084300000, 0x00000000d5580000)
  object space 68608K, 23% used [0x0000000080000000,0x0000000080f6fd58,0x0000000084300000)
 Metaspace       used 29907K, committed 30848K, reserved 1114112K
  class space    used 3096K, committed 3520K, reserved 1048576K
}
Event: 14.280 GC heap before
{Heap before GC invocations=13 (full 1):
 PSYoungGen      total 24064K, used 23981K [0x00000000d5580000, 0x00000000d7200000, 0x0000000100000000)
  eden space 22528K, 100% used [0x00000000d5580000,0x00000000d6b80000,0x00000000d6b80000)
  from space 1536K, 94% used [0x00000000d6f80000,0x00000000d70eb510,0x00000000d7100000)
  to   space 1024K, 0% used [0x00000000d7100000,0x00000000d7100000,0x00000000d7200000)
 ParOldGen       total 68608K, used 15807K [0x0000000080000000, 0x0000000084300000, 0x00000000d5580000)
  object space 68608K, 23% used [0x0000000080000000,0x0000000080f6fe68,0x0000000084300000)
 Metaspace       used 31917K, committed 32960K, reserved 1114112K
  class space    used 3309K, committed 3776K, reserved 1048576K
}
Event: 14.281 GC heap after
{Heap after GC invocations=13 (full 1):
 PSYoungGen      total 23552K, used 1003K [0x00000000d5580000, 0x00000000d7200000, 0x0000000100000000)
  eden space 22528K, 0% used [0x00000000d5580000,0x00000000d5580000,0x00000000d6b80000)
  from space 1024K, 97% used [0x00000000d7100000,0x00000000d71fae00,0x00000000d7200000)
  to   space 2560K, 0% used [0x00000000d6d00000,0x00000000d6d00000,0x00000000d6f80000)
 ParOldGen       total 68608K, used 17076K [0x0000000080000000, 0x0000000084300000, 0x00000000d5580000)
  object space 68608K, 24% used [0x0000000080000000,0x00000000810ad3b8,0x0000000084300000)
 Metaspace       used 31917K, committed 32960K, reserved 1114112K
  class space    used 3309K, committed 3776K, reserved 1048576K
}
Event: 14.539 GC heap before
{Heap before GC invocations=14 (full 1):
 PSYoungGen      total 23552K, used 22901K [0x00000000d5580000, 0x00000000d7200000, 0x0000000100000000)
  eden space 22528K, 97% used [0x00000000d5580000,0x00000000d6ae26a0,0x00000000d6b80000)
  from space 1024K, 97% used [0x00000000d7100000,0x00000000d71fae00,0x00000000d7200000)
  to   space 2560K, 0% used [0x00000000d6d00000,0x00000000d6d00000,0x00000000d6f80000)
 ParOldGen       total 68608K, used 17076K [0x0000000080000000, 0x0000000084300000, 0x00000000d5580000)
  object space 68608K, 24% used [0x0000000080000000,0x00000000810ad3b8,0x0000000084300000)
 Metaspace       used 34791K, committed 35840K, reserved 1114112K
  class space    used 3635K, committed 4096K, reserved 1048576K
}
Event: 14.541 GC heap after
{Heap after GC invocations=14 (full 1):
 PSYoungGen      total 25088K, used 1378K [0x00000000d5580000, 0x00000000d7180000, 0x0000000100000000)
  eden space 22528K, 0% used [0x00000000d5580000,0x00000000d5580000,0x00000000d6b80000)
  from space 2560K, 53% used [0x00000000d6d00000,0x00000000d6e58b10,0x00000000d6f80000)
  to   space 2048K, 0% used [0x00000000d6f80000,0x00000000d6f80000,0x00000000d7180000)
 ParOldGen       total 68608K, used 17815K [0x0000000080000000, 0x0000000084300000, 0x00000000d5580000)
  object space 68608K, 25% used [0x0000000080000000,0x0000000081165df8,0x0000000084300000)
 Metaspace       used 34791K, committed 35840K, reserved 1114112K
  class space    used 3635K, committed 4096K, reserved 1048576K
}
Event: 14.541 GC heap before
{Heap before GC invocations=15 (full 2):
 PSYoungGen      total 25088K, used 1378K [0x00000000d5580000, 0x00000000d7180000, 0x0000000100000000)
  eden space 22528K, 0% used [0x00000000d5580000,0x00000000d5580000,0x00000000d6b80000)
  from space 2560K, 53% used [0x00000000d6d00000,0x00000000d6e58b10,0x00000000d6f80000)
  to   space 2048K, 0% used [0x00000000d6f80000,0x00000000d6f80000,0x00000000d7180000)
 ParOldGen       total 68608K, used 17815K [0x0000000080000000, 0x0000000084300000, 0x00000000d5580000)
  object space 68608K, 25% used [0x0000000080000000,0x0000000081165df8,0x0000000084300000)
 Metaspace       used 34791K, committed 35840K, reserved 1114112K
  class space    used 3635K, committed 4096K, reserved 1048576K
}
Event: 14.567 GC heap after
{Heap after GC invocations=15 (full 2):
 PSYoungGen      total 25088K, used 0K [0x00000000d5580000, 0x00000000d7180000, 0x0000000100000000)
  eden space 22528K, 0% used [0x00000000d5580000,0x00000000d5580000,0x00000000d6b80000)
  from space 2560K, 0% used [0x00000000d6d00000,0x00000000d6d00000,0x00000000d6f80000)
  to   space 2048K, 0% used [0x00000000d6f80000,0x00000000d6f80000,0x00000000d7180000)
 ParOldGen       total 68608K, used 18525K [0x0000000080000000, 0x0000000084300000, 0x00000000d5580000)
  object space 68608K, 27% used [0x0000000080000000,0x00000000812174a8,0x0000000084300000)
 Metaspace       used 34791K, committed 35840K, reserved 1114112K
  class space    used 3635K, committed 4096K, reserved 1048576K
}
Event: 14.851 GC heap before
{Heap before GC invocations=16 (full 2):
 PSYoungGen      total 25088K, used 22528K [0x00000000d5580000, 0x00000000d7180000, 0x0000000100000000)
  eden space 22528K, 100% used [0x00000000d5580000,0x00000000d6b80000,0x00000000d6b80000)
  from space 2560K, 0% used [0x00000000d6d00000,0x00000000d6d00000,0x00000000d6f80000)
  to   space 2048K, 0% used [0x00000000d6f80000,0x00000000d6f80000,0x00000000d7180000)
 ParOldGen       total 68608K, used 18554K [0x0000000080000000, 0x0000000084300000, 0x00000000d5580000)
  object space 68608K, 27% used [0x0000000080000000,0x000000008121ebc0,0x0000000084300000)
 Metaspace       used 37254K, committed 38464K, reserved 1114112K
  class space    used 3951K, committed 4480K, reserved 1048576K
}
Event: 14.855 GC heap after
{Heap after GC invocations=16 (full 2):
 PSYoungGen      total 24064K, used 1776K [0x00000000d5580000, 0x00000000d7180000, 0x0000000100000000)
  eden space 22016K, 0% used [0x00000000d5580000,0x00000000d5580000,0x00000000d6b00000)
  from space 2048K, 86% used [0x00000000d6f80000,0x00000000d713c270,0x00000000d7180000)
  to   space 2048K, 0% used [0x00000000d6d80000,0x00000000d6d80000,0x00000000d6f80000)
 ParOldGen       total 68608K, used 18562K [0x0000000080000000, 0x0000000084300000, 0x00000000d5580000)
  object space 68608K, 27% used [0x0000000080000000,0x0000000081220bc0,0x0000000084300000)
 Metaspace       used 37254K, committed 38464K, reserved 1114112K
  class space    used 3951K, committed 4480K, reserved 1048576K
}
Event: 15.271 GC heap before
{Heap before GC invocations=17 (full 2):
 PSYoungGen      total 24064K, used 23792K [0x00000000d5580000, 0x00000000d7180000, 0x0000000100000000)
  eden space 22016K, 100% used [0x00000000d5580000,0x00000000d6b00000,0x00000000d6b00000)
  from space 2048K, 86% used [0x00000000d6f80000,0x00000000d713c270,0x00000000d7180000)
  to   space 2048K, 0% used [0x00000000d6d80000,0x00000000d6d80000,0x00000000d6f80000)
 ParOldGen       total 68608K, used 18562K [0x0000000080000000, 0x0000000084300000, 0x00000000d5580000)
  object space 68608K, 27% used [0x0000000080000000,0x0000000081220bc0,0x0000000084300000)
 Metaspace       used 39827K, committed 41088K, reserved 1114112K
  class space    used 4271K, committed 4800K, reserved 1048576K
}
Event: 15.275 GC heap after
{Heap after GC invocations=17 (full 2):
 PSYoungGen      total 24064K, used 2032K [0x00000000d5580000, 0x00000000d7300000, 0x0000000100000000)
  eden space 22016K, 0% used [0x00000000d5580000,0x00000000d5580000,0x00000000d6b00000)
  from space 2048K, 99% used [0x00000000d6d80000,0x00000000d6f7c010,0x00000000d6f80000)
  to   space 3584K, 0% used [0x00000000d6f80000,0x00000000d6f80000,0x00000000d7300000)
 ParOldGen       total 68608K, used 19880K [0x0000000080000000, 0x0000000084300000, 0x00000000d5580000)
  object space 68608K, 28% used [0x0000000080000000,0x000000008136a370,0x0000000084300000)
 Metaspace       used 39827K, committed 41088K, reserved 1114112K
  class space    used 4271K, committed 4800K, reserved 1048576K
}
Event: 15.854 GC heap before
{Heap before GC invocations=18 (full 2):
 PSYoungGen      total 24064K, used 24048K [0x00000000d5580000, 0x00000000d7300000, 0x0000000100000000)
  eden space 22016K, 100% used [0x00000000d5580000,0x00000000d6b00000,0x00000000d6b00000)
  from space 2048K, 99% used [0x00000000d6d80000,0x00000000d6f7c010,0x00000000d6f80000)
  to   space 3584K, 0% used [0x00000000d6f80000,0x00000000d6f80000,0x00000000d7300000)
 ParOldGen       total 68608K, used 19880K [0x0000000080000000, 0x0000000084300000, 0x00000000d5580000)
  object space 68608K, 28% used [0x0000000080000000,0x000000008136a370,0x0000000084300000)
 Metaspace       used 42285K, committed 43520K, reserved 1114112K
  class space    used 4574K, committed 5120K, reserved 1048576K
}
Event: 15.861 GC heap after
{Heap after GC invocations=18 (full 2):
 PSYoungGen      total 24064K, used 1632K [0x00000000d5580000, 0x00000000d7180000, 0x0000000100000000)
  eden space 22016K, 0% used [0x00000000d5580000,0x00000000d5580000,0x00000000d6b00000)
  from space 2048K, 79% used [0x00000000d6f80000,0x00000000d7118000,0x00000000d7180000)
  to   space 2560K, 0% used [0x00000000d6c80000,0x00000000d6c80000,0x00000000d6f00000)
 ParOldGen       total 68608K, used 21787K [0x0000000080000000, 0x0000000084300000, 0x00000000d5580000)
  object space 68608K, 31% used [0x0000000080000000,0x0000000081546db0,0x0000000084300000)
 Metaspace       used 42285K, committed 43520K, reserved 1114112K
  class space    used 4574K, committed 5120K, reserved 1048576K
}
Event: 16.703 GC heap before
{Heap before GC invocations=19 (full 2):
 PSYoungGen      total 24064K, used 23648K [0x00000000d5580000, 0x00000000d7180000, 0x0000000100000000)
  eden space 22016K, 100% used [0x00000000d5580000,0x00000000d6b00000,0x00000000d6b00000)
  from space 2048K, 79% used [0x00000000d6f80000,0x00000000d7118000,0x00000000d7180000)
  to   space 2560K, 0% used [0x00000000d6c80000,0x00000000d6c80000,0x00000000d6f00000)
 ParOldGen       total 68608K, used 21787K [0x0000000080000000, 0x0000000084300000, 0x00000000d5580000)
  object space 68608K, 31% used [0x0000000080000000,0x0000000081546db0,0x0000000084300000)
 Metaspace       used 43649K, committed 44928K, reserved 1114112K
  class space    used 4739K, committed 5312K, reserved 1048576K
}
Event: 16.715 GC heap after
{Heap after GC invocations=19 (full 2):
 PSYoungGen      total 24576K, used 2560K [0x00000000d5580000, 0x00000000d7e00000, 0x0000000100000000)
  eden space 22016K, 0% used [0x00000000d5580000,0x00000000d5580000,0x00000000d6b00000)
  from space 2560K, 100% used [0x00000000d6c80000,0x00000000d6f00000,0x00000000d6f00000)
  to   space 9728K, 0% used [0x00000000d7480000,0x00000000d7480000,0x00000000d7e00000)
 ParOldGen       total 68608K, used 27719K [0x0000000080000000, 0x0000000084300000, 0x00000000d5580000)
  object space 68608K, 40% used [0x0000000080000000,0x0000000081b11cb0,0x0000000084300000)
 Metaspace       used 43649K, committed 44928K, reserved 1114112K
  class space    used 4739K, committed 5312K, reserved 1048576K
}
Event: 17.443 GC heap before
{Heap before GC invocations=20 (full 2):
 PSYoungGen      total 24576K, used 24576K [0x00000000d5580000, 0x00000000d7e00000, 0x0000000100000000)
  eden space 22016K, 100% used [0x00000000d5580000,0x00000000d6b00000,0x00000000d6b00000)
  from space 2560K, 100% used [0x00000000d6c80000,0x00000000d6f00000,0x00000000d6f00000)
  to   space 9728K, 0% used [0x00000000d7480000,0x00000000d7480000,0x00000000d7e00000)
 ParOldGen       total 68608K, used 27719K [0x0000000080000000, 0x0000000084300000, 0x00000000d5580000)
  object space 68608K, 40% used [0x0000000080000000,0x0000000081b11cb0,0x0000000084300000)
 Metaspace       used 45548K, committed 46784K, reserved 1114112K
  class space    used 4988K, committed 5568K, reserved 1048576K
}
Event: 17.453 GC heap after
{Heap after GC invocations=20 (full 2):
 PSYoungGen      total 27136K, used 4688K [0x00000000d5580000, 0x00000000d7980000, 0x0000000100000000)
  eden space 22016K, 0% used [0x00000000d5580000,0x00000000d5580000,0x00000000d6b00000)
  from space 5120K, 91% used [0x00000000d7480000,0x00000000d7914010,0x00000000d7980000)
  to   space 6144K, 0% used [0x00000000d6d80000,0x00000000d6d80000,0x00000000d7380000)
 ParOldGen       total 68608K, used 30205K [0x0000000080000000, 0x0000000084300000, 0x00000000d5580000)
  object space 68608K, 44% used [0x0000000080000000,0x0000000081d7f520,0x0000000084300000)
 Metaspace       used 45548K, committed 46784K, reserved 1114112K
  class space    used 4988K, committed 5568K, reserved 1048576K
}

