# JRE version: OpenJDK Runtime Environment Temurin-21.0.8+9 (21.0.8+9) (build 21.0.8+9-LTS)
# Java VM: OpenJDK 64-Bit Server VM Temurin-21.0.8+9 (21.0.8+9-LTS, mixed mode, sharing, tiered, compressed oops, compressed class ptrs, parallel gc, windows-amd64)
GC Precious Log:
 CardTable entry size: 512
 CPUs: 12 total, 12 available
 Memory: 7896M
 Large Page Support: Disabled
 NUMA Support: Disabled
 Compressed Oops: Enabled (32-bit)
 Alignments: Space 512K, Generation 512K, Heap 2M
 Heap Min Capacity: 100M
 Heap Initial Capacity: 100M
 Heap Max Capacity: 2G
 Pre-touch: Disabled
 Parallel Workers: 10
Heap:
 PSYoungGen      total 13312K, used 1531K [0x00000000d5580000, 0x00000000d6580000, 0x0000000100000000)
  eden space 11776K, 0% used [0x00000000d5580000,0x00000000d5580000,0x00000000d6100000)
  from space 1536K, 99% used [0x00000000d6400000,0x00000000d657ef38,0x00000000d6580000)
  to   space 2560K, 0% used [0x00000000d6180000,0x00000000d6180000,0x00000000d6400000)
 ParOldGen       total 68608K, used 58833K [0x0000000080000000, 0x0000000084300000, 0x00000000d5580000)
  object space 68608K, 85% used [0x0000000080000000,0x00000000839746d0,0x0000000084300000)
 Metaspace       used 56099K, committed 57472K, reserved 1114112K
  class space    used 6092K, committed 6720K, reserved 1048576K
GC Heap History (20 events):
Event: 9.905 GC heap before
{Heap before GC invocations=36 (full 2):
 PSYoungGen      total 14336K, used 13152K [0x00000000d5580000, 0x00000000d6680000, 0x0000000100000000)
  eden space 11776K, 100% used [0x00000000d5580000,0x00000000d6100000,0x00000000d6100000)
  from space 2560K, 53% used [0x00000000d6180000,0x00000000d62d8010,0x00000000d6400000)
  to   space 2048K, 0% used [0x00000000d6480000,0x00000000d6480000,0x00000000d6680000)
 ParOldGen       total 68608K, used 46012K [0x0000000080000000, 0x0000000084300000, 0x00000000d5580000)
  object space 68608K, 67% used [0x0000000080000000,0x0000000082cef118,0x0000000084300000)
 Metaspace       used 48392K, committed 49600K, reserved 1114112K
  class space    used 5284K, committed 5824K, reserved 1048576K
}
Event: 9.909 GC heap after
{Heap after GC invocations=36 (full 2):
 PSYoungGen      total 13312K, used 1120K [0x00000000d5580000, 0x00000000d6600000, 0x0000000100000000)
  eden space 11776K, 0% used [0x00000000d5580000,0x00000000d5580000,0x00000000d6100000)
  from space 1536K, 72% used [0x00000000d6480000,0x00000000d6598000,0x00000000d6600000)
  to   space 1536K, 0% used [0x00000000d6300000,0x00000000d6300000,0x00000000d6480000)
 ParOldGen       total 68608K, used 47308K [0x0000000080000000, 0x0000000084300000, 0x00000000d5580000)
  object space 68608K, 68% used [0x0000000080000000,0x0000000082e33128,0x0000000084300000)
 Metaspace       used 48392K, committed 49600K, reserved 1114112K
  class space    used 5284K, committed 5824K, reserved 1048576K
}
Event: 9.951 GC heap before
{Heap before GC invocations=37 (full 2):
 PSYoungGen      total 13312K, used 12896K [0x00000000d5580000, 0x00000000d6600000, 0x0000000100000000)
  eden space 11776K, 100% used [0x00000000d5580000,0x00000000d6100000,0x00000000d6100000)
  from space 1536K, 72% used [0x00000000d6480000,0x00000000d6598000,0x00000000d6600000)
  to   space 1536K, 0% used [0x00000000d6300000,0x00000000d6300000,0x00000000d6480000)
 ParOldGen       total 68608K, used 47308K [0x0000000080000000, 0x0000000084300000, 0x00000000d5580000)
  object space 68608K, 68% used [0x0000000080000000,0x0000000082e33128,0x0000000084300000)
 Metaspace       used 48399K, committed 49600K, reserved 1114112K
  class space    used 5284K, committed 5824K, reserved 1048576K
}
Event: 9.953 GC heap after
{Heap after GC invocations=37 (full 2):
 PSYoungGen      total 13312K, used 1144K [0x00000000d5580000, 0x00000000d6500000, 0x0000000100000000)
  eden space 11776K, 0% used [0x00000000d5580000,0x00000000d5580000,0x00000000d6100000)
  from space 1536K, 74% used [0x00000000d6300000,0x00000000d641e200,0x00000000d6480000)
  to   space 512K, 0% used [0x00000000d6480000,0x00000000d6480000,0x00000000d6500000)
 ParOldGen       total 68608K, used 48252K [0x0000000080000000, 0x0000000084300000, 0x00000000d5580000)
  object space 68608K, 70% used [0x0000000080000000,0x0000000082f1f128,0x0000000084300000)
 Metaspace       used 48399K, committed 49600K, reserved 1114112K
  class space    used 5284K, committed 5824K, reserved 1048576K
}
Event: 10.036 GC heap before
{Heap before GC invocations=38 (full 2):
 PSYoungGen      total 13312K, used 12920K [0x00000000d5580000, 0x00000000d6500000, 0x0000000100000000)
  eden space 11776K, 100% used [0x00000000d5580000,0x00000000d6100000,0x00000000d6100000)
  from space 1536K, 74% used [0x00000000d6300000,0x00000000d641e200,0x00000000d6480000)
  to   space 512K, 0% used [0x00000000d6480000,0x00000000d6480000,0x00000000d6500000)
 ParOldGen       total 68608K, used 48252K [0x0000000080000000, 0x0000000084300000, 0x00000000d5580000)
  object space 68608K, 70% used [0x0000000080000000,0x0000000082f1f128,0x0000000084300000)
 Metaspace       used 48791K, committed 49984K, reserved 1114112K
  class space    used 5317K, committed 5824K, reserved 1048576K
}
Event: 10.040 GC heap after
{Heap after GC invocations=38 (full 2):
 PSYoungGen      total 12288K, used 512K [0x00000000d5580000, 0x00000000d6600000, 0x0000000100000000)
  eden space 11776K, 0% used [0x00000000d5580000,0x00000000d5580000,0x00000000d6100000)
  from space 512K, 100% used [0x00000000d6480000,0x00000000d6500000,0x00000000d6500000)
  to   space 2560K, 0% used [0x00000000d6100000,0x00000000d6100000,0x00000000d6380000)
 ParOldGen       total 68608K, used 49707K [0x0000000080000000, 0x0000000084300000, 0x00000000d5580000)
  object space 68608K, 72% used [0x0000000080000000,0x000000008308ad30,0x0000000084300000)
 Metaspace       used 48791K, committed 49984K, reserved 1114112K
  class space    used 5317K, committed 5824K, reserved 1048576K
}
Event: 10.262 GC heap before
{Heap before GC invocations=39 (full 2):
 PSYoungGen      total 12288K, used 12288K [0x00000000d5580000, 0x00000000d6600000, 0x0000000100000000)
  eden space 11776K, 100% used [0x00000000d5580000,0x00000000d6100000,0x00000000d6100000)
  from space 512K, 100% used [0x00000000d6480000,0x00000000d6500000,0x00000000d6500000)
  to   space 2560K, 0% used [0x00000000d6100000,0x00000000d6100000,0x00000000d6380000)
 ParOldGen       total 68608K, used 49707K [0x0000000080000000, 0x0000000084300000, 0x00000000d5580000)
  object space 68608K, 72% used [0x0000000080000000,0x000000008308ad30,0x0000000084300000)
 Metaspace       used 50491K, committed 51712K, reserved 1114112K
  class space    used 5491K, committed 6016K, reserved 1048576K
}
Event: 10.264 GC heap after
{Heap after GC invocations=39 (full 2):
 PSYoungGen      total 14336K, used 756K [0x00000000d5580000, 0x00000000d6500000, 0x0000000100000000)
  eden space 11776K, 0% used [0x00000000d5580000,0x00000000d5580000,0x00000000d6100000)
  from space 2560K, 29% used [0x00000000d6100000,0x00000000d61bd3e8,0x00000000d6380000)
  to   space 1536K, 0% used [0x00000000d6380000,0x00000000d6380000,0x00000000d6500000)
 ParOldGen       total 68608K, used 50270K [0x0000000080000000, 0x0000000084300000, 0x00000000d5580000)
  object space 68608K, 73% used [0x0000000080000000,0x0000000083117a90,0x0000000084300000)
 Metaspace       used 50491K, committed 51712K, reserved 1114112K
  class space    used 5491K, committed 6016K, reserved 1048576K
}
Event: 10.564 GC heap before
{Heap before GC invocations=40 (full 2):
 PSYoungGen      total 14336K, used 12532K [0x00000000d5580000, 0x00000000d6500000, 0x0000000100000000)
  eden space 11776K, 100% used [0x00000000d5580000,0x00000000d6100000,0x00000000d6100000)
  from space 2560K, 29% used [0x00000000d6100000,0x00000000d61bd3e8,0x00000000d6380000)
  to   space 1536K, 0% used [0x00000000d6380000,0x00000000d6380000,0x00000000d6500000)
 ParOldGen       total 68608K, used 50270K [0x0000000080000000, 0x0000000084300000, 0x00000000d5580000)
  object space 68608K, 73% used [0x0000000080000000,0x0000000083117a90,0x0000000084300000)
 Metaspace       used 51556K, committed 52864K, reserved 1114112K
  class space    used 5635K, committed 6208K, reserved 1048576K
}
Event: 10.567 GC heap after
{Heap after GC invocations=40 (full 2):
 PSYoungGen      total 12800K, used 512K [0x00000000d5580000, 0x00000000d6480000, 0x0000000100000000)
  eden space 11776K, 0% used [0x00000000d5580000,0x00000000d5580000,0x00000000d6100000)
  from space 1024K, 50% used [0x00000000d6380000,0x00000000d6400040,0x00000000d6480000)
  to   space 1024K, 0% used [0x00000000d6280000,0x00000000d6280000,0x00000000d6380000)
 ParOldGen       total 68608K, used 50865K [0x0000000080000000, 0x0000000084300000, 0x00000000d5580000)
  object space 68608K, 74% used [0x0000000080000000,0x00000000831ac6a8,0x0000000084300000)
 Metaspace       used 51556K, committed 52864K, reserved 1114112K
  class space    used 5635K, committed 6208K, reserved 1048576K
}
Event: 10.832 GC heap before
{Heap before GC invocations=41 (full 2):
 PSYoungGen      total 12800K, used 12288K [0x00000000d5580000, 0x00000000d6480000, 0x0000000100000000)
  eden space 11776K, 100% used [0x00000000d5580000,0x00000000d6100000,0x00000000d6100000)
  from space 1024K, 50% used [0x00000000d6380000,0x00000000d6400040,0x00000000d6480000)
  to   space 1024K, 0% used [0x00000000d6280000,0x00000000d6280000,0x00000000d6380000)
 ParOldGen       total 68608K, used 50865K [0x0000000080000000, 0x0000000084300000, 0x00000000d5580000)
  object space 68608K, 74% used [0x0000000080000000,0x00000000831ac6a8,0x0000000084300000)
 Metaspace       used 52075K, committed 53440K, reserved 1114112K
  class space    used 5698K, committed 6336K, reserved 1048576K
}
Event: 10.834 GC heap after
{Heap after GC invocations=41 (full 2):
 PSYoungGen      total 12288K, used 488K [0x00000000d5580000, 0x00000000d6400000, 0x0000000100000000)
  eden space 11776K, 0% used [0x00000000d5580000,0x00000000d5580000,0x00000000d6100000)
  from space 512K, 95% used [0x00000000d6280000,0x00000000d62fa010,0x00000000d6300000)
  to   space 1024K, 0% used [0x00000000d6300000,0x00000000d6300000,0x00000000d6400000)
 ParOldGen       total 68608K, used 51249K [0x0000000080000000, 0x0000000084300000, 0x00000000d5580000)
  object space 68608K, 74% used [0x0000000080000000,0x000000008320c6f8,0x0000000084300000)
 Metaspace       used 52075K, committed 53440K, reserved 1114112K
  class space    used 5698K, committed 6336K, reserved 1048576K
}
Event: 10.968 GC heap before
{Heap before GC invocations=42 (full 2):
 PSYoungGen      total 12288K, used 12176K [0x00000000d5580000, 0x00000000d6400000, 0x0000000100000000)
  eden space 11776K, 99% used [0x00000000d5580000,0x00000000d60ea398,0x00000000d6100000)
  from space 512K, 95% used [0x00000000d6280000,0x00000000d62fa010,0x00000000d6300000)
  to   space 1024K, 0% used [0x00000000d6300000,0x00000000d6300000,0x00000000d6400000)
 ParOldGen       total 68608K, used 51249K [0x0000000080000000, 0x0000000084300000, 0x00000000d5580000)
  object space 68608K, 74% used [0x0000000080000000,0x000000008320c6f8,0x0000000084300000)
 Metaspace       used 52646K, committed 53952K, reserved 1114112K
  class space    used 5762K, committed 6336K, reserved 1048576K
}
Event: 10.969 GC heap after
{Heap after GC invocations=42 (full 2):
 PSYoungGen      total 12288K, used 384K [0x00000000d5580000, 0x00000000d6380000, 0x0000000100000000)
  eden space 11776K, 0% used [0x00000000d5580000,0x00000000d5580000,0x00000000d6100000)
  from space 512K, 75% used [0x00000000d6300000,0x00000000d6360010,0x00000000d6380000)
  to   space 512K, 0% used [0x00000000d6280000,0x00000000d6280000,0x00000000d6300000)
 ParOldGen       total 68608K, used 51449K [0x0000000080000000, 0x0000000084300000, 0x00000000d5580000)
  object space 68608K, 74% used [0x0000000080000000,0x000000008323e6f8,0x0000000084300000)
 Metaspace       used 52646K, committed 53952K, reserved 1114112K
  class space    used 5762K, committed 6336K, reserved 1048576K
}
Event: 11.067 GC heap before
{Heap before GC invocations=43 (full 2):
 PSYoungGen      total 12288K, used 12160K [0x00000000d5580000, 0x00000000d6380000, 0x0000000100000000)
  eden space 11776K, 100% used [0x00000000d5580000,0x00000000d6100000,0x00000000d6100000)
  from space 512K, 75% used [0x00000000d6300000,0x00000000d6360010,0x00000000d6380000)
  to   space 512K, 0% used [0x00000000d6280000,0x00000000d6280000,0x00000000d6300000)
 ParOldGen       total 68608K, used 51449K [0x0000000080000000, 0x0000000084300000, 0x00000000d5580000)
  object space 68608K, 74% used [0x0000000080000000,0x000000008323e6f8,0x0000000084300000)
 Metaspace       used 53029K, committed 54336K, reserved 1114112K
  class space    used 5792K, committed 6400K, reserved 1048576K
}
Event: 11.069 GC heap after
{Heap after GC invocations=43 (full 2):
 PSYoungGen      total 12288K, used 498K [0x00000000d5580000, 0x00000000d6900000, 0x0000000100000000)
  eden space 11776K, 0% used [0x00000000d5580000,0x00000000d5580000,0x00000000d6100000)
  from space 512K, 97% used [0x00000000d6280000,0x00000000d62fc900,0x00000000d6300000)
  to   space 4096K, 0% used [0x00000000d6500000,0x00000000d6500000,0x00000000d6900000)
 ParOldGen       total 68608K, used 54189K [0x0000000080000000, 0x0000000084300000, 0x00000000d5580000)
  object space 68608K, 78% used [0x0000000080000000,0x00000000834eb6c8,0x0000000084300000)
 Metaspace       used 53029K, committed 54336K, reserved 1114112K
  class space    used 5792K, committed 6400K, reserved 1048576K
}
Event: 11.250 GC heap before
{Heap before GC invocations=44 (full 2):
 PSYoungGen      total 12288K, used 12274K [0x00000000d5580000, 0x00000000d6900000, 0x0000000100000000)
  eden space 11776K, 100% used [0x00000000d5580000,0x00000000d6100000,0x00000000d6100000)
  from space 512K, 97% used [0x00000000d6280000,0x00000000d62fc900,0x00000000d6300000)
  to   space 4096K, 0% used [0x00000000d6500000,0x00000000d6500000,0x00000000d6900000)
 ParOldGen       total 68608K, used 54189K [0x0000000080000000, 0x0000000084300000, 0x00000000d5580000)
  object space 68608K, 78% used [0x0000000080000000,0x00000000834eb6c8,0x0000000084300000)
 Metaspace       used 54409K, committed 55744K, reserved 1114112K
  class space    used 5909K, committed 6528K, reserved 1048576K
}
Event: 11.252 GC heap after
{Heap after GC invocations=44 (full 2):
 PSYoungGen      total 13312K, used 1491K [0x00000000d5580000, 0x00000000d6680000, 0x0000000100000000)
  eden space 11776K, 0% used [0x00000000d5580000,0x00000000d5580000,0x00000000d6100000)
  from space 1536K, 97% used [0x00000000d6500000,0x00000000d6674e40,0x00000000d6680000)
  to   space 2560K, 0% used [0x00000000d6180000,0x00000000d6180000,0x00000000d6400000)
 ParOldGen       total 68608K, used 54690K [0x0000000080000000, 0x0000000084300000, 0x00000000d5580000)
  object space 68608K, 79% used [0x0000000080000000,0x0000000083568868,0x0000000084300000)
 Metaspace       used 54409K, committed 55744K, reserved 1114112K
  class space    used 5909K, committed 6528K, reserved 1048576K
}
Event: 11.481 GC heap before
{Heap before GC invocations=45 (full 2):
 PSYoungGen      total 13312K, used 13267K [0x00000000d5580000, 0x00000000d6680000, 0x0000000100000000)
  eden space 11776K, 100% used [0x00000000d5580000,0x00000000d6100000,0x00000000d6100000)
  from space 1536K, 97% used [0x00000000d6500000,0x00000000d6674e40,0x00000000d6680000)
  to   space 2560K, 0% used [0x00000000d6180000,0x00000000d6180000,0x00000000d6400000)
 ParOldGen       total 68608K, used 54690K [0x0000000080000000, 0x0000000084300000, 0x00000000d5580000)
  object space 68608K, 79% used [0x0000000080000000,0x0000000083568868,0x0000000084300000)
 Metaspace       used 55445K, committed 56832K, reserved 1114112K
  class space    used 6038K, committed 6656K, reserved 1048576K
}
Event: 11.484 GC heap after
{Heap after GC invocations=45 (full 2):
 PSYoungGen      total 14336K, used 1287K [0x00000000d5580000, 0x00000000d6580000, 0x0000000100000000)
  eden space 11776K, 0% used [0x00000000d5580000,0x00000000d5580000,0x00000000d6100000)
  from space 2560K, 50% used [0x00000000d6180000,0x00000000d62c1da0,0x00000000d6400000)
  to   space 1536K, 0% used [0x00000000d6400000,0x00000000d6400000,0x00000000d6580000)
 ParOldGen       total 68608K, used 56049K [0x0000000080000000, 0x0000000084300000, 0x00000000d5580000)
  object space 68608K, 81% used [0x0000000080000000,0x00000000836bc498,0x0000000084300000)
 Metaspace       used 55445K, committed 56832K, reserved 1114112K
  class space    used 6038K, committed 6656K, reserved 1048576K
}

