# JRE version: OpenJDK Runtime Environment Temurin-21.0.9+10 (21.0.9+10) (build 21.0.9+10-LTS)
# Java VM: OpenJDK 64-Bit Server VM Temurin-21.0.9+10 (21.0.9+10-LTS, mixed mode, sharing, tiered, compressed oops, compressed class ptrs, parallel gc, windows-amd64)
GC Precious Log:
 CardTable entry size: 512
 CPUs: 12 total, 12 available
 Memory: 7896M
 Large Page Support: Disabled
 NUMA Support: Disabled
 Compressed Oops: Enabled (32-bit)
 Alignments: Space 512K, Generation 512K, Heap 2M
 Heap Min Capacity: 100M
 Heap Initial Capacity: 100M
 Heap Max Capacity: 2G
 Pre-touch: Disabled
 Parallel Workers: 10
Heap:
 PSYoungGen      total 15872K, used 8158K [0x00000000d5580000, 0x00000000d6680000, 0x0000000100000000)
  eden space 14336K, 51% used [0x00000000d5580000,0x00000000d5cbfb78,0x00000000d6380000)
  from space 1536K, 47% used [0x00000000d6400000,0x00000000d64b8020,0x00000000d6580000)
  to   space 1024K, 0% used [0x00000000d6580000,0x00000000d6580000,0x00000000d6680000)
 ParOldGen       total 79360K, used 78939K [0x0000000080000000, 0x0000000084d80000, 0x00000000d5580000)
  object space 79360K, 99% used [0x0000000080000000,0x0000000084d16e80,0x0000000084d80000)
 Metaspace       used 62945K, committed 64448K, reserved 1114112K
  class space    used 6727K, committed 7360K, reserved 1048576K
GC Heap History (20 events):
Event: 21.906 GC heap before
{Heap before GC invocations=91 (full 3):
 PSYoungGen      total 16896K, used 16352K [0x00000000d5580000, 0x00000000d6780000, 0x0000000100000000)
  eden space 15872K, 100% used [0x00000000d5580000,0x00000000d6500000,0x00000000d6500000)
  from space 1024K, 46% used [0x00000000d6580000,0x00000000d65f8000,0x00000000d6680000)
  to   space 1024K, 0% used [0x00000000d6680000,0x00000000d6680000,0x00000000d6780000)
 ParOldGen       total 69632K, used 69510K [0x0000000080000000, 0x0000000084400000, 0x00000000d5580000)
  object space 69632K, 99% used [0x0000000080000000,0x00000000843e1b58,0x0000000084400000)
 Metaspace       used 59391K, committed 60928K, reserved 1114112K
  class space    used 6373K, committed 7040K, reserved 1048576K
}
Event: 21.910 GC heap after
{Heap after GC invocations=91 (full 3):
 PSYoungGen      total 16896K, used 1008K [0x00000000d5580000, 0x00000000d6800000, 0x0000000100000000)
  eden space 15872K, 0% used [0x00000000d5580000,0x00000000d5580000,0x00000000d6500000)
  from space 1024K, 98% used [0x00000000d6680000,0x00000000d677c010,0x00000000d6780000)
  to   space 1536K, 0% used [0x00000000d6500000,0x00000000d6500000,0x00000000d6680000)
 ParOldGen       total 70144K, used 69766K [0x0000000080000000, 0x0000000084480000, 0x00000000d5580000)
  object space 70144K, 99% used [0x0000000080000000,0x0000000084421b58,0x0000000084480000)
 Metaspace       used 59391K, committed 60928K, reserved 1114112K
  class space    used 6373K, committed 7040K, reserved 1048576K
}
Event: 22.037 GC heap before
{Heap before GC invocations=92 (full 3):
 PSYoungGen      total 16896K, used 16880K [0x00000000d5580000, 0x00000000d6800000, 0x0000000100000000)
  eden space 15872K, 100% used [0x00000000d5580000,0x00000000d6500000,0x00000000d6500000)
  from space 1024K, 98% used [0x00000000d6680000,0x00000000d677c010,0x00000000d6780000)
  to   space 1536K, 0% used [0x00000000d6500000,0x00000000d6500000,0x00000000d6680000)
 ParOldGen       total 70144K, used 69766K [0x0000000080000000, 0x0000000084480000, 0x00000000d5580000)
  object space 70144K, 99% used [0x0000000080000000,0x0000000084421b58,0x0000000084480000)
 Metaspace       used 59689K, committed 61248K, reserved 1114112K
  class space    used 6412K, committed 7104K, reserved 1048576K
}
Event: 22.041 GC heap after
{Heap after GC invocations=92 (full 3):
 PSYoungGen      total 17408K, used 1184K [0x00000000d5580000, 0x00000000d6800000, 0x0000000100000000)
  eden space 15872K, 0% used [0x00000000d5580000,0x00000000d5580000,0x00000000d6500000)
  from space 1536K, 77% used [0x00000000d6500000,0x00000000d6628000,0x00000000d6680000)
  to   space 1536K, 0% used [0x00000000d6680000,0x00000000d6680000,0x00000000d6800000)
 ParOldGen       total 71168K, used 70750K [0x0000000080000000, 0x0000000084580000, 0x00000000d5580000)
  object space 71168K, 99% used [0x0000000080000000,0x0000000084517b78,0x0000000084580000)
 Metaspace       used 59689K, committed 61248K, reserved 1114112K
  class space    used 6412K, committed 7104K, reserved 1048576K
}
Event: 22.467 GC heap before
{Heap before GC invocations=93 (full 3):
 PSYoungGen      total 17408K, used 17056K [0x00000000d5580000, 0x00000000d6800000, 0x0000000100000000)
  eden space 15872K, 100% used [0x00000000d5580000,0x00000000d6500000,0x00000000d6500000)
  from space 1536K, 77% used [0x00000000d6500000,0x00000000d6628000,0x00000000d6680000)
  to   space 1536K, 0% used [0x00000000d6680000,0x00000000d6680000,0x00000000d6800000)
 ParOldGen       total 71168K, used 70750K [0x0000000080000000, 0x0000000084580000, 0x00000000d5580000)
  object space 71168K, 99% used [0x0000000080000000,0x0000000084517b78,0x0000000084580000)
 Metaspace       used 60484K, committed 62016K, reserved 1114112K
  class space    used 6497K, committed 7168K, reserved 1048576K
}
Event: 22.475 GC heap after
{Heap after GC invocations=93 (full 3):
 PSYoungGen      total 15872K, used 1511K [0x00000000d5580000, 0x00000000d6b00000, 0x0000000100000000)
  eden space 14336K, 0% used [0x00000000d5580000,0x00000000d5580000,0x00000000d6380000)
  from space 1536K, 98% used [0x00000000d6680000,0x00000000d67f9d80,0x00000000d6800000)
  to   space 3072K, 0% used [0x00000000d6380000,0x00000000d6380000,0x00000000d6680000)
 ParOldGen       total 72192K, used 71894K [0x0000000080000000, 0x0000000084680000, 0x00000000d5580000)
  object space 72192K, 99% used [0x0000000080000000,0x0000000084635b78,0x0000000084680000)
 Metaspace       used 60484K, committed 62016K, reserved 1114112K
  class space    used 6497K, committed 7168K, reserved 1048576K
}
Event: 22.917 GC heap before
{Heap before GC invocations=94 (full 3):
 PSYoungGen      total 15872K, used 15847K [0x00000000d5580000, 0x00000000d6b00000, 0x0000000100000000)
  eden space 14336K, 100% used [0x00000000d5580000,0x00000000d6380000,0x00000000d6380000)
  from space 1536K, 98% used [0x00000000d6680000,0x00000000d67f9d80,0x00000000d6800000)
  to   space 3072K, 0% used [0x00000000d6380000,0x00000000d6380000,0x00000000d6680000)
 ParOldGen       total 72192K, used 71894K [0x0000000080000000, 0x0000000084680000, 0x00000000d5580000)
  object space 72192K, 99% used [0x0000000080000000,0x0000000084635b78,0x0000000084680000)
 Metaspace       used 61601K, committed 63104K, reserved 1114112K
  class space    used 6635K, committed 7296K, reserved 1048576K
}
Event: 22.923 GC heap after
{Heap after GC invocations=94 (full 3):
 PSYoungGen      total 15872K, used 1453K [0x00000000d5580000, 0x00000000d6780000, 0x0000000100000000)
  eden space 14336K, 0% used [0x00000000d5580000,0x00000000d5580000,0x00000000d6380000)
  from space 1536K, 94% used [0x00000000d6380000,0x00000000d64eb670,0x00000000d6500000)
  to   space 2048K, 0% used [0x00000000d6580000,0x00000000d6580000,0x00000000d6780000)
 ParOldGen       total 73728K, used 73379K [0x0000000080000000, 0x0000000084800000, 0x00000000d5580000)
  object space 73728K, 99% used [0x0000000080000000,0x00000000847a8e18,0x0000000084800000)
 Metaspace       used 61601K, committed 63104K, reserved 1114112K
  class space    used 6635K, committed 7296K, reserved 1048576K
}
Event: 23.094 GC heap before
{Heap before GC invocations=95 (full 3):
 PSYoungGen      total 15872K, used 15789K [0x00000000d5580000, 0x00000000d6780000, 0x0000000100000000)
  eden space 14336K, 100% used [0x00000000d5580000,0x00000000d6380000,0x00000000d6380000)
  from space 1536K, 94% used [0x00000000d6380000,0x00000000d64eb670,0x00000000d6500000)
  to   space 2048K, 0% used [0x00000000d6580000,0x00000000d6580000,0x00000000d6780000)
 ParOldGen       total 73728K, used 73379K [0x0000000080000000, 0x0000000084800000, 0x00000000d5580000)
  object space 73728K, 99% used [0x0000000080000000,0x00000000847a8e18,0x0000000084800000)
 Metaspace       used 61723K, committed 63232K, reserved 1114112K
  class space    used 6654K, committed 7296K, reserved 1048576K
}
Event: 23.099 GC heap after
{Heap after GC invocations=95 (full 3):
 PSYoungGen      total 15360K, used 960K [0x00000000d5580000, 0x00000000d6680000, 0x0000000100000000)
  eden space 14336K, 0% used [0x00000000d5580000,0x00000000d5580000,0x00000000d6380000)
  from space 1024K, 93% used [0x00000000d6580000,0x00000000d6670000,0x00000000d6680000)
  to   space 1536K, 0% used [0x00000000d6380000,0x00000000d6380000,0x00000000d6500000)
 ParOldGen       total 74752K, used 74572K [0x0000000080000000, 0x0000000084900000, 0x00000000d5580000)
  object space 74752K, 99% used [0x0000000080000000,0x00000000848d31b0,0x0000000084900000)
 Metaspace       used 61723K, committed 63232K, reserved 1114112K
  class space    used 6654K, committed 7296K, reserved 1048576K
}
Event: 23.234 GC heap before
{Heap before GC invocations=96 (full 3):
 PSYoungGen      total 15360K, used 15296K [0x00000000d5580000, 0x00000000d6680000, 0x0000000100000000)
  eden space 14336K, 100% used [0x00000000d5580000,0x00000000d6380000,0x00000000d6380000)
  from space 1024K, 93% used [0x00000000d6580000,0x00000000d6670000,0x00000000d6680000)
  to   space 1536K, 0% used [0x00000000d6380000,0x00000000d6380000,0x00000000d6500000)
 ParOldGen       total 74752K, used 74572K [0x0000000080000000, 0x0000000084900000, 0x00000000d5580000)
  object space 74752K, 99% used [0x0000000080000000,0x00000000848d31b0,0x0000000084900000)
 Metaspace       used 61798K, committed 63296K, reserved 1114112K
  class space    used 6654K, committed 7296K, reserved 1048576K
}
Event: 23.237 GC heap after
{Heap after GC invocations=96 (full 3):
 PSYoungGen      total 15872K, used 1524K [0x00000000d5580000, 0x00000000d6880000, 0x0000000100000000)
  eden space 14336K, 0% used [0x00000000d5580000,0x00000000d5580000,0x00000000d6380000)
  from space 1536K, 99% used [0x00000000d6380000,0x00000000d64fd200,0x00000000d6500000)
  to   space 2560K, 0% used [0x00000000d6600000,0x00000000d6600000,0x00000000d6880000)
 ParOldGen       total 75264K, used 75020K [0x0000000080000000, 0x0000000084980000, 0x00000000d5580000)
  object space 75264K, 99% used [0x0000000080000000,0x00000000849431b0,0x0000000084980000)
 Metaspace       used 61798K, committed 63296K, reserved 1114112K
  class space    used 6654K, committed 7296K, reserved 1048576K
}
Event: 23.356 GC heap before
{Heap before GC invocations=97 (full 3):
 PSYoungGen      total 15872K, used 15860K [0x00000000d5580000, 0x00000000d6880000, 0x0000000100000000)
  eden space 14336K, 100% used [0x00000000d5580000,0x00000000d6380000,0x00000000d6380000)
  from space 1536K, 99% used [0x00000000d6380000,0x00000000d64fd200,0x00000000d6500000)
  to   space 2560K, 0% used [0x00000000d6600000,0x00000000d6600000,0x00000000d6880000)
 ParOldGen       total 75264K, used 75020K [0x0000000080000000, 0x0000000084980000, 0x00000000d5580000)
  object space 75264K, 99% used [0x0000000080000000,0x00000000849431b0,0x0000000084980000)
 Metaspace       used 61866K, committed 63360K, reserved 1114112K
  class space    used 6654K, committed 7296K, reserved 1048576K
}
Event: 23.362 GC heap after
{Heap after GC invocations=97 (full 3):
 PSYoungGen      total 16384K, used 1649K [0x00000000d5580000, 0x00000000d6800000, 0x0000000100000000)
  eden space 14336K, 0% used [0x00000000d5580000,0x00000000d5580000,0x00000000d6380000)
  from space 2048K, 80% used [0x00000000d6600000,0x00000000d679c518,0x00000000d6800000)
  to   space 2048K, 0% used [0x00000000d6400000,0x00000000d6400000,0x00000000d6600000)
 ParOldGen       total 76288K, used 76256K [0x0000000080000000, 0x0000000084a80000, 0x00000000d5580000)
  object space 76288K, 99% used [0x0000000080000000,0x0000000084a783c0,0x0000000084a80000)
 Metaspace       used 61866K, committed 63360K, reserved 1114112K
  class space    used 6654K, committed 7296K, reserved 1048576K
}
Event: 23.557 GC heap before
{Heap before GC invocations=98 (full 3):
 PSYoungGen      total 16384K, used 15985K [0x00000000d5580000, 0x00000000d6800000, 0x0000000100000000)
  eden space 14336K, 100% used [0x00000000d5580000,0x00000000d6380000,0x00000000d6380000)
  from space 2048K, 80% used [0x00000000d6600000,0x00000000d679c518,0x00000000d6800000)
  to   space 2048K, 0% used [0x00000000d6400000,0x00000000d6400000,0x00000000d6600000)
 ParOldGen       total 76288K, used 76256K [0x0000000080000000, 0x0000000084a80000, 0x00000000d5580000)
  object space 76288K, 99% used [0x0000000080000000,0x0000000084a783c0,0x0000000084a80000)
 Metaspace       used 62061K, committed 63552K, reserved 1114112K
  class space    used 6669K, committed 7296K, reserved 1048576K
}
Event: 23.563 GC heap after
{Heap after GC invocations=98 (full 3):
 PSYoungGen      total 16384K, used 2001K [0x00000000d5580000, 0x00000000d6880000, 0x0000000100000000)
  eden space 14336K, 0% used [0x00000000d5580000,0x00000000d5580000,0x00000000d6380000)
  from space 2048K, 97% used [0x00000000d6400000,0x00000000d65f4508,0x00000000d6600000)
  to   space 2560K, 0% used [0x00000000d6600000,0x00000000d6600000,0x00000000d6880000)
 ParOldGen       total 77312K, used 77232K [0x0000000080000000, 0x0000000084b80000, 0x00000000d5580000)
  object space 77312K, 99% used [0x0000000080000000,0x0000000084b6c2a0,0x0000000084b80000)
 Metaspace       used 62061K, committed 63552K, reserved 1114112K
  class space    used 6669K, committed 7296K, reserved 1048576K
}
Event: 23.830 GC heap before
{Heap before GC invocations=99 (full 3):
 PSYoungGen      total 16384K, used 16337K [0x00000000d5580000, 0x00000000d6880000, 0x0000000100000000)
  eden space 14336K, 100% used [0x00000000d5580000,0x00000000d6380000,0x00000000d6380000)
  from space 2048K, 97% used [0x00000000d6400000,0x00000000d65f4508,0x00000000d6600000)
  to   space 2560K, 0% used [0x00000000d6600000,0x00000000d6600000,0x00000000d6880000)
 ParOldGen       total 77312K, used 77232K [0x0000000080000000, 0x0000000084b80000, 0x00000000d5580000)
  object space 77312K, 99% used [0x0000000080000000,0x0000000084b6c2a0,0x0000000084b80000)
 Metaspace       used 62322K, committed 63808K, reserved 1114112K
  class space    used 6677K, committed 7296K, reserved 1048576K
}
Event: 23.834 GC heap after
{Heap after GC invocations=99 (full 3):
 PSYoungGen      total 15360K, used 932K [0x00000000d5580000, 0x00000000d6700000, 0x0000000100000000)
  eden space 14336K, 0% used [0x00000000d5580000,0x00000000d5580000,0x00000000d6380000)
  from space 1024K, 91% used [0x00000000d6600000,0x00000000d66e9210,0x00000000d6700000)
  to   space 1536K, 0% used [0x00000000d6400000,0x00000000d6400000,0x00000000d6580000)
 ParOldGen       total 78336K, used 78289K [0x0000000080000000, 0x0000000084c80000, 0x00000000d5580000)
  object space 78336K, 99% used [0x0000000080000000,0x0000000084c74690,0x0000000084c80000)
 Metaspace       used 62322K, committed 63808K, reserved 1114112K
  class space    used 6677K, committed 7296K, reserved 1048576K
}
Event: 24.319 GC heap before
{Heap before GC invocations=100 (full 3):
 PSYoungGen      total 15360K, used 15268K [0x00000000d5580000, 0x00000000d6700000, 0x0000000100000000)
  eden space 14336K, 100% used [0x00000000d5580000,0x00000000d6380000,0x00000000d6380000)
  from space 1024K, 91% used [0x00000000d6600000,0x00000000d66e9210,0x00000000d6700000)
  to   space 1536K, 0% used [0x00000000d6400000,0x00000000d6400000,0x00000000d6580000)
 ParOldGen       total 78336K, used 78289K [0x0000000080000000, 0x0000000084c80000, 0x00000000d5580000)
  object space 78336K, 99% used [0x0000000080000000,0x0000000084c74690,0x0000000084c80000)
 Metaspace       used 62741K, committed 64192K, reserved 1114112K
  class space    used 6714K, committed 7360K, reserved 1048576K
}
Event: 24.322 GC heap after
{Heap after GC invocations=100 (full 3):
 PSYoungGen      total 15872K, used 736K [0x00000000d5580000, 0x00000000d6680000, 0x0000000100000000)
  eden space 14336K, 0% used [0x00000000d5580000,0x00000000d5580000,0x00000000d6380000)
  from space 1536K, 47% used [0x00000000d6400000,0x00000000d64b8020,0x00000000d6580000)
  to   space 1024K, 0% used [0x00000000d6580000,0x00000000d6580000,0x00000000d6680000)
 ParOldGen       total 79360K, used 78939K [0x0000000080000000, 0x0000000084d80000, 0x00000000d5580000)
  object space 79360K, 99% used [0x0000000080000000,0x0000000084d16e80,0x0000000084d80000)
 Metaspace       used 62741K, committed 64192K, reserved 1114112K
  class space    used 6714K, committed 7360K, reserved 1048576K
}

