# JRE version: OpenJDK Runtime Environment Temurin-21.0.8+9 (21.0.8+9) (build 21.0.8+9-LTS)
# Java VM: OpenJDK 64-Bit Server VM Temurin-21.0.8+9 (21.0.8+9-LTS, mixed mode, sharing, tiered, compressed oops, compressed class ptrs, parallel gc, windows-amd64)
GC Precious Log:
 CardTable entry size: 512
 CPUs: 12 total, 12 available
 Memory: 7896M
 Large Page Support: Disabled
 NUMA Support: Disabled
 Compressed Oops: Enabled (32-bit)
 Alignments: Space 512K, Generation 512K, Heap 2M
 Heap Min Capacity: 100M
 Heap Initial Capacity: 100M
 Heap Max Capacity: 2G
 Pre-touch: Disabled
 Parallel Workers: 10
Heap:
 PSYoungGen      total 18432K, used 11498K [0x00000000d5580000, 0x00000000d6980000, 0x0000000100000000)
  eden space 16384K, 60% used [0x00000000d5580000,0x00000000d5f30148,0x00000000d6580000)
  from space 2048K, 77% used [0x00000000d6600000,0x00000000d678a780,0x00000000d6800000)
  to   space 1536K, 0% used [0x00000000d6800000,0x00000000d6800000,0x00000000d6980000)
 ParOldGen       total 119296K, used 117951K [0x0000000080000000, 0x0000000087480000, 0x00000000d5580000)
  object space 119296K, 98% used [0x0000000080000000,0x000000008732fe98,0x0000000087480000)
 Metaspace       used 67423K, committed 69120K, reserved 1114112K
  class space    used 7212K, committed 8000K, reserved 1048576K
GC Heap History (20 events):
Event: 39.152 GC heap before
{Heap before GC invocations=77 (full 3):
 PSYoungGen      total 17408K, used 17120K [0x00000000d5580000, 0x00000000d6800000, 0x0000000100000000)
  eden space 16384K, 100% used [0x00000000d5580000,0x00000000d6580000,0x00000000d6580000)
  from space 1024K, 71% used [0x00000000d6680000,0x00000000d6738000,0x00000000d6780000)
  to   space 512K, 0% used [0x00000000d6780000,0x00000000d6780000,0x00000000d6800000)
 ParOldGen       total 78848K, used 72403K [0x0000000080000000, 0x0000000084d00000, 0x00000000d5580000)
  object space 78848K, 91% used [0x0000000080000000,0x00000000846b4c00,0x0000000084d00000)
 Metaspace       used 61686K, committed 63296K, reserved 1114112K
  class space    used 6647K, committed 7360K, reserved 1048576K
}
Event: 39.154 GC heap after
{Heap after GC invocations=77 (full 3):
 PSYoungGen      total 16896K, used 448K [0x00000000d5580000, 0x00000000d6800000, 0x0000000100000000)
  eden space 16384K, 0% used [0x00000000d5580000,0x00000000d5580000,0x00000000d6580000)
  from space 512K, 87% used [0x00000000d6780000,0x00000000d67f0000,0x00000000d6800000)
  to   space 1024K, 0% used [0x00000000d6600000,0x00000000d6600000,0x00000000d6700000)
 ParOldGen       total 78848K, used 72904K [0x0000000080000000, 0x0000000084d00000, 0x00000000d5580000)
  object space 78848K, 92% used [0x0000000080000000,0x0000000084732338,0x0000000084d00000)
 Metaspace       used 61686K, committed 63296K, reserved 1114112K
  class space    used 6647K, committed 7360K, reserved 1048576K
}
Event: 39.541 GC heap before
{Heap before GC invocations=78 (full 3):
 PSYoungGen      total 16896K, used 16832K [0x00000000d5580000, 0x00000000d6800000, 0x0000000100000000)
  eden space 16384K, 100% used [0x00000000d5580000,0x00000000d6580000,0x00000000d6580000)
  from space 512K, 87% used [0x00000000d6780000,0x00000000d67f0000,0x00000000d6800000)
  to   space 1024K, 0% used [0x00000000d6600000,0x00000000d6600000,0x00000000d6700000)
 ParOldGen       total 78848K, used 72904K [0x0000000080000000, 0x0000000084d00000, 0x00000000d5580000)
  object space 78848K, 92% used [0x0000000080000000,0x0000000084732338,0x0000000084d00000)
 Metaspace       used 62758K, committed 64320K, reserved 1114112K
  class space    used 6756K, committed 7424K, reserved 1048576K
}
Event: 39.545 GC heap after
{Heap after GC invocations=78 (full 3):
 PSYoungGen      total 17408K, used 1004K [0x00000000d5580000, 0x00000000d7080000, 0x0000000100000000)
  eden space 16384K, 0% used [0x00000000d5580000,0x00000000d5580000,0x00000000d6580000)
  from space 1024K, 98% used [0x00000000d6600000,0x00000000d66fb158,0x00000000d6700000)
  to   space 5632K, 0% used [0x00000000d6b00000,0x00000000d6b00000,0x00000000d7080000)
 ParOldGen       total 78848K, used 76626K [0x0000000080000000, 0x0000000084d00000, 0x00000000d5580000)
  object space 78848K, 97% used [0x0000000080000000,0x0000000084ad4b00,0x0000000084d00000)
 Metaspace       used 62758K, committed 64320K, reserved 1114112K
  class space    used 6756K, committed 7424K, reserved 1048576K
}
Event: 40.004 GC heap before
{Heap before GC invocations=79 (full 3):
 PSYoungGen      total 17408K, used 17388K [0x00000000d5580000, 0x00000000d7080000, 0x0000000100000000)
  eden space 16384K, 100% used [0x00000000d5580000,0x00000000d6580000,0x00000000d6580000)
  from space 1024K, 98% used [0x00000000d6600000,0x00000000d66fb158,0x00000000d6700000)
  to   space 5632K, 0% used [0x00000000d6b00000,0x00000000d6b00000,0x00000000d7080000)
 ParOldGen       total 78848K, used 76626K [0x0000000080000000, 0x0000000084d00000, 0x00000000d5580000)
  object space 78848K, 97% used [0x0000000080000000,0x0000000084ad4b00,0x0000000084d00000)
 Metaspace       used 63894K, committed 65536K, reserved 1114112K
  class space    used 6908K, committed 7616K, reserved 1048576K
}
Event: 40.007 GC heap after
{Heap after GC invocations=79 (full 3):
 PSYoungGen      total 18432K, used 1643K [0x00000000d5580000, 0x00000000d6d00000, 0x0000000100000000)
  eden space 16384K, 0% used [0x00000000d5580000,0x00000000d5580000,0x00000000d6580000)
  from space 2048K, 80% used [0x00000000d6b00000,0x00000000d6c9ac70,0x00000000d6d00000)
  to   space 3072K, 0% used [0x00000000d6700000,0x00000000d6700000,0x00000000d6a00000)
 ParOldGen       total 78848K, used 77502K [0x0000000080000000, 0x0000000084d00000, 0x00000000d5580000)
  object space 78848K, 98% used [0x0000000080000000,0x0000000084baf878,0x0000000084d00000)
 Metaspace       used 63894K, committed 65536K, reserved 1114112K
  class space    used 6908K, committed 7616K, reserved 1048576K
}
Event: 40.192 GC heap before
{Heap before GC invocations=80 (full 3):
 PSYoungGen      total 18432K, used 18027K [0x00000000d5580000, 0x00000000d6d00000, 0x0000000100000000)
  eden space 16384K, 100% used [0x00000000d5580000,0x00000000d6580000,0x00000000d6580000)
  from space 2048K, 80% used [0x00000000d6b00000,0x00000000d6c9ac70,0x00000000d6d00000)
  to   space 3072K, 0% used [0x00000000d6700000,0x00000000d6700000,0x00000000d6a00000)
 ParOldGen       total 78848K, used 77502K [0x0000000080000000, 0x0000000084d00000, 0x00000000d5580000)
  object space 78848K, 98% used [0x0000000080000000,0x0000000084baf878,0x0000000084d00000)
 Metaspace       used 64378K, committed 65984K, reserved 1114112K
  class space    used 6942K, committed 7680K, reserved 1048576K
}
Event: 40.195 GC heap after
{Heap after GC invocations=80 (full 3):
 PSYoungGen      total 18432K, used 1594K [0x00000000d5580000, 0x00000000d6b80000, 0x0000000100000000)
  eden space 16384K, 0% used [0x00000000d5580000,0x00000000d5580000,0x00000000d6580000)
  from space 2048K, 77% used [0x00000000d6700000,0x00000000d688eb88,0x00000000d6900000)
  to   space 2048K, 0% used [0x00000000d6980000,0x00000000d6980000,0x00000000d6b80000)
 ParOldGen       total 79360K, used 79006K [0x0000000080000000, 0x0000000084d80000, 0x00000000d5580000)
  object space 79360K, 99% used [0x0000000080000000,0x0000000084d27a10,0x0000000084d80000)
 Metaspace       used 64378K, committed 65984K, reserved 1114112K
  class space    used 6942K, committed 7680K, reserved 1048576K
}
Event: 40.253 GC heap before
{Heap before GC invocations=81 (full 3):
 PSYoungGen      total 18432K, used 17978K [0x00000000d5580000, 0x00000000d6b80000, 0x0000000100000000)
  eden space 16384K, 100% used [0x00000000d5580000,0x00000000d6580000,0x00000000d6580000)
  from space 2048K, 77% used [0x00000000d6700000,0x00000000d688eb88,0x00000000d6900000)
  to   space 2048K, 0% used [0x00000000d6980000,0x00000000d6980000,0x00000000d6b80000)
 ParOldGen       total 79360K, used 79006K [0x0000000080000000, 0x0000000084d80000, 0x00000000d5580000)
  object space 79360K, 99% used [0x0000000080000000,0x0000000084d27a10,0x0000000084d80000)
 Metaspace       used 64390K, committed 66048K, reserved 1114112K
  class space    used 6942K, committed 7680K, reserved 1048576K
}
Event: 40.256 GC heap after
{Heap after GC invocations=81 (full 3):
 PSYoungGen      total 17408K, used 886K [0x00000000d5580000, 0x00000000d6a80000, 0x0000000100000000)
  eden space 16384K, 0% used [0x00000000d5580000,0x00000000d5580000,0x00000000d6580000)
  from space 1024K, 86% used [0x00000000d6980000,0x00000000d6a5daa8,0x00000000d6a80000)
  to   space 1536K, 0% used [0x00000000d6780000,0x00000000d6780000,0x00000000d6900000)
 ParOldGen       total 80384K, used 80288K [0x0000000080000000, 0x0000000084e80000, 0x00000000d5580000)
  object space 80384K, 99% used [0x0000000080000000,0x0000000084e68068,0x0000000084e80000)
 Metaspace       used 64390K, committed 66048K, reserved 1114112K
  class space    used 6942K, committed 7680K, reserved 1048576K
}
Event: 40.448 GC heap before
{Heap before GC invocations=82 (full 3):
 PSYoungGen      total 17408K, used 16640K [0x00000000d5580000, 0x00000000d6a80000, 0x0000000100000000)
  eden space 16384K, 96% used [0x00000000d5580000,0x00000000d64e2938,0x00000000d6580000)
  from space 1024K, 86% used [0x00000000d6980000,0x00000000d6a5daa8,0x00000000d6a80000)
  to   space 1536K, 0% used [0x00000000d6780000,0x00000000d6780000,0x00000000d6900000)
 ParOldGen       total 80384K, used 80288K [0x0000000080000000, 0x0000000084e80000, 0x00000000d5580000)
  object space 80384K, 99% used [0x0000000080000000,0x0000000084e68068,0x0000000084e80000)
 Metaspace       used 65656K, committed 67264K, reserved 1114112K
  class space    used 7047K, committed 7744K, reserved 1048576K
}
Event: 40.450 GC heap after
{Heap after GC invocations=82 (full 3):
 PSYoungGen      total 17408K, used 998K [0x00000000d5580000, 0x00000000d6a00000, 0x0000000100000000)
  eden space 16384K, 0% used [0x00000000d5580000,0x00000000d5580000,0x00000000d6580000)
  from space 1024K, 97% used [0x00000000d6780000,0x00000000d6879ba0,0x00000000d6880000)
  to   space 1536K, 0% used [0x00000000d6880000,0x00000000d6880000,0x00000000d6a00000)
 ParOldGen       total 80384K, used 80328K [0x0000000080000000, 0x0000000084e80000, 0x00000000d5580000)
  object space 80384K, 99% used [0x0000000080000000,0x0000000084e72068,0x0000000084e80000)
 Metaspace       used 65656K, committed 67264K, reserved 1114112K
  class space    used 7047K, committed 7744K, reserved 1048576K
}
Event: 40.623 GC heap before
{Heap before GC invocations=83 (full 3):
 PSYoungGen      total 17408K, used 17382K [0x00000000d5580000, 0x00000000d6a00000, 0x0000000100000000)
  eden space 16384K, 100% used [0x00000000d5580000,0x00000000d6580000,0x00000000d6580000)
  from space 1024K, 97% used [0x00000000d6780000,0x00000000d6879ba0,0x00000000d6880000)
  to   space 1536K, 0% used [0x00000000d6880000,0x00000000d6880000,0x00000000d6a00000)
 ParOldGen       total 80384K, used 80328K [0x0000000080000000, 0x0000000084e80000, 0x00000000d5580000)
  object space 80384K, 99% used [0x0000000080000000,0x0000000084e72068,0x0000000084e80000)
 Metaspace       used 65736K, committed 67392K, reserved 1114112K
  class space    used 7054K, committed 7808K, reserved 1048576K
}
Event: 40.625 GC heap after
{Heap after GC invocations=83 (full 3):
 PSYoungGen      total 17920K, used 1184K [0x00000000d5580000, 0x00000000d6a00000, 0x0000000100000000)
  eden space 16384K, 0% used [0x00000000d5580000,0x00000000d5580000,0x00000000d6580000)
  from space 1536K, 77% used [0x00000000d6880000,0x00000000d69a8000,0x00000000d6a00000)
  to   space 1536K, 0% used [0x00000000d6700000,0x00000000d6700000,0x00000000d6880000)
 ParOldGen       total 80896K, used 80536K [0x0000000080000000, 0x0000000084f00000, 0x00000000d5580000)
  object space 80896K, 99% used [0x0000000080000000,0x0000000084ea6068,0x0000000084f00000)
 Metaspace       used 65736K, committed 67392K, reserved 1114112K
  class space    used 7054K, committed 7808K, reserved 1048576K
}
Event: 753.172 GC heap before
{Heap before GC invocations=84 (full 3):
 PSYoungGen      total 17920K, used 17487K [0x00000000d5580000, 0x00000000d6a00000, 0x0000000100000000)
  eden space 16384K, 99% used [0x00000000d5580000,0x00000000d656bcf0,0x00000000d6580000)
  from space 1536K, 77% used [0x00000000d6880000,0x00000000d69a8000,0x00000000d6a00000)
  to   space 1536K, 0% used [0x00000000d6700000,0x00000000d6700000,0x00000000d6880000)
 ParOldGen       total 80896K, used 80536K [0x0000000080000000, 0x0000000084f00000, 0x00000000d5580000)
  object space 80896K, 99% used [0x0000000080000000,0x0000000084ea6068,0x0000000084f00000)
 Metaspace       used 66595K, committed 68288K, reserved 1114112K
  class space    used 7137K, committed 7872K, reserved 1048576K
}
Event: 753.311 GC heap after
{Heap after GC invocations=84 (full 3):
 PSYoungGen      total 17920K, used 1507K [0x00000000d5580000, 0x00000000d6b80000, 0x0000000100000000)
  eden space 16384K, 0% used [0x00000000d5580000,0x00000000d5580000,0x00000000d6580000)
  from space 1536K, 98% used [0x00000000d6700000,0x00000000d6878f58,0x00000000d6880000)
  to   space 3072K, 0% used [0x00000000d6880000,0x00000000d6880000,0x00000000d6b80000)
 ParOldGen       total 81408K, used 81390K [0x0000000080000000, 0x0000000084f80000, 0x00000000d5580000)
  object space 81408K, 99% used [0x0000000080000000,0x0000000084f7bad8,0x0000000084f80000)
 Metaspace       used 66595K, committed 68288K, reserved 1114112K
  class space    used 7137K, committed 7872K, reserved 1048576K
}
Event: 1030.170 GC heap before
{Heap before GC invocations=85 (full 3):
 PSYoungGen      total 17920K, used 17880K [0x00000000d5580000, 0x00000000d6b80000, 0x0000000100000000)
  eden space 16384K, 99% used [0x00000000d5580000,0x00000000d657d230,0x00000000d6580000)
  from space 1536K, 98% used [0x00000000d6700000,0x00000000d6878f58,0x00000000d6880000)
  to   space 3072K, 0% used [0x00000000d6880000,0x00000000d6880000,0x00000000d6b80000)
 ParOldGen       total 81408K, used 81390K [0x0000000080000000, 0x0000000084f80000, 0x00000000d5580000)
  object space 81408K, 99% used [0x0000000080000000,0x0000000084f7bad8,0x0000000084f80000)
 Metaspace       used 67328K, committed 69056K, reserved 1114112K
  class space    used 7201K, committed 8000K, reserved 1048576K
}
Event: 1030.211 GC heap after
{Heap after GC invocations=85 (full 3):
 PSYoungGen      total 18944K, used 2121K [0x00000000d5580000, 0x00000000d6b00000, 0x0000000100000000)
  eden space 16384K, 0% used [0x00000000d5580000,0x00000000d5580000,0x00000000d6580000)
  from space 2560K, 82% used [0x00000000d6880000,0x00000000d6a927a0,0x00000000d6b00000)
  to   space 2560K, 0% used [0x00000000d6600000,0x00000000d6600000,0x00000000d6880000)
 ParOldGen       total 82432K, used 81976K [0x0000000080000000, 0x0000000085080000, 0x00000000d5580000)
  object space 82432K, 99% used [0x0000000080000000,0x000000008500e128,0x0000000085080000)
 Metaspace       used 67328K, committed 69056K, reserved 1114112K
  class space    used 7201K, committed 8000K, reserved 1048576K
}
Event: 1030.319 GC heap before
{Heap before GC invocations=86 (full 3):
 PSYoungGen      total 18944K, used 12465K [0x00000000d5580000, 0x00000000d6b00000, 0x0000000100000000)
  eden space 16384K, 63% used [0x00000000d5580000,0x00000000d5f99d18,0x00000000d6580000)
  from space 2560K, 82% used [0x00000000d6880000,0x00000000d6a927a0,0x00000000d6b00000)
  to   space 2560K, 0% used [0x00000000d6600000,0x00000000d6600000,0x00000000d6880000)
 ParOldGen       total 82432K, used 81976K [0x0000000080000000, 0x0000000085080000, 0x00000000d5580000)
  object space 82432K, 99% used [0x0000000080000000,0x000000008500e128,0x0000000085080000)
 Metaspace       used 67342K, committed 69056K, reserved 1114112K
  class space    used 7202K, committed 8000K, reserved 1048576K
}
Event: 1030.350 GC heap after
{Heap after GC invocations=86 (full 3):
 PSYoungGen      total 18432K, used 1577K [0x00000000d5580000, 0x00000000d6980000, 0x0000000100000000)
  eden space 16384K, 0% used [0x00000000d5580000,0x00000000d5580000,0x00000000d6580000)
  from space 2048K, 77% used [0x00000000d6600000,0x00000000d678a780,0x00000000d6800000)
  to   space 1536K, 0% used [0x00000000d6800000,0x00000000d6800000,0x00000000d6980000)
 ParOldGen       total 92672K, used 91622K [0x0000000080000000, 0x0000000085a80000, 0x00000000d5580000)
  object space 92672K, 98% used [0x0000000080000000,0x00000000859798e8,0x0000000085a80000)
 Metaspace       used 67342K, committed 69056K, reserved 1114112K
  class space    used 7202K, committed 8000K, reserved 1048576K
}

