# JRE version: OpenJDK Runtime Environment Temurin-21.0.9+10 (21.0.9+10) (build 21.0.9+10-LTS)
# Java VM: OpenJDK 64-Bit Server VM Temurin-21.0.9+10 (21.0.9+10-LTS, mixed mode, sharing, tiered, compressed oops, compressed class ptrs, parallel gc, windows-amd64)
GC Precious Log:
 CardTable entry size: 512
 CPUs: 12 total, 12 available
 Memory: 7896M
 Large Page Support: Disabled
 NUMA Support: Disabled
 Compressed Oops: Enabled (32-bit)
 Alignments: Space 512K, Generation 512K, Heap 2M
 Heap Min Capacity: 100M
 Heap Initial Capacity: 100M
 Heap Max Capacity: 2G
 Pre-touch: Disabled
 Parallel Workers: 10
Heap:
 PSYoungGen      total 15360K, used 3677K [0x00000000d5580000, 0x00000000d6680000, 0x0000000100000000)
  eden space 13312K, 27% used [0x00000000d5580000,0x00000000d5917560,0x00000000d6280000)
  from space 2048K, 0% used [0x00000000d6280000,0x00000000d6280000,0x00000000d6480000)
  to   space 1536K, 0% used [0x00000000d6500000,0x00000000d6500000,0x00000000d6680000)
 ParOldGen       total 74752K, used 62490K [0x0000000080000000, 0x0000000084900000, 0x00000000d5580000)
  object space 74752K, 83% used [0x0000000080000000,0x0000000083d06858,0x0000000084900000)
 Metaspace       used 58845K, committed 60288K, reserved 1114112K
  class space    used 6321K, committed 6976K, reserved 1048576K
GC Heap History (20 events):
Event: 986.717 GC heap before
{Heap before GC invocations=73 (full 2):
 PSYoungGen      total 14848K, used 14752K [0x00000000d5580000, 0x00000000d6580000, 0x0000000100000000)
  eden space 14336K, 100% used [0x00000000d5580000,0x00000000d6380000,0x00000000d6380000)
  from space 512K, 81% used [0x00000000d6500000,0x00000000d6568000,0x00000000d6580000)
  to   space 512K, 0% used [0x00000000d6480000,0x00000000d6480000,0x00000000d6500000)
 ParOldGen       total 69632K, used 69392K [0x0000000080000000, 0x0000000084400000, 0x00000000d5580000)
  object space 69632K, 99% used [0x0000000080000000,0x00000000843c4340,0x0000000084400000)
 Metaspace       used 57082K, committed 58496K, reserved 1114112K
  class space    used 6165K, committed 6784K, reserved 1048576K
}
Event: 986.719 GC heap after
{Heap after GC invocations=73 (full 2):
 PSYoungGen      total 14848K, used 480K [0x00000000d5580000, 0x00000000d6580000, 0x0000000100000000)
  eden space 14336K, 0% used [0x00000000d5580000,0x00000000d5580000,0x00000000d6380000)
  from space 512K, 93% used [0x00000000d6480000,0x00000000d64f8000,0x00000000d6500000)
  to   space 512K, 0% used [0x00000000d6500000,0x00000000d6500000,0x00000000d6580000)
 ParOldGen       total 70144K, used 69728K [0x0000000080000000, 0x0000000084480000, 0x00000000d5580000)
  object space 70144K, 99% used [0x0000000080000000,0x0000000084418340,0x0000000084480000)
 Metaspace       used 57082K, committed 58496K, reserved 1114112K
  class space    used 6165K, committed 6784K, reserved 1048576K
}
Event: 986.784 GC heap before
{Heap before GC invocations=74 (full 2):
 PSYoungGen      total 14848K, used 14816K [0x00000000d5580000, 0x00000000d6580000, 0x0000000100000000)
  eden space 14336K, 100% used [0x00000000d5580000,0x00000000d6380000,0x00000000d6380000)
  from space 512K, 93% used [0x00000000d6480000,0x00000000d64f8000,0x00000000d6500000)
  to   space 512K, 0% used [0x00000000d6500000,0x00000000d6500000,0x00000000d6580000)
 ParOldGen       total 70144K, used 69728K [0x0000000080000000, 0x0000000084480000, 0x00000000d5580000)
  object space 70144K, 99% used [0x0000000080000000,0x0000000084418340,0x0000000084480000)
 Metaspace       used 57098K, committed 58560K, reserved 1114112K
  class space    used 6165K, committed 6784K, reserved 1048576K
}
Event: 986.786 GC heap after
{Heap after GC invocations=74 (full 2):
 PSYoungGen      total 14848K, used 480K [0x00000000d5580000, 0x00000000d6580000, 0x0000000100000000)
  eden space 14336K, 0% used [0x00000000d5580000,0x00000000d5580000,0x00000000d6380000)
  from space 512K, 93% used [0x00000000d6500000,0x00000000d6578000,0x00000000d6580000)
  to   space 512K, 0% used [0x00000000d6480000,0x00000000d6480000,0x00000000d6500000)
 ParOldGen       total 70144K, used 70056K [0x0000000080000000, 0x0000000084480000, 0x00000000d5580000)
  object space 70144K, 99% used [0x0000000080000000,0x000000008446a340,0x0000000084480000)
 Metaspace       used 57098K, committed 58560K, reserved 1114112K
  class space    used 6165K, committed 6784K, reserved 1048576K
}
Event: 986.837 GC heap before
{Heap before GC invocations=75 (full 2):
 PSYoungGen      total 14848K, used 14816K [0x00000000d5580000, 0x00000000d6580000, 0x0000000100000000)
  eden space 14336K, 100% used [0x00000000d5580000,0x00000000d6380000,0x00000000d6380000)
  from space 512K, 93% used [0x00000000d6500000,0x00000000d6578000,0x00000000d6580000)
  to   space 512K, 0% used [0x00000000d6480000,0x00000000d6480000,0x00000000d6500000)
 ParOldGen       total 70144K, used 70056K [0x0000000080000000, 0x0000000084480000, 0x00000000d5580000)
  object space 70144K, 99% used [0x0000000080000000,0x000000008446a340,0x0000000084480000)
 Metaspace       used 57105K, committed 58560K, reserved 1114112K
  class space    used 6165K, committed 6784K, reserved 1048576K
}
Event: 986.841 GC heap after
{Heap after GC invocations=75 (full 2):
 PSYoungGen      total 14848K, used 480K [0x00000000d5580000, 0x00000000d6580000, 0x0000000100000000)
  eden space 14336K, 0% used [0x00000000d5580000,0x00000000d5580000,0x00000000d6380000)
  from space 512K, 93% used [0x00000000d6480000,0x00000000d64f8000,0x00000000d6500000)
  to   space 512K, 0% used [0x00000000d6500000,0x00000000d6500000,0x00000000d6580000)
 ParOldGen       total 70656K, used 70368K [0x0000000080000000, 0x0000000084500000, 0x00000000d5580000)
  object space 70656K, 99% used [0x0000000080000000,0x00000000844b8340,0x0000000084500000)
 Metaspace       used 57105K, committed 58560K, reserved 1114112K
  class space    used 6165K, committed 6784K, reserved 1048576K
}
Event: 986.901 GC heap before
{Heap before GC invocations=76 (full 2):
 PSYoungGen      total 14848K, used 14816K [0x00000000d5580000, 0x00000000d6580000, 0x0000000100000000)
  eden space 14336K, 100% used [0x00000000d5580000,0x00000000d6380000,0x00000000d6380000)
  from space 512K, 93% used [0x00000000d6480000,0x00000000d64f8000,0x00000000d6500000)
  to   space 512K, 0% used [0x00000000d6500000,0x00000000d6500000,0x00000000d6580000)
 ParOldGen       total 70656K, used 70368K [0x0000000080000000, 0x0000000084500000, 0x00000000d5580000)
  object space 70656K, 99% used [0x0000000080000000,0x00000000844b8340,0x0000000084500000)
 Metaspace       used 57112K, committed 58560K, reserved 1114112K
  class space    used 6165K, committed 6784K, reserved 1048576K
}
Event: 986.905 GC heap after
{Heap after GC invocations=76 (full 2):
 PSYoungGen      total 14848K, used 512K [0x00000000d5580000, 0x00000000d6580000, 0x0000000100000000)
  eden space 14336K, 0% used [0x00000000d5580000,0x00000000d5580000,0x00000000d6380000)
  from space 512K, 100% used [0x00000000d6500000,0x00000000d6580000,0x00000000d6580000)
  to   space 1024K, 0% used [0x00000000d6380000,0x00000000d6380000,0x00000000d6480000)
 ParOldGen       total 71168K, used 70688K [0x0000000080000000, 0x0000000084580000, 0x00000000d5580000)
  object space 71168K, 99% used [0x0000000080000000,0x0000000084508340,0x0000000084580000)
 Metaspace       used 57112K, committed 58560K, reserved 1114112K
  class space    used 6165K, committed 6784K, reserved 1048576K
}
Event: 986.985 GC heap before
{Heap before GC invocations=77 (full 2):
 PSYoungGen      total 14848K, used 14848K [0x00000000d5580000, 0x00000000d6580000, 0x0000000100000000)
  eden space 14336K, 100% used [0x00000000d5580000,0x00000000d6380000,0x00000000d6380000)
  from space 512K, 100% used [0x00000000d6500000,0x00000000d6580000,0x00000000d6580000)
  to   space 1024K, 0% used [0x00000000d6380000,0x00000000d6380000,0x00000000d6480000)
 ParOldGen       total 71168K, used 70688K [0x0000000080000000, 0x0000000084580000, 0x00000000d5580000)
  object space 71168K, 99% used [0x0000000080000000,0x0000000084508340,0x0000000084580000)
 Metaspace       used 57119K, committed 58560K, reserved 1114112K
  class space    used 6165K, committed 6784K, reserved 1048576K
}
Event: 986.988 GC heap after
{Heap after GC invocations=77 (full 2):
 PSYoungGen      total 15360K, used 480K [0x00000000d5580000, 0x00000000d6580000, 0x0000000100000000)
  eden space 14336K, 0% used [0x00000000d5580000,0x00000000d5580000,0x00000000d6380000)
  from space 1024K, 46% used [0x00000000d6380000,0x00000000d63f8000,0x00000000d6480000)
  to   space 1024K, 0% used [0x00000000d6480000,0x00000000d6480000,0x00000000d6580000)
 ParOldGen       total 71168K, used 71144K [0x0000000080000000, 0x0000000084580000, 0x00000000d5580000)
  object space 71168K, 99% used [0x0000000080000000,0x000000008457a340,0x0000000084580000)
 Metaspace       used 57119K, committed 58560K, reserved 1114112K
  class space    used 6165K, committed 6784K, reserved 1048576K
}
Event: 987.047 GC heap before
{Heap before GC invocations=78 (full 2):
 PSYoungGen      total 15360K, used 14816K [0x00000000d5580000, 0x00000000d6580000, 0x0000000100000000)
  eden space 14336K, 100% used [0x00000000d5580000,0x00000000d6380000,0x00000000d6380000)
  from space 1024K, 46% used [0x00000000d6380000,0x00000000d63f8000,0x00000000d6480000)
  to   space 1024K, 0% used [0x00000000d6480000,0x00000000d6480000,0x00000000d6580000)
 ParOldGen       total 71168K, used 71144K [0x0000000080000000, 0x0000000084580000, 0x00000000d5580000)
  object space 71168K, 99% used [0x0000000080000000,0x000000008457a340,0x0000000084580000)
 Metaspace       used 57119K, committed 58560K, reserved 1114112K
  class space    used 6165K, committed 6784K, reserved 1048576K
}
Event: 987.053 GC heap after
{Heap after GC invocations=78 (full 2):
 PSYoungGen      total 14848K, used 480K [0x00000000d5580000, 0x00000000d6500000, 0x0000000100000000)
  eden space 14336K, 0% used [0x00000000d5580000,0x00000000d5580000,0x00000000d6380000)
  from space 512K, 93% used [0x00000000d6480000,0x00000000d64f8000,0x00000000d6500000)
  to   space 512K, 0% used [0x00000000d6400000,0x00000000d6400000,0x00000000d6480000)
 ParOldGen       total 72704K, used 72264K [0x0000000080000000, 0x0000000084700000, 0x00000000d5580000)
  object space 72704K, 99% used [0x0000000080000000,0x0000000084692340,0x0000000084700000)
 Metaspace       used 57119K, committed 58560K, reserved 1114112K
  class space    used 6165K, committed 6784K, reserved 1048576K
}
Event: 987.162 GC heap before
{Heap before GC invocations=79 (full 2):
 PSYoungGen      total 14848K, used 14816K [0x00000000d5580000, 0x00000000d6500000, 0x0000000100000000)
  eden space 14336K, 100% used [0x00000000d5580000,0x00000000d6380000,0x00000000d6380000)
  from space 512K, 93% used [0x00000000d6480000,0x00000000d64f8000,0x00000000d6500000)
  to   space 512K, 0% used [0x00000000d6400000,0x00000000d6400000,0x00000000d6480000)
 ParOldGen       total 72704K, used 72264K [0x0000000080000000, 0x0000000084700000, 0x00000000d5580000)
  object space 72704K, 99% used [0x0000000080000000,0x0000000084692340,0x0000000084700000)
 Metaspace       used 57173K, committed 58624K, reserved 1114112K
  class space    used 6168K, committed 6784K, reserved 1048576K
}
Event: 987.165 GC heap after
{Heap after GC invocations=79 (full 2):
 PSYoungGen      total 14848K, used 480K [0x00000000d5580000, 0x00000000d6500000, 0x0000000100000000)
  eden space 14336K, 0% used [0x00000000d5580000,0x00000000d5580000,0x00000000d6380000)
  from space 512K, 93% used [0x00000000d6400000,0x00000000d6478000,0x00000000d6480000)
  to   space 512K, 0% used [0x00000000d6480000,0x00000000d6480000,0x00000000d6500000)
 ParOldGen       total 72704K, used 72608K [0x0000000080000000, 0x0000000084700000, 0x00000000d5580000)
  object space 72704K, 99% used [0x0000000080000000,0x00000000846e8340,0x0000000084700000)
 Metaspace       used 57173K, committed 58624K, reserved 1114112K
  class space    used 6168K, committed 6784K, reserved 1048576K
}
Event: 987.356 GC heap before
{Heap before GC invocations=80 (full 2):
 PSYoungGen      total 14848K, used 14816K [0x00000000d5580000, 0x00000000d6500000, 0x0000000100000000)
  eden space 14336K, 100% used [0x00000000d5580000,0x00000000d6380000,0x00000000d6380000)
  from space 512K, 93% used [0x00000000d6400000,0x00000000d6478000,0x00000000d6480000)
  to   space 512K, 0% used [0x00000000d6480000,0x00000000d6480000,0x00000000d6500000)
 ParOldGen       total 72704K, used 72608K [0x0000000080000000, 0x0000000084700000, 0x00000000d5580000)
  object space 72704K, 99% used [0x0000000080000000,0x00000000846e8340,0x0000000084700000)
 Metaspace       used 57247K, committed 58688K, reserved 1114112K
  class space    used 6176K, committed 6784K, reserved 1048576K
}
Event: 987.361 GC heap after
{Heap after GC invocations=80 (full 2):
 PSYoungGen      total 13824K, used 512K [0x00000000d5580000, 0x00000000d6780000, 0x0000000100000000)
  eden space 13312K, 0% used [0x00000000d5580000,0x00000000d5580000,0x00000000d6280000)
  from space 512K, 100% used [0x00000000d6480000,0x00000000d6500000,0x00000000d6500000)
  to   space 2048K, 0% used [0x00000000d6280000,0x00000000d6280000,0x00000000d6480000)
 ParOldGen       total 73728K, used 73696K [0x0000000080000000, 0x0000000084800000, 0x00000000d5580000)
  object space 73728K, 99% used [0x0000000080000000,0x00000000847f8340,0x0000000084800000)
 Metaspace       used 57247K, committed 58688K, reserved 1114112K
  class space    used 6176K, committed 6784K, reserved 1048576K
}
Event: 987.989 GC heap before
{Heap before GC invocations=81 (full 2):
 PSYoungGen      total 13824K, used 9828K [0x00000000d5580000, 0x00000000d6780000, 0x0000000100000000)
  eden space 13312K, 69% used [0x00000000d5580000,0x00000000d5e99020,0x00000000d6280000)
  from space 512K, 100% used [0x00000000d6480000,0x00000000d6500000,0x00000000d6500000)
  to   space 2048K, 0% used [0x00000000d6280000,0x00000000d6280000,0x00000000d6480000)
 ParOldGen       total 73728K, used 73696K [0x0000000080000000, 0x0000000084800000, 0x00000000d5580000)
  object space 73728K, 99% used [0x0000000080000000,0x00000000847f8340,0x0000000084800000)
 Metaspace       used 58375K, committed 59776K, reserved 1114112K
  class space    used 6298K, committed 6912K, reserved 1048576K
}
Event: 987.994 GC heap after
{Heap after GC invocations=81 (full 2):
 PSYoungGen      total 15360K, used 1264K [0x00000000d5580000, 0x00000000d6680000, 0x0000000100000000)
  eden space 13312K, 0% used [0x00000000d5580000,0x00000000d5580000,0x00000000d6280000)
  from space 2048K, 61% used [0x00000000d6280000,0x00000000d63bc008,0x00000000d6480000)
  to   space 1536K, 0% used [0x00000000d6500000,0x00000000d6500000,0x00000000d6680000)
 ParOldGen       total 74752K, used 74256K [0x0000000080000000, 0x0000000084900000, 0x00000000d5580000)
  object space 74752K, 99% used [0x0000000080000000,0x0000000084884350,0x0000000084900000)
 Metaspace       used 58375K, committed 59776K, reserved 1114112K
  class space    used 6298K, committed 6912K, reserved 1048576K
}
Event: 987.994 GC heap before
{Heap before GC invocations=82 (full 3):
 PSYoungGen      total 15360K, used 1264K [0x00000000d5580000, 0x00000000d6680000, 0x0000000100000000)
  eden space 13312K, 0% used [0x00000000d5580000,0x00000000d5580000,0x00000000d6280000)
  from space 2048K, 61% used [0x00000000d6280000,0x00000000d63bc008,0x00000000d6480000)
  to   space 1536K, 0% used [0x00000000d6500000,0x00000000d6500000,0x00000000d6680000)
 ParOldGen       total 74752K, used 74256K [0x0000000080000000, 0x0000000084900000, 0x00000000d5580000)
  object space 74752K, 99% used [0x0000000080000000,0x0000000084884350,0x0000000084900000)
 Metaspace       used 58375K, committed 59776K, reserved 1114112K
  class space    used 6298K, committed 6912K, reserved 1048576K
}
Event: 989.500 GC heap after
{Heap after GC invocations=82 (full 3):
 PSYoungGen      total 15360K, used 0K [0x00000000d5580000, 0x00000000d6680000, 0x0000000100000000)
  eden space 13312K, 0% used [0x00000000d5580000,0x00000000d5580000,0x00000000d6280000)
  from space 2048K, 0% used [0x00000000d6280000,0x00000000d6280000,0x00000000d6480000)
  to   space 1536K, 0% used [0x00000000d6500000,0x00000000d6500000,0x00000000d6680000)
 ParOldGen       total 74752K, used 62490K [0x0000000080000000, 0x0000000084900000, 0x00000000d5580000)
  object space 74752K, 83% used [0x0000000080000000,0x0000000083d06858,0x0000000084900000)
 Metaspace       used 58368K, committed 59776K, reserved 1114112K
  class space    used 6296K, committed 6912K, reserved 1048576K
}

