# JRE version: OpenJDK Runtime Environment Temurin-21.0.8+9 (21.0.8+9) (build 21.0.8+9-LTS)
# Java VM: OpenJDK 64-Bit Server VM Temurin-21.0.8+9 (21.0.8+9-LTS, mixed mode, sharing, tiered, compressed oops, compressed class ptrs, parallel gc, windows-amd64)
GC Precious Log:
 CardTable entry size: 512
 CPUs: 12 total, 12 available
 Memory: 7896M
 Large Page Support: Disabled
 NUMA Support: Disabled
 Compressed Oops: Enabled (32-bit)
 Alignments: Space 512K, Generation 512K, Heap 2M
 Heap Min Capacity: 100M
 Heap Initial Capacity: 100M
 Heap Max Capacity: 2G
 Pre-touch: Disabled
 Parallel Workers: 10
Heap:
 PSYoungGen      total 22016K, used 18735K [0x00000000d5580000, 0x00000000d7000000, 0x0000000100000000)
  eden space 20992K, 84% used [0x00000000d5580000,0x00000000d66cbe48,0x00000000d6a00000)
  from space 1024K, 100% used [0x00000000d6d00000,0x00000000d6e00000,0x00000000d6e00000)
  to   space 3072K, 0% used [0x00000000d6a00000,0x00000000d6a00000,0x00000000d6d00000)
 ParOldGen       total 68608K, used 62503K [0x0000000080000000, 0x0000000084300000, 0x00000000d5580000)
  object space 68608K, 91% used [0x0000000080000000,0x0000000083d09cf0,0x0000000084300000)
 Metaspace       used 58358K, committed 59712K, reserved 1114112K
  class space    used 6280K, committed 6912K, reserved 1048576K
GC Heap History (20 events):
Event: 7.556 GC heap before
{Heap before GC invocations=29 (full 2):
 PSYoungGen      total 24064K, used 23960K [0x00000000d5580000, 0x00000000d7380000, 0x0000000100000000)
  eden space 22016K, 100% used [0x00000000d5580000,0x00000000d6b00000,0x00000000d6b00000)
  from space 2048K, 94% used [0x00000000d7180000,0x00000000d7366200,0x00000000d7380000)
  to   space 2560K, 0% used [0x00000000d6e80000,0x00000000d6e80000,0x00000000d7100000)
 ParOldGen       total 68608K, used 46292K [0x0000000080000000, 0x0000000084300000, 0x00000000d5580000)
  object space 68608K, 67% used [0x0000000080000000,0x0000000082d35040,0x0000000084300000)
 Metaspace       used 49878K, committed 51136K, reserved 1114112K
  class space    used 5441K, committed 6016K, reserved 1048576K
}
Event: 7.560 GC heap after
{Heap after GC invocations=29 (full 2):
 PSYoungGen      total 24064K, used 1632K [0x00000000d5580000, 0x00000000d7200000, 0x0000000100000000)
  eden space 22016K, 0% used [0x00000000d5580000,0x00000000d5580000,0x00000000d6b00000)
  from space 2048K, 79% used [0x00000000d6e80000,0x00000000d7018020,0x00000000d7080000)
  to   space 1536K, 0% used [0x00000000d7080000,0x00000000d7080000,0x00000000d7200000)
 ParOldGen       total 68608K, used 48124K [0x0000000080000000, 0x0000000084300000, 0x00000000d5580000)
  object space 68608K, 70% used [0x0000000080000000,0x0000000082eff240,0x0000000084300000)
 Metaspace       used 49878K, committed 51136K, reserved 1114112K
  class space    used 5441K, committed 6016K, reserved 1048576K
}
Event: 8.067 GC heap before
{Heap before GC invocations=30 (full 2):
 PSYoungGen      total 24064K, used 23648K [0x00000000d5580000, 0x00000000d7200000, 0x0000000100000000)
  eden space 22016K, 100% used [0x00000000d5580000,0x00000000d6b00000,0x00000000d6b00000)
  from space 2048K, 79% used [0x00000000d6e80000,0x00000000d7018020,0x00000000d7080000)
  to   space 1536K, 0% used [0x00000000d7080000,0x00000000d7080000,0x00000000d7200000)
 ParOldGen       total 68608K, used 48124K [0x0000000080000000, 0x0000000084300000, 0x00000000d5580000)
  object space 68608K, 70% used [0x0000000080000000,0x0000000082eff240,0x0000000084300000)
 Metaspace       used 51398K, committed 52736K, reserved 1114112K
  class space    used 5647K, committed 6272K, reserved 1048576K
}
Event: 8.073 GC heap after
{Heap after GC invocations=30 (full 2):
 PSYoungGen      total 23040K, used 740K [0x00000000d5580000, 0x00000000d7180000, 0x0000000100000000)
  eden space 22016K, 0% used [0x00000000d5580000,0x00000000d5580000,0x00000000d6b00000)
  from space 1024K, 72% used [0x00000000d7080000,0x00000000d71393d8,0x00000000d7180000)
  to   space 1536K, 0% used [0x00000000d6e80000,0x00000000d6e80000,0x00000000d7000000)
 ParOldGen       total 68608K, used 49548K [0x0000000080000000, 0x0000000084300000, 0x00000000d5580000)
  object space 68608K, 72% used [0x0000000080000000,0x0000000083063298,0x0000000084300000)
 Metaspace       used 51398K, committed 52736K, reserved 1114112K
  class space    used 5647K, committed 6272K, reserved 1048576K
}
Event: 8.389 GC heap before
{Heap before GC invocations=31 (full 2):
 PSYoungGen      total 23040K, used 22756K [0x00000000d5580000, 0x00000000d7180000, 0x0000000100000000)
  eden space 22016K, 100% used [0x00000000d5580000,0x00000000d6b00000,0x00000000d6b00000)
  from space 1024K, 72% used [0x00000000d7080000,0x00000000d71393d8,0x00000000d7180000)
  to   space 1536K, 0% used [0x00000000d6e80000,0x00000000d6e80000,0x00000000d7000000)
 ParOldGen       total 68608K, used 49548K [0x0000000080000000, 0x0000000084300000, 0x00000000d5580000)
  object space 68608K, 72% used [0x0000000080000000,0x0000000083063298,0x0000000084300000)
 Metaspace       used 52778K, committed 54144K, reserved 1114112K
  class space    used 5776K, committed 6400K, reserved 1048576K
}
Event: 8.391 GC heap after
{Heap after GC invocations=31 (full 2):
 PSYoungGen      total 23552K, used 960K [0x00000000d5580000, 0x00000000d7100000, 0x0000000100000000)
  eden space 22016K, 0% used [0x00000000d5580000,0x00000000d5580000,0x00000000d6b00000)
  from space 1536K, 62% used [0x00000000d6e80000,0x00000000d6f70038,0x00000000d7000000)
  to   space 1024K, 0% used [0x00000000d7000000,0x00000000d7000000,0x00000000d7100000)
 ParOldGen       total 68608K, used 50197K [0x0000000080000000, 0x0000000084300000, 0x00000000d5580000)
  object space 68608K, 73% used [0x0000000080000000,0x0000000083105508,0x0000000084300000)
 Metaspace       used 52778K, committed 54144K, reserved 1114112K
  class space    used 5776K, committed 6400K, reserved 1048576K
}
Event: 8.684 GC heap before
{Heap before GC invocations=32 (full 2):
 PSYoungGen      total 23552K, used 22976K [0x00000000d5580000, 0x00000000d7100000, 0x0000000100000000)
  eden space 22016K, 100% used [0x00000000d5580000,0x00000000d6b00000,0x00000000d6b00000)
  from space 1536K, 62% used [0x00000000d6e80000,0x00000000d6f70038,0x00000000d7000000)
  to   space 1024K, 0% used [0x00000000d7000000,0x00000000d7000000,0x00000000d7100000)
 ParOldGen       total 68608K, used 50197K [0x0000000080000000, 0x0000000084300000, 0x00000000d5580000)
  object space 68608K, 73% used [0x0000000080000000,0x0000000083105508,0x0000000084300000)
 Metaspace       used 54329K, committed 55616K, reserved 1114112K
  class space    used 5908K, committed 6528K, reserved 1048576K
}
Event: 8.688 GC heap after
{Heap after GC invocations=32 (full 2):
 PSYoungGen      total 22016K, used 1015K [0x00000000d5580000, 0x00000000d7700000, 0x0000000100000000)
  eden space 20992K, 0% used [0x00000000d5580000,0x00000000d5580000,0x00000000d6a00000)
  from space 1024K, 99% used [0x00000000d7000000,0x00000000d70fde18,0x00000000d7100000)
  to   space 6144K, 0% used [0x00000000d6a00000,0x00000000d6a00000,0x00000000d7000000)
 ParOldGen       total 68608K, used 54167K [0x0000000080000000, 0x0000000084300000, 0x00000000d5580000)
  object space 68608K, 78% used [0x0000000080000000,0x00000000834e5f58,0x0000000084300000)
 Metaspace       used 54329K, committed 55616K, reserved 1114112K
  class space    used 5908K, committed 6528K, reserved 1048576K
}
Event: 9.201 GC heap before
{Heap before GC invocations=33 (full 2):
 PSYoungGen      total 22016K, used 22007K [0x00000000d5580000, 0x00000000d7700000, 0x0000000100000000)
  eden space 20992K, 100% used [0x00000000d5580000,0x00000000d6a00000,0x00000000d6a00000)
  from space 1024K, 99% used [0x00000000d7000000,0x00000000d70fde18,0x00000000d7100000)
  to   space 6144K, 0% used [0x00000000d6a00000,0x00000000d6a00000,0x00000000d7000000)
 ParOldGen       total 68608K, used 54167K [0x0000000080000000, 0x0000000084300000, 0x00000000d5580000)
  object space 68608K, 78% used [0x0000000080000000,0x00000000834e5f58,0x0000000084300000)
 Metaspace       used 55839K, committed 57088K, reserved 1114112K
  class space    used 6073K, committed 6656K, reserved 1048576K
}
Event: 9.208 GC heap after
{Heap after GC invocations=33 (full 2):
 PSYoungGen      total 25600K, used 4177K [0x00000000d5580000, 0x00000000d7300000, 0x0000000100000000)
  eden space 20992K, 0% used [0x00000000d5580000,0x00000000d5580000,0x00000000d6a00000)
  from space 4608K, 90% used [0x00000000d6a00000,0x00000000d6e14548,0x00000000d6e80000)
  to   space 4608K, 0% used [0x00000000d6e80000,0x00000000d6e80000,0x00000000d7300000)
 ParOldGen       total 68608K, used 54519K [0x0000000080000000, 0x0000000084300000, 0x00000000d5580000)
  object space 68608K, 79% used [0x0000000080000000,0x000000008353df58,0x0000000084300000)
 Metaspace       used 55839K, committed 57088K, reserved 1114112K
  class space    used 6073K, committed 6656K, reserved 1048576K
}
Event: 9.783 GC heap before
{Heap before GC invocations=34 (full 2):
 PSYoungGen      total 25600K, used 25169K [0x00000000d5580000, 0x00000000d7300000, 0x0000000100000000)
  eden space 20992K, 100% used [0x00000000d5580000,0x00000000d6a00000,0x00000000d6a00000)
  from space 4608K, 90% used [0x00000000d6a00000,0x00000000d6e14548,0x00000000d6e80000)
  to   space 4608K, 0% used [0x00000000d6e80000,0x00000000d6e80000,0x00000000d7300000)
 ParOldGen       total 68608K, used 54519K [0x0000000080000000, 0x0000000084300000, 0x00000000d5580000)
  object space 68608K, 79% used [0x0000000080000000,0x000000008353df58,0x0000000084300000)
 Metaspace       used 56922K, committed 58176K, reserved 1114112K
  class space    used 6175K, committed 6784K, reserved 1048576K
}
Event: 9.787 GC heap after
{Heap after GC invocations=34 (full 2):
 PSYoungGen      total 23552K, used 2224K [0x00000000d5580000, 0x00000000d7100000, 0x0000000100000000)
  eden space 20992K, 0% used [0x00000000d5580000,0x00000000d5580000,0x00000000d6a00000)
  from space 2560K, 86% used [0x00000000d6e80000,0x00000000d70ac010,0x00000000d7100000)
  to   space 3072K, 0% used [0x00000000d6b00000,0x00000000d6b00000,0x00000000d6e00000)
 ParOldGen       total 68608K, used 56066K [0x0000000080000000, 0x0000000084300000, 0x00000000d5580000)
  object space 68608K, 81% used [0x0000000080000000,0x00000000836c0a88,0x0000000084300000)
 Metaspace       used 56922K, committed 58176K, reserved 1114112K
  class space    used 6175K, committed 6784K, reserved 1048576K
}
Event: 10.581 GC heap before
{Heap before GC invocations=35 (full 2):
 PSYoungGen      total 23552K, used 23216K [0x00000000d5580000, 0x00000000d7100000, 0x0000000100000000)
  eden space 20992K, 100% used [0x00000000d5580000,0x00000000d6a00000,0x00000000d6a00000)
  from space 2560K, 86% used [0x00000000d6e80000,0x00000000d70ac010,0x00000000d7100000)
  to   space 3072K, 0% used [0x00000000d6b00000,0x00000000d6b00000,0x00000000d6e00000)
 ParOldGen       total 68608K, used 56066K [0x0000000080000000, 0x0000000084300000, 0x00000000d5580000)
  object space 68608K, 81% used [0x0000000080000000,0x00000000836c0a88,0x0000000084300000)
 Metaspace       used 57170K, committed 58432K, reserved 1114112K
  class space    used 6178K, committed 6784K, reserved 1048576K
}
Event: 10.586 GC heap after
{Heap after GC invocations=35 (full 2):
 PSYoungGen      total 23040K, used 2016K [0x00000000d5580000, 0x00000000d6f00000, 0x0000000100000000)
  eden space 20992K, 0% used [0x00000000d5580000,0x00000000d5580000,0x00000000d6a00000)
  from space 2048K, 98% used [0x00000000d6b00000,0x00000000d6cf8000,0x00000000d6d00000)
  to   space 2048K, 0% used [0x00000000d6d00000,0x00000000d6d00000,0x00000000d6f00000)
 ParOldGen       total 68608K, used 58061K [0x0000000080000000, 0x0000000084300000, 0x00000000d5580000)
  object space 68608K, 84% used [0x0000000080000000,0x00000000838b3528,0x0000000084300000)
 Metaspace       used 57170K, committed 58432K, reserved 1114112K
  class space    used 6178K, committed 6784K, reserved 1048576K
}
Event: 10.925 GC heap before
{Heap before GC invocations=36 (full 2):
 PSYoungGen      total 23040K, used 23008K [0x00000000d5580000, 0x00000000d6f00000, 0x0000000100000000)
  eden space 20992K, 100% used [0x00000000d5580000,0x00000000d6a00000,0x00000000d6a00000)
  from space 2048K, 98% used [0x00000000d6b00000,0x00000000d6cf8000,0x00000000d6d00000)
  to   space 2048K, 0% used [0x00000000d6d00000,0x00000000d6d00000,0x00000000d6f00000)
 ParOldGen       total 68608K, used 58061K [0x0000000080000000, 0x0000000084300000, 0x00000000d5580000)
  object space 68608K, 84% used [0x0000000080000000,0x00000000838b3528,0x0000000084300000)
 Metaspace       used 57369K, committed 58624K, reserved 1114112K
  class space    used 6182K, committed 6784K, reserved 1048576K
}
Event: 10.927 GC heap after
{Heap after GC invocations=36 (full 2):
 PSYoungGen      total 23040K, used 1728K [0x00000000d5580000, 0x00000000d6f00000, 0x0000000100000000)
  eden space 20992K, 0% used [0x00000000d5580000,0x00000000d5580000,0x00000000d6a00000)
  from space 2048K, 84% used [0x00000000d6d00000,0x00000000d6eb0000,0x00000000d6f00000)
  to   space 2048K, 0% used [0x00000000d6b00000,0x00000000d6b00000,0x00000000d6d00000)
 ParOldGen       total 68608K, used 59851K [0x0000000080000000, 0x0000000084300000, 0x00000000d5580000)
  object space 68608K, 87% used [0x0000000080000000,0x0000000083a72fd0,0x0000000084300000)
 Metaspace       used 57369K, committed 58624K, reserved 1114112K
  class space    used 6182K, committed 6784K, reserved 1048576K
}
Event: 11.117 GC heap before
{Heap before GC invocations=37 (full 2):
 PSYoungGen      total 23040K, used 22720K [0x00000000d5580000, 0x00000000d6f00000, 0x0000000100000000)
  eden space 20992K, 100% used [0x00000000d5580000,0x00000000d6a00000,0x00000000d6a00000)
  from space 2048K, 84% used [0x00000000d6d00000,0x00000000d6eb0000,0x00000000d6f00000)
  to   space 2048K, 0% used [0x00000000d6b00000,0x00000000d6b00000,0x00000000d6d00000)
 ParOldGen       total 68608K, used 59851K [0x0000000080000000, 0x0000000084300000, 0x00000000d5580000)
  object space 68608K, 87% used [0x0000000080000000,0x0000000083a72fd0,0x0000000084300000)
 Metaspace       used 57753K, committed 59072K, reserved 1114112K
  class space    used 6231K, committed 6848K, reserved 1048576K
}
Event: 11.120 GC heap after
{Heap after GC invocations=37 (full 2):
 PSYoungGen      total 23040K, used 1904K [0x00000000d5580000, 0x00000000d6e00000, 0x0000000100000000)
  eden space 20992K, 0% used [0x00000000d5580000,0x00000000d5580000,0x00000000d6a00000)
  from space 2048K, 92% used [0x00000000d6b00000,0x00000000d6cdc010,0x00000000d6d00000)
  to   space 1024K, 0% used [0x00000000d6d00000,0x00000000d6d00000,0x00000000d6e00000)
 ParOldGen       total 68608K, used 61063K [0x0000000080000000, 0x0000000084300000, 0x00000000d5580000)
  object space 68608K, 89% used [0x0000000080000000,0x0000000083ba1fe0,0x0000000084300000)
 Metaspace       used 57753K, committed 59072K, reserved 1114112K
  class space    used 6231K, committed 6848K, reserved 1048576K
}
Event: 11.271 GC heap before
{Heap before GC invocations=38 (full 2):
 PSYoungGen      total 23040K, used 22896K [0x00000000d5580000, 0x00000000d6e00000, 0x0000000100000000)
  eden space 20992K, 100% used [0x00000000d5580000,0x00000000d6a00000,0x00000000d6a00000)
  from space 2048K, 92% used [0x00000000d6b00000,0x00000000d6cdc010,0x00000000d6d00000)
  to   space 1024K, 0% used [0x00000000d6d00000,0x00000000d6d00000,0x00000000d6e00000)
 ParOldGen       total 68608K, used 61063K [0x0000000080000000, 0x0000000084300000, 0x00000000d5580000)
  object space 68608K, 89% used [0x0000000080000000,0x0000000083ba1fe0,0x0000000084300000)
 Metaspace       used 57911K, committed 59200K, reserved 1114112K
  class space    used 6233K, committed 6848K, reserved 1048576K
}
Event: 11.274 GC heap after
{Heap after GC invocations=38 (full 2):
 PSYoungGen      total 22016K, used 1024K [0x00000000d5580000, 0x00000000d7000000, 0x0000000100000000)
  eden space 20992K, 0% used [0x00000000d5580000,0x00000000d5580000,0x00000000d6a00000)
  from space 1024K, 100% used [0x00000000d6d00000,0x00000000d6e00000,0x00000000d6e00000)
  to   space 3072K, 0% used [0x00000000d6a00000,0x00000000d6a00000,0x00000000d6d00000)
 ParOldGen       total 68608K, used 62503K [0x0000000080000000, 0x0000000084300000, 0x00000000d5580000)
  object space 68608K, 91% used [0x0000000080000000,0x0000000083d09cf0,0x0000000084300000)
 Metaspace       used 57911K, committed 59200K, reserved 1114112K
  class space    used 6233K, committed 6848K, reserved 1048576K
}

