# JRE version: OpenJDK Runtime Environment Temurin-21.0.9+10 (21.0.9+10) (build 21.0.9+10-LTS)
# Java VM: OpenJDK 64-Bit Server VM Temurin-21.0.9+10 (21.0.9+10-LTS, mixed mode, sharing, tiered, compressed oops, compressed class ptrs, parallel gc, windows-amd64)
GC Precious Log:
 CardTable entry size: 512
 CPUs: 12 total, 12 available
 Memory: 7896M
 Large Page Support: Disabled
 NUMA Support: Disabled
 Compressed Oops: Enabled (32-bit)
 Alignments: Space 512K, Generation 512K, Heap 2M
 Heap Min Capacity: 100M
 Heap Initial Capacity: 100M
 Heap Max Capacity: 2G
 Pre-touch: Disabled
 Parallel Workers: 10
Heap:
 PSYoungGen      total 22528K, used 11686K [0x00000000d5580000, 0x00000000d7680000, 0x0000000100000000)
  eden space 21504K, 49% used [0x00000000d5580000,0x00000000d5feeea0,0x00000000d6a80000)
  from space 1024K, 97% used [0x00000000d6d00000,0x00000000d6dfaa10,0x00000000d6e00000)
  to   space 6144K, 0% used [0x00000000d7080000,0x00000000d7080000,0x00000000d7680000)
 ParOldGen       total 68608K, used 40470K [0x0000000080000000, 0x0000000084300000, 0x00000000d5580000)
  object space 68608K, 58% used [0x0000000080000000,0x0000000082785830,0x0000000084300000)
 Metaspace       used 50094K, committed 51584K, reserved 1114112K
  class space    used 5382K, committed 6016K, reserved 1048576K
GC Heap History (20 events):
Event: 38.565 GC heap before
{Heap before GC invocations=24 (full 2):
 PSYoungGen      total 25088K, used 23027K [0x00000000d5580000, 0x00000000d7380000, 0x0000000100000000)
  eden space 21504K, 100% used [0x00000000d5580000,0x00000000d6a80000,0x00000000d6a80000)
  from space 3584K, 42% used [0x00000000d6d80000,0x00000000d6efcc58,0x00000000d7100000)
  to   space 2048K, 0% used [0x00000000d7180000,0x00000000d7180000,0x00000000d7380000)
 ParOldGen       total 68608K, used 31061K [0x0000000080000000, 0x0000000084300000, 0x00000000d5580000)
  object space 68608K, 45% used [0x0000000080000000,0x0000000081e55478,0x0000000084300000)
 Metaspace       used 46419K, committed 47552K, reserved 1114112K
  class space    used 5011K, committed 5504K, reserved 1048576K
}
Event: 38.568 GC heap after
{Heap after GC invocations=24 (full 2):
 PSYoungGen      total 23552K, used 2043K [0x00000000d5580000, 0x00000000d7380000, 0x0000000100000000)
  eden space 21504K, 0% used [0x00000000d5580000,0x00000000d5580000,0x00000000d6a80000)
  from space 2048K, 99% used [0x00000000d7180000,0x00000000d737ede0,0x00000000d7380000)
  to   space 4096K, 0% used [0x00000000d6b80000,0x00000000d6b80000,0x00000000d6f80000)
 ParOldGen       total 68608K, used 32618K [0x0000000080000000, 0x0000000084300000, 0x00000000d5580000)
  object space 68608K, 47% used [0x0000000080000000,0x0000000081fda9d0,0x0000000084300000)
 Metaspace       used 46419K, committed 47552K, reserved 1114112K
  class space    used 5011K, committed 5504K, reserved 1048576K
}
Event: 38.627 GC heap before
{Heap before GC invocations=25 (full 2):
 PSYoungGen      total 23552K, used 23547K [0x00000000d5580000, 0x00000000d7380000, 0x0000000100000000)
  eden space 21504K, 100% used [0x00000000d5580000,0x00000000d6a80000,0x00000000d6a80000)
  from space 2048K, 99% used [0x00000000d7180000,0x00000000d737ede0,0x00000000d7380000)
  to   space 4096K, 0% used [0x00000000d6b80000,0x00000000d6b80000,0x00000000d6f80000)
 ParOldGen       total 68608K, used 32618K [0x0000000080000000, 0x0000000084300000, 0x00000000d5580000)
  object space 68608K, 47% used [0x0000000080000000,0x0000000081fda9d0,0x0000000084300000)
 Metaspace       used 46484K, committed 47616K, reserved 1114112K
  class space    used 5016K, committed 5504K, reserved 1048576K
}
Event: 38.631 GC heap after
{Heap after GC invocations=25 (full 2):
 PSYoungGen      total 24064K, used 2528K [0x00000000d5580000, 0x00000000d7200000, 0x0000000100000000)
  eden space 21504K, 0% used [0x00000000d5580000,0x00000000d5580000,0x00000000d6a80000)
  from space 2560K, 98% used [0x00000000d6b80000,0x00000000d6df8000,0x00000000d6e00000)
  to   space 3072K, 0% used [0x00000000d6f00000,0x00000000d6f00000,0x00000000d7200000)
 ParOldGen       total 68608K, used 34574K [0x0000000080000000, 0x0000000084300000, 0x00000000d5580000)
  object space 68608K, 50% used [0x0000000080000000,0x00000000821c39d8,0x0000000084300000)
 Metaspace       used 46484K, committed 47616K, reserved 1114112K
  class space    used 5016K, committed 5504K, reserved 1048576K
}
Event: 38.680 GC heap before
{Heap before GC invocations=26 (full 2):
 PSYoungGen      total 24064K, used 24032K [0x00000000d5580000, 0x00000000d7200000, 0x0000000100000000)
  eden space 21504K, 100% used [0x00000000d5580000,0x00000000d6a80000,0x00000000d6a80000)
  from space 2560K, 98% used [0x00000000d6b80000,0x00000000d6df8000,0x00000000d6e00000)
  to   space 3072K, 0% used [0x00000000d6f00000,0x00000000d6f00000,0x00000000d7200000)
 ParOldGen       total 68608K, used 34574K [0x0000000080000000, 0x0000000084300000, 0x00000000d5580000)
  object space 68608K, 50% used [0x0000000080000000,0x00000000821c39d8,0x0000000084300000)
 Metaspace       used 46502K, committed 47616K, reserved 1114112K
  class space    used 5016K, committed 5504K, reserved 1048576K
}
Event: 38.683 GC heap after
{Heap after GC invocations=26 (full 2):
 PSYoungGen      total 24576K, used 3072K [0x00000000d5580000, 0x00000000d7280000, 0x0000000100000000)
  eden space 21504K, 0% used [0x00000000d5580000,0x00000000d5580000,0x00000000d6a80000)
  from space 3072K, 100% used [0x00000000d6f00000,0x00000000d7200000,0x00000000d7200000)
  to   space 4096K, 0% used [0x00000000d6a80000,0x00000000d6a80000,0x00000000d6e80000)
 ParOldGen       total 68608K, used 34954K [0x0000000080000000, 0x0000000084300000, 0x00000000d5580000)
  object space 68608K, 50% used [0x0000000080000000,0x0000000082222930,0x0000000084300000)
 Metaspace       used 46502K, committed 47616K, reserved 1114112K
  class space    used 5016K, committed 5504K, reserved 1048576K
}
Event: 38.737 GC heap before
{Heap before GC invocations=27 (full 2):
 PSYoungGen      total 24576K, used 24576K [0x00000000d5580000, 0x00000000d7280000, 0x0000000100000000)
  eden space 21504K, 100% used [0x00000000d5580000,0x00000000d6a80000,0x00000000d6a80000)
  from space 3072K, 100% used [0x00000000d6f00000,0x00000000d7200000,0x00000000d7200000)
  to   space 4096K, 0% used [0x00000000d6a80000,0x00000000d6a80000,0x00000000d6e80000)
 ParOldGen       total 68608K, used 34954K [0x0000000080000000, 0x0000000084300000, 0x00000000d5580000)
  object space 68608K, 50% used [0x0000000080000000,0x0000000082222930,0x0000000084300000)
 Metaspace       used 46526K, committed 47680K, reserved 1114112K
  class space    used 5018K, committed 5504K, reserved 1048576K
}
Event: 38.739 GC heap after
{Heap after GC invocations=27 (full 2):
 PSYoungGen      total 25088K, used 3168K [0x00000000d5580000, 0x00000000d7180000, 0x0000000100000000)
  eden space 21504K, 0% used [0x00000000d5580000,0x00000000d5580000,0x00000000d6a80000)
  from space 3584K, 88% used [0x00000000d6a80000,0x00000000d6d98000,0x00000000d6e00000)
  to   space 3584K, 0% used [0x00000000d6e00000,0x00000000d6e00000,0x00000000d7180000)
 ParOldGen       total 68608K, used 35042K [0x0000000080000000, 0x0000000084300000, 0x00000000d5580000)
  object space 68608K, 51% used [0x0000000080000000,0x0000000082238930,0x0000000084300000)
 Metaspace       used 46526K, committed 47680K, reserved 1114112K
  class space    used 5018K, committed 5504K, reserved 1048576K
}
Event: 38.777 GC heap before
{Heap before GC invocations=28 (full 2):
 PSYoungGen      total 25088K, used 24672K [0x00000000d5580000, 0x00000000d7180000, 0x0000000100000000)
  eden space 21504K, 100% used [0x00000000d5580000,0x00000000d6a80000,0x00000000d6a80000)
  from space 3584K, 88% used [0x00000000d6a80000,0x00000000d6d98000,0x00000000d6e00000)
  to   space 3584K, 0% used [0x00000000d6e00000,0x00000000d6e00000,0x00000000d7180000)
 ParOldGen       total 68608K, used 35042K [0x0000000080000000, 0x0000000084300000, 0x00000000d5580000)
  object space 68608K, 51% used [0x0000000080000000,0x0000000082238930,0x0000000084300000)
 Metaspace       used 46529K, committed 47680K, reserved 1114112K
  class space    used 5018K, committed 5504K, reserved 1048576K
}
Event: 38.779 GC heap after
{Heap after GC invocations=28 (full 2):
 PSYoungGen      total 25088K, used 3200K [0x00000000d5580000, 0x00000000d7180000, 0x0000000100000000)
  eden space 21504K, 0% used [0x00000000d5580000,0x00000000d5580000,0x00000000d6a80000)
  from space 3584K, 89% used [0x00000000d6e00000,0x00000000d7120000,0x00000000d7180000)
  to   space 3584K, 0% used [0x00000000d6a80000,0x00000000d6a80000,0x00000000d6e00000)
 ParOldGen       total 68608K, used 35466K [0x0000000080000000, 0x0000000084300000, 0x00000000d5580000)
  object space 68608K, 51% used [0x0000000080000000,0x00000000822a2930,0x0000000084300000)
 Metaspace       used 46529K, committed 47680K, reserved 1114112K
  class space    used 5018K, committed 5504K, reserved 1048576K
}
Event: 38.814 GC heap before
{Heap before GC invocations=29 (full 2):
 PSYoungGen      total 25088K, used 24704K [0x00000000d5580000, 0x00000000d7180000, 0x0000000100000000)
  eden space 21504K, 100% used [0x00000000d5580000,0x00000000d6a80000,0x00000000d6a80000)
  from space 3584K, 89% used [0x00000000d6e00000,0x00000000d7120000,0x00000000d7180000)
  to   space 3584K, 0% used [0x00000000d6a80000,0x00000000d6a80000,0x00000000d6e00000)
 ParOldGen       total 68608K, used 35466K [0x0000000080000000, 0x0000000084300000, 0x00000000d5580000)
  object space 68608K, 51% used [0x0000000080000000,0x00000000822a2930,0x0000000084300000)
 Metaspace       used 46530K, committed 47680K, reserved 1114112K
  class space    used 5018K, committed 5504K, reserved 1048576K
}
Event: 38.816 GC heap after
{Heap after GC invocations=29 (full 2):
 PSYoungGen      total 25088K, used 3552K [0x00000000d5580000, 0x00000000d7280000, 0x0000000100000000)
  eden space 21504K, 0% used [0x00000000d5580000,0x00000000d5580000,0x00000000d6a80000)
  from space 3584K, 99% used [0x00000000d6a80000,0x00000000d6df8000,0x00000000d6e00000)
  to   space 4096K, 0% used [0x00000000d6e80000,0x00000000d6e80000,0x00000000d7280000)
 ParOldGen       total 68608K, used 35490K [0x0000000080000000, 0x0000000084300000, 0x00000000d5580000)
  object space 68608K, 51% used [0x0000000080000000,0x00000000822a8930,0x0000000084300000)
 Metaspace       used 46530K, committed 47680K, reserved 1114112K
  class space    used 5018K, committed 5504K, reserved 1048576K
}
Event: 39.035 GC heap before
{Heap before GC invocations=30 (full 2):
 PSYoungGen      total 25088K, used 25053K [0x00000000d5580000, 0x00000000d7280000, 0x0000000100000000)
  eden space 21504K, 99% used [0x00000000d5580000,0x00000000d6a7f6b8,0x00000000d6a80000)
  from space 3584K, 99% used [0x00000000d6a80000,0x00000000d6df8000,0x00000000d6e00000)
  to   space 4096K, 0% used [0x00000000d6e80000,0x00000000d6e80000,0x00000000d7280000)
 ParOldGen       total 68608K, used 35490K [0x0000000080000000, 0x0000000084300000, 0x00000000d5580000)
  object space 68608K, 51% used [0x0000000080000000,0x00000000822a8930,0x0000000084300000)
 Metaspace       used 46916K, committed 48128K, reserved 1114112K
  class space    used 5063K, committed 5568K, reserved 1048576K
}
Event: 39.037 GC heap after
{Heap after GC invocations=30 (full 2):
 PSYoungGen      total 22528K, used 765K [0x00000000d5580000, 0x00000000d6f80000, 0x0000000100000000)
  eden space 21504K, 0% used [0x00000000d5580000,0x00000000d5580000,0x00000000d6a80000)
  from space 1024K, 74% used [0x00000000d6e80000,0x00000000d6f3f470,0x00000000d6f80000)
  to   space 2048K, 0% used [0x00000000d6b80000,0x00000000d6b80000,0x00000000d6d80000)
 ParOldGen       total 68608K, used 35506K [0x0000000080000000, 0x0000000084300000, 0x00000000d5580000)
  object space 68608K, 51% used [0x0000000080000000,0x00000000822ac930,0x0000000084300000)
 Metaspace       used 46916K, committed 48128K, reserved 1114112K
  class space    used 5063K, committed 5568K, reserved 1048576K
}
Event: 40.169 GC heap before
{Heap before GC invocations=31 (full 2):
 PSYoungGen      total 22528K, used 22269K [0x00000000d5580000, 0x00000000d6f80000, 0x0000000100000000)
  eden space 21504K, 100% used [0x00000000d5580000,0x00000000d6a80000,0x00000000d6a80000)
  from space 1024K, 74% used [0x00000000d6e80000,0x00000000d6f3f470,0x00000000d6f80000)
  to   space 2048K, 0% used [0x00000000d6b80000,0x00000000d6b80000,0x00000000d6d80000)
 ParOldGen       total 68608K, used 35506K [0x0000000080000000, 0x0000000084300000, 0x00000000d5580000)
  object space 68608K, 51% used [0x0000000080000000,0x00000000822ac930,0x0000000084300000)
 Metaspace       used 47540K, committed 48768K, reserved 1114112K
  class space    used 5117K, committed 5632K, reserved 1048576K
}
Event: 40.171 GC heap after
{Heap after GC invocations=31 (full 2):
 PSYoungGen      total 23552K, used 429K [0x00000000d5580000, 0x00000000d6f00000, 0x0000000100000000)
  eden space 21504K, 0% used [0x00000000d5580000,0x00000000d5580000,0x00000000d6a80000)
  from space 2048K, 20% used [0x00000000d6b80000,0x00000000d6beb500,0x00000000d6d80000)
  to   space 1024K, 0% used [0x00000000d6e00000,0x00000000d6e00000,0x00000000d6f00000)
 ParOldGen       total 68608K, used 36124K [0x0000000080000000, 0x0000000084300000, 0x00000000d5580000)
  object space 68608K, 52% used [0x0000000080000000,0x0000000082347248,0x0000000084300000)
 Metaspace       used 47540K, committed 48768K, reserved 1114112K
  class space    used 5117K, committed 5632K, reserved 1048576K
}
Event: 40.555 GC heap before
{Heap before GC invocations=32 (full 2):
 PSYoungGen      total 23552K, used 21933K [0x00000000d5580000, 0x00000000d6f00000, 0x0000000100000000)
  eden space 21504K, 100% used [0x00000000d5580000,0x00000000d6a80000,0x00000000d6a80000)
  from space 2048K, 20% used [0x00000000d6b80000,0x00000000d6beb500,0x00000000d6d80000)
  to   space 1024K, 0% used [0x00000000d6e00000,0x00000000d6e00000,0x00000000d6f00000)
 ParOldGen       total 68608K, used 36124K [0x0000000080000000, 0x0000000084300000, 0x00000000d5580000)
  object space 68608K, 52% used [0x0000000080000000,0x0000000082347248,0x0000000084300000)
 Metaspace       used 47644K, committed 48960K, reserved 1114112K
  class space    used 5129K, committed 5696K, reserved 1048576K
}
Event: 40.556 GC heap after
{Heap after GC invocations=32 (full 2):
 PSYoungGen      total 22528K, used 591K [0x00000000d5580000, 0x00000000d6f00000, 0x0000000100000000)
  eden space 21504K, 0% used [0x00000000d5580000,0x00000000d5580000,0x00000000d6a80000)
  from space 1024K, 57% used [0x00000000d6e00000,0x00000000d6e93c90,0x00000000d6f00000)
  to   space 1024K, 0% used [0x00000000d6d00000,0x00000000d6d00000,0x00000000d6e00000)
 ParOldGen       total 68608K, used 36444K [0x0000000080000000, 0x0000000084300000, 0x00000000d5580000)
  object space 68608K, 53% used [0x0000000080000000,0x00000000823973c8,0x0000000084300000)
 Metaspace       used 47644K, committed 48960K, reserved 1114112K
  class space    used 5129K, committed 5696K, reserved 1048576K
}
Event: 42.608 GC heap before
{Heap before GC invocations=33 (full 2):
 PSYoungGen      total 22528K, used 22095K [0x00000000d5580000, 0x00000000d6f00000, 0x0000000100000000)
  eden space 21504K, 100% used [0x00000000d5580000,0x00000000d6a80000,0x00000000d6a80000)
  from space 1024K, 57% used [0x00000000d6e00000,0x00000000d6e93c90,0x00000000d6f00000)
  to   space 1024K, 0% used [0x00000000d6d00000,0x00000000d6d00000,0x00000000d6e00000)
 ParOldGen       total 68608K, used 36444K [0x0000000080000000, 0x0000000084300000, 0x00000000d5580000)
  object space 68608K, 53% used [0x0000000080000000,0x00000000823973c8,0x0000000084300000)
 Metaspace       used 48493K, committed 49856K, reserved 1114112K
  class space    used 5226K, committed 5760K, reserved 1048576K
}
Event: 42.613 GC heap after
{Heap after GC invocations=33 (full 2):
 PSYoungGen      total 22528K, used 1002K [0x00000000d5580000, 0x00000000d7680000, 0x0000000100000000)
  eden space 21504K, 0% used [0x00000000d5580000,0x00000000d5580000,0x00000000d6a80000)
  from space 1024K, 97% used [0x00000000d6d00000,0x00000000d6dfaa10,0x00000000d6e00000)
  to   space 6144K, 0% used [0x00000000d7080000,0x00000000d7080000,0x00000000d7680000)
 ParOldGen       total 68608K, used 40470K [0x0000000080000000, 0x0000000084300000, 0x00000000d5580000)
  object space 68608K, 58% used [0x0000000080000000,0x0000000082785830,0x0000000084300000)
 Metaspace       used 48493K, committed 49856K, reserved 1114112K
  class space    used 5226K, committed 5760K, reserved 1048576K
}

