# JRE version: OpenJDK Runtime Environment Temurin-21.0.8+9 (21.0.8+9) (build 21.0.8+9-LTS)
# Java VM: OpenJDK 64-Bit Server VM Temurin-21.0.8+9 (21.0.8+9-LTS, mixed mode, sharing, tiered, compressed oops, compressed class ptrs, parallel gc, windows-amd64)
GC Precious Log:
 CardTable entry size: 512
 CPUs: 12 total, 12 available
 Memory: 7896M
 Large Page Support: Disabled
 NUMA Support: Disabled
 Compressed Oops: Enabled (32-bit)
 Alignments: Space 512K, Generation 512K, Heap 2M
 Heap Min Capacity: 100M
 Heap Initial Capacity: 100M
 Heap Max Capacity: 2G
 Pre-touch: Disabled
 Parallel Workers: 10
Heap:
 PSYoungGen      total 20992K, used 1293K [0x00000000d5580000, 0x00000000d6c80000, 0x0000000100000000)
  eden space 19456K, 6% used [0x00000000d5580000,0x00000000d56c36c0,0x00000000d6880000)
  from space 1536K, 0% used [0x00000000d6980000,0x00000000d6980000,0x00000000d6b00000)
  to   space 1536K, 0% used [0x00000000d6b00000,0x00000000d6b00000,0x00000000d6c80000)
 ParOldGen       total 77824K, used 66004K [0x0000000080000000, 0x0000000084c00000, 0x00000000d5580000)
  object space 77824K, 84% used [0x0000000080000000,0x00000000840751d8,0x0000000084c00000)
 Metaspace       used 58430K, committed 59840K, reserved 1114112K
  class space    used 6329K, committed 6912K, reserved 1048576K
GC Heap History (20 events):
Event: 31.017 GC heap after
{Heap after GC invocations=58 (full 2):
 PSYoungGen      total 19456K, used 480K [0x00000000d5580000, 0x00000000d6b00000, 0x0000000100000000)
  eden space 18944K, 0% used [0x00000000d5580000,0x00000000d5580000,0x00000000d6800000)
  from space 512K, 93% used [0x00000000d6980000,0x00000000d69f8010,0x00000000d6a00000)
  to   space 1536K, 0% used [0x00000000d6800000,0x00000000d6800000,0x00000000d6980000)
 ParOldGen       total 70144K, used 69943K [0x0000000080000000, 0x0000000084480000, 0x00000000d5580000)
  object space 70144K, 99% used [0x0000000080000000,0x000000008444ded8,0x0000000084480000)
 Metaspace       used 55690K, committed 57216K, reserved 1114112K
  class space    used 6040K, committed 6720K, reserved 1048576K
}
Event: 31.080 GC heap before
{Heap before GC invocations=59 (full 2):
 PSYoungGen      total 19456K, used 19424K [0x00000000d5580000, 0x00000000d6b00000, 0x0000000100000000)
  eden space 18944K, 100% used [0x00000000d5580000,0x00000000d6800000,0x00000000d6800000)
  from space 512K, 93% used [0x00000000d6980000,0x00000000d69f8010,0x00000000d6a00000)
  to   space 1536K, 0% used [0x00000000d6800000,0x00000000d6800000,0x00000000d6980000)
 ParOldGen       total 70144K, used 69943K [0x0000000080000000, 0x0000000084480000, 0x00000000d5580000)
  object space 70144K, 99% used [0x0000000080000000,0x000000008444ded8,0x0000000084480000)
 Metaspace       used 55897K, committed 57408K, reserved 1114112K
  class space    used 6047K, committed 6720K, reserved 1048576K
}
Event: 31.083 GC heap after
{Heap after GC invocations=59 (full 2):
 PSYoungGen      total 19968K, used 608K [0x00000000d5580000, 0x00000000d6a00000, 0x0000000100000000)
  eden space 18944K, 0% used [0x00000000d5580000,0x00000000d5580000,0x00000000d6800000)
  from space 1024K, 59% used [0x00000000d6800000,0x00000000d6898000,0x00000000d6900000)
  to   space 1024K, 0% used [0x00000000d6900000,0x00000000d6900000,0x00000000d6a00000)
 ParOldGen       total 70656K, used 70295K [0x0000000080000000, 0x0000000084500000, 0x00000000d5580000)
  object space 70656K, 99% used [0x0000000080000000,0x00000000844a5ed8,0x0000000084500000)
 Metaspace       used 55897K, committed 57408K, reserved 1114112K
  class space    used 6047K, committed 6720K, reserved 1048576K
}
Event: 31.161 GC heap before
{Heap before GC invocations=60 (full 2):
 PSYoungGen      total 19968K, used 19552K [0x00000000d5580000, 0x00000000d6a00000, 0x0000000100000000)
  eden space 18944K, 100% used [0x00000000d5580000,0x00000000d6800000,0x00000000d6800000)
  from space 1024K, 59% used [0x00000000d6800000,0x00000000d6898000,0x00000000d6900000)
  to   space 1024K, 0% used [0x00000000d6900000,0x00000000d6900000,0x00000000d6a00000)
 ParOldGen       total 70656K, used 70295K [0x0000000080000000, 0x0000000084500000, 0x00000000d5580000)
  object space 70656K, 99% used [0x0000000080000000,0x00000000844a5ed8,0x0000000084500000)
 Metaspace       used 56138K, committed 57600K, reserved 1114112K
  class space    used 6079K, committed 6720K, reserved 1048576K
}
Event: 31.163 GC heap after
{Heap after GC invocations=60 (full 2):
 PSYoungGen      total 19968K, used 608K [0x00000000d5580000, 0x00000000d6a00000, 0x0000000100000000)
  eden space 18944K, 0% used [0x00000000d5580000,0x00000000d5580000,0x00000000d6800000)
  from space 1024K, 59% used [0x00000000d6900000,0x00000000d6998000,0x00000000d6a00000)
  to   space 1024K, 0% used [0x00000000d6800000,0x00000000d6800000,0x00000000d6900000)
 ParOldGen       total 71168K, used 70743K [0x0000000080000000, 0x0000000084580000, 0x00000000d5580000)
  object space 71168K, 99% used [0x0000000080000000,0x0000000084515ed8,0x0000000084580000)
 Metaspace       used 56138K, committed 57600K, reserved 1114112K
  class space    used 6079K, committed 6720K, reserved 1048576K
}
Event: 32.206 GC heap before
{Heap before GC invocations=61 (full 2):
 PSYoungGen      total 19968K, used 19552K [0x00000000d5580000, 0x00000000d6a00000, 0x0000000100000000)
  eden space 18944K, 100% used [0x00000000d5580000,0x00000000d6800000,0x00000000d6800000)
  from space 1024K, 59% used [0x00000000d6900000,0x00000000d6998000,0x00000000d6a00000)
  to   space 1024K, 0% used [0x00000000d6800000,0x00000000d6800000,0x00000000d6900000)
 ParOldGen       total 71168K, used 70743K [0x0000000080000000, 0x0000000084580000, 0x00000000d5580000)
  object space 71168K, 99% used [0x0000000080000000,0x0000000084515ed8,0x0000000084580000)
 Metaspace       used 56302K, committed 57728K, reserved 1114112K
  class space    used 6104K, committed 6720K, reserved 1048576K
}
Event: 32.209 GC heap after
{Heap after GC invocations=61 (full 2):
 PSYoungGen      total 19968K, used 640K [0x00000000d5580000, 0x00000000d6a00000, 0x0000000100000000)
  eden space 18944K, 0% used [0x00000000d5580000,0x00000000d5580000,0x00000000d6800000)
  from space 1024K, 62% used [0x00000000d6800000,0x00000000d68a0000,0x00000000d6900000)
  to   space 1024K, 0% used [0x00000000d6900000,0x00000000d6900000,0x00000000d6a00000)
 ParOldGen       total 72192K, used 71999K [0x0000000080000000, 0x0000000084680000, 0x00000000d5580000)
  object space 72192K, 99% used [0x0000000080000000,0x000000008464fed8,0x0000000084680000)
 Metaspace       used 56302K, committed 57728K, reserved 1114112K
  class space    used 6104K, committed 6720K, reserved 1048576K
}
Event: 32.256 GC heap before
{Heap before GC invocations=62 (full 2):
 PSYoungGen      total 19968K, used 19584K [0x00000000d5580000, 0x00000000d6a00000, 0x0000000100000000)
  eden space 18944K, 100% used [0x00000000d5580000,0x00000000d6800000,0x00000000d6800000)
  from space 1024K, 62% used [0x00000000d6800000,0x00000000d68a0000,0x00000000d6900000)
  to   space 1024K, 0% used [0x00000000d6900000,0x00000000d6900000,0x00000000d6a00000)
 ParOldGen       total 72192K, used 71999K [0x0000000080000000, 0x0000000084680000, 0x00000000d5580000)
  object space 72192K, 99% used [0x0000000080000000,0x000000008464fed8,0x0000000084680000)
 Metaspace       used 56393K, committed 57792K, reserved 1114112K
  class space    used 6119K, committed 6720K, reserved 1048576K
}
Event: 32.259 GC heap after
{Heap after GC invocations=62 (full 2):
 PSYoungGen      total 19968K, used 832K [0x00000000d5580000, 0x00000000d6a00000, 0x0000000100000000)
  eden space 18944K, 0% used [0x00000000d5580000,0x00000000d5580000,0x00000000d6800000)
  from space 1024K, 81% used [0x00000000d6900000,0x00000000d69d0000,0x00000000d6a00000)
  to   space 1024K, 0% used [0x00000000d6800000,0x00000000d6800000,0x00000000d6900000)
 ParOldGen       total 72704K, used 72447K [0x0000000080000000, 0x0000000084700000, 0x00000000d5580000)
  object space 72704K, 99% used [0x0000000080000000,0x00000000846bfed8,0x0000000084700000)
 Metaspace       used 56393K, committed 57792K, reserved 1114112K
  class space    used 6119K, committed 6720K, reserved 1048576K
}
Event: 32.345 GC heap before
{Heap before GC invocations=63 (full 2):
 PSYoungGen      total 19968K, used 19776K [0x00000000d5580000, 0x00000000d6a00000, 0x0000000100000000)
  eden space 18944K, 100% used [0x00000000d5580000,0x00000000d6800000,0x00000000d6800000)
  from space 1024K, 81% used [0x00000000d6900000,0x00000000d69d0000,0x00000000d6a00000)
  to   space 1024K, 0% used [0x00000000d6800000,0x00000000d6800000,0x00000000d6900000)
 ParOldGen       total 72704K, used 72447K [0x0000000080000000, 0x0000000084700000, 0x00000000d5580000)
  object space 72704K, 99% used [0x0000000080000000,0x00000000846bfed8,0x0000000084700000)
 Metaspace       used 56683K, committed 58112K, reserved 1114112K
  class space    used 6154K, committed 6784K, reserved 1048576K
}
Event: 32.349 GC heap after
{Heap after GC invocations=63 (full 2):
 PSYoungGen      total 19968K, used 1008K [0x00000000d5580000, 0x00000000d6d00000, 0x0000000100000000)
  eden space 18944K, 0% used [0x00000000d5580000,0x00000000d5580000,0x00000000d6800000)
  from space 1024K, 98% used [0x00000000d6800000,0x00000000d68fc010,0x00000000d6900000)
  to   space 2560K, 0% used [0x00000000d6a80000,0x00000000d6a80000,0x00000000d6d00000)
 ParOldGen       total 73728K, used 73639K [0x0000000080000000, 0x0000000084800000, 0x00000000d5580000)
  object space 73728K, 99% used [0x0000000080000000,0x00000000847e9ed8,0x0000000084800000)
 Metaspace       used 56683K, committed 58112K, reserved 1114112K
  class space    used 6154K, committed 6784K, reserved 1048576K
}
Event: 32.462 GC heap before
{Heap before GC invocations=64 (full 2):
 PSYoungGen      total 19968K, used 19952K [0x00000000d5580000, 0x00000000d6d00000, 0x0000000100000000)
  eden space 18944K, 100% used [0x00000000d5580000,0x00000000d6800000,0x00000000d6800000)
  from space 1024K, 98% used [0x00000000d6800000,0x00000000d68fc010,0x00000000d6900000)
  to   space 2560K, 0% used [0x00000000d6a80000,0x00000000d6a80000,0x00000000d6d00000)
 ParOldGen       total 73728K, used 73639K [0x0000000080000000, 0x0000000084800000, 0x00000000d5580000)
  object space 73728K, 99% used [0x0000000080000000,0x00000000847e9ed8,0x0000000084800000)
 Metaspace       used 56906K, committed 58368K, reserved 1114112K
  class space    used 6185K, committed 6848K, reserved 1048576K
}
Event: 33.468 GC heap after
{Heap after GC invocations=64 (full 2):
 PSYoungGen      total 22016K, used 1600K [0x00000000d5580000, 0x00000000d7000000, 0x0000000100000000)
  eden space 19456K, 0% used [0x00000000d5580000,0x00000000d5580000,0x00000000d6880000)
  from space 2560K, 62% used [0x00000000d6a80000,0x00000000d6c10000,0x00000000d6d00000)
  to   space 2048K, 0% used [0x00000000d6880000,0x00000000d6880000,0x00000000d6a80000)
 ParOldGen       total 74752K, used 74670K [0x0000000080000000, 0x0000000084900000, 0x00000000d5580000)
  object space 74752K, 99% used [0x0000000080000000,0x00000000848ebbf8,0x0000000084900000)
 Metaspace       used 56906K, committed 58368K, reserved 1114112K
  class space    used 6185K, committed 6848K, reserved 1048576K
}
Event: 33.569 GC heap before
{Heap before GC invocations=65 (full 2):
 PSYoungGen      total 22016K, used 21056K [0x00000000d5580000, 0x00000000d7000000, 0x0000000100000000)
  eden space 19456K, 100% used [0x00000000d5580000,0x00000000d6880000,0x00000000d6880000)
  from space 2560K, 62% used [0x00000000d6a80000,0x00000000d6c10000,0x00000000d6d00000)
  to   space 2048K, 0% used [0x00000000d6880000,0x00000000d6880000,0x00000000d6a80000)
 ParOldGen       total 74752K, used 74670K [0x0000000080000000, 0x0000000084900000, 0x00000000d5580000)
  object space 74752K, 99% used [0x0000000080000000,0x00000000848ebbf8,0x0000000084900000)
 Metaspace       used 57423K, committed 58816K, reserved 1114112K
  class space    used 6246K, committed 6848K, reserved 1048576K
}
Event: 33.572 GC heap after
{Heap after GC invocations=65 (full 2):
 PSYoungGen      total 21504K, used 2016K [0x00000000d5580000, 0x00000000d6f80000, 0x0000000100000000)
  eden space 19456K, 0% used [0x00000000d5580000,0x00000000d5580000,0x00000000d6880000)
  from space 2048K, 98% used [0x00000000d6880000,0x00000000d6a78010,0x00000000d6a80000)
  to   space 3584K, 0% used [0x00000000d6c00000,0x00000000d6c00000,0x00000000d6f80000)
 ParOldGen       total 75776K, used 75646K [0x0000000080000000, 0x0000000084a00000, 0x00000000d5580000)
  object space 75776K, 99% used [0x0000000080000000,0x00000000849dfbf8,0x0000000084a00000)
 Metaspace       used 57423K, committed 58816K, reserved 1114112K
  class space    used 6246K, committed 6848K, reserved 1048576K
}
Event: 33.679 GC heap before
{Heap before GC invocations=66 (full 2):
 PSYoungGen      total 21504K, used 21471K [0x00000000d5580000, 0x00000000d6f80000, 0x0000000100000000)
  eden space 19456K, 99% used [0x00000000d5580000,0x00000000d687ffe0,0x00000000d6880000)
  from space 2048K, 98% used [0x00000000d6880000,0x00000000d6a78010,0x00000000d6a80000)
  to   space 3584K, 0% used [0x00000000d6c00000,0x00000000d6c00000,0x00000000d6f80000)
 ParOldGen       total 75776K, used 75646K [0x0000000080000000, 0x0000000084a00000, 0x00000000d5580000)
  object space 75776K, 99% used [0x0000000080000000,0x00000000849dfbf8,0x0000000084a00000)
 Metaspace       used 57764K, committed 59200K, reserved 1114112K
  class space    used 6289K, committed 6912K, reserved 1048576K
}
Event: 33.682 GC heap after
{Heap after GC invocations=66 (full 2):
 PSYoungGen      total 20992K, used 1472K [0x00000000d5580000, 0x00000000d6d80000, 0x0000000100000000)
  eden space 19456K, 0% used [0x00000000d5580000,0x00000000d5580000,0x00000000d6880000)
  from space 1536K, 95% used [0x00000000d6c00000,0x00000000d6d70000,0x00000000d6d80000)
  to   space 2048K, 0% used [0x00000000d6980000,0x00000000d6980000,0x00000000d6b80000)
 ParOldGen       total 76800K, used 76734K [0x0000000080000000, 0x0000000084b00000, 0x00000000d5580000)
  object space 76800K, 99% used [0x0000000080000000,0x0000000084aefbf8,0x0000000084b00000)
 Metaspace       used 57764K, committed 59200K, reserved 1114112K
  class space    used 6289K, committed 6912K, reserved 1048576K
}
Event: 33.918 GC heap before
{Heap before GC invocations=67 (full 2):
 PSYoungGen      total 20992K, used 13201K [0x00000000d5580000, 0x00000000d6d80000, 0x0000000100000000)
  eden space 19456K, 60% used [0x00000000d5580000,0x00000000d60f4760,0x00000000d6880000)
  from space 1536K, 95% used [0x00000000d6c00000,0x00000000d6d70000,0x00000000d6d80000)
  to   space 2048K, 0% used [0x00000000d6980000,0x00000000d6980000,0x00000000d6b80000)
 ParOldGen       total 76800K, used 76734K [0x0000000080000000, 0x0000000084b00000, 0x00000000d5580000)
  object space 76800K, 99% used [0x0000000080000000,0x0000000084aefbf8,0x0000000084b00000)
 Metaspace       used 58352K, committed 59776K, reserved 1114112K
  class space    used 6325K, committed 6912K, reserved 1048576K
}
Event: 33.922 GC heap after
{Heap after GC invocations=67 (full 2):
 PSYoungGen      total 20992K, used 1191K [0x00000000d5580000, 0x00000000d6c80000, 0x0000000100000000)
  eden space 19456K, 0% used [0x00000000d5580000,0x00000000d5580000,0x00000000d6880000)
  from space 1536K, 77% used [0x00000000d6980000,0x00000000d6aa9d80,0x00000000d6b00000)
  to   space 1536K, 0% used [0x00000000d6b00000,0x00000000d6b00000,0x00000000d6c80000)
 ParOldGen       total 77824K, used 77741K [0x0000000080000000, 0x0000000084c00000, 0x00000000d5580000)
  object space 77824K, 99% used [0x0000000080000000,0x0000000084beb690,0x0000000084c00000)
 Metaspace       used 58352K, committed 59776K, reserved 1114112K
  class space    used 6325K, committed 6912K, reserved 1048576K
}
Event: 33.922 GC heap before
{Heap before GC invocations=68 (full 3):
 PSYoungGen      total 20992K, used 1191K [0x00000000d5580000, 0x00000000d6c80000, 0x0000000100000000)
  eden space 19456K, 0% used [0x00000000d5580000,0x00000000d5580000,0x00000000d6880000)
  from space 1536K, 77% used [0x00000000d6980000,0x00000000d6aa9d80,0x00000000d6b00000)
  to   space 1536K, 0% used [0x00000000d6b00000,0x00000000d6b00000,0x00000000d6c80000)
 ParOldGen       total 77824K, used 77741K [0x0000000080000000, 0x0000000084c00000, 0x00000000d5580000)
  object space 77824K, 99% used [0x0000000080000000,0x0000000084beb690,0x0000000084c00000)
 Metaspace       used 58352K, committed 59776K, reserved 1114112K
  class space    used 6325K, committed 6912K, reserved 1048576K
}

