# JRE version: OpenJDK Runtime Environment Temurin-17.0.15+6 (17.0.15+6) (build 17.0.15+6)
# Java VM: OpenJDK 64-Bit Server VM Temurin-17.0.15+6 (17.0.15+6, mixed mode, sharing, tiered, compressed oops, compressed class ptrs, g1 gc, windows-amd64)
GC Precious Log:
 CPUs: 12 total, 12 available
 Memory: 7896M
 Large Page Support: Disabled
 NUMA Support: Disabled
 Compressed Oops: Enabled (32-bit)
 Heap Region Size: 1M
 Heap Min Capacity: 8M
 Heap Initial Capacity: 124M
 Heap Max Capacity: 1976M
 Pre-touch: Disabled
 Parallel Workers: 10
 Concurrent Workers: 3
 Concurrent Refinement Workers: 10
 Periodic GC: Disabled
Heap:
 garbage-first heap   total 99328K, used 38794K [0x0000000084800000, 0x0000000100000000)
  region size 1024K, 15 young (15360K), 6 survivors (6144K)
 Metaspace       used 69302K, committed 69888K, reserved 1114112K
  class space    used 9535K, committed 9792K, reserved 1048576K
GC Heap History (20 events):
Event: 3.853 GC heap before
{Heap before GC invocations=2 (full 0):
 garbage-first heap   total 126976K, used 58748K [0x0000000084800000, 0x0000000100000000)
  region size 1024K, 52 young (53248K), 3 survivors (3072K)
 Metaspace       used 21212K, committed 21504K, reserved 1114112K
  class space    used 2673K, committed 2816K, reserved 1048576K
}
Event: 3.867 GC heap after
{Heap after GC invocations=3 (full 0):
 garbage-first heap   total 126976K, used 14726K [0x0000000084800000, 0x0000000100000000)
  region size 1024K, 7 young (7168K), 7 survivors (7168K)
 Metaspace       used 21212K, committed 21504K, reserved 1114112K
  class space    used 2673K, committed 2816K, reserved 1048576K
}
Event: 5.243 GC heap before
{Heap before GC invocations=4 (full 0):
 garbage-first heap   total 55296K, used 40326K [0x0000000084800000, 0x0000000100000000)
  region size 1024K, 32 young (32768K), 7 survivors (7168K)
 Metaspace       used 25659K, committed 26048K, reserved 1114112K
  class space    used 3354K, committed 3520K, reserved 1048576K
}
Event: 5.269 GC heap after
{Heap after GC invocations=5 (full 0):
 garbage-first heap   total 55296K, used 17398K [0x0000000084800000, 0x0000000100000000)
  region size 1024K, 3 young (3072K), 3 survivors (3072K)
 Metaspace       used 25659K, committed 26048K, reserved 1114112K
  class space    used 3354K, committed 3520K, reserved 1048576K
}
Event: 5.318 GC heap before
{Heap before GC invocations=5 (full 0):
 garbage-first heap   total 55296K, used 18422K [0x0000000084800000, 0x0000000100000000)
  region size 1024K, 4 young (4096K), 3 survivors (3072K)
 Metaspace       used 25783K, committed 26176K, reserved 1114112K
  class space    used 3378K, committed 3584K, reserved 1048576K
}
Event: 5.332 GC heap after
{Heap after GC invocations=6 (full 0):
 garbage-first heap   total 55296K, used 17624K [0x0000000084800000, 0x0000000100000000)
  region size 1024K, 1 young (1024K), 1 survivors (1024K)
 Metaspace       used 25783K, committed 26176K, reserved 1114112K
  class space    used 3378K, committed 3584K, reserved 1048576K
}
Event: 6.607 GC heap before
{Heap before GC invocations=6 (full 0):
 garbage-first heap   total 55296K, used 38104K [0x0000000084800000, 0x0000000100000000)
  region size 1024K, 21 young (21504K), 1 survivors (1024K)
 Metaspace       used 30792K, committed 31232K, reserved 1114112K
  class space    used 3963K, committed 4160K, reserved 1048576K
}
Event: 6.611 GC heap after
{Heap after GC invocations=7 (full 0):
 garbage-first heap   total 55296K, used 19062K [0x0000000084800000, 0x0000000100000000)
  region size 1024K, 3 young (3072K), 3 survivors (3072K)
 Metaspace       used 30792K, committed 31232K, reserved 1114112K
  class space    used 3963K, committed 4160K, reserved 1048576K
}
Event: 7.198 GC heap before
{Heap before GC invocations=7 (full 0):
 garbage-first heap   total 55296K, used 38518K [0x0000000084800000, 0x0000000100000000)
  region size 1024K, 23 young (23552K), 3 survivors (3072K)
 Metaspace       used 35514K, committed 35968K, reserved 1114112K
  class space    used 4741K, committed 4992K, reserved 1048576K
}
Event: 7.202 GC heap after
{Heap after GC invocations=8 (full 0):
 garbage-first heap   total 55296K, used 20023K [0x0000000084800000, 0x0000000100000000)
  region size 1024K, 1 young (1024K), 1 survivors (1024K)
 Metaspace       used 35514K, committed 35968K, reserved 1114112K
  class space    used 4741K, committed 4992K, reserved 1048576K
}
Event: 8.181 GC heap before
{Heap before GC invocations=9 (full 0):
 garbage-first heap   total 55296K, used 40503K [0x0000000084800000, 0x0000000100000000)
  region size 1024K, 21 young (21504K), 1 survivors (1024K)
 Metaspace       used 41156K, committed 41664K, reserved 1114112K
  class space    used 5503K, committed 5760K, reserved 1048576K
}
Event: 8.185 GC heap after
{Heap after GC invocations=10 (full 0):
 garbage-first heap   total 99328K, used 22239K [0x0000000084800000, 0x0000000100000000)
  region size 1024K, 3 young (3072K), 3 survivors (3072K)
 Metaspace       used 41156K, committed 41664K, reserved 1114112K
  class space    used 5503K, committed 5760K, reserved 1048576K
}
Event: 8.215 GC heap before
{Heap before GC invocations=10 (full 0):
 garbage-first heap   total 99328K, used 22239K [0x0000000084800000, 0x0000000100000000)
  region size 1024K, 4 young (4096K), 3 survivors (3072K)
 Metaspace       used 41469K, committed 41920K, reserved 1114112K
  class space    used 5533K, committed 5760K, reserved 1048576K
}
Event: 8.219 GC heap after
{Heap after GC invocations=11 (full 0):
 garbage-first heap   total 99328K, used 22287K [0x0000000084800000, 0x0000000100000000)
  region size 1024K, 1 young (1024K), 1 survivors (1024K)
 Metaspace       used 41469K, committed 41920K, reserved 1114112K
  class space    used 5533K, committed 5760K, reserved 1048576K
}
Event: 9.747 GC heap before
{Heap before GC invocations=11 (full 0):
 garbage-first heap   total 99328K, used 74511K [0x0000000084800000, 0x0000000100000000)
  region size 1024K, 52 young (53248K), 1 survivors (1024K)
 Metaspace       used 55057K, committed 55616K, reserved 1114112K
  class space    used 7502K, committed 7744K, reserved 1048576K
}
Event: 9.751 GC heap after
{Heap after GC invocations=12 (full 0):
 garbage-first heap   total 99328K, used 24824K [0x0000000084800000, 0x0000000100000000)
  region size 1024K, 3 young (3072K), 3 survivors (3072K)
 Metaspace       used 55057K, committed 55616K, reserved 1114112K
  class space    used 7502K, committed 7744K, reserved 1048576K
}
Event: 11.054 GC heap before
{Heap before GC invocations=12 (full 0):
 garbage-first heap   total 99328K, used 49400K [0x0000000084800000, 0x0000000100000000)
  region size 1024K, 28 young (28672K), 3 survivors (3072K)
 Metaspace       used 59586K, committed 60096K, reserved 1114112K
  class space    used 8141K, committed 8384K, reserved 1048576K
}
Event: 11.062 GC heap after
{Heap after GC invocations=13 (full 0):
 garbage-first heap   total 99328K, used 27115K [0x0000000084800000, 0x0000000100000000)
  region size 1024K, 6 young (6144K), 6 survivors (6144K)
 Metaspace       used 59586K, committed 60096K, reserved 1114112K
  class space    used 8141K, committed 8384K, reserved 1048576K
}
Event: 956.636 GC heap before
{Heap before GC invocations=14 (full 0):
 garbage-first heap   total 99328K, used 75243K [0x0000000084800000, 0x0000000100000000)
  region size 1024K, 54 young (55296K), 6 survivors (6144K)
 Metaspace       used 68882K, committed 69440K, reserved 1114112K
  class space    used 9489K, committed 9728K, reserved 1048576K
}
Event: 956.701 GC heap after
{Heap after GC invocations=15 (full 0):
 garbage-first heap   total 99328K, used 30602K [0x0000000084800000, 0x0000000100000000)
  region size 1024K, 6 young (6144K), 6 survivors (6144K)
 Metaspace       used 68882K, committed 69440K, reserved 1114112K
  class space    used 9489K, committed 9728K, reserved 1048576K
}

