# JRE version: OpenJDK Runtime Environment Temurin-21.0.8+9 (21.0.8+9) (build 21.0.8+9-LTS)
# Java VM: OpenJDK 64-Bit Server VM Temurin-21.0.8+9 (21.0.8+9-LTS, mixed mode, sharing, tiered, compressed oops, compressed class ptrs, parallel gc, windows-amd64)
GC Precious Log:
 CardTable entry size: 512
 CPUs: 12 total, 12 available
 Memory: 7896M
 Large Page Support: Disabled
 NUMA Support: Disabled
 Compressed Oops: Enabled (32-bit)
 Alignments: Space 512K, Generation 512K, Heap 2M
 Heap Min Capacity: 100M
 Heap Initial Capacity: 100M
 Heap Max Capacity: 2G
 Pre-touch: Disabled
 Parallel Workers: 10
Heap:
 PSYoungGen      total 17408K, used 5809K [0x00000000d5580000, 0x00000000d6780000, 0x0000000100000000)
  eden space 16384K, 32% used [0x00000000d5580000,0x00000000d5aa87a8,0x00000000d6580000)
  from space 1024K, 51% used [0x00000000d6580000,0x00000000d6604010,0x00000000d6680000)
  to   space 1024K, 0% used [0x00000000d6680000,0x00000000d6680000,0x00000000d6780000)
 ParOldGen       total 70656K, used 55351K [0x0000000080000000, 0x0000000084500000, 0x00000000d5580000)
  object space 70656K, 78% used [0x0000000080000000,0x000000008360dd18,0x0000000084500000)
 Metaspace       used 58988K, committed 60480K, reserved 1114112K
  class space    used 6388K, committed 7040K, reserved 1048576K
GC Heap History (20 events):
Event: 17.188 GC heap before
{Heap before GC invocations=49 (full 2):
 PSYoungGen      total 17920K, used 17504K [0x00000000d5580000, 0x00000000d6a80000, 0x0000000100000000)
  eden space 16384K, 100% used [0x00000000d5580000,0x00000000d6580000,0x00000000d6580000)
  from space 1536K, 72% used [0x00000000d6900000,0x00000000d6a18000,0x00000000d6a80000)
  to   space 2048K, 0% used [0x00000000d6680000,0x00000000d6680000,0x00000000d6880000)
 ParOldGen       total 68608K, used 63106K [0x0000000080000000, 0x0000000084300000, 0x00000000d5580000)
  object space 68608K, 91% used [0x0000000080000000,0x0000000083da0898,0x0000000084300000)
 Metaspace       used 56894K, committed 58304K, reserved 1114112K
  class space    used 6161K, committed 6720K, reserved 1048576K
}
Event: 17.190 GC heap after
{Heap after GC invocations=49 (full 2):
 PSYoungGen      total 17920K, used 1168K [0x00000000d5580000, 0x00000000d6980000, 0x0000000100000000)
  eden space 16384K, 0% used [0x00000000d5580000,0x00000000d5580000,0x00000000d6580000)
  from space 1536K, 76% used [0x00000000d6680000,0x00000000d67a4010,0x00000000d6800000)
  to   space 1536K, 0% used [0x00000000d6800000,0x00000000d6800000,0x00000000d6980000)
 ParOldGen       total 68608K, used 64082K [0x0000000080000000, 0x0000000084300000, 0x00000000d5580000)
  object space 68608K, 93% used [0x0000000080000000,0x0000000083e94898,0x0000000084300000)
 Metaspace       used 56894K, committed 58304K, reserved 1114112K
  class space    used 6161K, committed 6720K, reserved 1048576K
}
Event: 17.641 GC heap before
{Heap before GC invocations=50 (full 2):
 PSYoungGen      total 17920K, used 17552K [0x00000000d5580000, 0x00000000d6980000, 0x0000000100000000)
  eden space 16384K, 100% used [0x00000000d5580000,0x00000000d6580000,0x00000000d6580000)
  from space 1536K, 76% used [0x00000000d6680000,0x00000000d67a4010,0x00000000d6800000)
  to   space 1536K, 0% used [0x00000000d6800000,0x00000000d6800000,0x00000000d6980000)
 ParOldGen       total 68608K, used 64082K [0x0000000080000000, 0x0000000084300000, 0x00000000d5580000)
  object space 68608K, 93% used [0x0000000080000000,0x0000000083e94898,0x0000000084300000)
 Metaspace       used 57127K, committed 58560K, reserved 1114112K
  class space    used 6192K, committed 6784K, reserved 1048576K
}
Event: 17.645 GC heap after
{Heap after GC invocations=50 (full 2):
 PSYoungGen      total 17920K, used 1303K [0x00000000d5580000, 0x00000000d6980000, 0x0000000100000000)
  eden space 16384K, 0% used [0x00000000d5580000,0x00000000d5580000,0x00000000d6580000)
  from space 1536K, 84% used [0x00000000d6800000,0x00000000d6945cc8,0x00000000d6980000)
  to   space 1536K, 0% used [0x00000000d6680000,0x00000000d6680000,0x00000000d6800000)
 ParOldGen       total 68608K, used 65038K [0x0000000080000000, 0x0000000084300000, 0x00000000d5580000)
  object space 68608K, 94% used [0x0000000080000000,0x0000000083f838a8,0x0000000084300000)
 Metaspace       used 57127K, committed 58560K, reserved 1114112K
  class space    used 6192K, committed 6784K, reserved 1048576K
}
Event: 17.803 GC heap before
{Heap before GC invocations=51 (full 2):
 PSYoungGen      total 17920K, used 17687K [0x00000000d5580000, 0x00000000d6980000, 0x0000000100000000)
  eden space 16384K, 100% used [0x00000000d5580000,0x00000000d6580000,0x00000000d6580000)
  from space 1536K, 84% used [0x00000000d6800000,0x00000000d6945cc8,0x00000000d6980000)
  to   space 1536K, 0% used [0x00000000d6680000,0x00000000d6680000,0x00000000d6800000)
 ParOldGen       total 68608K, used 65038K [0x0000000080000000, 0x0000000084300000, 0x00000000d5580000)
  object space 68608K, 94% used [0x0000000080000000,0x0000000083f838a8,0x0000000084300000)
 Metaspace       used 57567K, committed 59008K, reserved 1114112K
  class space    used 6239K, committed 6848K, reserved 1048576K
}
Event: 17.806 GC heap after
{Heap after GC invocations=51 (full 2):
 PSYoungGen      total 17920K, used 1534K [0x00000000d5580000, 0x00000000d6b80000, 0x0000000100000000)
  eden space 16384K, 0% used [0x00000000d5580000,0x00000000d5580000,0x00000000d6580000)
  from space 1536K, 99% used [0x00000000d6680000,0x00000000d67ffbc8,0x00000000d6800000)
  to   space 3072K, 0% used [0x00000000d6880000,0x00000000d6880000,0x00000000d6b80000)
 ParOldGen       total 68608K, used 66302K [0x0000000080000000, 0x0000000084300000, 0x00000000d5580000)
  object space 68608K, 96% used [0x0000000080000000,0x00000000840bf8a8,0x0000000084300000)
 Metaspace       used 57567K, committed 59008K, reserved 1114112K
  class space    used 6239K, committed 6848K, reserved 1048576K
}
Event: 17.860 GC heap before
{Heap before GC invocations=52 (full 2):
 PSYoungGen      total 17920K, used 17918K [0x00000000d5580000, 0x00000000d6b80000, 0x0000000100000000)
  eden space 16384K, 100% used [0x00000000d5580000,0x00000000d6580000,0x00000000d6580000)
  from space 1536K, 99% used [0x00000000d6680000,0x00000000d67ffbc8,0x00000000d6800000)
  to   space 3072K, 0% used [0x00000000d6880000,0x00000000d6880000,0x00000000d6b80000)
 ParOldGen       total 68608K, used 66302K [0x0000000080000000, 0x0000000084300000, 0x00000000d5580000)
  object space 68608K, 96% used [0x0000000080000000,0x00000000840bf8a8,0x0000000084300000)
 Metaspace       used 57590K, committed 59008K, reserved 1114112K
  class space    used 6239K, committed 6848K, reserved 1048576K
}
Event: 17.863 GC heap after
{Heap after GC invocations=52 (full 2):
 PSYoungGen      total 17920K, used 1184K [0x00000000d5580000, 0x00000000d6a00000, 0x0000000100000000)
  eden space 16384K, 0% used [0x00000000d5580000,0x00000000d5580000,0x00000000d6580000)
  from space 1536K, 77% used [0x00000000d6880000,0x00000000d69a8000,0x00000000d6a00000)
  to   space 2048K, 0% used [0x00000000d6600000,0x00000000d6600000,0x00000000d6800000)
 ParOldGen       total 68608K, used 67536K [0x0000000080000000, 0x0000000084300000, 0x00000000d5580000)
  object space 68608K, 98% used [0x0000000080000000,0x00000000841f4018,0x0000000084300000)
 Metaspace       used 57590K, committed 59008K, reserved 1114112K
  class space    used 6239K, committed 6848K, reserved 1048576K
}
Event: 17.938 GC heap before
{Heap before GC invocations=53 (full 2):
 PSYoungGen      total 17920K, used 17568K [0x00000000d5580000, 0x00000000d6a00000, 0x0000000100000000)
  eden space 16384K, 100% used [0x00000000d5580000,0x00000000d6580000,0x00000000d6580000)
  from space 1536K, 77% used [0x00000000d6880000,0x00000000d69a8000,0x00000000d6a00000)
  to   space 2048K, 0% used [0x00000000d6600000,0x00000000d6600000,0x00000000d6800000)
 ParOldGen       total 68608K, used 67536K [0x0000000080000000, 0x0000000084300000, 0x00000000d5580000)
  object space 68608K, 98% used [0x0000000080000000,0x00000000841f4018,0x0000000084300000)
 Metaspace       used 57625K, committed 59072K, reserved 1114112K
  class space    used 6239K, committed 6848K, reserved 1048576K
}
Event: 17.941 GC heap after
{Heap after GC invocations=53 (full 2):
 PSYoungGen      total 17920K, used 1088K [0x00000000d5580000, 0x00000000d6900000, 0x0000000100000000)
  eden space 16384K, 0% used [0x00000000d5580000,0x00000000d5580000,0x00000000d6580000)
  from space 1536K, 70% used [0x00000000d6600000,0x00000000d6710000,0x00000000d6780000)
  to   space 1536K, 0% used [0x00000000d6780000,0x00000000d6780000,0x00000000d6900000)
 ParOldGen       total 68608K, used 68480K [0x0000000080000000, 0x0000000084300000, 0x00000000d5580000)
  object space 68608K, 99% used [0x0000000080000000,0x00000000842e0018,0x0000000084300000)
 Metaspace       used 57625K, committed 59072K, reserved 1114112K
  class space    used 6239K, committed 6848K, reserved 1048576K
}
Event: 18.348 GC heap before
{Heap before GC invocations=54 (full 2):
 PSYoungGen      total 17920K, used 17472K [0x00000000d5580000, 0x00000000d6900000, 0x0000000100000000)
  eden space 16384K, 100% used [0x00000000d5580000,0x00000000d6580000,0x00000000d6580000)
  from space 1536K, 70% used [0x00000000d6600000,0x00000000d6710000,0x00000000d6780000)
  to   space 1536K, 0% used [0x00000000d6780000,0x00000000d6780000,0x00000000d6900000)
 ParOldGen       total 68608K, used 68480K [0x0000000080000000, 0x0000000084300000, 0x00000000d5580000)
  object space 68608K, 99% used [0x0000000080000000,0x00000000842e0018,0x0000000084300000)
 Metaspace       used 57753K, committed 59200K, reserved 1114112K
  class space    used 6252K, committed 6848K, reserved 1048576K
}
Event: 18.350 GC heap after
{Heap after GC invocations=54 (full 2):
 PSYoungGen      total 17408K, used 992K [0x00000000d5580000, 0x00000000d6880000, 0x0000000100000000)
  eden space 16384K, 0% used [0x00000000d5580000,0x00000000d5580000,0x00000000d6580000)
  from space 1024K, 96% used [0x00000000d6780000,0x00000000d6878020,0x00000000d6880000)
  to   space 1536K, 0% used [0x00000000d6580000,0x00000000d6580000,0x00000000d6700000)
 ParOldGen       total 69632K, used 69182K [0x0000000080000000, 0x0000000084400000, 0x00000000d5580000)
  object space 69632K, 99% used [0x0000000080000000,0x000000008438fab0,0x0000000084400000)
 Metaspace       used 57753K, committed 59200K, reserved 1114112K
  class space    used 6252K, committed 6848K, reserved 1048576K
}
Event: 19.018 GC heap before
{Heap before GC invocations=55 (full 2):
 PSYoungGen      total 17408K, used 17376K [0x00000000d5580000, 0x00000000d6880000, 0x0000000100000000)
  eden space 16384K, 100% used [0x00000000d5580000,0x00000000d6580000,0x00000000d6580000)
  from space 1024K, 96% used [0x00000000d6780000,0x00000000d6878020,0x00000000d6880000)
  to   space 1536K, 0% used [0x00000000d6580000,0x00000000d6580000,0x00000000d6700000)
 ParOldGen       total 69632K, used 69182K [0x0000000080000000, 0x0000000084400000, 0x00000000d5580000)
  object space 69632K, 99% used [0x0000000080000000,0x000000008438fab0,0x0000000084400000)
 Metaspace       used 58154K, committed 59648K, reserved 1114112K
  class space    used 6295K, committed 6912K, reserved 1048576K
}
Event: 19.020 GC heap after
{Heap after GC invocations=55 (full 2):
 PSYoungGen      total 17920K, used 544K [0x00000000d5580000, 0x00000000d6800000, 0x0000000100000000)
  eden space 16384K, 0% used [0x00000000d5580000,0x00000000d5580000,0x00000000d6580000)
  from space 1536K, 35% used [0x00000000d6580000,0x00000000d6608000,0x00000000d6700000)
  to   space 1024K, 0% used [0x00000000d6700000,0x00000000d6700000,0x00000000d6800000)
 ParOldGen       total 70144K, used 69870K [0x0000000080000000, 0x0000000084480000, 0x00000000d5580000)
  object space 70144K, 99% used [0x0000000080000000,0x000000008443bad0,0x0000000084480000)
 Metaspace       used 58154K, committed 59648K, reserved 1114112K
  class space    used 6295K, committed 6912K, reserved 1048576K
}
Event: 19.130 GC heap before
{Heap before GC invocations=56 (full 2):
 PSYoungGen      total 17920K, used 8406K [0x00000000d5580000, 0x00000000d6800000, 0x0000000100000000)
  eden space 16384K, 47% used [0x00000000d5580000,0x00000000d5d2d8e8,0x00000000d6580000)
  from space 1536K, 35% used [0x00000000d6580000,0x00000000d6608000,0x00000000d6700000)
  to   space 1024K, 0% used [0x00000000d6700000,0x00000000d6700000,0x00000000d6800000)
 ParOldGen       total 70144K, used 69870K [0x0000000080000000, 0x0000000084480000, 0x00000000d5580000)
  object space 70144K, 99% used [0x0000000080000000,0x000000008443bad0,0x0000000084480000)
 Metaspace       used 58328K, committed 59776K, reserved 1114112K
  class space    used 6318K, committed 6912K, reserved 1048576K
}
Event: 19.132 GC heap after
{Heap after GC invocations=56 (full 2):
 PSYoungGen      total 16896K, used 480K [0x00000000d5580000, 0x00000000d6780000, 0x0000000100000000)
  eden space 16384K, 0% used [0x00000000d5580000,0x00000000d5580000,0x00000000d6580000)
  from space 512K, 93% used [0x00000000d6700000,0x00000000d6778000,0x00000000d6780000)
  to   space 1024K, 0% used [0x00000000d6580000,0x00000000d6580000,0x00000000d6680000)
 ParOldGen       total 70656K, used 70242K [0x0000000080000000, 0x0000000084500000, 0x00000000d5580000)
  object space 70656K, 99% used [0x0000000080000000,0x0000000084498ae0,0x0000000084500000)
 Metaspace       used 58328K, committed 59776K, reserved 1114112K
  class space    used 6318K, committed 6912K, reserved 1048576K
}
Event: 19.132 GC heap before
{Heap before GC invocations=57 (full 3):
 PSYoungGen      total 16896K, used 480K [0x00000000d5580000, 0x00000000d6780000, 0x0000000100000000)
  eden space 16384K, 0% used [0x00000000d5580000,0x00000000d5580000,0x00000000d6580000)
  from space 512K, 93% used [0x00000000d6700000,0x00000000d6778000,0x00000000d6780000)
  to   space 1024K, 0% used [0x00000000d6580000,0x00000000d6580000,0x00000000d6680000)
 ParOldGen       total 70656K, used 70242K [0x0000000080000000, 0x0000000084500000, 0x00000000d5580000)
  object space 70656K, 99% used [0x0000000080000000,0x0000000084498ae0,0x0000000084500000)
 Metaspace       used 58328K, committed 59776K, reserved 1114112K
  class space    used 6318K, committed 6912K, reserved 1048576K
}
Event: 19.234 GC heap after
{Heap after GC invocations=57 (full 3):
 PSYoungGen      total 16896K, used 0K [0x00000000d5580000, 0x00000000d6780000, 0x0000000100000000)
  eden space 16384K, 0% used [0x00000000d5580000,0x00000000d5580000,0x00000000d6580000)
  from space 512K, 0% used [0x00000000d6700000,0x00000000d6700000,0x00000000d6780000)
  to   space 1024K, 0% used [0x00000000d6580000,0x00000000d6580000,0x00000000d6680000)
 ParOldGen       total 70656K, used 55343K [0x0000000080000000, 0x0000000084500000, 0x00000000d5580000)
  object space 70656K, 78% used [0x0000000080000000,0x000000008360bd18,0x0000000084500000)
 Metaspace       used 58323K, committed 59776K, reserved 1114112K
  class space    used 6317K, committed 6912K, reserved 1048576K
}
Event: 19.657 GC heap before
{Heap before GC invocations=58 (full 3):
 PSYoungGen      total 16896K, used 16384K [0x00000000d5580000, 0x00000000d6780000, 0x0000000100000000)
  eden space 16384K, 100% used [0x00000000d5580000,0x00000000d6580000,0x00000000d6580000)
  from space 512K, 0% used [0x00000000d6700000,0x00000000d6700000,0x00000000d6780000)
  to   space 1024K, 0% used [0x00000000d6580000,0x00000000d6580000,0x00000000d6680000)
 ParOldGen       total 70656K, used 55343K [0x0000000080000000, 0x0000000084500000, 0x00000000d5580000)
  object space 70656K, 78% used [0x0000000080000000,0x000000008360bd18,0x0000000084500000)
 Metaspace       used 58552K, committed 60096K, reserved 1114112K
  class space    used 6335K, committed 6976K, reserved 1048576K
}
Event: 19.658 GC heap after
{Heap after GC invocations=58 (full 3):
 PSYoungGen      total 17408K, used 528K [0x00000000d5580000, 0x00000000d6780000, 0x0000000100000000)
  eden space 16384K, 0% used [0x00000000d5580000,0x00000000d5580000,0x00000000d6580000)
  from space 1024K, 51% used [0x00000000d6580000,0x00000000d6604010,0x00000000d6680000)
  to   space 1024K, 0% used [0x00000000d6680000,0x00000000d6680000,0x00000000d6780000)
 ParOldGen       total 70656K, used 55351K [0x0000000080000000, 0x0000000084500000, 0x00000000d5580000)
  object space 70656K, 78% used [0x0000000080000000,0x000000008360dd18,0x0000000084500000)
 Metaspace       used 58552K, committed 60096K, reserved 1114112K
  class space    used 6335K, committed 6976K, reserved 1048576K
}

