# JRE version: OpenJDK Runtime Environment Temurin-21.0.8+9 (21.0.8+9) (build 21.0.8+9-LTS)
# Java VM: OpenJDK 64-Bit Server VM Temurin-21.0.8+9 (21.0.8+9-LTS, mixed mode, sharing, tiered, compressed oops, compressed class ptrs, parallel gc, windows-amd64)
GC Precious Log:
 CardTable entry size: 512
 CPUs: 12 total, 12 available
 Memory: 7896M
 Large Page Support: Disabled
 NUMA Support: Disabled
 Compressed Oops: Enabled (32-bit)
 Alignments: Space 512K, Generation 512K, Heap 2M
 Heap Min Capacity: 100M
 Heap Initial Capacity: 100M
 Heap Max Capacity: 2G
 Pre-touch: Disabled
 Parallel Workers: 10
Heap:
 PSYoungGen      total 6144K, used 3863K [0x00000000d5580000, 0x00000000d5e00000, 0x0000000100000000)
  eden space 5632K, 61% used [0x00000000d5580000,0x00000000d58e5de8,0x00000000d5b00000)
  from space 512K, 75% used [0x00000000d5d80000,0x00000000d5de0000,0x00000000d5e00000)
  to   space 512K, 0% used [0x00000000d5d00000,0x00000000d5d00000,0x00000000d5d80000)
 ParOldGen       total 366080K, used 152464K [0x0000000080000000, 0x0000000096580000, 0x00000000d5580000)
  object space 366080K, 41% used [0x0000000080000000,0x00000000894e42c8,0x0000000096580000)
 Metaspace       used 84963K, committed 86656K, reserved 1179648K
  class space    used 9020K, committed 9792K, reserved 1048576K
GC Heap History (20 events):
Event: 633.054 GC heap before
{Heap before GC invocations=1045 (full 4):
 PSYoungGen      total 7680K, used 7262K [0x00000000d5580000, 0x00000000d5f80000, 0x0000000100000000)
  eden space 6656K, 100% used [0x00000000d5580000,0x00000000d5c00000,0x00000000d5c00000)
  from space 1024K, 59% used [0x00000000d5e80000,0x00000000d5f17b30,0x00000000d5f80000)
  to   space 1024K, 0% used [0x00000000d5d80000,0x00000000d5d80000,0x00000000d5e80000)
 ParOldGen       total 366080K, used 147867K [0x0000000080000000, 0x0000000096580000, 0x00000000d5580000)
  object space 366080K, 40% used [0x0000000080000000,0x0000000089066ec0,0x0000000096580000)
 Metaspace       used 81618K, committed 83648K, reserved 1179648K
  class space    used 8566K, committed 9600K, reserved 1048576K
}
Event: 633.056 GC heap after
{Heap after GC invocations=1045 (full 4):
 PSYoungGen      total 7680K, used 628K [0x00000000d5580000, 0x00000000d5f00000, 0x0000000100000000)
  eden space 6656K, 0% used [0x00000000d5580000,0x00000000d5580000,0x00000000d5c00000)
  from space 1024K, 61% used [0x00000000d5d80000,0x00000000d5e1d200,0x00000000d5e80000)
  to   space 512K, 0% used [0x00000000d5e80000,0x00000000d5e80000,0x00000000d5f00000)
 ParOldGen       total 366080K, used 148171K [0x0000000080000000, 0x0000000096580000, 0x00000000d5580000)
  object space 366080K, 40% used [0x0000000080000000,0x00000000890b2ec0,0x0000000096580000)
 Metaspace       used 81618K, committed 83648K, reserved 1179648K
  class space    used 8566K, committed 9600K, reserved 1048576K
}
Event: 633.605 GC heap before
{Heap before GC invocations=1046 (full 4):
 PSYoungGen      total 7680K, used 7284K [0x00000000d5580000, 0x00000000d5f00000, 0x0000000100000000)
  eden space 6656K, 100% used [0x00000000d5580000,0x00000000d5c00000,0x00000000d5c00000)
  from space 1024K, 61% used [0x00000000d5d80000,0x00000000d5e1d200,0x00000000d5e80000)
  to   space 512K, 0% used [0x00000000d5e80000,0x00000000d5e80000,0x00000000d5f00000)
 ParOldGen       total 366080K, used 148171K [0x0000000080000000, 0x0000000096580000, 0x00000000d5580000)
  object space 366080K, 40% used [0x0000000080000000,0x00000000890b2ec0,0x0000000096580000)
 Metaspace       used 81698K, committed 83648K, reserved 1179648K
  class space    used 8567K, committed 9600K, reserved 1048576K
}
Event: 633.607 GC heap after
{Heap after GC invocations=1046 (full 4):
 PSYoungGen      total 6144K, used 512K [0x00000000d5580000, 0x00000000d6300000, 0x0000000100000000)
  eden space 5632K, 0% used [0x00000000d5580000,0x00000000d5580000,0x00000000d5b00000)
  from space 512K, 100% used [0x00000000d5e80000,0x00000000d5f00000,0x00000000d5f00000)
  to   space 3584K, 0% used [0x00000000d5b00000,0x00000000d5b00000,0x00000000d5e80000)
 ParOldGen       total 366080K, used 150439K [0x0000000080000000, 0x0000000096580000, 0x00000000d5580000)
  object space 366080K, 41% used [0x0000000080000000,0x00000000892e9fd8,0x0000000096580000)
 Metaspace       used 81698K, committed 83648K, reserved 1179648K
  class space    used 8567K, committed 9600K, reserved 1048576K
}
Event: 633.839 GC heap before
{Heap before GC invocations=1047 (full 4):
 PSYoungGen      total 6144K, used 6143K [0x00000000d5580000, 0x00000000d6300000, 0x0000000100000000)
  eden space 5632K, 99% used [0x00000000d5580000,0x00000000d5afff80,0x00000000d5b00000)
  from space 512K, 100% used [0x00000000d5e80000,0x00000000d5f00000,0x00000000d5f00000)
  to   space 3584K, 0% used [0x00000000d5b00000,0x00000000d5b00000,0x00000000d5e80000)
 ParOldGen       total 366080K, used 150439K [0x0000000080000000, 0x0000000096580000, 0x00000000d5580000)
  object space 366080K, 41% used [0x0000000080000000,0x00000000892e9fd8,0x0000000096580000)
 Metaspace       used 81720K, committed 83648K, reserved 1179648K
  class space    used 8570K, committed 9600K, reserved 1048576K
}
Event: 633.842 GC heap after
{Heap after GC invocations=1047 (full 4):
 PSYoungGen      total 6656K, used 772K [0x00000000d5580000, 0x00000000d5f00000, 0x0000000100000000)
  eden space 5632K, 0% used [0x00000000d5580000,0x00000000d5580000,0x00000000d5b00000)
  from space 1024K, 75% used [0x00000000d5b00000,0x00000000d5bc1230,0x00000000d5c00000)
  to   space 1536K, 0% used [0x00000000d5d80000,0x00000000d5d80000,0x00000000d5f00000)
 ParOldGen       total 366080K, used 150925K [0x0000000080000000, 0x0000000096580000, 0x00000000d5580000)
  object space 366080K, 41% used [0x0000000080000000,0x0000000089363508,0x0000000096580000)
 Metaspace       used 81720K, committed 83648K, reserved 1179648K
  class space    used 8570K, committed 9600K, reserved 1048576K
}
Event: 634.916 GC heap before
{Heap before GC invocations=1048 (full 4):
 PSYoungGen      total 6656K, used 6404K [0x00000000d5580000, 0x00000000d5f00000, 0x0000000100000000)
  eden space 5632K, 100% used [0x00000000d5580000,0x00000000d5b00000,0x00000000d5b00000)
  from space 1024K, 75% used [0x00000000d5b00000,0x00000000d5bc1230,0x00000000d5c00000)
  to   space 1536K, 0% used [0x00000000d5d80000,0x00000000d5d80000,0x00000000d5f00000)
 ParOldGen       total 366080K, used 150925K [0x0000000080000000, 0x0000000096580000, 0x00000000d5580000)
  object space 366080K, 41% used [0x0000000080000000,0x0000000089363508,0x0000000096580000)
 Metaspace       used 81837K, committed 83712K, reserved 1179648K
  class space    used 8587K, committed 9600K, reserved 1048576K
}
Event: 634.918 GC heap after
{Heap after GC invocations=1048 (full 4):
 PSYoungGen      total 6144K, used 448K [0x00000000d5580000, 0x00000000d5e00000, 0x0000000100000000)
  eden space 5632K, 0% used [0x00000000d5580000,0x00000000d5580000,0x00000000d5b00000)
  from space 512K, 87% used [0x00000000d5d80000,0x00000000d5df0000,0x00000000d5e00000)
  to   space 1024K, 0% used [0x00000000d5c00000,0x00000000d5c00000,0x00000000d5d00000)
 ParOldGen       total 366080K, used 151537K [0x0000000080000000, 0x0000000096580000, 0x00000000d5580000)
  object space 366080K, 41% used [0x0000000080000000,0x00000000893fc6a8,0x0000000096580000)
 Metaspace       used 81837K, committed 83712K, reserved 1179648K
  class space    used 8587K, committed 9600K, reserved 1048576K
}
Event: 634.946 GC heap before
{Heap before GC invocations=1049 (full 4):
 PSYoungGen      total 6144K, used 5984K [0x00000000d5580000, 0x00000000d5e00000, 0x0000000100000000)
  eden space 5632K, 98% used [0x00000000d5580000,0x00000000d5ae8208,0x00000000d5b00000)
  from space 512K, 87% used [0x00000000d5d80000,0x00000000d5df0000,0x00000000d5e00000)
  to   space 1024K, 0% used [0x00000000d5c00000,0x00000000d5c00000,0x00000000d5d00000)
 ParOldGen       total 366080K, used 151537K [0x0000000080000000, 0x0000000096580000, 0x00000000d5580000)
  object space 366080K, 41% used [0x0000000080000000,0x00000000893fc6a8,0x0000000096580000)
 Metaspace       used 81898K, committed 83776K, reserved 1179648K
  class space    used 8595K, committed 9600K, reserved 1048576K
}
Event: 634.947 GC heap after
{Heap after GC invocations=1049 (full 4):
 PSYoungGen      total 6656K, used 352K [0x00000000d5580000, 0x00000000d5e00000, 0x0000000100000000)
  eden space 5632K, 0% used [0x00000000d5580000,0x00000000d5580000,0x00000000d5b00000)
  from space 1024K, 34% used [0x00000000d5c00000,0x00000000d5c58000,0x00000000d5d00000)
  to   space 512K, 0% used [0x00000000d5d80000,0x00000000d5d80000,0x00000000d5e00000)
 ParOldGen       total 366080K, used 151785K [0x0000000080000000, 0x0000000096580000, 0x00000000d5580000)
  object space 366080K, 41% used [0x0000000080000000,0x000000008943a6a8,0x0000000096580000)
 Metaspace       used 81898K, committed 83776K, reserved 1179648K
  class space    used 8595K, committed 9600K, reserved 1048576K
}
Event: 635.023 GC heap before
{Heap before GC invocations=1050 (full 4):
 PSYoungGen      total 6656K, used 5984K [0x00000000d5580000, 0x00000000d5e00000, 0x0000000100000000)
  eden space 5632K, 100% used [0x00000000d5580000,0x00000000d5b00000,0x00000000d5b00000)
  from space 1024K, 34% used [0x00000000d5c00000,0x00000000d5c58000,0x00000000d5d00000)
  to   space 512K, 0% used [0x00000000d5d80000,0x00000000d5d80000,0x00000000d5e00000)
 ParOldGen       total 366080K, used 151785K [0x0000000080000000, 0x0000000096580000, 0x00000000d5580000)
  object space 366080K, 41% used [0x0000000080000000,0x000000008943a6a8,0x0000000096580000)
 Metaspace       used 81929K, committed 83840K, reserved 1179648K
  class space    used 8603K, committed 9600K, reserved 1048576K
}
Event: 635.024 GC heap after
{Heap after GC invocations=1050 (full 4):
 PSYoungGen      total 6144K, used 288K [0x00000000d5580000, 0x00000000d5e00000, 0x0000000100000000)
  eden space 5632K, 0% used [0x00000000d5580000,0x00000000d5580000,0x00000000d5b00000)
  from space 512K, 56% used [0x00000000d5d80000,0x00000000d5dc8000,0x00000000d5e00000)
  to   space 512K, 0% used [0x00000000d5d00000,0x00000000d5d00000,0x00000000d5d80000)
 ParOldGen       total 366080K, used 151865K [0x0000000080000000, 0x0000000096580000, 0x00000000d5580000)
  object space 366080K, 41% used [0x0000000080000000,0x000000008944e6b8,0x0000000096580000)
 Metaspace       used 81929K, committed 83840K, reserved 1179648K
  class space    used 8603K, committed 9600K, reserved 1048576K
}
Event: 635.100 GC heap before
{Heap before GC invocations=1051 (full 4):
 PSYoungGen      total 6144K, used 5920K [0x00000000d5580000, 0x00000000d5e00000, 0x0000000100000000)
  eden space 5632K, 100% used [0x00000000d5580000,0x00000000d5b00000,0x00000000d5b00000)
  from space 512K, 56% used [0x00000000d5d80000,0x00000000d5dc8000,0x00000000d5e00000)
  to   space 512K, 0% used [0x00000000d5d00000,0x00000000d5d00000,0x00000000d5d80000)
 ParOldGen       total 366080K, used 151865K [0x0000000080000000, 0x0000000096580000, 0x00000000d5580000)
  object space 366080K, 41% used [0x0000000080000000,0x000000008944e6b8,0x0000000096580000)
 Metaspace       used 82770K, committed 84672K, reserved 1179648K
  class space    used 8678K, committed 9600K, reserved 1048576K
}
Event: 635.101 GC heap after
{Heap after GC invocations=1051 (full 4):
 PSYoungGen      total 6144K, used 401K [0x00000000d5580000, 0x00000000d5e00000, 0x0000000100000000)
  eden space 5632K, 0% used [0x00000000d5580000,0x00000000d5580000,0x00000000d5b00000)
  from space 512K, 78% used [0x00000000d5d00000,0x00000000d5d645c8,0x00000000d5d80000)
  to   space 512K, 0% used [0x00000000d5d80000,0x00000000d5d80000,0x00000000d5e00000)
 ParOldGen       total 366080K, used 151953K [0x0000000080000000, 0x0000000096580000, 0x00000000d5580000)
  object space 366080K, 41% used [0x0000000080000000,0x00000000894646b8,0x0000000096580000)
 Metaspace       used 82770K, committed 84672K, reserved 1179648K
  class space    used 8678K, committed 9600K, reserved 1048576K
}
Event: 635.138 GC heap before
{Heap before GC invocations=1052 (full 4):
 PSYoungGen      total 6144K, used 6033K [0x00000000d5580000, 0x00000000d5e00000, 0x0000000100000000)
  eden space 5632K, 100% used [0x00000000d5580000,0x00000000d5b00000,0x00000000d5b00000)
  from space 512K, 78% used [0x00000000d5d00000,0x00000000d5d645c8,0x00000000d5d80000)
  to   space 512K, 0% used [0x00000000d5d80000,0x00000000d5d80000,0x00000000d5e00000)
 ParOldGen       total 366080K, used 151953K [0x0000000080000000, 0x0000000096580000, 0x00000000d5580000)
  object space 366080K, 41% used [0x0000000080000000,0x00000000894646b8,0x0000000096580000)
 Metaspace       used 83456K, committed 85248K, reserved 1179648K
  class space    used 8768K, committed 9600K, reserved 1048576K
}
Event: 635.139 GC heap after
{Heap after GC invocations=1052 (full 4):
 PSYoungGen      total 6144K, used 336K [0x00000000d5580000, 0x00000000d5e00000, 0x0000000100000000)
  eden space 5632K, 0% used [0x00000000d5580000,0x00000000d5580000,0x00000000d5b00000)
  from space 512K, 65% used [0x00000000d5d80000,0x00000000d5dd4010,0x00000000d5e00000)
  to   space 512K, 0% used [0x00000000d5d00000,0x00000000d5d00000,0x00000000d5d80000)
 ParOldGen       total 366080K, used 152200K [0x0000000080000000, 0x0000000096580000, 0x00000000d5580000)
  object space 366080K, 41% used [0x0000000080000000,0x00000000894a2298,0x0000000096580000)
 Metaspace       used 83456K, committed 85248K, reserved 1179648K
  class space    used 8768K, committed 9600K, reserved 1048576K
}
Event: 635.183 GC heap before
{Heap before GC invocations=1053 (full 4):
 PSYoungGen      total 6144K, used 5963K [0x00000000d5580000, 0x00000000d5e00000, 0x0000000100000000)
  eden space 5632K, 99% used [0x00000000d5580000,0x00000000d5afebf8,0x00000000d5b00000)
  from space 512K, 65% used [0x00000000d5d80000,0x00000000d5dd4010,0x00000000d5e00000)
  to   space 512K, 0% used [0x00000000d5d00000,0x00000000d5d00000,0x00000000d5d80000)
 ParOldGen       total 366080K, used 152200K [0x0000000080000000, 0x0000000096580000, 0x00000000d5580000)
  object space 366080K, 41% used [0x0000000080000000,0x00000000894a2298,0x0000000096580000)
 Metaspace       used 83895K, committed 85632K, reserved 1179648K
  class space    used 8877K, committed 9664K, reserved 1048576K
}
Event: 635.184 GC heap after
{Heap after GC invocations=1053 (full 4):
 PSYoungGen      total 6144K, used 224K [0x00000000d5580000, 0x00000000d5e00000, 0x0000000100000000)
  eden space 5632K, 0% used [0x00000000d5580000,0x00000000d5580000,0x00000000d5b00000)
  from space 512K, 43% used [0x00000000d5d00000,0x00000000d5d38000,0x00000000d5d80000)
  to   space 512K, 0% used [0x00000000d5d80000,0x00000000d5d80000,0x00000000d5e00000)
 ParOldGen       total 366080K, used 152344K [0x0000000080000000, 0x0000000096580000, 0x00000000d5580000)
  object space 366080K, 41% used [0x0000000080000000,0x00000000894c62c8,0x0000000096580000)
 Metaspace       used 83895K, committed 85632K, reserved 1179648K
  class space    used 8877K, committed 9664K, reserved 1048576K
}
Event: 635.230 GC heap before
{Heap before GC invocations=1054 (full 4):
 PSYoungGen      total 6144K, used 5856K [0x00000000d5580000, 0x00000000d5e00000, 0x0000000100000000)
  eden space 5632K, 100% used [0x00000000d5580000,0x00000000d5b00000,0x00000000d5b00000)
  from space 512K, 43% used [0x00000000d5d00000,0x00000000d5d38000,0x00000000d5d80000)
  to   space 512K, 0% used [0x00000000d5d80000,0x00000000d5d80000,0x00000000d5e00000)
 ParOldGen       total 366080K, used 152344K [0x0000000080000000, 0x0000000096580000, 0x00000000d5580000)
  object space 366080K, 41% used [0x0000000080000000,0x00000000894c62c8,0x0000000096580000)
 Metaspace       used 84528K, committed 86272K, reserved 1179648K
  class space    used 8967K, committed 9728K, reserved 1048576K
}
Event: 635.232 GC heap after
{Heap after GC invocations=1054 (full 4):
 PSYoungGen      total 6144K, used 384K [0x00000000d5580000, 0x00000000d5e00000, 0x0000000100000000)
  eden space 5632K, 0% used [0x00000000d5580000,0x00000000d5580000,0x00000000d5b00000)
  from space 512K, 75% used [0x00000000d5d80000,0x00000000d5de0000,0x00000000d5e00000)
  to   space 512K, 0% used [0x00000000d5d00000,0x00000000d5d00000,0x00000000d5d80000)
 ParOldGen       total 366080K, used 152464K [0x0000000080000000, 0x0000000096580000, 0x00000000d5580000)
  object space 366080K, 41% used [0x0000000080000000,0x00000000894e42c8,0x0000000096580000)
 Metaspace       used 84528K, committed 86272K, reserved 1179648K
  class space    used 8967K, committed 9728K, reserved 1048576K
}

