# JRE version: OpenJDK Runtime Environment Temurin-21.0.8+9 (21.0.8+9) (build 21.0.8+9-LTS)
# Java VM: OpenJDK 64-Bit Server VM Temurin-21.0.8+9 (21.0.8+9-LTS, mixed mode, sharing, tiered, compressed oops, compressed class ptrs, parallel gc, windows-amd64)
GC Precious Log:
 CardTable entry size: 512
 CPUs: 12 total, 12 available
 Memory: 7896M
 Large Page Support: Disabled
 NUMA Support: Disabled
 Compressed Oops: Enabled (32-bit)
 Alignments: Space 512K, Generation 512K, Heap 2M
 Heap Min Capacity: 100M
 Heap Initial Capacity: 100M
 Heap Max Capacity: 2G
 Pre-touch: Disabled
 Parallel Workers: 10
Heap:
 PSYoungGen      total 4096K, used 2965K [0x00000000d5580000, 0x00000000d5b00000, 0x0000000100000000)
  eden space 3584K, 74% used [0x00000000d5580000,0x00000000d581d6b0,0x00000000d5900000)
  from space 512K, 56% used [0x00000000d5900000,0x00000000d5948000,0x00000000d5980000)
  to   space 512K, 0% used [0x00000000d5a80000,0x00000000d5a80000,0x00000000d5b00000)
 ParOldGen       total 631296K, used 207091K [0x0000000080000000, 0x00000000a6880000, 0x00000000d5580000)
  object space 631296K, 32% used [0x0000000080000000,0x000000008ca3cc88,0x00000000a6880000)
 Metaspace       used 88863K, committed 90688K, reserved 1179648K
  class space    used 9578K, committed 10432K, reserved 1048576K
GC Heap History (20 events):
Event: 1171.820 GC heap before
{Heap before GC invocations=752 (full 4):
 PSYoungGen      total 6144K, used 5728K [0x00000000d5580000, 0x00000000d5c80000, 0x0000000100000000)
  eden space 5120K, 100% used [0x00000000d5580000,0x00000000d5a80000,0x00000000d5a80000)
  from space 1024K, 59% used [0x00000000d5b00000,0x00000000d5b98020,0x00000000d5c00000)
  to   space 512K, 0% used [0x00000000d5c00000,0x00000000d5c00000,0x00000000d5c80000)
 ParOldGen       total 631296K, used 203844K [0x0000000080000000, 0x00000000a6880000, 0x00000000d5580000)
  object space 631296K, 32% used [0x0000000080000000,0x000000008c7112e8,0x00000000a6880000)
 Metaspace       used 87715K, committed 89600K, reserved 1179648K
  class space    used 9371K, committed 10240K, reserved 1048576K
}
Event: 1171.822 GC heap after
{Heap after GC invocations=752 (full 4):
 PSYoungGen      total 5632K, used 500K [0x00000000d5580000, 0x00000000d5d80000, 0x0000000100000000)
  eden space 5120K, 0% used [0x00000000d5580000,0x00000000d5580000,0x00000000d5a80000)
  from space 512K, 97% used [0x00000000d5c00000,0x00000000d5c7d200,0x00000000d5c80000)
  to   space 1536K, 0% used [0x00000000d5a80000,0x00000000d5a80000,0x00000000d5c00000)
 ParOldGen       total 631296K, used 204613K [0x0000000080000000, 0x00000000a6880000, 0x00000000d5580000)
  object space 631296K, 32% used [0x0000000080000000,0x000000008c7d1538,0x00000000a6880000)
 Metaspace       used 87715K, committed 89600K, reserved 1179648K
  class space    used 9371K, committed 10240K, reserved 1048576K
}
Event: 1172.102 GC heap before
{Heap before GC invocations=753 (full 4):
 PSYoungGen      total 5632K, used 5620K [0x00000000d5580000, 0x00000000d5d80000, 0x0000000100000000)
  eden space 5120K, 99% used [0x00000000d5580000,0x00000000d5a7ff90,0x00000000d5a80000)
  from space 512K, 97% used [0x00000000d5c00000,0x00000000d5c7d200,0x00000000d5c80000)
  to   space 1536K, 0% used [0x00000000d5a80000,0x00000000d5a80000,0x00000000d5c00000)
 ParOldGen       total 631296K, used 204613K [0x0000000080000000, 0x00000000a6880000, 0x00000000d5580000)
  object space 631296K, 32% used [0x0000000080000000,0x000000008c7d1538,0x00000000a6880000)
 Metaspace       used 87722K, committed 89600K, reserved 1179648K
  class space    used 9371K, committed 10240K, reserved 1048576K
}
Event: 1172.104 GC heap after
{Heap after GC invocations=753 (full 4):
 PSYoungGen      total 5632K, used 500K [0x00000000d5580000, 0x00000000d5c80000, 0x0000000100000000)
  eden space 5120K, 0% used [0x00000000d5580000,0x00000000d5580000,0x00000000d5a80000)
  from space 512K, 97% used [0x00000000d5a80000,0x00000000d5afd220,0x00000000d5b00000)
  to   space 1024K, 0% used [0x00000000d5b80000,0x00000000d5b80000,0x00000000d5c80000)
 ParOldGen       total 631296K, used 205113K [0x0000000080000000, 0x00000000a6880000, 0x00000000d5580000)
  object space 631296K, 32% used [0x0000000080000000,0x000000008c84e748,0x00000000a6880000)
 Metaspace       used 87722K, committed 89600K, reserved 1179648K
  class space    used 9371K, committed 10240K, reserved 1048576K
}
Event: 1172.126 GC heap before
{Heap before GC invocations=754 (full 4):
 PSYoungGen      total 5632K, used 5620K [0x00000000d5580000, 0x00000000d5c80000, 0x0000000100000000)
  eden space 5120K, 100% used [0x00000000d5580000,0x00000000d5a80000,0x00000000d5a80000)
  from space 512K, 97% used [0x00000000d5a80000,0x00000000d5afd220,0x00000000d5b00000)
  to   space 1024K, 0% used [0x00000000d5b80000,0x00000000d5b80000,0x00000000d5c80000)
 ParOldGen       total 631296K, used 205113K [0x0000000080000000, 0x00000000a6880000, 0x00000000d5580000)
  object space 631296K, 32% used [0x0000000080000000,0x000000008c84e748,0x00000000a6880000)
 Metaspace       used 87737K, committed 89600K, reserved 1179648K
  class space    used 9371K, committed 10240K, reserved 1048576K
}
Event: 1172.128 GC heap after
{Heap after GC invocations=754 (full 4):
 PSYoungGen      total 6144K, used 560K [0x00000000d5580000, 0x00000000d5c80000, 0x0000000100000000)
  eden space 5120K, 0% used [0x00000000d5580000,0x00000000d5580000,0x00000000d5a80000)
  from space 1024K, 54% used [0x00000000d5b80000,0x00000000d5c0c010,0x00000000d5c80000)
  to   space 1024K, 0% used [0x00000000d5a80000,0x00000000d5a80000,0x00000000d5b80000)
 ParOldGen       total 631296K, used 205337K [0x0000000080000000, 0x00000000a6880000, 0x00000000d5580000)
  object space 631296K, 32% used [0x0000000080000000,0x000000008c886768,0x00000000a6880000)
 Metaspace       used 87737K, committed 89600K, reserved 1179648K
  class space    used 9371K, committed 10240K, reserved 1048576K
}
Event: 1172.385 GC heap before
{Heap before GC invocations=755 (full 4):
 PSYoungGen      total 6144K, used 5680K [0x00000000d5580000, 0x00000000d5c80000, 0x0000000100000000)
  eden space 5120K, 100% used [0x00000000d5580000,0x00000000d5a80000,0x00000000d5a80000)
  from space 1024K, 54% used [0x00000000d5b80000,0x00000000d5c0c010,0x00000000d5c80000)
  to   space 1024K, 0% used [0x00000000d5a80000,0x00000000d5a80000,0x00000000d5b80000)
 ParOldGen       total 631296K, used 205337K [0x0000000080000000, 0x00000000a6880000, 0x00000000d5580000)
  object space 631296K, 32% used [0x0000000080000000,0x000000008c886768,0x00000000a6880000)
 Metaspace       used 87746K, committed 89600K, reserved 1179648K
  class space    used 9371K, committed 10240K, reserved 1048576K
}
Event: 1172.386 GC heap after
{Heap after GC invocations=755 (full 4):
 PSYoungGen      total 6144K, used 676K [0x00000000d5580000, 0x00000000d5c80000, 0x0000000100000000)
  eden space 5120K, 0% used [0x00000000d5580000,0x00000000d5580000,0x00000000d5a80000)
  from space 1024K, 66% used [0x00000000d5a80000,0x00000000d5b29230,0x00000000d5b80000)
  to   space 1024K, 0% used [0x00000000d5b80000,0x00000000d5b80000,0x00000000d5c80000)
 ParOldGen       total 631296K, used 205353K [0x0000000080000000, 0x00000000a6880000, 0x00000000d5580000)
  object space 631296K, 32% used [0x0000000080000000,0x000000008c88a768,0x00000000a6880000)
 Metaspace       used 87746K, committed 89600K, reserved 1179648K
  class space    used 9371K, committed 10240K, reserved 1048576K
}
Event: 1174.886 GC heap before
{Heap before GC invocations=756 (full 4):
 PSYoungGen      total 6144K, used 5728K [0x00000000d5580000, 0x00000000d5c80000, 0x0000000100000000)
  eden space 5120K, 98% used [0x00000000d5580000,0x00000000d5a6f1b0,0x00000000d5a80000)
  from space 1024K, 66% used [0x00000000d5a80000,0x00000000d5b29230,0x00000000d5b80000)
  to   space 1024K, 0% used [0x00000000d5b80000,0x00000000d5b80000,0x00000000d5c80000)
 ParOldGen       total 631296K, used 205353K [0x0000000080000000, 0x00000000a6880000, 0x00000000d5580000)
  object space 631296K, 32% used [0x0000000080000000,0x000000008c88a768,0x00000000a6880000)
 Metaspace       used 87843K, committed 89728K, reserved 1179648K
  class space    used 9388K, committed 10240K, reserved 1048576K
}
Event: 1174.889 GC heap after
{Heap after GC invocations=756 (full 4):
 PSYoungGen      total 4608K, used 1021K [0x00000000d5580000, 0x00000000d5f80000, 0x0000000100000000)
  eden space 3584K, 0% used [0x00000000d5580000,0x00000000d5580000,0x00000000d5900000)
  from space 1024K, 99% used [0x00000000d5b80000,0x00000000d5c7f460,0x00000000d5c80000)
  to   space 2560K, 0% used [0x00000000d5900000,0x00000000d5900000,0x00000000d5b80000)
 ParOldGen       total 631296K, used 206230K [0x0000000080000000, 0x00000000a6880000, 0x00000000d5580000)
  object space 631296K, 32% used [0x0000000080000000,0x000000008c965be8,0x00000000a6880000)
 Metaspace       used 87843K, committed 89728K, reserved 1179648K
  class space    used 9388K, committed 10240K, reserved 1048576K
}
Event: 1174.941 GC heap before
{Heap before GC invocations=757 (full 4):
 PSYoungGen      total 4608K, used 4572K [0x00000000d5580000, 0x00000000d5f80000, 0x0000000100000000)
  eden space 3584K, 99% used [0x00000000d5580000,0x00000000d58f7f88,0x00000000d5900000)
  from space 1024K, 99% used [0x00000000d5b80000,0x00000000d5c7f460,0x00000000d5c80000)
  to   space 2560K, 0% used [0x00000000d5900000,0x00000000d5900000,0x00000000d5b80000)
 ParOldGen       total 631296K, used 206230K [0x0000000080000000, 0x00000000a6880000, 0x00000000d5580000)
  object space 631296K, 32% used [0x0000000080000000,0x000000008c965be8,0x00000000a6880000)
 Metaspace       used 87843K, committed 89728K, reserved 1179648K
  class space    used 9388K, committed 10240K, reserved 1048576K
}
Event: 1174.941 GC heap after
{Heap after GC invocations=757 (full 4):
 PSYoungGen      total 4096K, used 160K [0x00000000d5580000, 0x00000000d5c00000, 0x0000000100000000)
  eden space 3584K, 0% used [0x00000000d5580000,0x00000000d5580000,0x00000000d5900000)
  from space 512K, 31% used [0x00000000d5900000,0x00000000d5928000,0x00000000d5980000)
  to   space 1024K, 0% used [0x00000000d5b00000,0x00000000d5b00000,0x00000000d5c00000)
 ParOldGen       total 631296K, used 206403K [0x0000000080000000, 0x00000000a6880000, 0x00000000d5580000)
  object space 631296K, 32% used [0x0000000080000000,0x000000008c990c08,0x00000000a6880000)
 Metaspace       used 87843K, committed 89728K, reserved 1179648K
  class space    used 9388K, committed 10240K, reserved 1048576K
}
Event: 1175.050 GC heap before
{Heap before GC invocations=758 (full 4):
 PSYoungGen      total 4096K, used 3744K [0x00000000d5580000, 0x00000000d5c00000, 0x0000000100000000)
  eden space 3584K, 100% used [0x00000000d5580000,0x00000000d5900000,0x00000000d5900000)
  from space 512K, 31% used [0x00000000d5900000,0x00000000d5928000,0x00000000d5980000)
  to   space 1024K, 0% used [0x00000000d5b00000,0x00000000d5b00000,0x00000000d5c00000)
 ParOldGen       total 631296K, used 206403K [0x0000000080000000, 0x00000000a6880000, 0x00000000d5580000)
  object space 631296K, 32% used [0x0000000080000000,0x000000008c990c08,0x00000000a6880000)
 Metaspace       used 87843K, committed 89728K, reserved 1179648K
  class space    used 9388K, committed 10240K, reserved 1048576K
}
Event: 1175.051 GC heap after
{Heap after GC invocations=758 (full 4):
 PSYoungGen      total 4096K, used 256K [0x00000000d5580000, 0x00000000d5b80000, 0x0000000100000000)
  eden space 3584K, 0% used [0x00000000d5580000,0x00000000d5580000,0x00000000d5900000)
  from space 512K, 50% used [0x00000000d5b00000,0x00000000d5b40000,0x00000000d5b80000)
  to   space 512K, 0% used [0x00000000d5900000,0x00000000d5900000,0x00000000d5980000)
 ParOldGen       total 631296K, used 206459K [0x0000000080000000, 0x00000000a6880000, 0x00000000d5580000)
  object space 631296K, 32% used [0x0000000080000000,0x000000008c99ec08,0x00000000a6880000)
 Metaspace       used 87843K, committed 89728K, reserved 1179648K
  class space    used 9388K, committed 10240K, reserved 1048576K
}
Event: 1176.869 GC heap before
{Heap before GC invocations=759 (full 4):
 PSYoungGen      total 4096K, used 3840K [0x00000000d5580000, 0x00000000d5b80000, 0x0000000100000000)
  eden space 3584K, 100% used [0x00000000d5580000,0x00000000d5900000,0x00000000d5900000)
  from space 512K, 50% used [0x00000000d5b00000,0x00000000d5b40000,0x00000000d5b80000)
  to   space 512K, 0% used [0x00000000d5900000,0x00000000d5900000,0x00000000d5980000)
 ParOldGen       total 631296K, used 206459K [0x0000000080000000, 0x00000000a6880000, 0x00000000d5580000)
  object space 631296K, 32% used [0x0000000080000000,0x000000008c99ec08,0x00000000a6880000)
 Metaspace       used 88123K, committed 89984K, reserved 1179648K
  class space    used 9429K, committed 10304K, reserved 1048576K
}
Event: 1176.871 GC heap after
{Heap after GC invocations=759 (full 4):
 PSYoungGen      total 4096K, used 480K [0x00000000d5580000, 0x00000000d5b80000, 0x0000000100000000)
  eden space 3584K, 0% used [0x00000000d5580000,0x00000000d5580000,0x00000000d5900000)
  from space 512K, 93% used [0x00000000d5900000,0x00000000d5978040,0x00000000d5980000)
  to   space 1024K, 0% used [0x00000000d5a80000,0x00000000d5a80000,0x00000000d5b80000)
 ParOldGen       total 631296K, used 206523K [0x0000000080000000, 0x00000000a6880000, 0x00000000d5580000)
  object space 631296K, 32% used [0x0000000080000000,0x000000008c9aec08,0x00000000a6880000)
 Metaspace       used 88123K, committed 89984K, reserved 1179648K
  class space    used 9429K, committed 10304K, reserved 1048576K
}
Event: 1176.924 GC heap before
{Heap before GC invocations=760 (full 4):
 PSYoungGen      total 4096K, used 4064K [0x00000000d5580000, 0x00000000d5b80000, 0x0000000100000000)
  eden space 3584K, 100% used [0x00000000d5580000,0x00000000d5900000,0x00000000d5900000)
  from space 512K, 93% used [0x00000000d5900000,0x00000000d5978040,0x00000000d5980000)
  to   space 1024K, 0% used [0x00000000d5a80000,0x00000000d5a80000,0x00000000d5b80000)
 ParOldGen       total 631296K, used 206523K [0x0000000080000000, 0x00000000a6880000, 0x00000000d5580000)
  object space 631296K, 32% used [0x0000000080000000,0x000000008c9aec08,0x00000000a6880000)
 Metaspace       used 88461K, committed 90304K, reserved 1179648K
  class space    used 9503K, committed 10368K, reserved 1048576K
}
Event: 1176.925 GC heap after
{Heap after GC invocations=760 (full 4):
 PSYoungGen      total 4096K, used 480K [0x00000000d5580000, 0x00000000d5b00000, 0x0000000100000000)
  eden space 3584K, 0% used [0x00000000d5580000,0x00000000d5580000,0x00000000d5900000)
  from space 512K, 93% used [0x00000000d5a80000,0x00000000d5af8020,0x00000000d5b00000)
  to   space 512K, 0% used [0x00000000d5900000,0x00000000d5900000,0x00000000d5980000)
 ParOldGen       total 631296K, used 206811K [0x0000000080000000, 0x00000000a6880000, 0x00000000d5580000)
  object space 631296K, 32% used [0x0000000080000000,0x000000008c9f6c68,0x00000000a6880000)
 Metaspace       used 88461K, committed 90304K, reserved 1179648K
  class space    used 9503K, committed 10368K, reserved 1048576K
}
Event: 1176.945 GC heap before
{Heap before GC invocations=761 (full 4):
 PSYoungGen      total 4096K, used 4064K [0x00000000d5580000, 0x00000000d5b00000, 0x0000000100000000)
  eden space 3584K, 100% used [0x00000000d5580000,0x00000000d5900000,0x00000000d5900000)
  from space 512K, 93% used [0x00000000d5a80000,0x00000000d5af8020,0x00000000d5b00000)
  to   space 512K, 0% used [0x00000000d5900000,0x00000000d5900000,0x00000000d5980000)
 ParOldGen       total 631296K, used 206811K [0x0000000080000000, 0x00000000a6880000, 0x00000000d5580000)
  object space 631296K, 32% used [0x0000000080000000,0x000000008c9f6c68,0x00000000a6880000)
 Metaspace       used 88715K, committed 90624K, reserved 1179648K
  class space    used 9551K, committed 10432K, reserved 1048576K
}
Event: 1176.946 GC heap after
{Heap after GC invocations=761 (full 4):
 PSYoungGen      total 4096K, used 288K [0x00000000d5580000, 0x00000000d5b00000, 0x0000000100000000)
  eden space 3584K, 0% used [0x00000000d5580000,0x00000000d5580000,0x00000000d5900000)
  from space 512K, 56% used [0x00000000d5900000,0x00000000d5948000,0x00000000d5980000)
  to   space 512K, 0% used [0x00000000d5a80000,0x00000000d5a80000,0x00000000d5b00000)
 ParOldGen       total 631296K, used 207091K [0x0000000080000000, 0x00000000a6880000, 0x00000000d5580000)
  object space 631296K, 32% used [0x0000000080000000,0x000000008ca3cc88,0x00000000a6880000)
 Metaspace       used 88715K, committed 90624K, reserved 1179648K
  class space    used 9551K, committed 10432K, reserved 1048576K
}

