# JRE version: OpenJDK Runtime Environment Temurin-21.0.8+9 (21.0.8+9) (build 21.0.8+9-LTS)
# Java VM: OpenJDK 64-Bit Server VM Temurin-21.0.8+9 (21.0.8+9-LTS, mixed mode, sharing, tiered, compressed oops, compressed class ptrs, parallel gc, windows-amd64)
GC Precious Log:
 CardTable entry size: 512
 CPUs: 12 total, 12 available
 Memory: 7896M
 Large Page Support: Disabled
 NUMA Support: Disabled
 Compressed Oops: Enabled (32-bit)
 Alignments: Space 512K, Generation 512K, Heap 2M
 Heap Min Capacity: 100M
 Heap Initial Capacity: 100M
 Heap Max Capacity: 2G
 Pre-touch: Disabled
 Parallel Workers: 10
Heap:
 PSYoungGen      total 22528K, used 20418K [0x00000000d5580000, 0x00000000d7380000, 0x0000000100000000)
  eden space 22016K, 90% used [0x00000000d5580000,0x00000000d68f8958,0x00000000d6b00000)
  from space 512K, 93% used [0x00000000d7300000,0x00000000d7378020,0x00000000d7380000)
  to   space 512K, 0% used [0x00000000d7280000,0x00000000d7280000,0x00000000d7300000)
 ParOldGen       total 898048K, used 897664K [0x0000000080000000, 0x00000000b6d00000, 0x00000000d5580000)
  object space 898048K, 99% used [0x0000000080000000,0x00000000b6ca03b8,0x00000000b6d00000)
 Metaspace       used 75334K, committed 77056K, reserved 1179648K
  class space    used 8010K, committed 8768K, reserved 1048576K
GC Heap History (20 events):
Event: 91.864 GC heap before
{Heap before GC invocations=1082 (full 3):
 PSYoungGen      total 22528K, used 22528K [0x00000000d5580000, 0x00000000d7480000, 0x0000000100000000)
  eden space 22016K, 100% used [0x00000000d5580000,0x00000000d6b00000,0x00000000d6b00000)
  from space 512K, 100% used [0x00000000d7400000,0x00000000d7480000,0x00000000d7480000)
  to   space 2048K, 0% used [0x00000000d7080000,0x00000000d7080000,0x00000000d7280000)
 ParOldGen       total 894976K, used 894667K [0x0000000080000000, 0x00000000b6a00000, 0x00000000d5580000)
  object space 894976K, 99% used [0x0000000080000000,0x00000000b69b2cd8,0x00000000b6a00000)
 Metaspace       used 75098K, committed 76800K, reserved 1179648K
  class space    used 7977K, committed 8704K, reserved 1048576K
}
Event: 91.872 GC heap after
{Heap after GC invocations=1082 (full 3):
 PSYoungGen      total 24064K, used 672K [0x00000000d5580000, 0x00000000d7480000, 0x0000000100000000)
  eden space 22016K, 0% used [0x00000000d5580000,0x00000000d5580000,0x00000000d6b00000)
  from space 2048K, 32% used [0x00000000d7080000,0x00000000d7128000,0x00000000d7280000)
  to   space 1536K, 0% used [0x00000000d7300000,0x00000000d7300000,0x00000000d7480000)
 ParOldGen       total 895488K, used 895155K [0x0000000080000000, 0x00000000b6a80000, 0x00000000d5580000)
  object space 895488K, 99% used [0x0000000080000000,0x00000000b6a2ccf8,0x00000000b6a80000)
 Metaspace       used 75098K, committed 76800K, reserved 1179648K
  class space    used 7977K, committed 8704K, reserved 1048576K
}
Event: 92.076 GC heap before
{Heap before GC invocations=1083 (full 3):
 PSYoungGen      total 24064K, used 22654K [0x00000000d5580000, 0x00000000d7480000, 0x0000000100000000)
  eden space 22016K, 99% used [0x00000000d5580000,0x00000000d6af7af0,0x00000000d6b00000)
  from space 2048K, 32% used [0x00000000d7080000,0x00000000d7128000,0x00000000d7280000)
  to   space 1536K, 0% used [0x00000000d7300000,0x00000000d7300000,0x00000000d7480000)
 ParOldGen       total 895488K, used 895155K [0x0000000080000000, 0x00000000b6a80000, 0x00000000d5580000)
  object space 895488K, 99% used [0x0000000080000000,0x00000000b6a2ccf8,0x00000000b6a80000)
 Metaspace       used 75099K, committed 76800K, reserved 1179648K
  class space    used 7977K, committed 8704K, reserved 1048576K
}
Event: 92.085 GC heap after
{Heap after GC invocations=1083 (full 3):
 PSYoungGen      total 23040K, used 544K [0x00000000d5580000, 0x00000000d7400000, 0x0000000100000000)
  eden space 22016K, 0% used [0x00000000d5580000,0x00000000d5580000,0x00000000d6b00000)
  from space 1024K, 53% used [0x00000000d7300000,0x00000000d7388000,0x00000000d7400000)
  to   space 1024K, 0% used [0x00000000d7200000,0x00000000d7200000,0x00000000d7300000)
 ParOldGen       total 896000K, used 895736K [0x0000000080000000, 0x00000000b6b00000, 0x00000000d5580000)
  object space 896000K, 99% used [0x0000000080000000,0x00000000b6abe050,0x00000000b6b00000)
 Metaspace       used 75099K, committed 76800K, reserved 1179648K
  class space    used 7977K, committed 8704K, reserved 1048576K
}
Event: 92.233 GC heap before
{Heap before GC invocations=1084 (full 3):
 PSYoungGen      total 23040K, used 22560K [0x00000000d5580000, 0x00000000d7400000, 0x0000000100000000)
  eden space 22016K, 100% used [0x00000000d5580000,0x00000000d6b00000,0x00000000d6b00000)
  from space 1024K, 53% used [0x00000000d7300000,0x00000000d7388000,0x00000000d7400000)
  to   space 1024K, 0% used [0x00000000d7200000,0x00000000d7200000,0x00000000d7300000)
 ParOldGen       total 896000K, used 895736K [0x0000000080000000, 0x00000000b6b00000, 0x00000000d5580000)
  object space 896000K, 99% used [0x0000000080000000,0x00000000b6abe050,0x00000000b6b00000)
 Metaspace       used 75104K, committed 76800K, reserved 1179648K
  class space    used 7977K, committed 8704K, reserved 1048576K
}
Event: 92.250 GC heap after
{Heap after GC invocations=1084 (full 3):
 PSYoungGen      total 23040K, used 352K [0x00000000d5580000, 0x00000000d7380000, 0x0000000100000000)
  eden space 22016K, 0% used [0x00000000d5580000,0x00000000d5580000,0x00000000d6b00000)
  from space 1024K, 34% used [0x00000000d7200000,0x00000000d7258000,0x00000000d7300000)
  to   space 512K, 0% used [0x00000000d7300000,0x00000000d7300000,0x00000000d7380000)
 ParOldGen       total 896512K, used 896172K [0x0000000080000000, 0x00000000b6b80000, 0x00000000d5580000)
  object space 896512K, 99% used [0x0000000080000000,0x00000000b6b2b3a8,0x00000000b6b80000)
 Metaspace       used 75104K, committed 76800K, reserved 1179648K
  class space    used 7977K, committed 8704K, reserved 1048576K
}
Event: 92.331 GC heap before
{Heap before GC invocations=1085 (full 3):
 PSYoungGen      total 23040K, used 22368K [0x00000000d5580000, 0x00000000d7380000, 0x0000000100000000)
  eden space 22016K, 100% used [0x00000000d5580000,0x00000000d6b00000,0x00000000d6b00000)
  from space 1024K, 34% used [0x00000000d7200000,0x00000000d7258000,0x00000000d7300000)
  to   space 512K, 0% used [0x00000000d7300000,0x00000000d7300000,0x00000000d7380000)
 ParOldGen       total 896512K, used 896172K [0x0000000080000000, 0x00000000b6b80000, 0x00000000d5580000)
  object space 896512K, 99% used [0x0000000080000000,0x00000000b6b2b3a8,0x00000000b6b80000)
 Metaspace       used 75109K, committed 76800K, reserved 1179648K
  class space    used 7977K, committed 8704K, reserved 1048576K
}
Event: 92.337 GC heap after
{Heap after GC invocations=1085 (full 3):
 PSYoungGen      total 22528K, used 352K [0x00000000d5580000, 0x00000000d7380000, 0x0000000100000000)
  eden space 22016K, 0% used [0x00000000d5580000,0x00000000d5580000,0x00000000d6b00000)
  from space 512K, 68% used [0x00000000d7300000,0x00000000d7358000,0x00000000d7380000)
  to   space 512K, 0% used [0x00000000d7280000,0x00000000d7280000,0x00000000d7300000)
 ParOldGen       total 896512K, used 896332K [0x0000000080000000, 0x00000000b6b80000, 0x00000000d5580000)
  object space 896512K, 99% used [0x0000000080000000,0x00000000b6b533a8,0x00000000b6b80000)
 Metaspace       used 75109K, committed 76800K, reserved 1179648K
  class space    used 7977K, committed 8704K, reserved 1048576K
}
Event: 92.488 GC heap before
{Heap before GC invocations=1086 (full 3):
 PSYoungGen      total 22528K, used 22368K [0x00000000d5580000, 0x00000000d7380000, 0x0000000100000000)
  eden space 22016K, 100% used [0x00000000d5580000,0x00000000d6b00000,0x00000000d6b00000)
  from space 512K, 68% used [0x00000000d7300000,0x00000000d7358000,0x00000000d7380000)
  to   space 512K, 0% used [0x00000000d7280000,0x00000000d7280000,0x00000000d7300000)
 ParOldGen       total 896512K, used 896332K [0x0000000080000000, 0x00000000b6b80000, 0x00000000d5580000)
  object space 896512K, 99% used [0x0000000080000000,0x00000000b6b533a8,0x00000000b6b80000)
 Metaspace       used 75111K, committed 76800K, reserved 1179648K
  class space    used 7977K, committed 8704K, reserved 1048576K
}
Event: 92.495 GC heap after
{Heap after GC invocations=1086 (full 3):
 PSYoungGen      total 22528K, used 500K [0x00000000d5580000, 0x00000000d7380000, 0x0000000100000000)
  eden space 22016K, 0% used [0x00000000d5580000,0x00000000d5580000,0x00000000d6b00000)
  from space 512K, 97% used [0x00000000d7280000,0x00000000d72fd200,0x00000000d7300000)
  to   space 512K, 0% used [0x00000000d7300000,0x00000000d7300000,0x00000000d7380000)
 ParOldGen       total 897024K, used 896524K [0x0000000080000000, 0x00000000b6c00000, 0x00000000d5580000)
  object space 897024K, 99% used [0x0000000080000000,0x00000000b6b833a8,0x00000000b6c00000)
 Metaspace       used 75111K, committed 76800K, reserved 1179648K
  class space    used 7977K, committed 8704K, reserved 1048576K
}
Event: 92.647 GC heap before
{Heap before GC invocations=1087 (full 3):
 PSYoungGen      total 22528K, used 22516K [0x00000000d5580000, 0x00000000d7380000, 0x0000000100000000)
  eden space 22016K, 100% used [0x00000000d5580000,0x00000000d6b00000,0x00000000d6b00000)
  from space 512K, 97% used [0x00000000d7280000,0x00000000d72fd200,0x00000000d7300000)
  to   space 512K, 0% used [0x00000000d7300000,0x00000000d7300000,0x00000000d7380000)
 ParOldGen       total 897024K, used 896524K [0x0000000080000000, 0x00000000b6c00000, 0x00000000d5580000)
  object space 897024K, 99% used [0x0000000080000000,0x00000000b6b833a8,0x00000000b6c00000)
 Metaspace       used 75135K, committed 76864K, reserved 1179648K
  class space    used 7980K, committed 8704K, reserved 1048576K
}
Event: 92.653 GC heap after
{Heap after GC invocations=1087 (full 3):
 PSYoungGen      total 22528K, used 512K [0x00000000d5580000, 0x00000000d7380000, 0x0000000100000000)
  eden space 22016K, 0% used [0x00000000d5580000,0x00000000d5580000,0x00000000d6b00000)
  from space 512K, 100% used [0x00000000d7300000,0x00000000d7380000,0x00000000d7380000)
  to   space 1024K, 0% used [0x00000000d7180000,0x00000000d7180000,0x00000000d7280000)
 ParOldGen       total 897024K, used 896820K [0x0000000080000000, 0x00000000b6c00000, 0x00000000d5580000)
  object space 897024K, 99% used [0x0000000080000000,0x00000000b6bcd3a8,0x00000000b6c00000)
 Metaspace       used 75135K, committed 76864K, reserved 1179648K
  class space    used 7980K, committed 8704K, reserved 1048576K
}
Event: 92.763 GC heap before
{Heap before GC invocations=1088 (full 3):
 PSYoungGen      total 22528K, used 22528K [0x00000000d5580000, 0x00000000d7380000, 0x0000000100000000)
  eden space 22016K, 100% used [0x00000000d5580000,0x00000000d6b00000,0x00000000d6b00000)
  from space 512K, 100% used [0x00000000d7300000,0x00000000d7380000,0x00000000d7380000)
  to   space 1024K, 0% used [0x00000000d7180000,0x00000000d7180000,0x00000000d7280000)
 ParOldGen       total 897024K, used 896820K [0x0000000080000000, 0x00000000b6c00000, 0x00000000d5580000)
  object space 897024K, 99% used [0x0000000080000000,0x00000000b6bcd3a8,0x00000000b6c00000)
 Metaspace       used 75142K, committed 76864K, reserved 1179648K
  class space    used 7980K, committed 8704K, reserved 1048576K
}
Event: 92.768 GC heap after
{Heap after GC invocations=1088 (full 3):
 PSYoungGen      total 23040K, used 224K [0x00000000d5580000, 0x00000000d7380000, 0x0000000100000000)
  eden space 22016K, 0% used [0x00000000d5580000,0x00000000d5580000,0x00000000d6b00000)
  from space 1024K, 21% used [0x00000000d7180000,0x00000000d71b8000,0x00000000d7280000)
  to   space 512K, 0% used [0x00000000d7300000,0x00000000d7300000,0x00000000d7380000)
 ParOldGen       total 897536K, used 897224K [0x0000000080000000, 0x00000000b6c80000, 0x00000000d5580000)
  object space 897536K, 99% used [0x0000000080000000,0x00000000b6c323b8,0x00000000b6c80000)
 Metaspace       used 75142K, committed 76864K, reserved 1179648K
  class space    used 7980K, committed 8704K, reserved 1048576K
}
Event: 92.873 GC heap before
{Heap before GC invocations=1089 (full 3):
 PSYoungGen      total 23040K, used 22240K [0x00000000d5580000, 0x00000000d7380000, 0x0000000100000000)
  eden space 22016K, 100% used [0x00000000d5580000,0x00000000d6b00000,0x00000000d6b00000)
  from space 1024K, 21% used [0x00000000d7180000,0x00000000d71b8000,0x00000000d7280000)
  to   space 512K, 0% used [0x00000000d7300000,0x00000000d7300000,0x00000000d7380000)
 ParOldGen       total 897536K, used 897224K [0x0000000080000000, 0x00000000b6c80000, 0x00000000d5580000)
  object space 897536K, 99% used [0x0000000080000000,0x00000000b6c323b8,0x00000000b6c80000)
 Metaspace       used 75142K, committed 76864K, reserved 1179648K
  class space    used 7980K, committed 8704K, reserved 1048576K
}
Event: 92.878 GC heap after
{Heap after GC invocations=1089 (full 3):
 PSYoungGen      total 22528K, used 320K [0x00000000d5580000, 0x00000000d7380000, 0x0000000100000000)
  eden space 22016K, 0% used [0x00000000d5580000,0x00000000d5580000,0x00000000d6b00000)
  from space 512K, 62% used [0x00000000d7300000,0x00000000d7350000,0x00000000d7380000)
  to   space 512K, 0% used [0x00000000d7280000,0x00000000d7280000,0x00000000d7300000)
 ParOldGen       total 897536K, used 897312K [0x0000000080000000, 0x00000000b6c80000, 0x00000000d5580000)
  object space 897536K, 99% used [0x0000000080000000,0x00000000b6c483b8,0x00000000b6c80000)
 Metaspace       used 75142K, committed 76864K, reserved 1179648K
  class space    used 7980K, committed 8704K, reserved 1048576K
}
Event: 92.963 GC heap before
{Heap before GC invocations=1090 (full 3):
 PSYoungGen      total 22528K, used 22336K [0x00000000d5580000, 0x00000000d7380000, 0x0000000100000000)
  eden space 22016K, 100% used [0x00000000d5580000,0x00000000d6b00000,0x00000000d6b00000)
  from space 512K, 62% used [0x00000000d7300000,0x00000000d7350000,0x00000000d7380000)
  to   space 512K, 0% used [0x00000000d7280000,0x00000000d7280000,0x00000000d7300000)
 ParOldGen       total 897536K, used 897312K [0x0000000080000000, 0x00000000b6c80000, 0x00000000d5580000)
  object space 897536K, 99% used [0x0000000080000000,0x00000000b6c483b8,0x00000000b6c80000)
 Metaspace       used 75176K, committed 76864K, reserved 1179648K
  class space    used 7982K, committed 8704K, reserved 1048576K
}
Event: 92.967 GC heap after
{Heap after GC invocations=1090 (full 3):
 PSYoungGen      total 22528K, used 480K [0x00000000d5580000, 0x00000000d7380000, 0x0000000100000000)
  eden space 22016K, 0% used [0x00000000d5580000,0x00000000d5580000,0x00000000d6b00000)
  from space 512K, 93% used [0x00000000d7280000,0x00000000d72f8000,0x00000000d7300000)
  to   space 512K, 0% used [0x00000000d7300000,0x00000000d7300000,0x00000000d7380000)
 ParOldGen       total 897536K, used 897400K [0x0000000080000000, 0x00000000b6c80000, 0x00000000d5580000)
  object space 897536K, 99% used [0x0000000080000000,0x00000000b6c5e3b8,0x00000000b6c80000)
 Metaspace       used 75176K, committed 76864K, reserved 1179648K
  class space    used 7982K, committed 8704K, reserved 1048576K
}
Event: 93.156 GC heap before
{Heap before GC invocations=1091 (full 3):
 PSYoungGen      total 22528K, used 22496K [0x00000000d5580000, 0x00000000d7380000, 0x0000000100000000)
  eden space 22016K, 100% used [0x00000000d5580000,0x00000000d6b00000,0x00000000d6b00000)
  from space 512K, 93% used [0x00000000d7280000,0x00000000d72f8000,0x00000000d7300000)
  to   space 512K, 0% used [0x00000000d7300000,0x00000000d7300000,0x00000000d7380000)
 ParOldGen       total 897536K, used 897400K [0x0000000080000000, 0x00000000b6c80000, 0x00000000d5580000)
  object space 897536K, 99% used [0x0000000080000000,0x00000000b6c5e3b8,0x00000000b6c80000)
 Metaspace       used 75214K, committed 76992K, reserved 1179648K
  class space    used 7987K, committed 8768K, reserved 1048576K
}
Event: 93.161 GC heap after
{Heap after GC invocations=1091 (full 3):
 PSYoungGen      total 22528K, used 480K [0x00000000d5580000, 0x00000000d7380000, 0x0000000100000000)
  eden space 22016K, 0% used [0x00000000d5580000,0x00000000d5580000,0x00000000d6b00000)
  from space 512K, 93% used [0x00000000d7300000,0x00000000d7378020,0x00000000d7380000)
  to   space 512K, 0% used [0x00000000d7280000,0x00000000d7280000,0x00000000d7300000)
 ParOldGen       total 898048K, used 897664K [0x0000000080000000, 0x00000000b6d00000, 0x00000000d5580000)
  object space 898048K, 99% used [0x0000000080000000,0x00000000b6ca03b8,0x00000000b6d00000)
 Metaspace       used 75214K, committed 76992K, reserved 1179648K
  class space    used 7987K, committed 8768K, reserved 1048576K
}

